2024-05-09 13:19:35.854 | INFO     | __main__:<module>:79 - Namespace(dataset='ca-astroph', model='GCN', learning_rate=0.01, epochs=9999, hidden_units=16, dropout=0.4, weight_decay=0.01, weight_decay1=0.01, weight_decay2=0.0005, early_stopping=30, residual=True, seed=824, type='Binary', DEVICE='cuda', theta=0.5, layers=64, alpha=0.1, feature_type='x_65', CGCN=0)
2024-05-09 13:19:35.855 | INFO     | __main__:<module>:80 - Data(edge_index=[2, 393944], num_nodes=17903, x=[17903, 2], train_mask=[17903], test_mask=[17903], label=[17903])
2024-05-09 13:19:35.885 | INFO     | __main__:<module>:100 - Epoch: 00, Loss: 1.6085, Train Acc: 0.6695,  Test_Loss: 1.2204,Test Acc: 0.5959,Test F1: 0.6226,Test auc: 0.6969
2024-05-09 13:19:35.917 | INFO     | __main__:<module>:100 - Epoch: 01, Loss: 1.3275, Train Acc: 0.6257,  Test_Loss: 0.8929,Test Acc: 0.7486,Test F1: 0.7262,Test auc: 0.8115
2024-05-09 13:19:35.951 | INFO     | __main__:<module>:100 - Epoch: 02, Loss: 0.9193, Train Acc: 0.7398,  Test_Loss: 0.6279,Test Acc: 0.8566,Test F1: 0.8108,Test auc: 0.8729
2024-05-09 13:19:35.983 | INFO     | __main__:<module>:100 - Epoch: 03, Loss: 0.7630, Train Acc: 0.8170,  Test_Loss: 0.5318,Test Acc: 0.8901,Test F1: 0.8319,Test auc: 0.8715
2024-05-09 13:19:36.017 | INFO     | __main__:<module>:100 - Epoch: 04, Loss: 0.7450, Train Acc: 0.8021,  Test_Loss: 0.4810,Test Acc: 0.8864,Test F1: 0.8190,Test auc: 0.8575
2024-05-09 13:19:36.049 | INFO     | __main__:<module>:100 - Epoch: 05, Loss: 0.6635, Train Acc: 0.8161,  Test_Loss: 0.4327,Test Acc: 0.9367,Test F1: 0.9086,Test auc: 0.9385
2024-05-09 13:19:36.096 | INFO     | __main__:<module>:100 - Epoch: 06, Loss: 0.6006, Train Acc: 0.8352,  Test_Loss: 0.4105,Test Acc: 0.9516,Test F1: 0.9323,Test auc: 0.9637
2024-05-09 13:19:36.147 | INFO     | __main__:<module>:100 - Epoch: 07, Loss: 0.5426, Train Acc: 0.8329,  Test_Loss: 0.3959,Test Acc: 0.9441,Test F1: 0.9227,Test auc: 0.9581
2024-05-09 13:19:36.188 | INFO     | __main__:<module>:100 - Epoch: 08, Loss: 0.5196, Train Acc: 0.8361,  Test_Loss: 0.3760,Test Acc: 0.9479,Test F1: 0.9275,Test auc: 0.9609
2024-05-09 13:19:36.224 | INFO     | __main__:<module>:100 - Epoch: 09, Loss: 0.5163, Train Acc: 0.8175,  Test_Loss: 0.3519,Test Acc: 0.9479,Test F1: 0.9275,Test auc: 0.9609
2024-05-09 13:19:36.254 | INFO     | __main__:<module>:100 - Epoch: 10, Loss: 0.4666, Train Acc: 0.8492,  Test_Loss: 0.3302,Test Acc: 0.9628,Test F1: 0.9471,Test auc: 0.9721
2024-05-09 13:19:36.290 | INFO     | __main__:<module>:100 - Epoch: 11, Loss: 0.4219, Train Acc: 0.8762,  Test_Loss: 0.3125,Test Acc: 0.9646,Test F1: 0.9493,Test auc: 0.9721
2024-05-09 13:19:36.341 | INFO     | __main__:<module>:100 - Epoch: 12, Loss: 0.4055, Train Acc: 0.8883,  Test_Loss: 0.2986,Test Acc: 0.9646,Test F1: 0.9493,Test auc: 0.9721
2024-05-09 13:19:36.386 | INFO     | __main__:<module>:100 - Epoch: 13, Loss: 0.4016, Train Acc: 0.8939,  Test_Loss: 0.2903,Test Acc: 0.9628,Test F1: 0.9468,Test auc: 0.9707
2024-05-09 13:19:36.431 | INFO     | __main__:<module>:100 - Epoch: 14, Loss: 0.3832, Train Acc: 0.8953,  Test_Loss: 0.2853,Test Acc: 0.9590,Test F1: 0.9418,Test auc: 0.9679
2024-05-09 13:19:36.469 | INFO     | __main__:<module>:100 - Epoch: 15, Loss: 0.3897, Train Acc: 0.8855,  Test_Loss: 0.2803,Test Acc: 0.9572,Test F1: 0.9396,Test auc: 0.9679
2024-05-09 13:19:36.513 | INFO     | __main__:<module>:100 - Epoch: 16, Loss: 0.3828, Train Acc: 0.8869,  Test_Loss: 0.2710,Test Acc: 0.9572,Test F1: 0.9396,Test auc: 0.9679
2024-05-09 13:19:36.563 | INFO     | __main__:<module>:100 - Epoch: 17, Loss: 0.3648, Train Acc: 0.8990,  Test_Loss: 0.2597,Test Acc: 0.9572,Test F1: 0.9396,Test auc: 0.9679
2024-05-09 13:19:36.611 | INFO     | __main__:<module>:100 - Epoch: 18, Loss: 0.3463, Train Acc: 0.9013,  Test_Loss: 0.2481,Test Acc: 0.9590,Test F1: 0.9421,Test auc: 0.9693
2024-05-09 13:19:36.647 | INFO     | __main__:<module>:100 - Epoch: 19, Loss: 0.3308, Train Acc: 0.9162,  Test_Loss: 0.2389,Test Acc: 0.9609,Test F1: 0.9446,Test auc: 0.9707
2024-05-09 13:19:36.686 | INFO     | __main__:<module>:100 - Epoch: 20, Loss: 0.3196, Train Acc: 0.9115,  Test_Loss: 0.2323,Test Acc: 0.9609,Test F1: 0.9446,Test auc: 0.9707
2024-05-09 13:19:36.718 | INFO     | __main__:<module>:100 - Epoch: 21, Loss: 0.3096, Train Acc: 0.9176,  Test_Loss: 0.2265,Test Acc: 0.9646,Test F1: 0.9496,Test auc: 0.9735
2024-05-09 13:19:36.767 | INFO     | __main__:<module>:100 - Epoch: 22, Loss: 0.2922, Train Acc: 0.9143,  Test_Loss: 0.2207,Test Acc: 0.9628,Test F1: 0.9468,Test auc: 0.9707
2024-05-09 13:19:36.813 | INFO     | __main__:<module>:100 - Epoch: 23, Loss: 0.2811, Train Acc: 0.9218,  Test_Loss: 0.2150,Test Acc: 0.9628,Test F1: 0.9468,Test auc: 0.9707
2024-05-09 13:19:36.861 | INFO     | __main__:<module>:100 - Epoch: 24, Loss: 0.2689, Train Acc: 0.9232,  Test_Loss: 0.2095,Test Acc: 0.9646,Test F1: 0.9493,Test auc: 0.9721
2024-05-09 13:19:36.907 | INFO     | __main__:<module>:100 - Epoch: 25, Loss: 0.2773, Train Acc: 0.9204,  Test_Loss: 0.2051,Test Acc: 0.9683,Test F1: 0.9544,Test auc: 0.9749
2024-05-09 13:19:36.951 | INFO     | __main__:<module>:100 - Epoch: 26, Loss: 0.2801, Train Acc: 0.9176,  Test_Loss: 0.2018,Test Acc: 0.9721,Test F1: 0.9593,Test auc: 0.9763
2024-05-09 13:19:36.998 | INFO     | __main__:<module>:100 - Epoch: 27, Loss: 0.2742, Train Acc: 0.9157,  Test_Loss: 0.1936,Test Acc: 0.9683,Test F1: 0.9544,Test auc: 0.9749
2024-05-09 13:19:37.044 | INFO     | __main__:<module>:100 - Epoch: 28, Loss: 0.2580, Train Acc: 0.9236,  Test_Loss: 0.1859,Test Acc: 0.9646,Test F1: 0.9493,Test auc: 0.9721
2024-05-09 13:19:37.078 | INFO     | __main__:<module>:100 - Epoch: 29, Loss: 0.2432, Train Acc: 0.9302,  Test_Loss: 0.1797,Test Acc: 0.9646,Test F1: 0.9493,Test auc: 0.9721
2024-05-09 13:19:37.113 | INFO     | __main__:<module>:100 - Epoch: 30, Loss: 0.2593, Train Acc: 0.9241,  Test_Loss: 0.1766,Test Acc: 0.9683,Test F1: 0.9544,Test auc: 0.9749
2024-05-09 13:19:37.138 | INFO     | __main__:<module>:100 - Epoch: 31, Loss: 0.2455, Train Acc: 0.9311,  Test_Loss: 0.1777,Test Acc: 0.9721,Test F1: 0.9591,Test auc: 0.9749
2024-05-09 13:19:37.168 | INFO     | __main__:<module>:100 - Epoch: 32, Loss: 0.2481, Train Acc: 0.9195,  Test_Loss: 0.1773,Test Acc: 0.9739,Test F1: 0.9620,Test auc: 0.9777
2024-05-09 13:19:37.216 | INFO     | __main__:<module>:100 - Epoch: 33, Loss: 0.2527, Train Acc: 0.9190,  Test_Loss: 0.1753,Test Acc: 0.9702,Test F1: 0.9568,Test auc: 0.9749
2024-05-09 13:19:37.257 | INFO     | __main__:<module>:100 - Epoch: 34, Loss: 0.2380, Train Acc: 0.9218,  Test_Loss: 0.1722,Test Acc: 0.9721,Test F1: 0.9593,Test auc: 0.9763
2024-05-09 13:19:37.311 | INFO     | __main__:<module>:100 - Epoch: 35, Loss: 0.2393, Train Acc: 0.9250,  Test_Loss: 0.1667,Test Acc: 0.9702,Test F1: 0.9568,Test auc: 0.9749
2024-05-09 13:19:37.351 | INFO     | __main__:<module>:100 - Epoch: 36, Loss: 0.2264, Train Acc: 0.9269,  Test_Loss: 0.1619,Test Acc: 0.9665,Test F1: 0.9519,Test auc: 0.9735
2024-05-09 13:19:37.401 | INFO     | __main__:<module>:100 - Epoch: 37, Loss: 0.2371, Train Acc: 0.9223,  Test_Loss: 0.1591,Test Acc: 0.9628,Test F1: 0.9468,Test auc: 0.9707
2024-05-09 13:19:37.463 | INFO     | __main__:<module>:100 - Epoch: 38, Loss: 0.2554, Train Acc: 0.9176,  Test_Loss: 0.1572,Test Acc: 0.9628,Test F1: 0.9468,Test auc: 0.9707
2024-05-09 13:19:37.503 | INFO     | __main__:<module>:100 - Epoch: 39, Loss: 0.2267, Train Acc: 0.9292,  Test_Loss: 0.1554,Test Acc: 0.9628,Test F1: 0.9468,Test auc: 0.9707
2024-05-09 13:19:37.537 | INFO     | __main__:<module>:100 - Epoch: 40, Loss: 0.2406, Train Acc: 0.9204,  Test_Loss: 0.1525,Test Acc: 0.9628,Test F1: 0.9468,Test auc: 0.9707
2024-05-09 13:19:37.572 | INFO     | __main__:<module>:100 - Epoch: 41, Loss: 0.2358, Train Acc: 0.9218,  Test_Loss: 0.1501,Test Acc: 0.9646,Test F1: 0.9491,Test auc: 0.9707
2024-05-09 13:19:37.616 | INFO     | __main__:<module>:100 - Epoch: 42, Loss: 0.2233, Train Acc: 0.9292,  Test_Loss: 0.1481,Test Acc: 0.9646,Test F1: 0.9491,Test auc: 0.9707
2024-05-09 13:19:37.660 | INFO     | __main__:<module>:100 - Epoch: 43, Loss: 0.2166, Train Acc: 0.9292,  Test_Loss: 0.1461,Test Acc: 0.9646,Test F1: 0.9491,Test auc: 0.9707
2024-05-09 13:19:37.693 | INFO     | __main__:<module>:100 - Epoch: 44, Loss: 0.2216, Train Acc: 0.9232,  Test_Loss: 0.1439,Test Acc: 0.9646,Test F1: 0.9493,Test auc: 0.9721
2024-05-09 13:19:37.734 | INFO     | __main__:<module>:100 - Epoch: 45, Loss: 0.2188, Train Acc: 0.9316,  Test_Loss: 0.1425,Test Acc: 0.9628,Test F1: 0.9468,Test auc: 0.9707
2024-05-09 13:19:37.768 | INFO     | __main__:<module>:100 - Epoch: 46, Loss: 0.2235, Train Acc: 0.9297,  Test_Loss: 0.1416,Test Acc: 0.9628,Test F1: 0.9468,Test auc: 0.9707
2024-05-09 13:19:37.809 | INFO     | __main__:<module>:100 - Epoch: 47, Loss: 0.2166, Train Acc: 0.9232,  Test_Loss: 0.1407,Test Acc: 0.9646,Test F1: 0.9493,Test auc: 0.9721
2024-05-09 13:19:37.857 | INFO     | __main__:<module>:100 - Epoch: 48, Loss: 0.2281, Train Acc: 0.9227,  Test_Loss: 0.1398,Test Acc: 0.9646,Test F1: 0.9493,Test auc: 0.9721
2024-05-09 13:19:37.906 | INFO     | __main__:<module>:100 - Epoch: 49, Loss: 0.2374, Train Acc: 0.9148,  Test_Loss: 0.1382,Test Acc: 0.9628,Test F1: 0.9468,Test auc: 0.9707
2024-05-09 13:19:37.950 | INFO     | __main__:<module>:100 - Epoch: 50, Loss: 0.2078, Train Acc: 0.9330,  Test_Loss: 0.1368,Test Acc: 0.9628,Test F1: 0.9468,Test auc: 0.9707
2024-05-09 13:19:37.983 | INFO     | __main__:<module>:100 - Epoch: 51, Loss: 0.2217, Train Acc: 0.9255,  Test_Loss: 0.1361,Test Acc: 0.9628,Test F1: 0.9468,Test auc: 0.9707
2024-05-09 13:19:38.012 | INFO     | __main__:<module>:100 - Epoch: 52, Loss: 0.2112, Train Acc: 0.9288,  Test_Loss: 0.1361,Test Acc: 0.9665,Test F1: 0.9519,Test auc: 0.9735
2024-05-09 13:19:38.058 | INFO     | __main__:<module>:100 - Epoch: 53, Loss: 0.2301, Train Acc: 0.9227,  Test_Loss: 0.1353,Test Acc: 0.9646,Test F1: 0.9493,Test auc: 0.9721
2024-05-09 13:19:38.103 | INFO     | __main__:<module>:100 - Epoch: 54, Loss: 0.2126, Train Acc: 0.9213,  Test_Loss: 0.1346,Test Acc: 0.9628,Test F1: 0.9468,Test auc: 0.9707
2024-05-09 13:19:38.148 | INFO     | __main__:<module>:100 - Epoch: 55, Loss: 0.2039, Train Acc: 0.9278,  Test_Loss: 0.1341,Test Acc: 0.9628,Test F1: 0.9468,Test auc: 0.9707
2024-05-09 13:19:38.182 | INFO     | __main__:<module>:100 - Epoch: 56, Loss: 0.2169, Train Acc: 0.9283,  Test_Loss: 0.1336,Test Acc: 0.9628,Test F1: 0.9468,Test auc: 0.9707
2024-05-09 13:19:38.221 | INFO     | __main__:<module>:100 - Epoch: 57, Loss: 0.2170, Train Acc: 0.9278,  Test_Loss: 0.1323,Test Acc: 0.9628,Test F1: 0.9468,Test auc: 0.9707
2024-05-09 13:19:38.267 | INFO     | __main__:<module>:100 - Epoch: 58, Loss: 0.2134, Train Acc: 0.9288,  Test_Loss: 0.1313,Test Acc: 0.9646,Test F1: 0.9493,Test auc: 0.9721
2024-05-09 13:19:38.318 | INFO     | __main__:<module>:100 - Epoch: 59, Loss: 0.2044, Train Acc: 0.9353,  Test_Loss: 0.1304,Test Acc: 0.9665,Test F1: 0.9519,Test auc: 0.9735
2024-05-09 13:19:38.350 | INFO     | __main__:<module>:100 - Epoch: 60, Loss: 0.2208, Train Acc: 0.9199,  Test_Loss: 0.1313,Test Acc: 0.9721,Test F1: 0.9596,Test auc: 0.9777
2024-05-09 13:19:38.379 | INFO     | __main__:<module>:100 - Epoch: 61, Loss: 0.2002, Train Acc: 0.9339,  Test_Loss: 0.1309,Test Acc: 0.9683,Test F1: 0.9544,Test auc: 0.9749
2024-05-09 13:19:38.412 | INFO     | __main__:<module>:100 - Epoch: 62, Loss: 0.1845, Train Acc: 0.9362,  Test_Loss: 0.1322,Test Acc: 0.9739,Test F1: 0.9622,Test auc: 0.9791
2024-05-09 13:19:38.456 | INFO     | __main__:<module>:100 - Epoch: 63, Loss: 0.2103, Train Acc: 0.9306,  Test_Loss: 0.1298,Test Acc: 0.9683,Test F1: 0.9544,Test auc: 0.9749
2024-05-09 13:19:38.489 | INFO     | __main__:<module>:100 - Epoch: 64, Loss: 0.2145, Train Acc: 0.9269,  Test_Loss: 0.1306,Test Acc: 0.9739,Test F1: 0.9622,Test auc: 0.9791
2024-05-09 13:19:38.541 | INFO     | __main__:<module>:100 - Epoch: 65, Loss: 0.2040, Train Acc: 0.9302,  Test_Loss: 0.1292,Test Acc: 0.9721,Test F1: 0.9596,Test auc: 0.9777
2024-05-09 13:19:38.590 | INFO     | __main__:<module>:100 - Epoch: 66, Loss: 0.1981, Train Acc: 0.9339,  Test_Loss: 0.1271,Test Acc: 0.9683,Test F1: 0.9544,Test auc: 0.9749
2024-05-09 13:19:38.638 | INFO     | __main__:<module>:100 - Epoch: 67, Loss: 0.2108, Train Acc: 0.9292,  Test_Loss: 0.1260,Test Acc: 0.9683,Test F1: 0.9544,Test auc: 0.9749
2024-05-09 13:19:38.682 | INFO     | __main__:<module>:100 - Epoch: 68, Loss: 0.2057, Train Acc: 0.9269,  Test_Loss: 0.1247,Test Acc: 0.9683,Test F1: 0.9544,Test auc: 0.9749
2024-05-09 13:19:38.728 | INFO     | __main__:<module>:100 - Epoch: 69, Loss: 0.2126, Train Acc: 0.9278,  Test_Loss: 0.1240,Test Acc: 0.9683,Test F1: 0.9544,Test auc: 0.9749
2024-05-09 13:19:38.771 | INFO     | __main__:<module>:100 - Epoch: 70, Loss: 0.1993, Train Acc: 0.9320,  Test_Loss: 0.1236,Test Acc: 0.9683,Test F1: 0.9544,Test auc: 0.9749
2024-05-09 13:19:38.800 | INFO     | __main__:<module>:100 - Epoch: 71, Loss: 0.1926, Train Acc: 0.9344,  Test_Loss: 0.1243,Test Acc: 0.9721,Test F1: 0.9596,Test auc: 0.9777
2024-05-09 13:19:38.830 | INFO     | __main__:<module>:100 - Epoch: 72, Loss: 0.1933, Train Acc: 0.9390,  Test_Loss: 0.1246,Test Acc: 0.9721,Test F1: 0.9596,Test auc: 0.9777
2024-05-09 13:19:38.862 | INFO     | __main__:<module>:100 - Epoch: 73, Loss: 0.2080, Train Acc: 0.9330,  Test_Loss: 0.1239,Test Acc: 0.9683,Test F1: 0.9544,Test auc: 0.9749
2024-05-09 13:19:38.898 | INFO     | __main__:<module>:100 - Epoch: 74, Loss: 0.2024, Train Acc: 0.9274,  Test_Loss: 0.1243,Test Acc: 0.9721,Test F1: 0.9596,Test auc: 0.9777
2024-05-09 13:19:38.931 | INFO     | __main__:<module>:100 - Epoch: 75, Loss: 0.2139, Train Acc: 0.9241,  Test_Loss: 0.1245,Test Acc: 0.9721,Test F1: 0.9596,Test auc: 0.9777
2024-05-09 13:19:38.967 | INFO     | __main__:<module>:100 - Epoch: 76, Loss: 0.2017, Train Acc: 0.9306,  Test_Loss: 0.1260,Test Acc: 0.9739,Test F1: 0.9622,Test auc: 0.9791
2024-05-09 13:19:39.005 | INFO     | __main__:<module>:100 - Epoch: 77, Loss: 0.2033, Train Acc: 0.9306,  Test_Loss: 0.1267,Test Acc: 0.9739,Test F1: 0.9622,Test auc: 0.9791
2024-05-09 13:19:39.037 | INFO     | __main__:<module>:100 - Epoch: 78, Loss: 0.2082, Train Acc: 0.9213,  Test_Loss: 0.1276,Test Acc: 0.9777,Test F1: 0.9674,Test auc: 0.9818
2024-05-09 13:19:39.073 | INFO     | __main__:<module>:100 - Epoch: 79, Loss: 0.1902, Train Acc: 0.9362,  Test_Loss: 0.1311,Test Acc: 0.9777,Test F1: 0.9672,Test auc: 0.9804
2024-05-09 13:19:39.114 | INFO     | __main__:<module>:100 - Epoch: 80, Loss: 0.1964, Train Acc: 0.9311,  Test_Loss: 0.1332,Test Acc: 0.9795,Test F1: 0.9699,Test auc: 0.9818
2024-05-09 13:19:39.150 | INFO     | __main__:<module>:100 - Epoch: 81, Loss: 0.2223, Train Acc: 0.9260,  Test_Loss: 0.1324,Test Acc: 0.9777,Test F1: 0.9672,Test auc: 0.9804
2024-05-09 13:19:39.187 | INFO     | __main__:<module>:100 - Epoch: 82, Loss: 0.2164, Train Acc: 0.9241,  Test_Loss: 0.1350,Test Acc: 0.9795,Test F1: 0.9699,Test auc: 0.9818
2024-05-09 13:19:39.220 | INFO     | __main__:<module>:100 - Epoch: 83, Loss: 0.2150, Train Acc: 0.9223,  Test_Loss: 0.1378,Test Acc: 0.9795,Test F1: 0.9697,Test auc: 0.9804
2024-05-09 13:19:39.290 | INFO     | __main__:<module>:100 - Epoch: 84, Loss: 0.2181, Train Acc: 0.9227,  Test_Loss: 0.1385,Test Acc: 0.9795,Test F1: 0.9697,Test auc: 0.9804
2024-05-09 13:19:39.343 | INFO     | __main__:<module>:100 - Epoch: 85, Loss: 0.2088, Train Acc: 0.9311,  Test_Loss: 0.1397,Test Acc: 0.9795,Test F1: 0.9697,Test auc: 0.9804
2024-05-09 13:19:39.400 | INFO     | __main__:<module>:100 - Epoch: 86, Loss: 0.2025, Train Acc: 0.9269,  Test_Loss: 0.1380,Test Acc: 0.9795,Test F1: 0.9697,Test auc: 0.9804
2024-05-09 13:19:39.455 | INFO     | __main__:<module>:100 - Epoch: 87, Loss: 0.2112, Train Acc: 0.9260,  Test_Loss: 0.1376,Test Acc: 0.9795,Test F1: 0.9697,Test auc: 0.9804
2024-05-09 13:19:39.499 | INFO     | __main__:<module>:100 - Epoch: 88, Loss: 0.1964, Train Acc: 0.9306,  Test_Loss: 0.1347,Test Acc: 0.9795,Test F1: 0.9699,Test auc: 0.9818
2024-05-09 13:19:39.539 | INFO     | __main__:<module>:100 - Epoch: 89, Loss: 0.2002, Train Acc: 0.9288,  Test_Loss: 0.1344,Test Acc: 0.9795,Test F1: 0.9699,Test auc: 0.9818
2024-05-09 13:19:39.584 | INFO     | __main__:<module>:100 - Epoch: 90, Loss: 0.1930, Train Acc: 0.9376,  Test_Loss: 0.1333,Test Acc: 0.9795,Test F1: 0.9699,Test auc: 0.9818
2024-05-09 13:19:39.636 | INFO     | __main__:<module>:100 - Epoch: 91, Loss: 0.2083, Train Acc: 0.9241,  Test_Loss: 0.1324,Test Acc: 0.9777,Test F1: 0.9672,Test auc: 0.9804
2024-05-09 13:19:39.670 | INFO     | __main__:<module>:100 - Epoch: 92, Loss: 0.1994, Train Acc: 0.9339,  Test_Loss: 0.1331,Test Acc: 0.9795,Test F1: 0.9699,Test auc: 0.9818
2024-05-09 13:19:39.701 | INFO     | __main__:<module>:100 - Epoch: 93, Loss: 0.1973, Train Acc: 0.9302,  Test_Loss: 0.1395,Test Acc: 0.9795,Test F1: 0.9697,Test auc: 0.9804
2024-05-09 13:19:39.734 | INFO     | __main__:<module>:100 - Epoch: 94, Loss: 0.1944, Train Acc: 0.9385,  Test_Loss: 0.1380,Test Acc: 0.9795,Test F1: 0.9697,Test auc: 0.9804
2024-05-09 13:19:39.774 | INFO     | __main__:<module>:100 - Epoch: 95, Loss: 0.2131, Train Acc: 0.9260,  Test_Loss: 0.1387,Test Acc: 0.9795,Test F1: 0.9697,Test auc: 0.9804
2024-05-09 13:19:39.814 | INFO     | __main__:<module>:100 - Epoch: 96, Loss: 0.2215, Train Acc: 0.9246,  Test_Loss: 0.1370,Test Acc: 0.9795,Test F1: 0.9699,Test auc: 0.9818
2024-05-09 13:19:39.850 | INFO     | __main__:<module>:100 - Epoch: 97, Loss: 0.2034, Train Acc: 0.9264,  Test_Loss: 0.1387,Test Acc: 0.9795,Test F1: 0.9697,Test auc: 0.9804
2024-05-09 13:19:39.884 | INFO     | __main__:<module>:100 - Epoch: 98, Loss: 0.1909, Train Acc: 0.9348,  Test_Loss: 0.1374,Test Acc: 0.9777,Test F1: 0.9670,Test auc: 0.9791
2024-05-09 13:19:39.915 | INFO     | __main__:<module>:100 - Epoch: 99, Loss: 0.2215, Train Acc: 0.9227,  Test_Loss: 0.1363,Test Acc: 0.9795,Test F1: 0.9699,Test auc: 0.9818
2024-05-09 13:19:39.951 | INFO     | __main__:<module>:100 - Epoch: 100, Loss: 0.2013, Train Acc: 0.9325,  Test_Loss: 0.1360,Test Acc: 0.9795,Test F1: 0.9699,Test auc: 0.9818
2024-05-09 13:19:39.951 | INFO     | __main__:<module>:118 - 3.0714426040649414
2024-05-09 13:19:42.675 | INFO     | __main__:<module>:79 - Namespace(dataset='ca-astroph', model='GCN', learning_rate=0.01, epochs=9999, hidden_units=16, dropout=0.4, weight_decay=0.01, weight_decay1=0.01, weight_decay2=0.0005, early_stopping=30, residual=True, seed=824, type='Binary', DEVICE='cuda', theta=0.5, layers=64, alpha=0.1, feature_type='x_65', CGCN=0)
2024-05-09 13:19:42.676 | INFO     | __main__:<module>:80 - Data(edge_index=[2, 393944], num_nodes=17903, x=[17903, 3], train_mask=[17903], test_mask=[17903], label=[17903])
2024-05-09 13:19:42.709 | INFO     | __main__:<module>:100 - Epoch: 00, Loss: 8.0769, Train Acc: 0.3408,  Test_Loss: 2.0390,Test Acc: 0.2328,Test F1: 0.3268,Test auc: 0.3142
2024-05-09 13:19:42.753 | INFO     | __main__:<module>:100 - Epoch: 01, Loss: 3.1971, Train Acc: 0.2700,  Test_Loss: 1.2253,Test Acc: 0.3054,Test F1: 0.4618,Test auc: 0.4525
2024-05-09 13:19:42.790 | INFO     | __main__:<module>:100 - Epoch: 02, Loss: 1.6996, Train Acc: 0.2966,  Test_Loss: 1.0294,Test Acc: 0.3333,Test F1: 0.5000,Test auc: 0.5000
2024-05-09 13:19:42.824 | INFO     | __main__:<module>:100 - Epoch: 03, Loss: 1.2402, Train Acc: 0.3264,  Test_Loss: 0.9331,Test Acc: 0.3464,Test F1: 0.5049,Test auc: 0.5098
2024-05-09 13:19:42.859 | INFO     | __main__:<module>:100 - Epoch: 04, Loss: 1.1985, Train Acc: 0.3631,  Test_Loss: 0.8022,Test Acc: 0.4786,Test F1: 0.5395,Test auc: 0.5880
2024-05-09 13:19:42.899 | INFO     | __main__:<module>:100 - Epoch: 05, Loss: 1.0314, Train Acc: 0.4791,  Test_Loss: 0.7468,Test Acc: 0.6331,Test F1: 0.6145,Test auc: 0.6941
2024-05-09 13:19:42.945 | INFO     | __main__:<module>:100 - Epoch: 06, Loss: 0.9657, Train Acc: 0.5675,  Test_Loss: 0.6944,Test Acc: 0.7374,Test F1: 0.6874,Test auc: 0.7696
2024-05-09 13:19:42.993 | INFO     | __main__:<module>:100 - Epoch: 07, Loss: 0.8876, Train Acc: 0.6294,  Test_Loss: 0.6510,Test Acc: 0.8417,Test F1: 0.8046,Test auc: 0.8757
2024-05-09 13:19:43.034 | INFO     | __main__:<module>:100 - Epoch: 08, Loss: 0.7634, Train Acc: 0.6713,  Test_Loss: 0.6314,Test Acc: 0.8603,Test F1: 0.8260,Test auc: 0.8939
2024-05-09 13:19:43.068 | INFO     | __main__:<module>:100 - Epoch: 09, Loss: 0.6868, Train Acc: 0.7058,  Test_Loss: 0.5993,Test Acc: 0.8845,Test F1: 0.8517,Test auc: 0.9120
2024-05-09 13:19:43.104 | INFO     | __main__:<module>:100 - Epoch: 10, Loss: 0.6418, Train Acc: 0.7286,  Test_Loss: 0.5481,Test Acc: 0.9050,Test F1: 0.8747,Test auc: 0.9274
2024-05-09 13:19:43.145 | INFO     | __main__:<module>:100 - Epoch: 11, Loss: 0.5757, Train Acc: 0.7896,  Test_Loss: 0.4906,Test Acc: 0.9125,Test F1: 0.8834,Test auc: 0.9330
2024-05-09 13:19:43.196 | INFO     | __main__:<module>:100 - Epoch: 12, Loss: 0.5418, Train Acc: 0.7947,  Test_Loss: 0.4419,Test Acc: 0.9348,Test F1: 0.9105,Test auc: 0.9497
2024-05-09 13:19:43.237 | INFO     | __main__:<module>:100 - Epoch: 13, Loss: 0.5012, Train Acc: 0.8431,  Test_Loss: 0.4132,Test Acc: 0.9590,Test F1: 0.9415,Test auc: 0.9665
2024-05-09 13:19:43.270 | INFO     | __main__:<module>:100 - Epoch: 14, Loss: 0.4699, Train Acc: 0.8561,  Test_Loss: 0.4085,Test Acc: 0.9516,Test F1: 0.9286,Test auc: 0.9497
2024-05-09 13:19:43.302 | INFO     | __main__:<module>:100 - Epoch: 15, Loss: 0.4375, Train Acc: 0.8594,  Test_Loss: 0.4054,Test Acc: 0.9106,Test F1: 0.8563,Test auc: 0.8827
2024-05-09 13:19:43.342 | INFO     | __main__:<module>:100 - Epoch: 16, Loss: 0.4384, Train Acc: 0.8729,  Test_Loss: 0.3908,Test Acc: 0.9106,Test F1: 0.8545,Test auc: 0.8799
2024-05-09 13:19:43.387 | INFO     | __main__:<module>:100 - Epoch: 17, Loss: 0.4468, Train Acc: 0.8580,  Test_Loss: 0.3626,Test Acc: 0.9441,Test F1: 0.9162,Test auc: 0.9372
2024-05-09 13:19:43.435 | INFO     | __main__:<module>:100 - Epoch: 18, Loss: 0.4052, Train Acc: 0.8827,  Test_Loss: 0.3347,Test Acc: 0.9590,Test F1: 0.9418,Test auc: 0.9679
2024-05-09 13:19:43.470 | INFO     | __main__:<module>:100 - Epoch: 19, Loss: 0.3919, Train Acc: 0.8780,  Test_Loss: 0.3176,Test Acc: 0.9441,Test F1: 0.9227,Test auc: 0.9581
2024-05-09 13:19:43.503 | INFO     | __main__:<module>:100 - Epoch: 20, Loss: 0.3804, Train Acc: 0.8841,  Test_Loss: 0.3082,Test Acc: 0.9404,Test F1: 0.9179,Test auc: 0.9553
2024-05-09 13:19:43.543 | INFO     | __main__:<module>:100 - Epoch: 21, Loss: 0.3929, Train Acc: 0.8743,  Test_Loss: 0.2989,Test Acc: 0.9404,Test F1: 0.9179,Test auc: 0.9553
2024-05-09 13:19:43.583 | INFO     | __main__:<module>:100 - Epoch: 22, Loss: 0.3911, Train Acc: 0.8720,  Test_Loss: 0.2855,Test Acc: 0.9404,Test F1: 0.9179,Test auc: 0.9553
2024-05-09 13:19:43.628 | INFO     | __main__:<module>:100 - Epoch: 23, Loss: 0.3672, Train Acc: 0.8776,  Test_Loss: 0.2684,Test Acc: 0.9404,Test F1: 0.9179,Test auc: 0.9553
2024-05-09 13:19:43.662 | INFO     | __main__:<module>:100 - Epoch: 24, Loss: 0.3658, Train Acc: 0.8864,  Test_Loss: 0.2509,Test Acc: 0.9516,Test F1: 0.9323,Test auc: 0.9637
2024-05-09 13:19:43.690 | INFO     | __main__:<module>:100 - Epoch: 25, Loss: 0.3561, Train Acc: 0.8925,  Test_Loss: 0.2404,Test Acc: 0.9572,Test F1: 0.9393,Test auc: 0.9665
2024-05-09 13:19:43.715 | INFO     | __main__:<module>:100 - Epoch: 26, Loss: 0.3518, Train Acc: 0.8897,  Test_Loss: 0.2412,Test Acc: 0.9479,Test F1: 0.9243,Test auc: 0.9497
2024-05-09 13:19:43.763 | INFO     | __main__:<module>:100 - Epoch: 27, Loss: 0.3435, Train Acc: 0.8892,  Test_Loss: 0.2385,Test Acc: 0.9553,Test F1: 0.9362,Test auc: 0.9623
2024-05-09 13:19:43.815 | INFO     | __main__:<module>:100 - Epoch: 28, Loss: 0.3240, Train Acc: 0.9060,  Test_Loss: 0.2379,Test Acc: 0.9590,Test F1: 0.9412,Test auc: 0.9651
2024-05-09 13:19:43.857 | INFO     | __main__:<module>:100 - Epoch: 29, Loss: 0.3464, Train Acc: 0.8831,  Test_Loss: 0.2323,Test Acc: 0.9628,Test F1: 0.9462,Test auc: 0.9679
2024-05-09 13:19:43.888 | INFO     | __main__:<module>:100 - Epoch: 30, Loss: 0.3368, Train Acc: 0.8887,  Test_Loss: 0.2221,Test Acc: 0.9590,Test F1: 0.9418,Test auc: 0.9679
2024-05-09 13:19:43.925 | INFO     | __main__:<module>:100 - Epoch: 31, Loss: 0.3194, Train Acc: 0.8976,  Test_Loss: 0.2138,Test Acc: 0.9553,Test F1: 0.9368,Test auc: 0.9651
2024-05-09 13:19:43.968 | INFO     | __main__:<module>:100 - Epoch: 32, Loss: 0.3126, Train Acc: 0.8934,  Test_Loss: 0.2091,Test Acc: 0.9572,Test F1: 0.9396,Test auc: 0.9679
2024-05-09 13:19:44.016 | INFO     | __main__:<module>:100 - Epoch: 33, Loss: 0.2867, Train Acc: 0.9092,  Test_Loss: 0.2064,Test Acc: 0.9553,Test F1: 0.9372,Test auc: 0.9665
2024-05-09 13:19:44.061 | INFO     | __main__:<module>:100 - Epoch: 34, Loss: 0.3028, Train Acc: 0.9004,  Test_Loss: 0.2037,Test Acc: 0.9516,Test F1: 0.9323,Test auc: 0.9637
2024-05-09 13:19:44.091 | INFO     | __main__:<module>:100 - Epoch: 35, Loss: 0.3232, Train Acc: 0.8841,  Test_Loss: 0.1999,Test Acc: 0.9553,Test F1: 0.9372,Test auc: 0.9665
2024-05-09 13:19:44.124 | INFO     | __main__:<module>:100 - Epoch: 36, Loss: 0.2820, Train Acc: 0.9083,  Test_Loss: 0.1963,Test Acc: 0.9553,Test F1: 0.9372,Test auc: 0.9665
2024-05-09 13:19:44.161 | INFO     | __main__:<module>:100 - Epoch: 37, Loss: 0.2933, Train Acc: 0.9013,  Test_Loss: 0.1932,Test Acc: 0.9553,Test F1: 0.9372,Test auc: 0.9665
2024-05-09 13:19:44.212 | INFO     | __main__:<module>:100 - Epoch: 38, Loss: 0.2927, Train Acc: 0.9032,  Test_Loss: 0.1901,Test Acc: 0.9572,Test F1: 0.9393,Test auc: 0.9665
2024-05-09 13:19:44.257 | INFO     | __main__:<module>:100 - Epoch: 39, Loss: 0.2953, Train Acc: 0.8948,  Test_Loss: 0.1873,Test Acc: 0.9590,Test F1: 0.9418,Test auc: 0.9679
2024-05-09 13:19:44.290 | INFO     | __main__:<module>:100 - Epoch: 40, Loss: 0.2845, Train Acc: 0.9027,  Test_Loss: 0.1842,Test Acc: 0.9590,Test F1: 0.9418,Test auc: 0.9679
2024-05-09 13:19:44.324 | INFO     | __main__:<module>:100 - Epoch: 41, Loss: 0.2823, Train Acc: 0.9078,  Test_Loss: 0.1804,Test Acc: 0.9572,Test F1: 0.9393,Test auc: 0.9665
2024-05-09 13:19:44.361 | INFO     | __main__:<module>:100 - Epoch: 42, Loss: 0.2728, Train Acc: 0.9046,  Test_Loss: 0.1758,Test Acc: 0.9572,Test F1: 0.9393,Test auc: 0.9665
2024-05-09 13:19:44.411 | INFO     | __main__:<module>:100 - Epoch: 43, Loss: 0.2738, Train Acc: 0.9064,  Test_Loss: 0.1722,Test Acc: 0.9553,Test F1: 0.9368,Test auc: 0.9651
2024-05-09 13:19:44.451 | INFO     | __main__:<module>:100 - Epoch: 44, Loss: 0.2562, Train Acc: 0.9120,  Test_Loss: 0.1689,Test Acc: 0.9553,Test F1: 0.9368,Test auc: 0.9651
2024-05-09 13:19:44.488 | INFO     | __main__:<module>:100 - Epoch: 45, Loss: 0.2992, Train Acc: 0.8943,  Test_Loss: 0.1662,Test Acc: 0.9553,Test F1: 0.9368,Test auc: 0.9651
2024-05-09 13:19:44.521 | INFO     | __main__:<module>:100 - Epoch: 46, Loss: 0.2596, Train Acc: 0.9097,  Test_Loss: 0.1643,Test Acc: 0.9553,Test F1: 0.9368,Test auc: 0.9651
2024-05-09 13:19:44.559 | INFO     | __main__:<module>:100 - Epoch: 47, Loss: 0.2634, Train Acc: 0.9097,  Test_Loss: 0.1628,Test Acc: 0.9553,Test F1: 0.9368,Test auc: 0.9651
2024-05-09 13:19:44.602 | INFO     | __main__:<module>:100 - Epoch: 48, Loss: 0.2824, Train Acc: 0.9111,  Test_Loss: 0.1622,Test Acc: 0.9553,Test F1: 0.9368,Test auc: 0.9651
2024-05-09 13:19:44.647 | INFO     | __main__:<module>:100 - Epoch: 49, Loss: 0.2721, Train Acc: 0.9125,  Test_Loss: 0.1615,Test Acc: 0.9553,Test F1: 0.9368,Test auc: 0.9651
2024-05-09 13:19:44.686 | INFO     | __main__:<module>:100 - Epoch: 50, Loss: 0.2792, Train Acc: 0.9032,  Test_Loss: 0.1610,Test Acc: 0.9553,Test F1: 0.9368,Test auc: 0.9651
2024-05-09 13:19:44.713 | INFO     | __main__:<module>:100 - Epoch: 51, Loss: 0.2875, Train Acc: 0.9074,  Test_Loss: 0.1615,Test Acc: 0.9553,Test F1: 0.9368,Test auc: 0.9651
2024-05-09 13:19:44.742 | INFO     | __main__:<module>:100 - Epoch: 52, Loss: 0.2516, Train Acc: 0.9209,  Test_Loss: 0.1616,Test Acc: 0.9572,Test F1: 0.9396,Test auc: 0.9679
2024-05-09 13:19:44.768 | INFO     | __main__:<module>:100 - Epoch: 53, Loss: 0.2486, Train Acc: 0.9148,  Test_Loss: 0.1613,Test Acc: 0.9553,Test F1: 0.9372,Test auc: 0.9665
2024-05-09 13:19:44.802 | INFO     | __main__:<module>:100 - Epoch: 54, Loss: 0.2572, Train Acc: 0.9176,  Test_Loss: 0.1624,Test Acc: 0.9553,Test F1: 0.9372,Test auc: 0.9665
2024-05-09 13:19:44.838 | INFO     | __main__:<module>:100 - Epoch: 55, Loss: 0.2616, Train Acc: 0.9120,  Test_Loss: 0.1618,Test Acc: 0.9553,Test F1: 0.9372,Test auc: 0.9665
2024-05-09 13:19:44.871 | INFO     | __main__:<module>:100 - Epoch: 56, Loss: 0.2589, Train Acc: 0.9101,  Test_Loss: 0.1618,Test Acc: 0.9553,Test F1: 0.9372,Test auc: 0.9665
2024-05-09 13:19:44.903 | INFO     | __main__:<module>:100 - Epoch: 57, Loss: 0.2488, Train Acc: 0.9143,  Test_Loss: 0.1612,Test Acc: 0.9553,Test F1: 0.9368,Test auc: 0.9651
2024-05-09 13:19:44.937 | INFO     | __main__:<module>:100 - Epoch: 58, Loss: 0.2674, Train Acc: 0.9115,  Test_Loss: 0.1602,Test Acc: 0.9553,Test F1: 0.9368,Test auc: 0.9651
2024-05-09 13:19:44.970 | INFO     | __main__:<module>:100 - Epoch: 59, Loss: 0.2609, Train Acc: 0.9083,  Test_Loss: 0.1591,Test Acc: 0.9572,Test F1: 0.9396,Test auc: 0.9679
2024-05-09 13:19:45.012 | INFO     | __main__:<module>:100 - Epoch: 60, Loss: 0.2644, Train Acc: 0.9069,  Test_Loss: 0.1564,Test Acc: 0.9553,Test F1: 0.9368,Test auc: 0.9651
2024-05-09 13:19:45.066 | INFO     | __main__:<module>:100 - Epoch: 61, Loss: 0.2590, Train Acc: 0.9074,  Test_Loss: 0.1539,Test Acc: 0.9572,Test F1: 0.9393,Test auc: 0.9665
2024-05-09 13:19:45.098 | INFO     | __main__:<module>:100 - Epoch: 62, Loss: 0.2719, Train Acc: 0.9055,  Test_Loss: 0.1542,Test Acc: 0.9590,Test F1: 0.9418,Test auc: 0.9679
2024-05-09 13:19:45.128 | INFO     | __main__:<module>:100 - Epoch: 63, Loss: 0.2538, Train Acc: 0.9157,  Test_Loss: 0.1545,Test Acc: 0.9572,Test F1: 0.9393,Test auc: 0.9665
2024-05-09 13:19:45.152 | INFO     | __main__:<module>:100 - Epoch: 64, Loss: 0.2432, Train Acc: 0.9185,  Test_Loss: 0.1544,Test Acc: 0.9590,Test F1: 0.9421,Test auc: 0.9693
2024-05-09 13:19:45.179 | INFO     | __main__:<module>:100 - Epoch: 65, Loss: 0.2933, Train Acc: 0.9004,  Test_Loss: 0.1572,Test Acc: 0.9590,Test F1: 0.9421,Test auc: 0.9693
2024-05-09 13:19:45.216 | INFO     | __main__:<module>:100 - Epoch: 66, Loss: 0.2606, Train Acc: 0.9036,  Test_Loss: 0.1569,Test Acc: 0.9572,Test F1: 0.9396,Test auc: 0.9679
2024-05-09 13:19:45.253 | INFO     | __main__:<module>:100 - Epoch: 67, Loss: 0.2404, Train Acc: 0.9195,  Test_Loss: 0.1586,Test Acc: 0.9572,Test F1: 0.9396,Test auc: 0.9679
2024-05-09 13:19:45.287 | INFO     | __main__:<module>:100 - Epoch: 68, Loss: 0.2523, Train Acc: 0.9125,  Test_Loss: 0.1590,Test Acc: 0.9534,Test F1: 0.9347,Test auc: 0.9651
2024-05-09 13:19:45.313 | INFO     | __main__:<module>:100 - Epoch: 69, Loss: 0.2560, Train Acc: 0.9106,  Test_Loss: 0.1586,Test Acc: 0.9534,Test F1: 0.9347,Test auc: 0.9651
2024-05-09 13:19:45.344 | INFO     | __main__:<module>:100 - Epoch: 70, Loss: 0.2565, Train Acc: 0.9218,  Test_Loss: 0.1603,Test Acc: 0.9516,Test F1: 0.9323,Test auc: 0.9637
2024-05-09 13:19:45.368 | INFO     | __main__:<module>:100 - Epoch: 71, Loss: 0.2748, Train Acc: 0.8999,  Test_Loss: 0.1610,Test Acc: 0.9497,Test F1: 0.9299,Test auc: 0.9623
2024-05-09 13:19:45.398 | INFO     | __main__:<module>:100 - Epoch: 72, Loss: 0.2693, Train Acc: 0.9008,  Test_Loss: 0.1627,Test Acc: 0.9479,Test F1: 0.9275,Test auc: 0.9609
2024-05-09 13:19:45.433 | INFO     | __main__:<module>:100 - Epoch: 73, Loss: 0.2711, Train Acc: 0.9069,  Test_Loss: 0.1646,Test Acc: 0.9479,Test F1: 0.9275,Test auc: 0.9609
2024-05-09 13:19:45.472 | INFO     | __main__:<module>:100 - Epoch: 74, Loss: 0.2582, Train Acc: 0.9153,  Test_Loss: 0.1637,Test Acc: 0.9516,Test F1: 0.9323,Test auc: 0.9637
2024-05-09 13:19:45.513 | INFO     | __main__:<module>:100 - Epoch: 75, Loss: 0.2445, Train Acc: 0.9139,  Test_Loss: 0.1653,Test Acc: 0.9497,Test F1: 0.9299,Test auc: 0.9623
2024-05-09 13:19:45.542 | INFO     | __main__:<module>:100 - Epoch: 76, Loss: 0.2564, Train Acc: 0.9167,  Test_Loss: 0.1655,Test Acc: 0.9479,Test F1: 0.9275,Test auc: 0.9609
2024-05-09 13:19:45.567 | INFO     | __main__:<module>:100 - Epoch: 77, Loss: 0.2572, Train Acc: 0.9097,  Test_Loss: 0.1679,Test Acc: 0.9497,Test F1: 0.9299,Test auc: 0.9623
2024-05-09 13:19:45.596 | INFO     | __main__:<module>:100 - Epoch: 78, Loss: 0.2533, Train Acc: 0.9111,  Test_Loss: 0.1673,Test Acc: 0.9497,Test F1: 0.9299,Test auc: 0.9623
2024-05-09 13:19:45.623 | INFO     | __main__:<module>:100 - Epoch: 79, Loss: 0.2565, Train Acc: 0.9171,  Test_Loss: 0.1654,Test Acc: 0.9516,Test F1: 0.9323,Test auc: 0.9637
2024-05-09 13:19:45.657 | INFO     | __main__:<module>:100 - Epoch: 80, Loss: 0.2711, Train Acc: 0.9074,  Test_Loss: 0.1656,Test Acc: 0.9516,Test F1: 0.9323,Test auc: 0.9637
2024-05-09 13:19:45.690 | INFO     | __main__:<module>:100 - Epoch: 81, Loss: 0.2461, Train Acc: 0.9125,  Test_Loss: 0.1665,Test Acc: 0.9516,Test F1: 0.9323,Test auc: 0.9637
2024-05-09 13:19:45.722 | INFO     | __main__:<module>:100 - Epoch: 82, Loss: 0.2555, Train Acc: 0.9115,  Test_Loss: 0.1664,Test Acc: 0.9516,Test F1: 0.9323,Test auc: 0.9637
2024-05-09 13:19:45.748 | INFO     | __main__:<module>:100 - Epoch: 83, Loss: 0.2567, Train Acc: 0.9148,  Test_Loss: 0.1649,Test Acc: 0.9516,Test F1: 0.9323,Test auc: 0.9637
2024-05-09 13:19:45.778 | INFO     | __main__:<module>:100 - Epoch: 84, Loss: 0.2614, Train Acc: 0.9097,  Test_Loss: 0.1651,Test Acc: 0.9516,Test F1: 0.9323,Test auc: 0.9637
2024-05-09 13:19:45.803 | INFO     | __main__:<module>:100 - Epoch: 85, Loss: 0.2530, Train Acc: 0.9106,  Test_Loss: 0.1664,Test Acc: 0.9497,Test F1: 0.9299,Test auc: 0.9623
2024-05-09 13:19:45.832 | INFO     | __main__:<module>:100 - Epoch: 86, Loss: 0.2439, Train Acc: 0.9176,  Test_Loss: 0.1709,Test Acc: 0.9479,Test F1: 0.9275,Test auc: 0.9609
2024-05-09 13:19:45.869 | INFO     | __main__:<module>:100 - Epoch: 87, Loss: 0.2724, Train Acc: 0.9092,  Test_Loss: 0.1744,Test Acc: 0.9460,Test F1: 0.9251,Test auc: 0.9595
2024-05-09 13:19:45.905 | INFO     | __main__:<module>:100 - Epoch: 88, Loss: 0.2672, Train Acc: 0.9046,  Test_Loss: 0.1798,Test Acc: 0.9423,Test F1: 0.9203,Test auc: 0.9567
2024-05-09 13:19:45.938 | INFO     | __main__:<module>:100 - Epoch: 89, Loss: 0.2603, Train Acc: 0.9134,  Test_Loss: 0.1782,Test Acc: 0.9423,Test F1: 0.9203,Test auc: 0.9567
2024-05-09 13:19:45.964 | INFO     | __main__:<module>:100 - Epoch: 90, Loss: 0.2644, Train Acc: 0.9083,  Test_Loss: 0.1778,Test Acc: 0.9423,Test F1: 0.9203,Test auc: 0.9567
2024-05-09 13:19:45.988 | INFO     | __main__:<module>:100 - Epoch: 91, Loss: 0.2622, Train Acc: 0.9153,  Test_Loss: 0.1765,Test Acc: 0.9441,Test F1: 0.9227,Test auc: 0.9581
2024-05-09 13:19:45.989 | INFO     | __main__:<module>:118 - 2.4928975105285645
2024-05-09 13:19:48.405 | INFO     | __main__:<module>:79 - Namespace(dataset='ca-astroph', model='GCN', learning_rate=0.01, epochs=9999, hidden_units=16, dropout=0.4, weight_decay=0.01, weight_decay1=0.01, weight_decay2=0.0005, early_stopping=30, residual=True, seed=824, type='Binary', DEVICE='cuda', theta=0.5, layers=64, alpha=0.1, feature_type='x_65', CGCN=0)
2024-05-09 13:19:48.405 | INFO     | __main__:<module>:80 - Data(edge_index=[2, 393944], num_nodes=17903, x=[17903, 4], train_mask=[17903], test_mask=[17903], label=[17903])
2024-05-09 13:19:48.440 | INFO     | __main__:<module>:100 - Epoch: 00, Loss: 6.6133, Train Acc: 0.4646,  Test_Loss: 1.0389,Test Acc: 0.3966,Test F1: 0.4723,Test auc: 0.5000
2024-05-09 13:19:48.473 | INFO     | __main__:<module>:100 - Epoch: 01, Loss: 2.2137, Train Acc: 0.4451,  Test_Loss: 0.9931,Test Acc: 0.5065,Test F1: 0.5746,Test auc: 0.6299
2024-05-09 13:19:48.504 | INFO     | __main__:<module>:100 - Epoch: 02, Loss: 1.2978, Train Acc: 0.5163,  Test_Loss: 0.9234,Test Acc: 0.6238,Test F1: 0.6393,Test auc: 0.7179
2024-05-09 13:19:48.536 | INFO     | __main__:<module>:100 - Epoch: 03, Loss: 1.0466, Train Acc: 0.6155,  Test_Loss: 0.7593,Test Acc: 0.7561,Test F1: 0.7321,Test auc: 0.8170
2024-05-09 13:19:48.572 | INFO     | __main__:<module>:100 - Epoch: 04, Loss: 0.9684, Train Acc: 0.6988,  Test_Loss: 0.6714,Test Acc: 0.8268,Test F1: 0.7929,Test auc: 0.8687
2024-05-09 13:19:48.604 | INFO     | __main__:<module>:100 - Epoch: 05, Loss: 0.8926, Train Acc: 0.7351,  Test_Loss: 0.6368,Test Acc: 0.8566,Test F1: 0.8222,Test auc: 0.8911
2024-05-09 13:19:48.636 | INFO     | __main__:<module>:100 - Epoch: 06, Loss: 0.8569, Train Acc: 0.7635,  Test_Loss: 0.6433,Test Acc: 0.8659,Test F1: 0.8318,Test auc: 0.8980
2024-05-09 13:19:48.672 | INFO     | __main__:<module>:100 - Epoch: 07, Loss: 0.8751, Train Acc: 0.7719,  Test_Loss: 0.6641,Test Acc: 0.8510,Test F1: 0.8165,Test auc: 0.8869
2024-05-09 13:19:48.712 | INFO     | __main__:<module>:100 - Epoch: 08, Loss: 0.8804, Train Acc: 0.7761,  Test_Loss: 0.6812,Test Acc: 0.8454,Test F1: 0.8118,Test auc: 0.8841
2024-05-09 13:19:48.738 | INFO     | __main__:<module>:100 - Epoch: 09, Loss: 0.8574, Train Acc: 0.7742,  Test_Loss: 0.6949,Test Acc: 0.8380,Test F1: 0.8045,Test auc: 0.8785
2024-05-09 13:19:48.765 | INFO     | __main__:<module>:100 - Epoch: 10, Loss: 0.8980, Train Acc: 0.7565,  Test_Loss: 0.7093,Test Acc: 0.8268,Test F1: 0.7938,Test auc: 0.8701
2024-05-09 13:19:48.788 | INFO     | __main__:<module>:100 - Epoch: 11, Loss: 0.8166, Train Acc: 0.7812,  Test_Loss: 0.7074,Test Acc: 0.8231,Test F1: 0.7903,Test auc: 0.8673
2024-05-09 13:19:48.814 | INFO     | __main__:<module>:100 - Epoch: 12, Loss: 0.8480, Train Acc: 0.7807,  Test_Loss: 0.7021,Test Acc: 0.8250,Test F1: 0.7920,Test auc: 0.8687
2024-05-09 13:19:48.842 | INFO     | __main__:<module>:100 - Epoch: 13, Loss: 0.8373, Train Acc: 0.7751,  Test_Loss: 0.7002,Test Acc: 0.8268,Test F1: 0.7938,Test auc: 0.8701
2024-05-09 13:19:48.872 | INFO     | __main__:<module>:100 - Epoch: 14, Loss: 0.8211, Train Acc: 0.7737,  Test_Loss: 0.7004,Test Acc: 0.8268,Test F1: 0.7938,Test auc: 0.8701
2024-05-09 13:19:48.904 | INFO     | __main__:<module>:100 - Epoch: 15, Loss: 0.8016, Train Acc: 0.7845,  Test_Loss: 0.7047,Test Acc: 0.8231,Test F1: 0.7903,Test auc: 0.8673
2024-05-09 13:19:48.940 | INFO     | __main__:<module>:100 - Epoch: 16, Loss: 0.8075, Train Acc: 0.7709,  Test_Loss: 0.6932,Test Acc: 0.8287,Test F1: 0.7956,Test auc: 0.8715
2024-05-09 13:19:48.972 | INFO     | __main__:<module>:100 - Epoch: 17, Loss: 0.7693, Train Acc: 0.7868,  Test_Loss: 0.6871,Test Acc: 0.8287,Test F1: 0.7956,Test auc: 0.8715
2024-05-09 13:19:49.003 | INFO     | __main__:<module>:100 - Epoch: 18, Loss: 0.8484, Train Acc: 0.7742,  Test_Loss: 0.6915,Test Acc: 0.8287,Test F1: 0.7956,Test auc: 0.8715
2024-05-09 13:19:49.031 | INFO     | __main__:<module>:100 - Epoch: 19, Loss: 0.8676, Train Acc: 0.7663,  Test_Loss: 0.7058,Test Acc: 0.8194,Test F1: 0.7868,Test auc: 0.8645
2024-05-09 13:19:49.057 | INFO     | __main__:<module>:100 - Epoch: 20, Loss: 0.8840, Train Acc: 0.7640,  Test_Loss: 0.7296,Test Acc: 0.8156,Test F1: 0.7834,Test auc: 0.8617
2024-05-09 13:19:49.089 | INFO     | __main__:<module>:100 - Epoch: 21, Loss: 0.7808, Train Acc: 0.7747,  Test_Loss: 0.7342,Test Acc: 0.8156,Test F1: 0.7834,Test auc: 0.8617
2024-05-09 13:19:49.126 | INFO     | __main__:<module>:100 - Epoch: 22, Loss: 0.8552, Train Acc: 0.7742,  Test_Loss: 0.7433,Test Acc: 0.8101,Test F1: 0.7783,Test auc: 0.8575
2024-05-09 13:19:49.163 | INFO     | __main__:<module>:100 - Epoch: 23, Loss: 0.7712, Train Acc: 0.7779,  Test_Loss: 0.7263,Test Acc: 0.8156,Test F1: 0.7834,Test auc: 0.8617
2024-05-09 13:19:49.195 | INFO     | __main__:<module>:100 - Epoch: 24, Loss: 0.8845, Train Acc: 0.7537,  Test_Loss: 0.7392,Test Acc: 0.8138,Test F1: 0.7817,Test auc: 0.8603
2024-05-09 13:19:49.221 | INFO     | __main__:<module>:100 - Epoch: 25, Loss: 0.8268, Train Acc: 0.7831,  Test_Loss: 0.7392,Test Acc: 0.8138,Test F1: 0.7817,Test auc: 0.8603
2024-05-09 13:19:49.252 | INFO     | __main__:<module>:100 - Epoch: 26, Loss: 0.8099, Train Acc: 0.7616,  Test_Loss: 0.7425,Test Acc: 0.8101,Test F1: 0.7783,Test auc: 0.8575
2024-05-09 13:19:49.287 | INFO     | __main__:<module>:100 - Epoch: 27, Loss: 0.8543, Train Acc: 0.7775,  Test_Loss: 0.7344,Test Acc: 0.8138,Test F1: 0.7817,Test auc: 0.8603
2024-05-09 13:19:49.322 | INFO     | __main__:<module>:100 - Epoch: 28, Loss: 0.8320, Train Acc: 0.7672,  Test_Loss: 0.7401,Test Acc: 0.8119,Test F1: 0.7800,Test auc: 0.8589
2024-05-09 13:19:49.362 | INFO     | __main__:<module>:100 - Epoch: 29, Loss: 0.8132, Train Acc: 0.7686,  Test_Loss: 0.7296,Test Acc: 0.8138,Test F1: 0.7817,Test auc: 0.8603
2024-05-09 13:19:49.389 | INFO     | __main__:<module>:100 - Epoch: 30, Loss: 0.8536, Train Acc: 0.7700,  Test_Loss: 0.7227,Test Acc: 0.8138,Test F1: 0.7817,Test auc: 0.8603
2024-05-09 13:19:49.415 | INFO     | __main__:<module>:100 - Epoch: 31, Loss: 0.7984, Train Acc: 0.7742,  Test_Loss: 0.7047,Test Acc: 0.8194,Test F1: 0.7868,Test auc: 0.8645
2024-05-09 13:19:49.446 | INFO     | __main__:<module>:100 - Epoch: 32, Loss: 0.8871, Train Acc: 0.7621,  Test_Loss: 0.7272,Test Acc: 0.8138,Test F1: 0.7817,Test auc: 0.8603
2024-05-09 13:19:49.479 | INFO     | __main__:<module>:100 - Epoch: 33, Loss: 0.7740, Train Acc: 0.7831,  Test_Loss: 0.7176,Test Acc: 0.8138,Test F1: 0.7817,Test auc: 0.8603
2024-05-09 13:19:49.514 | INFO     | __main__:<module>:100 - Epoch: 34, Loss: 0.8675, Train Acc: 0.7686,  Test_Loss: 0.7308,Test Acc: 0.8119,Test F1: 0.7800,Test auc: 0.8589
2024-05-09 13:19:49.553 | INFO     | __main__:<module>:100 - Epoch: 35, Loss: 0.8709, Train Acc: 0.7626,  Test_Loss: 0.7501,Test Acc: 0.8045,Test F1: 0.7732,Test auc: 0.8534
2024-05-09 13:19:49.553 | INFO     | __main__:<module>:118 - 0.959040641784668
2024-05-09 13:19:52.598 | INFO     | __main__:<module>:79 - Namespace(dataset='ca-astroph', model='GCN', learning_rate=0.01, epochs=9999, hidden_units=16, dropout=0.4, weight_decay=0.01, weight_decay1=0.01, weight_decay2=0.0005, early_stopping=30, residual=True, seed=824, type='Binary', DEVICE='cuda', theta=0.5, layers=64, alpha=0.1, feature_type='x_65', CGCN=0)
2024-05-09 13:19:52.599 | INFO     | __main__:<module>:80 - Data(edge_index=[2, 393944], num_nodes=17903, x=[17903, 5], train_mask=[17903], test_mask=[17903], label=[17903])
2024-05-09 13:19:52.635 | INFO     | __main__:<module>:100 - Epoch: 00, Loss: 2.2402, Train Acc: 0.3655,  Test_Loss: 0.6518,Test Acc: 0.8212,Test F1: 0.7838,Test auc: 0.8589
2024-05-09 13:19:52.671 | INFO     | __main__:<module>:100 - Epoch: 01, Loss: 1.7297, Train Acc: 0.6811,  Test_Loss: 0.6220,Test Acc: 0.8492,Test F1: 0.8138,Test auc: 0.8841
2024-05-09 13:19:52.697 | INFO     | __main__:<module>:100 - Epoch: 02, Loss: 1.1507, Train Acc: 0.7528,  Test_Loss: 0.6606,Test Acc: 0.8566,Test F1: 0.8222,Test auc: 0.8911
2024-05-09 13:19:52.728 | INFO     | __main__:<module>:100 - Epoch: 03, Loss: 1.0403, Train Acc: 0.7612,  Test_Loss: 0.7204,Test Acc: 0.8361,Test F1: 0.8018,Test auc: 0.8757
2024-05-09 13:19:52.752 | INFO     | __main__:<module>:100 - Epoch: 04, Loss: 1.2154, Train Acc: 0.7439,  Test_Loss: 0.7700,Test Acc: 0.8119,Test F1: 0.7790,Test auc: 0.8575
2024-05-09 13:19:52.781 | INFO     | __main__:<module>:100 - Epoch: 05, Loss: 1.2039, Train Acc: 0.7426,  Test_Loss: 0.8016,Test Acc: 0.8026,Test F1: 0.7706,Test auc: 0.8506
2024-05-09 13:19:52.811 | INFO     | __main__:<module>:100 - Epoch: 06, Loss: 1.1421, Train Acc: 0.7495,  Test_Loss: 0.8190,Test Acc: 0.7896,Test F1: 0.7591,Test auc: 0.8408
2024-05-09 13:19:52.840 | INFO     | __main__:<module>:100 - Epoch: 07, Loss: 1.2064, Train Acc: 0.7570,  Test_Loss: 0.8551,Test Acc: 0.7747,Test F1: 0.7474,Test auc: 0.8310
2024-05-09 13:19:52.876 | INFO     | __main__:<module>:100 - Epoch: 08, Loss: 1.1769, Train Acc: 0.7458,  Test_Loss: 0.8753,Test Acc: 0.7635,Test F1: 0.7381,Test auc: 0.8226
2024-05-09 13:19:52.906 | INFO     | __main__:<module>:100 - Epoch: 09, Loss: 1.1893, Train Acc: 0.7477,  Test_Loss: 0.8876,Test Acc: 0.7616,Test F1: 0.7366,Test auc: 0.8212
2024-05-09 13:19:52.936 | INFO     | __main__:<module>:100 - Epoch: 10, Loss: 1.0567, Train Acc: 0.7612,  Test_Loss: 0.8976,Test Acc: 0.7616,Test F1: 0.7366,Test auc: 0.8212
2024-05-09 13:19:52.964 | INFO     | __main__:<module>:100 - Epoch: 11, Loss: 1.2369, Train Acc: 0.7467,  Test_Loss: 0.9027,Test Acc: 0.7542,Test F1: 0.7306,Test auc: 0.8156
2024-05-09 13:19:52.989 | INFO     | __main__:<module>:100 - Epoch: 12, Loss: 1.1960, Train Acc: 0.7453,  Test_Loss: 0.9225,Test Acc: 0.7430,Test F1: 0.7218,Test auc: 0.8073
2024-05-09 13:19:53.016 | INFO     | __main__:<module>:100 - Epoch: 13, Loss: 1.1973, Train Acc: 0.7393,  Test_Loss: 0.9282,Test Acc: 0.7430,Test F1: 0.7218,Test auc: 0.8073
2024-05-09 13:19:53.047 | INFO     | __main__:<module>:100 - Epoch: 14, Loss: 1.1758, Train Acc: 0.7467,  Test_Loss: 0.9465,Test Acc: 0.7356,Test F1: 0.7160,Test auc: 0.8017
2024-05-09 13:19:53.085 | INFO     | __main__:<module>:100 - Epoch: 15, Loss: 1.1477, Train Acc: 0.7374,  Test_Loss: 0.9198,Test Acc: 0.7449,Test F1: 0.7232,Test auc: 0.8087
2024-05-09 13:19:53.119 | INFO     | __main__:<module>:100 - Epoch: 16, Loss: 1.1549, Train Acc: 0.7533,  Test_Loss: 0.9135,Test Acc: 0.7486,Test F1: 0.7262,Test auc: 0.8115
2024-05-09 13:19:53.150 | INFO     | __main__:<module>:100 - Epoch: 17, Loss: 1.2171, Train Acc: 0.7453,  Test_Loss: 0.9245,Test Acc: 0.7430,Test F1: 0.7218,Test auc: 0.8073
2024-05-09 13:19:53.180 | INFO     | __main__:<module>:100 - Epoch: 18, Loss: 1.1216, Train Acc: 0.7416,  Test_Loss: 0.9365,Test Acc: 0.7393,Test F1: 0.7189,Test auc: 0.8045
2024-05-09 13:19:53.210 | INFO     | __main__:<module>:100 - Epoch: 19, Loss: 1.1152, Train Acc: 0.7472,  Test_Loss: 0.9522,Test Acc: 0.7393,Test F1: 0.7189,Test auc: 0.8045
2024-05-09 13:19:53.237 | INFO     | __main__:<module>:100 - Epoch: 20, Loss: 1.2023, Train Acc: 0.7453,  Test_Loss: 0.9789,Test Acc: 0.7337,Test F1: 0.7146,Test auc: 0.8003
2024-05-09 13:19:53.272 | INFO     | __main__:<module>:100 - Epoch: 21, Loss: 1.1537, Train Acc: 0.7663,  Test_Loss: 0.9930,Test Acc: 0.7225,Test F1: 0.7061,Test auc: 0.7919
2024-05-09 13:19:53.302 | INFO     | __main__:<module>:100 - Epoch: 22, Loss: 1.0861, Train Acc: 0.7453,  Test_Loss: 0.9881,Test Acc: 0.7244,Test F1: 0.7075,Test auc: 0.7933
2024-05-09 13:19:53.343 | INFO     | __main__:<module>:100 - Epoch: 23, Loss: 1.1658, Train Acc: 0.7547,  Test_Loss: 0.9847,Test Acc: 0.7225,Test F1: 0.7061,Test auc: 0.7919
2024-05-09 13:19:53.370 | INFO     | __main__:<module>:100 - Epoch: 24, Loss: 1.1907, Train Acc: 0.7528,  Test_Loss: 0.9966,Test Acc: 0.7169,Test F1: 0.7020,Test auc: 0.7877
2024-05-09 13:19:53.399 | INFO     | __main__:<module>:100 - Epoch: 25, Loss: 1.1991, Train Acc: 0.7430,  Test_Loss: 1.0223,Test Acc: 0.7114,Test F1: 0.6979,Test auc: 0.7835
2024-05-09 13:19:53.427 | INFO     | __main__:<module>:100 - Epoch: 26, Loss: 1.2564, Train Acc: 0.7426,  Test_Loss: 1.0226,Test Acc: 0.7114,Test F1: 0.6979,Test auc: 0.7835
2024-05-09 13:19:53.457 | INFO     | __main__:<module>:100 - Epoch: 27, Loss: 1.1404, Train Acc: 0.7588,  Test_Loss: 1.0220,Test Acc: 0.7095,Test F1: 0.6965,Test auc: 0.7821
2024-05-09 13:19:53.490 | INFO     | __main__:<module>:100 - Epoch: 28, Loss: 1.1466, Train Acc: 0.7416,  Test_Loss: 1.0213,Test Acc: 0.7132,Test F1: 0.6992,Test auc: 0.7849
2024-05-09 13:19:53.520 | INFO     | __main__:<module>:100 - Epoch: 29, Loss: 1.0942, Train Acc: 0.7612,  Test_Loss: 1.0118,Test Acc: 0.7132,Test F1: 0.6992,Test auc: 0.7849
2024-05-09 13:19:53.552 | INFO     | __main__:<module>:100 - Epoch: 30, Loss: 1.1583, Train Acc: 0.7542,  Test_Loss: 1.0270,Test Acc: 0.7095,Test F1: 0.6965,Test auc: 0.7821
2024-05-09 13:19:53.582 | INFO     | __main__:<module>:100 - Epoch: 31, Loss: 1.2390, Train Acc: 0.7542,  Test_Loss: 1.0070,Test Acc: 0.7169,Test F1: 0.7020,Test auc: 0.7877
2024-05-09 13:19:53.583 | INFO     | __main__:<module>:118 - 0.857407808303833
2024-05-09 13:19:56.947 | INFO     | __main__:<module>:79 - Namespace(dataset='ca-astroph', model='GCN', learning_rate=0.01, epochs=9999, hidden_units=16, dropout=0.4, weight_decay=0.01, weight_decay1=0.01, weight_decay2=0.0005, early_stopping=30, residual=True, seed=824, type='Binary', DEVICE='cuda', theta=0.5, layers=64, alpha=0.1, feature_type='x_65', CGCN=0)
2024-05-09 13:19:56.948 | INFO     | __main__:<module>:80 - Data(edge_index=[2, 393944], num_nodes=17903, x=[17903, 6], train_mask=[17903], test_mask=[17903], label=[17903])
2024-05-09 13:19:56.984 | INFO     | __main__:<module>:100 - Epoch: 00, Loss: 12.7921, Train Acc: 0.5298,  Test_Loss: 1.6352,Test Acc: 0.4134,Test F1: 0.4220,Test auc: 0.4707
2024-05-09 13:19:57.027 | INFO     | __main__:<module>:100 - Epoch: 01, Loss: 4.9422, Train Acc: 0.3808,  Test_Loss: 1.2551,Test Acc: 0.3389,Test F1: 0.4979,Test auc: 0.5000
2024-05-09 13:19:57.056 | INFO     | __main__:<module>:100 - Epoch: 02, Loss: 2.5802, Train Acc: 0.3529,  Test_Loss: 1.6825,Test Acc: 0.3333,Test F1: 0.5000,Test auc: 0.5000
2024-05-09 13:19:57.085 | INFO     | __main__:<module>:100 - Epoch: 03, Loss: 2.3803, Train Acc: 0.3552,  Test_Loss: 1.5676,Test Acc: 0.3371,Test F1: 0.5014,Test auc: 0.5028
2024-05-09 13:19:57.116 | INFO     | __main__:<module>:100 - Epoch: 04, Loss: 2.6285, Train Acc: 0.3399,  Test_Loss: 1.5006,Test Acc: 0.3371,Test F1: 0.5014,Test auc: 0.5028
2024-05-09 13:19:57.147 | INFO     | __main__:<module>:100 - Epoch: 05, Loss: 2.1526, Train Acc: 0.3580,  Test_Loss: 1.4326,Test Acc: 0.3389,Test F1: 0.5021,Test auc: 0.5042
2024-05-09 13:19:57.176 | INFO     | __main__:<module>:100 - Epoch: 06, Loss: 2.1563, Train Acc: 0.3673,  Test_Loss: 1.3811,Test Acc: 0.3389,Test F1: 0.5021,Test auc: 0.5042
2024-05-09 13:19:57.211 | INFO     | __main__:<module>:100 - Epoch: 07, Loss: 2.3446, Train Acc: 0.3487,  Test_Loss: 1.3575,Test Acc: 0.3389,Test F1: 0.5021,Test auc: 0.5042
2024-05-09 13:19:57.253 | INFO     | __main__:<module>:100 - Epoch: 08, Loss: 2.4239, Train Acc: 0.3450,  Test_Loss: 1.3283,Test Acc: 0.3445,Test F1: 0.5042,Test auc: 0.5084
2024-05-09 13:19:57.285 | INFO     | __main__:<module>:100 - Epoch: 09, Loss: 2.4388, Train Acc: 0.3608,  Test_Loss: 1.3018,Test Acc: 0.3501,Test F1: 0.5064,Test auc: 0.5126
2024-05-09 13:19:57.316 | INFO     | __main__:<module>:100 - Epoch: 10, Loss: 2.5755, Train Acc: 0.3585,  Test_Loss: 1.2946,Test Acc: 0.3501,Test F1: 0.5064,Test auc: 0.5126
2024-05-09 13:19:57.348 | INFO     | __main__:<module>:100 - Epoch: 11, Loss: 2.6569, Train Acc: 0.3585,  Test_Loss: 1.2763,Test Acc: 0.3501,Test F1: 0.5064,Test auc: 0.5126
2024-05-09 13:19:57.381 | INFO     | __main__:<module>:100 - Epoch: 12, Loss: 2.4916, Train Acc: 0.3631,  Test_Loss: 1.2586,Test Acc: 0.3538,Test F1: 0.5078,Test auc: 0.5154
2024-05-09 13:19:57.420 | INFO     | __main__:<module>:100 - Epoch: 13, Loss: 2.5214, Train Acc: 0.3534,  Test_Loss: 1.2574,Test Acc: 0.3538,Test F1: 0.5078,Test auc: 0.5154
2024-05-09 13:19:57.470 | INFO     | __main__:<module>:100 - Epoch: 14, Loss: 2.4578, Train Acc: 0.3468,  Test_Loss: 1.2519,Test Acc: 0.3538,Test F1: 0.5078,Test auc: 0.5154
2024-05-09 13:19:57.511 | INFO     | __main__:<module>:100 - Epoch: 15, Loss: 1.9010, Train Acc: 0.4143,  Test_Loss: 1.2291,Test Acc: 0.3911,Test F1: 0.5226,Test auc: 0.5433
2024-05-09 13:19:57.545 | INFO     | __main__:<module>:100 - Epoch: 16, Loss: 1.5459, Train Acc: 0.4721,  Test_Loss: 1.1456,Test Acc: 0.5531,Test F1: 0.5987,Test auc: 0.6648
2024-05-09 13:19:57.586 | INFO     | __main__:<module>:100 - Epoch: 17, Loss: 1.3852, Train Acc: 0.5601,  Test_Loss: 1.0403,Test Acc: 0.7318,Test F1: 0.7131,Test auc: 0.7989
2024-05-09 13:19:57.635 | INFO     | __main__:<module>:100 - Epoch: 18, Loss: 1.2401, Train Acc: 0.6364,  Test_Loss: 0.9361,Test Acc: 0.8007,Test F1: 0.7617,Test auc: 0.8394
2024-05-09 13:19:57.681 | INFO     | __main__:<module>:100 - Epoch: 19, Loss: 1.0624, Train Acc: 0.7221,  Test_Loss: 0.8498,Test Acc: 0.8175,Test F1: 0.7633,Test auc: 0.8338
2024-05-09 13:19:57.730 | INFO     | __main__:<module>:100 - Epoch: 20, Loss: 0.9836, Train Acc: 0.7472,  Test_Loss: 0.7731,Test Acc: 0.8417,Test F1: 0.7696,Test auc: 0.8296
2024-05-09 13:19:57.764 | INFO     | __main__:<module>:100 - Epoch: 21, Loss: 0.8962, Train Acc: 0.7784,  Test_Loss: 0.7111,Test Acc: 0.8510,Test F1: 0.7674,Test auc: 0.8226
2024-05-09 13:19:57.808 | INFO     | __main__:<module>:100 - Epoch: 22, Loss: 0.7933, Train Acc: 0.7928,  Test_Loss: 0.6648,Test Acc: 0.8454,Test F1: 0.7462,Test auc: 0.8045
2024-05-09 13:19:57.861 | INFO     | __main__:<module>:100 - Epoch: 23, Loss: 0.7029, Train Acc: 0.8101,  Test_Loss: 0.6245,Test Acc: 0.8417,Test F1: 0.7335,Test auc: 0.7947
2024-05-09 13:19:57.912 | INFO     | __main__:<module>:100 - Epoch: 24, Loss: 0.7014, Train Acc: 0.7993,  Test_Loss: 0.5914,Test Acc: 0.8361,Test F1: 0.7179,Test auc: 0.7835
2024-05-09 13:19:57.955 | INFO     | __main__:<module>:100 - Epoch: 25, Loss: 0.5971, Train Acc: 0.8124,  Test_Loss: 0.5593,Test Acc: 0.8361,Test F1: 0.7143,Test auc: 0.7807
2024-05-09 13:19:58.002 | INFO     | __main__:<module>:100 - Epoch: 26, Loss: 0.5993, Train Acc: 0.8124,  Test_Loss: 0.5284,Test Acc: 0.8324,Test F1: 0.7020,Test auc: 0.7723
2024-05-09 13:19:58.053 | INFO     | __main__:<module>:100 - Epoch: 27, Loss: 0.5641, Train Acc: 0.8101,  Test_Loss: 0.4914,Test Acc: 0.8547,Test F1: 0.7547,Test auc: 0.8087
2024-05-09 13:19:58.102 | INFO     | __main__:<module>:100 - Epoch: 28, Loss: 0.5172, Train Acc: 0.8338,  Test_Loss: 0.4517,Test Acc: 0.8957,Test F1: 0.8372,Test auc: 0.8729
2024-05-09 13:19:58.142 | INFO     | __main__:<module>:100 - Epoch: 29, Loss: 0.5246, Train Acc: 0.8412,  Test_Loss: 0.4187,Test Acc: 0.9106,Test F1: 0.8667,Test auc: 0.9008
2024-05-09 13:19:58.184 | INFO     | __main__:<module>:100 - Epoch: 30, Loss: 0.5061, Train Acc: 0.8403,  Test_Loss: 0.3902,Test Acc: 0.9181,Test F1: 0.8817,Test auc: 0.9176
2024-05-09 13:19:58.231 | INFO     | __main__:<module>:100 - Epoch: 31, Loss: 0.4628, Train Acc: 0.8561,  Test_Loss: 0.3614,Test Acc: 0.9255,Test F1: 0.8936,Test auc: 0.9288
2024-05-09 13:19:58.303 | INFO     | __main__:<module>:100 - Epoch: 32, Loss: 0.4355, Train Acc: 0.8715,  Test_Loss: 0.3347,Test Acc: 0.9423,Test F1: 0.9186,Test auc: 0.9511
2024-05-09 13:19:58.360 | INFO     | __main__:<module>:100 - Epoch: 33, Loss: 0.4265, Train Acc: 0.8771,  Test_Loss: 0.3117,Test Acc: 0.9516,Test F1: 0.9323,Test auc: 0.9637
2024-05-09 13:19:58.401 | INFO     | __main__:<module>:100 - Epoch: 34, Loss: 0.3976, Train Acc: 0.8976,  Test_Loss: 0.2955,Test Acc: 0.9553,Test F1: 0.9365,Test auc: 0.9637
2024-05-09 13:19:58.451 | INFO     | __main__:<module>:100 - Epoch: 35, Loss: 0.4122, Train Acc: 0.8804,  Test_Loss: 0.2842,Test Acc: 0.9609,Test F1: 0.9437,Test auc: 0.9665
2024-05-09 13:19:58.502 | INFO     | __main__:<module>:100 - Epoch: 36, Loss: 0.3864, Train Acc: 0.8808,  Test_Loss: 0.2747,Test Acc: 0.9534,Test F1: 0.9340,Test auc: 0.9623
2024-05-09 13:19:58.543 | INFO     | __main__:<module>:100 - Epoch: 37, Loss: 0.4264, Train Acc: 0.8734,  Test_Loss: 0.2677,Test Acc: 0.9497,Test F1: 0.9299,Test auc: 0.9623
2024-05-09 13:19:58.583 | INFO     | __main__:<module>:100 - Epoch: 38, Loss: 0.3606, Train Acc: 0.8901,  Test_Loss: 0.2650,Test Acc: 0.9441,Test F1: 0.9223,Test auc: 0.9567
2024-05-09 13:19:58.639 | INFO     | __main__:<module>:100 - Epoch: 39, Loss: 0.3623, Train Acc: 0.8887,  Test_Loss: 0.2627,Test Acc: 0.9404,Test F1: 0.9175,Test auc: 0.9539
2024-05-09 13:19:58.692 | INFO     | __main__:<module>:100 - Epoch: 40, Loss: 0.3516, Train Acc: 0.8901,  Test_Loss: 0.2568,Test Acc: 0.9404,Test F1: 0.9175,Test auc: 0.9539
2024-05-09 13:19:58.741 | INFO     | __main__:<module>:100 - Epoch: 41, Loss: 0.3333, Train Acc: 0.9074,  Test_Loss: 0.2485,Test Acc: 0.9460,Test F1: 0.9247,Test auc: 0.9581
2024-05-09 13:19:58.795 | INFO     | __main__:<module>:100 - Epoch: 42, Loss: 0.3474, Train Acc: 0.9036,  Test_Loss: 0.2403,Test Acc: 0.9479,Test F1: 0.9255,Test auc: 0.9539
2024-05-09 13:19:58.843 | INFO     | __main__:<module>:100 - Epoch: 43, Loss: 0.3214, Train Acc: 0.9101,  Test_Loss: 0.2395,Test Acc: 0.9404,Test F1: 0.9106,Test auc: 0.9330
2024-05-09 13:19:58.886 | INFO     | __main__:<module>:100 - Epoch: 44, Loss: 0.3239, Train Acc: 0.8985,  Test_Loss: 0.2477,Test Acc: 0.9423,Test F1: 0.9117,Test auc: 0.9302
2024-05-09 13:19:58.927 | INFO     | __main__:<module>:100 - Epoch: 45, Loss: 0.3161, Train Acc: 0.9018,  Test_Loss: 0.2468,Test Acc: 0.9385,Test F1: 0.9065,Test auc: 0.9274
2024-05-09 13:19:58.971 | INFO     | __main__:<module>:100 - Epoch: 46, Loss: 0.3112, Train Acc: 0.9074,  Test_Loss: 0.2454,Test Acc: 0.9385,Test F1: 0.9065,Test auc: 0.9274
2024-05-09 13:19:59.012 | INFO     | __main__:<module>:100 - Epoch: 47, Loss: 0.3064, Train Acc: 0.9153,  Test_Loss: 0.2470,Test Acc: 0.9385,Test F1: 0.9065,Test auc: 0.9274
2024-05-09 13:19:59.046 | INFO     | __main__:<module>:100 - Epoch: 48, Loss: 0.3266, Train Acc: 0.9004,  Test_Loss: 0.2461,Test Acc: 0.9385,Test F1: 0.9065,Test auc: 0.9274
2024-05-09 13:19:59.081 | INFO     | __main__:<module>:100 - Epoch: 49, Loss: 0.3249, Train Acc: 0.9022,  Test_Loss: 0.2457,Test Acc: 0.9385,Test F1: 0.9065,Test auc: 0.9274
2024-05-09 13:19:59.132 | INFO     | __main__:<module>:100 - Epoch: 50, Loss: 0.3066, Train Acc: 0.9115,  Test_Loss: 0.2459,Test Acc: 0.9385,Test F1: 0.9065,Test auc: 0.9274
2024-05-09 13:19:59.167 | INFO     | __main__:<module>:100 - Epoch: 51, Loss: 0.3188, Train Acc: 0.9027,  Test_Loss: 0.2456,Test Acc: 0.9385,Test F1: 0.9065,Test auc: 0.9274
2024-05-09 13:19:59.206 | INFO     | __main__:<module>:100 - Epoch: 52, Loss: 0.3289, Train Acc: 0.9055,  Test_Loss: 0.2454,Test Acc: 0.9385,Test F1: 0.9065,Test auc: 0.9274
2024-05-09 13:19:59.250 | INFO     | __main__:<module>:100 - Epoch: 53, Loss: 0.3130, Train Acc: 0.9018,  Test_Loss: 0.2450,Test Acc: 0.9385,Test F1: 0.9065,Test auc: 0.9274
2024-05-09 13:19:59.287 | INFO     | __main__:<module>:100 - Epoch: 54, Loss: 0.3195, Train Acc: 0.8994,  Test_Loss: 0.2454,Test Acc: 0.9385,Test F1: 0.9065,Test auc: 0.9274
2024-05-09 13:19:59.332 | INFO     | __main__:<module>:100 - Epoch: 55, Loss: 0.3247, Train Acc: 0.9008,  Test_Loss: 0.2440,Test Acc: 0.9385,Test F1: 0.9065,Test auc: 0.9274
2024-05-09 13:19:59.368 | INFO     | __main__:<module>:100 - Epoch: 56, Loss: 0.3289, Train Acc: 0.8971,  Test_Loss: 0.2433,Test Acc: 0.9385,Test F1: 0.9065,Test auc: 0.9274
2024-05-09 13:19:59.409 | INFO     | __main__:<module>:100 - Epoch: 57, Loss: 0.3371, Train Acc: 0.8864,  Test_Loss: 0.2432,Test Acc: 0.9385,Test F1: 0.9065,Test auc: 0.9274
2024-05-09 13:19:59.443 | INFO     | __main__:<module>:100 - Epoch: 58, Loss: 0.3234, Train Acc: 0.9088,  Test_Loss: 0.2445,Test Acc: 0.9385,Test F1: 0.9065,Test auc: 0.9274
2024-05-09 13:19:59.476 | INFO     | __main__:<module>:100 - Epoch: 59, Loss: 0.3276, Train Acc: 0.8980,  Test_Loss: 0.2438,Test Acc: 0.9385,Test F1: 0.9065,Test auc: 0.9274
2024-05-09 13:19:59.517 | INFO     | __main__:<module>:100 - Epoch: 60, Loss: 0.3229, Train Acc: 0.9050,  Test_Loss: 0.2446,Test Acc: 0.9404,Test F1: 0.9091,Test auc: 0.9288
2024-05-09 13:19:59.557 | INFO     | __main__:<module>:100 - Epoch: 61, Loss: 0.3305, Train Acc: 0.9041,  Test_Loss: 0.2445,Test Acc: 0.9404,Test F1: 0.9091,Test auc: 0.9288
2024-05-09 13:19:59.600 | INFO     | __main__:<module>:100 - Epoch: 62, Loss: 0.3274, Train Acc: 0.9022,  Test_Loss: 0.2429,Test Acc: 0.9385,Test F1: 0.9065,Test auc: 0.9274
2024-05-09 13:19:59.633 | INFO     | __main__:<module>:100 - Epoch: 63, Loss: 0.3212, Train Acc: 0.9004,  Test_Loss: 0.2426,Test Acc: 0.9385,Test F1: 0.9065,Test auc: 0.9274
2024-05-09 13:19:59.668 | INFO     | __main__:<module>:100 - Epoch: 64, Loss: 0.3427, Train Acc: 0.8897,  Test_Loss: 0.2421,Test Acc: 0.9367,Test F1: 0.9040,Test auc: 0.9260
2024-05-09 13:19:59.711 | INFO     | __main__:<module>:100 - Epoch: 65, Loss: 0.3263, Train Acc: 0.9055,  Test_Loss: 0.2416,Test Acc: 0.9367,Test F1: 0.9040,Test auc: 0.9260
2024-05-09 13:19:59.756 | INFO     | __main__:<module>:100 - Epoch: 66, Loss: 0.3168, Train Acc: 0.9064,  Test_Loss: 0.2417,Test Acc: 0.9367,Test F1: 0.9040,Test auc: 0.9260
2024-05-09 13:19:59.802 | INFO     | __main__:<module>:100 - Epoch: 67, Loss: 0.3270, Train Acc: 0.9032,  Test_Loss: 0.2425,Test Acc: 0.9385,Test F1: 0.9065,Test auc: 0.9274
2024-05-09 13:19:59.839 | INFO     | __main__:<module>:100 - Epoch: 68, Loss: 0.3082, Train Acc: 0.9050,  Test_Loss: 0.2437,Test Acc: 0.9385,Test F1: 0.9065,Test auc: 0.9274
2024-05-09 13:19:59.875 | INFO     | __main__:<module>:100 - Epoch: 69, Loss: 0.3017, Train Acc: 0.9055,  Test_Loss: 0.2440,Test Acc: 0.9385,Test F1: 0.9065,Test auc: 0.9274
2024-05-09 13:19:59.910 | INFO     | __main__:<module>:100 - Epoch: 70, Loss: 0.3254, Train Acc: 0.8980,  Test_Loss: 0.2445,Test Acc: 0.9385,Test F1: 0.9065,Test auc: 0.9274
2024-05-09 13:19:59.951 | INFO     | __main__:<module>:100 - Epoch: 71, Loss: 0.3190, Train Acc: 0.9060,  Test_Loss: 0.2448,Test Acc: 0.9385,Test F1: 0.9065,Test auc: 0.9274
2024-05-09 13:19:59.984 | INFO     | __main__:<module>:100 - Epoch: 72, Loss: 0.3249, Train Acc: 0.9018,  Test_Loss: 0.2447,Test Acc: 0.9385,Test F1: 0.9065,Test auc: 0.9274
2024-05-09 13:20:00.021 | INFO     | __main__:<module>:100 - Epoch: 73, Loss: 0.3045, Train Acc: 0.9092,  Test_Loss: 0.2449,Test Acc: 0.9385,Test F1: 0.9065,Test auc: 0.9274
2024-05-09 13:20:00.022 | INFO     | __main__:<module>:118 - 2.324047803878784
2024-05-09 13:20:02.892 | INFO     | __main__:<module>:79 - Namespace(dataset='ca-astroph', model='GCN', learning_rate=0.01, epochs=9999, hidden_units=16, dropout=0.4, weight_decay=0.01, weight_decay1=0.01, weight_decay2=0.0005, early_stopping=30, residual=True, seed=824, type='Binary', DEVICE='cuda', theta=0.5, layers=64, alpha=0.1, feature_type='x_65', CGCN=0)
2024-05-09 13:20:02.893 | INFO     | __main__:<module>:80 - Data(edge_index=[2, 393944], num_nodes=17903, x=[17903, 7], train_mask=[17903], test_mask=[17903], label=[17903])
2024-05-09 13:20:02.939 | INFO     | __main__:<module>:100 - Epoch: 00, Loss: 6.2606, Train Acc: 0.6322,  Test_Loss: 1.8532,Test Acc: 0.5531,Test F1: 0.5472,Test auc: 0.6173
2024-05-09 13:20:02.978 | INFO     | __main__:<module>:100 - Epoch: 01, Loss: 3.4682, Train Acc: 0.5624,  Test_Loss: 1.2472,Test Acc: 0.5922,Test F1: 0.6138,Test auc: 0.6872
2024-05-09 13:20:03.011 | INFO     | __main__:<module>:100 - Epoch: 02, Loss: 2.2974, Train Acc: 0.6024,  Test_Loss: 1.1802,Test Acc: 0.7002,Test F1: 0.6898,Test auc: 0.7751
2024-05-09 13:20:03.043 | INFO     | __main__:<module>:100 - Epoch: 03, Loss: 1.4502, Train Acc: 0.6825,  Test_Loss: 1.0142,Test Acc: 0.8045,Test F1: 0.7712,Test auc: 0.8506
2024-05-09 13:20:03.075 | INFO     | __main__:<module>:100 - Epoch: 04, Loss: 1.4175, Train Acc: 0.7356,  Test_Loss: 0.8942,Test Acc: 0.8454,Test F1: 0.7940,Test auc: 0.8575
2024-05-09 13:20:03.111 | INFO     | __main__:<module>:100 - Epoch: 05, Loss: 1.1453, Train Acc: 0.7872,  Test_Loss: 0.7921,Test Acc: 0.8603,Test F1: 0.8062,Test auc: 0.8631
2024-05-09 13:20:03.152 | INFO     | __main__:<module>:100 - Epoch: 06, Loss: 1.0679, Train Acc: 0.8063,  Test_Loss: 0.6840,Test Acc: 0.8771,Test F1: 0.8281,Test auc: 0.8799
2024-05-09 13:20:03.205 | INFO     | __main__:<module>:100 - Epoch: 07, Loss: 0.8737, Train Acc: 0.8189,  Test_Loss: 0.6115,Test Acc: 0.9013,Test F1: 0.8602,Test auc: 0.9036
2024-05-09 13:20:03.247 | INFO     | __main__:<module>:100 - Epoch: 08, Loss: 0.7796, Train Acc: 0.8347,  Test_Loss: 0.5520,Test Acc: 0.9218,Test F1: 0.8923,Test auc: 0.9344
2024-05-09 13:20:03.282 | INFO     | __main__:<module>:100 - Epoch: 09, Loss: 0.6397, Train Acc: 0.8655,  Test_Loss: 0.5057,Test Acc: 0.9348,Test F1: 0.9109,Test auc: 0.9511
2024-05-09 13:20:03.327 | INFO     | __main__:<module>:100 - Epoch: 10, Loss: 0.6584, Train Acc: 0.8748,  Test_Loss: 0.4630,Test Acc: 0.9348,Test F1: 0.9109,Test auc: 0.9511
2024-05-09 13:20:03.373 | INFO     | __main__:<module>:100 - Epoch: 11, Loss: 0.6182, Train Acc: 0.8627,  Test_Loss: 0.4153,Test Acc: 0.9385,Test F1: 0.9156,Test auc: 0.9539
2024-05-09 13:20:03.414 | INFO     | __main__:<module>:100 - Epoch: 12, Loss: 0.5488, Train Acc: 0.8669,  Test_Loss: 0.3633,Test Acc: 0.9460,Test F1: 0.9243,Test auc: 0.9567
2024-05-09 13:20:03.451 | INFO     | __main__:<module>:100 - Epoch: 13, Loss: 0.4812, Train Acc: 0.8855,  Test_Loss: 0.3305,Test Acc: 0.9553,Test F1: 0.9365,Test auc: 0.9637
2024-05-09 13:20:03.476 | INFO     | __main__:<module>:100 - Epoch: 14, Loss: 0.4597, Train Acc: 0.8752,  Test_Loss: 0.3470,Test Acc: 0.9236,Test F1: 0.8839,Test auc: 0.9106
2024-05-09 13:20:03.504 | INFO     | __main__:<module>:100 - Epoch: 15, Loss: 0.4315, Train Acc: 0.8864,  Test_Loss: 0.3445,Test Acc: 0.9236,Test F1: 0.8839,Test auc: 0.9106
2024-05-09 13:20:03.544 | INFO     | __main__:<module>:100 - Epoch: 16, Loss: 0.4635, Train Acc: 0.8906,  Test_Loss: 0.3412,Test Acc: 0.9236,Test F1: 0.8839,Test auc: 0.9106
2024-05-09 13:20:03.574 | INFO     | __main__:<module>:100 - Epoch: 17, Loss: 0.4521, Train Acc: 0.8855,  Test_Loss: 0.3424,Test Acc: 0.9236,Test F1: 0.8839,Test auc: 0.9106
2024-05-09 13:20:03.611 | INFO     | __main__:<module>:100 - Epoch: 18, Loss: 0.4516, Train Acc: 0.8706,  Test_Loss: 0.3427,Test Acc: 0.9236,Test F1: 0.8839,Test auc: 0.9106
2024-05-09 13:20:03.654 | INFO     | __main__:<module>:100 - Epoch: 19, Loss: 0.4374, Train Acc: 0.8869,  Test_Loss: 0.3429,Test Acc: 0.9236,Test F1: 0.8839,Test auc: 0.9106
2024-05-09 13:20:03.693 | INFO     | __main__:<module>:100 - Epoch: 20, Loss: 0.4594, Train Acc: 0.8804,  Test_Loss: 0.3429,Test Acc: 0.9255,Test F1: 0.8857,Test auc: 0.9106
2024-05-09 13:20:03.719 | INFO     | __main__:<module>:100 - Epoch: 21, Loss: 0.4571, Train Acc: 0.8878,  Test_Loss: 0.3426,Test Acc: 0.9255,Test F1: 0.8857,Test auc: 0.9106
2024-05-09 13:20:03.760 | INFO     | __main__:<module>:100 - Epoch: 22, Loss: 0.4556, Train Acc: 0.8771,  Test_Loss: 0.3420,Test Acc: 0.9255,Test F1: 0.8857,Test auc: 0.9106
2024-05-09 13:20:03.793 | INFO     | __main__:<module>:100 - Epoch: 23, Loss: 0.4501, Train Acc: 0.8785,  Test_Loss: 0.3413,Test Acc: 0.9255,Test F1: 0.8851,Test auc: 0.9092
2024-05-09 13:20:03.825 | INFO     | __main__:<module>:100 - Epoch: 24, Loss: 0.4831, Train Acc: 0.8729,  Test_Loss: 0.3406,Test Acc: 0.9274,Test F1: 0.8889,Test auc: 0.9134
2024-05-09 13:20:03.856 | INFO     | __main__:<module>:100 - Epoch: 25, Loss: 0.4799, Train Acc: 0.8948,  Test_Loss: 0.3411,Test Acc: 0.9292,Test F1: 0.8914,Test auc: 0.9148
2024-05-09 13:20:03.890 | INFO     | __main__:<module>:100 - Epoch: 26, Loss: 0.4779, Train Acc: 0.8808,  Test_Loss: 0.3400,Test Acc: 0.9292,Test F1: 0.8914,Test auc: 0.9148
2024-05-09 13:20:03.921 | INFO     | __main__:<module>:100 - Epoch: 27, Loss: 0.4342, Train Acc: 0.8887,  Test_Loss: 0.3397,Test Acc: 0.9255,Test F1: 0.8857,Test auc: 0.9106
2024-05-09 13:20:03.973 | INFO     | __main__:<module>:100 - Epoch: 28, Loss: 0.4816, Train Acc: 0.8827,  Test_Loss: 0.3381,Test Acc: 0.9255,Test F1: 0.8857,Test auc: 0.9106
2024-05-09 13:20:04.016 | INFO     | __main__:<module>:100 - Epoch: 29, Loss: 0.4616, Train Acc: 0.8869,  Test_Loss: 0.3370,Test Acc: 0.9274,Test F1: 0.8883,Test auc: 0.9120
2024-05-09 13:20:04.054 | INFO     | __main__:<module>:100 - Epoch: 30, Loss: 0.4799, Train Acc: 0.8790,  Test_Loss: 0.3378,Test Acc: 0.9274,Test F1: 0.8883,Test auc: 0.9120
2024-05-09 13:20:04.090 | INFO     | __main__:<module>:100 - Epoch: 31, Loss: 0.4874, Train Acc: 0.8790,  Test_Loss: 0.3365,Test Acc: 0.9274,Test F1: 0.8883,Test auc: 0.9120
2024-05-09 13:20:04.124 | INFO     | __main__:<module>:100 - Epoch: 32, Loss: 0.5360, Train Acc: 0.8790,  Test_Loss: 0.3364,Test Acc: 0.9274,Test F1: 0.8883,Test auc: 0.9120
2024-05-09 13:20:04.157 | INFO     | __main__:<module>:100 - Epoch: 33, Loss: 0.4572, Train Acc: 0.8748,  Test_Loss: 0.3357,Test Acc: 0.9274,Test F1: 0.8876,Test auc: 0.9106
2024-05-09 13:20:04.197 | INFO     | __main__:<module>:100 - Epoch: 34, Loss: 0.4658, Train Acc: 0.8841,  Test_Loss: 0.3378,Test Acc: 0.9255,Test F1: 0.8844,Test auc: 0.9078
2024-05-09 13:20:04.245 | INFO     | __main__:<module>:100 - Epoch: 35, Loss: 0.4612, Train Acc: 0.8897,  Test_Loss: 0.3394,Test Acc: 0.9255,Test F1: 0.8837,Test auc: 0.9064
2024-05-09 13:20:04.288 | INFO     | __main__:<module>:100 - Epoch: 36, Loss: 0.4979, Train Acc: 0.8743,  Test_Loss: 0.3406,Test Acc: 0.9255,Test F1: 0.8837,Test auc: 0.9064
2024-05-09 13:20:04.325 | INFO     | __main__:<module>:100 - Epoch: 37, Loss: 0.4616, Train Acc: 0.8934,  Test_Loss: 0.3367,Test Acc: 0.9274,Test F1: 0.8876,Test auc: 0.9106
2024-05-09 13:20:04.375 | INFO     | __main__:<module>:100 - Epoch: 38, Loss: 0.4234, Train Acc: 0.8855,  Test_Loss: 0.3366,Test Acc: 0.9274,Test F1: 0.8876,Test auc: 0.9106
2024-05-09 13:20:04.419 | INFO     | __main__:<module>:100 - Epoch: 39, Loss: 0.5056, Train Acc: 0.8771,  Test_Loss: 0.3374,Test Acc: 0.9292,Test F1: 0.8902,Test auc: 0.9120
2024-05-09 13:20:04.456 | INFO     | __main__:<module>:100 - Epoch: 40, Loss: 0.4398, Train Acc: 0.8911,  Test_Loss: 0.3380,Test Acc: 0.9292,Test F1: 0.8908,Test auc: 0.9134
2024-05-09 13:20:04.490 | INFO     | __main__:<module>:100 - Epoch: 41, Loss: 0.4660, Train Acc: 0.8836,  Test_Loss: 0.3361,Test Acc: 0.9292,Test F1: 0.8908,Test auc: 0.9134
2024-05-09 13:20:04.525 | INFO     | __main__:<module>:100 - Epoch: 42, Loss: 0.4951, Train Acc: 0.8687,  Test_Loss: 0.3358,Test Acc: 0.9255,Test F1: 0.8837,Test auc: 0.9064
2024-05-09 13:20:04.569 | INFO     | __main__:<module>:100 - Epoch: 43, Loss: 0.4308, Train Acc: 0.8911,  Test_Loss: 0.3354,Test Acc: 0.9274,Test F1: 0.8870,Test auc: 0.9092
2024-05-09 13:20:04.570 | INFO     | __main__:<module>:118 - 1.344449758529663
2024-05-09 13:20:09.185 | INFO     | __main__:<module>:79 - Namespace(dataset='ca-astroph', model='GCN', learning_rate=0.01, epochs=9999, hidden_units=16, dropout=0.4, weight_decay=0.01, weight_decay1=0.01, weight_decay2=0.0005, early_stopping=30, residual=True, seed=824, type='Binary', DEVICE='cuda', theta=0.5, layers=64, alpha=0.1, feature_type='x_65', CGCN=0)
2024-05-09 13:20:09.186 | INFO     | __main__:<module>:80 - Data(edge_index=[2, 393944], num_nodes=17903, x=[17903, 8], train_mask=[17903], test_mask=[17903], label=[17903])
2024-05-09 13:20:09.228 | INFO     | __main__:<module>:100 - Epoch: 00, Loss: 7.6295, Train Acc: 0.6899,  Test_Loss: 2.6345,Test Acc: 0.6890,Test F1: 0.3602,Test auc: 0.5824
2024-05-09 13:20:09.272 | INFO     | __main__:<module>:100 - Epoch: 01, Loss: 2.4523, Train Acc: 0.6671,  Test_Loss: 1.7265,Test Acc: 0.6536,Test F1: 0.6076,Test auc: 0.6913
2024-05-09 13:20:09.311 | INFO     | __main__:<module>:100 - Epoch: 02, Loss: 1.1558, Train Acc: 0.6322,  Test_Loss: 1.4498,Test Acc: 0.6462,Test F1: 0.6025,Test auc: 0.6858
2024-05-09 13:20:09.353 | INFO     | __main__:<module>:100 - Epoch: 03, Loss: 0.9669, Train Acc: 0.6369,  Test_Loss: 1.1702,Test Acc: 0.6872,Test F1: 0.6332,Test auc: 0.7179
2024-05-09 13:20:09.400 | INFO     | __main__:<module>:100 - Epoch: 04, Loss: 0.9285, Train Acc: 0.6760,  Test_Loss: 0.9246,Test Acc: 0.7318,Test F1: 0.6697,Test auc: 0.7528
2024-05-09 13:20:09.462 | INFO     | __main__:<module>:100 - Epoch: 05, Loss: 0.8550, Train Acc: 0.7165,  Test_Loss: 0.7083,Test Acc: 0.7970,Test F1: 0.7309,Test auc: 0.8045
2024-05-09 13:20:09.523 | INFO     | __main__:<module>:100 - Epoch: 06, Loss: 0.7992, Train Acc: 0.7453,  Test_Loss: 0.5420,Test Acc: 0.8492,Test F1: 0.7874,Test auc: 0.8464
2024-05-09 13:20:09.570 | INFO     | __main__:<module>:100 - Epoch: 07, Loss: 0.7158, Train Acc: 0.7691,  Test_Loss: 0.4348,Test Acc: 0.9143,Test F1: 0.8832,Test auc: 0.9288
2024-05-09 13:20:09.630 | INFO     | __main__:<module>:100 - Epoch: 08, Loss: 0.6319, Train Acc: 0.7989,  Test_Loss: 0.3606,Test Acc: 0.9404,Test F1: 0.9162,Test auc: 0.9497
2024-05-09 13:20:09.680 | INFO     | __main__:<module>:100 - Epoch: 09, Loss: 0.5494, Train Acc: 0.8212,  Test_Loss: 0.3119,Test Acc: 0.9479,Test F1: 0.9239,Test auc: 0.9483
2024-05-09 13:20:09.727 | INFO     | __main__:<module>:100 - Epoch: 10, Loss: 0.5127, Train Acc: 0.8259,  Test_Loss: 0.2848,Test Acc: 0.9423,Test F1: 0.9146,Test auc: 0.9385
2024-05-09 13:20:09.784 | INFO     | __main__:<module>:100 - Epoch: 11, Loss: 0.4711, Train Acc: 0.8520,  Test_Loss: 0.2714,Test Acc: 0.9516,Test F1: 0.9286,Test auc: 0.9497
2024-05-09 13:20:09.834 | INFO     | __main__:<module>:100 - Epoch: 12, Loss: 0.4968, Train Acc: 0.8366,  Test_Loss: 0.2662,Test Acc: 0.9534,Test F1: 0.9315,Test auc: 0.9525
2024-05-09 13:20:09.874 | INFO     | __main__:<module>:100 - Epoch: 13, Loss: 0.4339, Train Acc: 0.8534,  Test_Loss: 0.2711,Test Acc: 0.9553,Test F1: 0.9348,Test auc: 0.9567
2024-05-09 13:20:09.915 | INFO     | __main__:<module>:100 - Epoch: 14, Loss: 0.4456, Train Acc: 0.8557,  Test_Loss: 0.2699,Test Acc: 0.9553,Test F1: 0.9348,Test auc: 0.9567
2024-05-09 13:20:09.952 | INFO     | __main__:<module>:100 - Epoch: 15, Loss: 0.4482, Train Acc: 0.8552,  Test_Loss: 0.2680,Test Acc: 0.9553,Test F1: 0.9348,Test auc: 0.9567
2024-05-09 13:20:09.981 | INFO     | __main__:<module>:100 - Epoch: 16, Loss: 0.4567, Train Acc: 0.8454,  Test_Loss: 0.2683,Test Acc: 0.9553,Test F1: 0.9348,Test auc: 0.9567
2024-05-09 13:20:10.018 | INFO     | __main__:<module>:100 - Epoch: 17, Loss: 0.4411, Train Acc: 0.8641,  Test_Loss: 0.2664,Test Acc: 0.9553,Test F1: 0.9348,Test auc: 0.9567
2024-05-09 13:20:10.051 | INFO     | __main__:<module>:100 - Epoch: 18, Loss: 0.4602, Train Acc: 0.8478,  Test_Loss: 0.2682,Test Acc: 0.9553,Test F1: 0.9348,Test auc: 0.9567
2024-05-09 13:20:10.089 | INFO     | __main__:<module>:100 - Epoch: 19, Loss: 0.4525, Train Acc: 0.8506,  Test_Loss: 0.2670,Test Acc: 0.9553,Test F1: 0.9348,Test auc: 0.9567
2024-05-09 13:20:10.134 | INFO     | __main__:<module>:100 - Epoch: 20, Loss: 0.4472, Train Acc: 0.8538,  Test_Loss: 0.2678,Test Acc: 0.9553,Test F1: 0.9348,Test auc: 0.9567
2024-05-09 13:20:10.169 | INFO     | __main__:<module>:100 - Epoch: 21, Loss: 0.4345, Train Acc: 0.8622,  Test_Loss: 0.2679,Test Acc: 0.9553,Test F1: 0.9348,Test auc: 0.9567
2024-05-09 13:20:10.211 | INFO     | __main__:<module>:100 - Epoch: 22, Loss: 0.4627, Train Acc: 0.8492,  Test_Loss: 0.2688,Test Acc: 0.9553,Test F1: 0.9348,Test auc: 0.9567
2024-05-09 13:20:10.256 | INFO     | __main__:<module>:100 - Epoch: 23, Loss: 0.4416, Train Acc: 0.8543,  Test_Loss: 0.2684,Test Acc: 0.9553,Test F1: 0.9348,Test auc: 0.9567
2024-05-09 13:20:10.300 | INFO     | __main__:<module>:100 - Epoch: 24, Loss: 0.4887, Train Acc: 0.8417,  Test_Loss: 0.2694,Test Acc: 0.9534,Test F1: 0.9319,Test auc: 0.9539
2024-05-09 13:20:10.347 | INFO     | __main__:<module>:100 - Epoch: 25, Loss: 0.4736, Train Acc: 0.8487,  Test_Loss: 0.2696,Test Acc: 0.9534,Test F1: 0.9319,Test auc: 0.9539
2024-05-09 13:20:10.379 | INFO     | __main__:<module>:100 - Epoch: 26, Loss: 0.4475, Train Acc: 0.8510,  Test_Loss: 0.2708,Test Acc: 0.9534,Test F1: 0.9319,Test auc: 0.9539
2024-05-09 13:20:10.406 | INFO     | __main__:<module>:100 - Epoch: 27, Loss: 0.4547, Train Acc: 0.8524,  Test_Loss: 0.2712,Test Acc: 0.9534,Test F1: 0.9319,Test auc: 0.9539
2024-05-09 13:20:10.443 | INFO     | __main__:<module>:100 - Epoch: 28, Loss: 0.4847, Train Acc: 0.8459,  Test_Loss: 0.2712,Test Acc: 0.9534,Test F1: 0.9319,Test auc: 0.9539
2024-05-09 13:20:10.481 | INFO     | __main__:<module>:100 - Epoch: 29, Loss: 0.4494, Train Acc: 0.8538,  Test_Loss: 0.2704,Test Acc: 0.9534,Test F1: 0.9319,Test auc: 0.9539
2024-05-09 13:20:10.525 | INFO     | __main__:<module>:100 - Epoch: 30, Loss: 0.4332, Train Acc: 0.8622,  Test_Loss: 0.2697,Test Acc: 0.9553,Test F1: 0.9348,Test auc: 0.9567
2024-05-09 13:20:10.571 | INFO     | __main__:<module>:100 - Epoch: 31, Loss: 0.4227, Train Acc: 0.8645,  Test_Loss: 0.2698,Test Acc: 0.9553,Test F1: 0.9348,Test auc: 0.9567
2024-05-09 13:20:10.613 | INFO     | __main__:<module>:100 - Epoch: 32, Loss: 0.4578, Train Acc: 0.8557,  Test_Loss: 0.2713,Test Acc: 0.9534,Test F1: 0.9315,Test auc: 0.9525
2024-05-09 13:20:10.639 | INFO     | __main__:<module>:100 - Epoch: 33, Loss: 0.4583, Train Acc: 0.8482,  Test_Loss: 0.2714,Test Acc: 0.9516,Test F1: 0.9290,Test auc: 0.9511
2024-05-09 13:20:10.673 | INFO     | __main__:<module>:100 - Epoch: 34, Loss: 0.4529, Train Acc: 0.8538,  Test_Loss: 0.2693,Test Acc: 0.9534,Test F1: 0.9319,Test auc: 0.9539
2024-05-09 13:20:10.719 | INFO     | __main__:<module>:100 - Epoch: 35, Loss: 0.4484, Train Acc: 0.8492,  Test_Loss: 0.2698,Test Acc: 0.9534,Test F1: 0.9319,Test auc: 0.9539
2024-05-09 13:20:10.756 | INFO     | __main__:<module>:100 - Epoch: 36, Loss: 0.4656, Train Acc: 0.8445,  Test_Loss: 0.2708,Test Acc: 0.9534,Test F1: 0.9319,Test auc: 0.9539
2024-05-09 13:20:10.806 | INFO     | __main__:<module>:100 - Epoch: 37, Loss: 0.4470, Train Acc: 0.8515,  Test_Loss: 0.2696,Test Acc: 0.9534,Test F1: 0.9319,Test auc: 0.9539
2024-05-09 13:20:10.845 | INFO     | __main__:<module>:100 - Epoch: 38, Loss: 0.4392, Train Acc: 0.8515,  Test_Loss: 0.2690,Test Acc: 0.9534,Test F1: 0.9319,Test auc: 0.9539
2024-05-09 13:20:10.882 | INFO     | __main__:<module>:100 - Epoch: 39, Loss: 0.4607, Train Acc: 0.8538,  Test_Loss: 0.2718,Test Acc: 0.9534,Test F1: 0.9319,Test auc: 0.9539
2024-05-09 13:20:10.924 | INFO     | __main__:<module>:100 - Epoch: 40, Loss: 0.4716, Train Acc: 0.8431,  Test_Loss: 0.2719,Test Acc: 0.9516,Test F1: 0.9290,Test auc: 0.9511
2024-05-09 13:20:10.956 | INFO     | __main__:<module>:100 - Epoch: 41, Loss: 0.4345, Train Acc: 0.8599,  Test_Loss: 0.2711,Test Acc: 0.9534,Test F1: 0.9319,Test auc: 0.9539
2024-05-09 13:20:10.995 | INFO     | __main__:<module>:100 - Epoch: 42, Loss: 0.4925, Train Acc: 0.8366,  Test_Loss: 0.2726,Test Acc: 0.9516,Test F1: 0.9286,Test auc: 0.9497
2024-05-09 13:20:10.996 | INFO     | __main__:<module>:118 - 1.4020495414733887
2024-05-09 13:20:14.897 | INFO     | __main__:<module>:79 - Namespace(dataset='ca-astroph', model='GCN', learning_rate=0.01, epochs=9999, hidden_units=16, dropout=0.4, weight_decay=0.01, weight_decay1=0.01, weight_decay2=0.0005, early_stopping=30, residual=True, seed=824, type='Binary', DEVICE='cuda', theta=0.5, layers=64, alpha=0.1, feature_type='x_65', CGCN=0)
2024-05-09 13:20:14.899 | INFO     | __main__:<module>:80 - Data(edge_index=[2, 393944], num_nodes=17903, x=[17903, 9], train_mask=[17903], test_mask=[17903], label=[17903])
2024-05-09 13:20:14.940 | INFO     | __main__:<module>:100 - Epoch: 00, Loss: 1.8987, Train Acc: 0.4223,  Test_Loss: 1.1814,Test Acc: 0.3650,Test F1: 0.5122,Test auc: 0.5237
2024-05-09 13:20:14.984 | INFO     | __main__:<module>:100 - Epoch: 01, Loss: 1.4260, Train Acc: 0.4232,  Test_Loss: 1.0321,Test Acc: 0.5493,Test F1: 0.5967,Test auc: 0.6620
2024-05-09 13:20:15.022 | INFO     | __main__:<module>:100 - Epoch: 02, Loss: 1.1407, Train Acc: 0.5149,  Test_Loss: 0.8082,Test Acc: 0.7020,Test F1: 0.6911,Test auc: 0.7765
2024-05-09 13:20:15.061 | INFO     | __main__:<module>:100 - Epoch: 03, Loss: 0.8243, Train Acc: 0.6322,  Test_Loss: 0.6410,Test Acc: 0.8212,Test F1: 0.7885,Test auc: 0.8659
2024-05-09 13:20:15.106 | INFO     | __main__:<module>:100 - Epoch: 04, Loss: 0.7077, Train Acc: 0.7291,  Test_Loss: 0.5422,Test Acc: 0.8994,Test F1: 0.8622,Test auc: 0.9106
2024-05-09 13:20:15.157 | INFO     | __main__:<module>:100 - Epoch: 05, Loss: 0.5846, Train Acc: 0.7947,  Test_Loss: 0.4840,Test Acc: 0.9292,Test F1: 0.8978,Test auc: 0.9302
2024-05-09 13:20:15.207 | INFO     | __main__:<module>:100 - Epoch: 06, Loss: 0.5615, Train Acc: 0.8440,  Test_Loss: 0.4434,Test Acc: 0.9348,Test F1: 0.9030,Test auc: 0.9288
2024-05-09 13:20:15.261 | INFO     | __main__:<module>:100 - Epoch: 07, Loss: 0.4971, Train Acc: 0.8571,  Test_Loss: 0.4150,Test Acc: 0.9404,Test F1: 0.9111,Test auc: 0.9344
2024-05-09 13:20:15.304 | INFO     | __main__:<module>:100 - Epoch: 08, Loss: 0.4416, Train Acc: 0.8762,  Test_Loss: 0.3893,Test Acc: 0.9162,Test F1: 0.8718,Test auc: 0.9008
2024-05-09 13:20:15.353 | INFO     | __main__:<module>:100 - Epoch: 09, Loss: 0.4415, Train Acc: 0.8738,  Test_Loss: 0.3649,Test Acc: 0.9218,Test F1: 0.8833,Test auc: 0.9134
2024-05-09 13:20:15.405 | INFO     | __main__:<module>:100 - Epoch: 10, Loss: 0.4298, Train Acc: 0.8794,  Test_Loss: 0.3438,Test Acc: 0.9255,Test F1: 0.8895,Test auc: 0.9190
2024-05-09 13:20:15.452 | INFO     | __main__:<module>:100 - Epoch: 11, Loss: 0.4026, Train Acc: 0.8906,  Test_Loss: 0.3210,Test Acc: 0.9255,Test F1: 0.8919,Test auc: 0.9246
2024-05-09 13:20:15.496 | INFO     | __main__:<module>:100 - Epoch: 12, Loss: 0.4035, Train Acc: 0.8850,  Test_Loss: 0.2976,Test Acc: 0.9311,Test F1: 0.9003,Test auc: 0.9316
2024-05-09 13:20:15.546 | INFO     | __main__:<module>:100 - Epoch: 13, Loss: 0.3900, Train Acc: 0.8878,  Test_Loss: 0.2731,Test Acc: 0.9553,Test F1: 0.9368,Test auc: 0.9651
2024-05-09 13:20:15.591 | INFO     | __main__:<module>:100 - Epoch: 14, Loss: 0.3681, Train Acc: 0.8934,  Test_Loss: 0.2511,Test Acc: 0.9628,Test F1: 0.9468,Test auc: 0.9707
2024-05-09 13:20:15.630 | INFO     | __main__:<module>:100 - Epoch: 15, Loss: 0.3495, Train Acc: 0.8929,  Test_Loss: 0.2335,Test Acc: 0.9683,Test F1: 0.9544,Test auc: 0.9749
2024-05-09 13:20:15.675 | INFO     | __main__:<module>:100 - Epoch: 16, Loss: 0.3321, Train Acc: 0.9069,  Test_Loss: 0.2181,Test Acc: 0.9739,Test F1: 0.9622,Test auc: 0.9791
2024-05-09 13:20:15.716 | INFO     | __main__:<module>:100 - Epoch: 17, Loss: 0.3082, Train Acc: 0.9125,  Test_Loss: 0.2030,Test Acc: 0.9739,Test F1: 0.9624,Test auc: 0.9804
2024-05-09 13:20:15.775 | INFO     | __main__:<module>:100 - Epoch: 18, Loss: 0.3208, Train Acc: 0.8980,  Test_Loss: 0.1909,Test Acc: 0.9721,Test F1: 0.9598,Test auc: 0.9791
2024-05-09 13:20:15.825 | INFO     | __main__:<module>:100 - Epoch: 19, Loss: 0.2939, Train Acc: 0.9167,  Test_Loss: 0.1819,Test Acc: 0.9683,Test F1: 0.9547,Test auc: 0.9763
2024-05-09 13:20:15.874 | INFO     | __main__:<module>:100 - Epoch: 20, Loss: 0.2760, Train Acc: 0.9171,  Test_Loss: 0.1752,Test Acc: 0.9683,Test F1: 0.9547,Test auc: 0.9763
2024-05-09 13:20:15.924 | INFO     | __main__:<module>:100 - Epoch: 21, Loss: 0.2812, Train Acc: 0.9171,  Test_Loss: 0.1697,Test Acc: 0.9702,Test F1: 0.9572,Test auc: 0.9777
2024-05-09 13:20:15.973 | INFO     | __main__:<module>:100 - Epoch: 22, Loss: 0.2899, Train Acc: 0.9106,  Test_Loss: 0.1660,Test Acc: 0.9702,Test F1: 0.9570,Test auc: 0.9763
2024-05-09 13:20:16.011 | INFO     | __main__:<module>:100 - Epoch: 23, Loss: 0.2611, Train Acc: 0.9223,  Test_Loss: 0.1642,Test Acc: 0.9516,Test F1: 0.9282,Test auc: 0.9483
2024-05-09 13:20:16.058 | INFO     | __main__:<module>:100 - Epoch: 24, Loss: 0.2577, Train Acc: 0.9181,  Test_Loss: 0.1637,Test Acc: 0.9460,Test F1: 0.9192,Test auc: 0.9399
2024-05-09 13:20:16.091 | INFO     | __main__:<module>:100 - Epoch: 25, Loss: 0.2466, Train Acc: 0.9199,  Test_Loss: 0.1645,Test Acc: 0.9460,Test F1: 0.9192,Test auc: 0.9399
2024-05-09 13:20:16.122 | INFO     | __main__:<module>:100 - Epoch: 26, Loss: 0.2428, Train Acc: 0.9260,  Test_Loss: 0.1650,Test Acc: 0.9460,Test F1: 0.9192,Test auc: 0.9399
2024-05-09 13:20:16.156 | INFO     | __main__:<module>:100 - Epoch: 27, Loss: 0.2397, Train Acc: 0.9302,  Test_Loss: 0.1654,Test Acc: 0.9441,Test F1: 0.9167,Test auc: 0.9385
2024-05-09 13:20:16.189 | INFO     | __main__:<module>:100 - Epoch: 28, Loss: 0.2470, Train Acc: 0.9227,  Test_Loss: 0.1660,Test Acc: 0.9441,Test F1: 0.9167,Test auc: 0.9385
2024-05-09 13:20:16.223 | INFO     | __main__:<module>:100 - Epoch: 29, Loss: 0.2500, Train Acc: 0.9288,  Test_Loss: 0.1676,Test Acc: 0.9479,Test F1: 0.9218,Test auc: 0.9413
2024-05-09 13:20:16.256 | INFO     | __main__:<module>:100 - Epoch: 30, Loss: 0.2273, Train Acc: 0.9264,  Test_Loss: 0.1670,Test Acc: 0.9404,Test F1: 0.9116,Test auc: 0.9358
2024-05-09 13:20:16.295 | INFO     | __main__:<module>:100 - Epoch: 31, Loss: 0.2430, Train Acc: 0.9199,  Test_Loss: 0.1678,Test Acc: 0.9404,Test F1: 0.9116,Test auc: 0.9358
2024-05-09 13:20:16.337 | INFO     | __main__:<module>:100 - Epoch: 32, Loss: 0.2416, Train Acc: 0.9227,  Test_Loss: 0.1678,Test Acc: 0.9404,Test F1: 0.9116,Test auc: 0.9358
2024-05-09 13:20:16.369 | INFO     | __main__:<module>:100 - Epoch: 33, Loss: 0.2480, Train Acc: 0.9232,  Test_Loss: 0.1676,Test Acc: 0.9404,Test F1: 0.9116,Test auc: 0.9358
2024-05-09 13:20:16.404 | INFO     | __main__:<module>:100 - Epoch: 34, Loss: 0.2522, Train Acc: 0.9190,  Test_Loss: 0.1686,Test Acc: 0.9404,Test F1: 0.9116,Test auc: 0.9358
2024-05-09 13:20:16.443 | INFO     | __main__:<module>:100 - Epoch: 35, Loss: 0.2469, Train Acc: 0.9213,  Test_Loss: 0.1687,Test Acc: 0.9385,Test F1: 0.9091,Test auc: 0.9344
2024-05-09 13:20:16.475 | INFO     | __main__:<module>:100 - Epoch: 36, Loss: 0.2392, Train Acc: 0.9292,  Test_Loss: 0.1680,Test Acc: 0.9404,Test F1: 0.9116,Test auc: 0.9358
2024-05-09 13:20:16.509 | INFO     | __main__:<module>:100 - Epoch: 37, Loss: 0.2509, Train Acc: 0.9264,  Test_Loss: 0.1676,Test Acc: 0.9423,Test F1: 0.9141,Test auc: 0.9372
2024-05-09 13:20:16.544 | INFO     | __main__:<module>:100 - Epoch: 38, Loss: 0.2544, Train Acc: 0.9255,  Test_Loss: 0.1673,Test Acc: 0.9404,Test F1: 0.9116,Test auc: 0.9358
2024-05-09 13:20:16.584 | INFO     | __main__:<module>:100 - Epoch: 39, Loss: 0.2398, Train Acc: 0.9209,  Test_Loss: 0.1678,Test Acc: 0.9404,Test F1: 0.9116,Test auc: 0.9358
2024-05-09 13:20:16.615 | INFO     | __main__:<module>:100 - Epoch: 40, Loss: 0.2454, Train Acc: 0.9260,  Test_Loss: 0.1669,Test Acc: 0.9404,Test F1: 0.9116,Test auc: 0.9358
2024-05-09 13:20:16.650 | INFO     | __main__:<module>:100 - Epoch: 41, Loss: 0.2524, Train Acc: 0.9209,  Test_Loss: 0.1671,Test Acc: 0.9385,Test F1: 0.9091,Test auc: 0.9344
2024-05-09 13:20:16.683 | INFO     | __main__:<module>:100 - Epoch: 42, Loss: 0.2570, Train Acc: 0.9181,  Test_Loss: 0.1682,Test Acc: 0.9423,Test F1: 0.9141,Test auc: 0.9372
2024-05-09 13:20:16.722 | INFO     | __main__:<module>:100 - Epoch: 43, Loss: 0.2436, Train Acc: 0.9260,  Test_Loss: 0.1683,Test Acc: 0.9423,Test F1: 0.9141,Test auc: 0.9372
2024-05-09 13:20:16.759 | INFO     | __main__:<module>:100 - Epoch: 44, Loss: 0.2618, Train Acc: 0.9167,  Test_Loss: 0.1681,Test Acc: 0.9385,Test F1: 0.9091,Test auc: 0.9344
2024-05-09 13:20:16.793 | INFO     | __main__:<module>:100 - Epoch: 45, Loss: 0.2385, Train Acc: 0.9260,  Test_Loss: 0.1683,Test Acc: 0.9385,Test F1: 0.9091,Test auc: 0.9344
2024-05-09 13:20:16.830 | INFO     | __main__:<module>:100 - Epoch: 46, Loss: 0.2408, Train Acc: 0.9278,  Test_Loss: 0.1681,Test Acc: 0.9385,Test F1: 0.9091,Test auc: 0.9344
2024-05-09 13:20:16.876 | INFO     | __main__:<module>:100 - Epoch: 47, Loss: 0.2460, Train Acc: 0.9171,  Test_Loss: 0.1694,Test Acc: 0.9367,Test F1: 0.9066,Test auc: 0.9330
2024-05-09 13:20:16.910 | INFO     | __main__:<module>:100 - Epoch: 48, Loss: 0.2586, Train Acc: 0.9153,  Test_Loss: 0.1686,Test Acc: 0.9367,Test F1: 0.9066,Test auc: 0.9330
2024-05-09 13:20:16.951 | INFO     | __main__:<module>:100 - Epoch: 49, Loss: 0.2418, Train Acc: 0.9213,  Test_Loss: 0.1700,Test Acc: 0.9367,Test F1: 0.9066,Test auc: 0.9330
2024-05-09 13:20:16.992 | INFO     | __main__:<module>:100 - Epoch: 50, Loss: 0.2482, Train Acc: 0.9218,  Test_Loss: 0.1704,Test Acc: 0.9404,Test F1: 0.9126,Test auc: 0.9385
2024-05-09 13:20:17.027 | INFO     | __main__:<module>:100 - Epoch: 51, Loss: 0.2496, Train Acc: 0.9213,  Test_Loss: 0.1701,Test Acc: 0.9404,Test F1: 0.9126,Test auc: 0.9385
2024-05-09 13:20:17.071 | INFO     | __main__:<module>:100 - Epoch: 52, Loss: 0.2478, Train Acc: 0.9213,  Test_Loss: 0.1701,Test Acc: 0.9423,Test F1: 0.9155,Test auc: 0.9413
2024-05-09 13:20:17.102 | INFO     | __main__:<module>:100 - Epoch: 53, Loss: 0.2500, Train Acc: 0.9171,  Test_Loss: 0.1715,Test Acc: 0.9441,Test F1: 0.9185,Test auc: 0.9441
2024-05-09 13:20:17.138 | INFO     | __main__:<module>:100 - Epoch: 54, Loss: 0.2427, Train Acc: 0.9278,  Test_Loss: 0.1690,Test Acc: 0.9404,Test F1: 0.9126,Test auc: 0.9385
2024-05-09 13:20:17.140 | INFO     | __main__:<module>:118 - 1.6848981380462646
2024-05-09 13:20:21.178 | INFO     | __main__:<module>:79 - Namespace(dataset='ca-astroph', model='GCN', learning_rate=0.01, epochs=9999, hidden_units=16, dropout=0.4, weight_decay=0.01, weight_decay1=0.01, weight_decay2=0.0005, early_stopping=30, residual=True, seed=824, type='Binary', DEVICE='cuda', theta=0.5, layers=64, alpha=0.1, feature_type='x_65', CGCN=0)
2024-05-09 13:20:21.179 | INFO     | __main__:<module>:80 - Data(edge_index=[2, 393944], num_nodes=17903, x=[17903, 10], train_mask=[17903], test_mask=[17903], label=[17903])
2024-05-09 13:20:21.223 | INFO     | __main__:<module>:100 - Epoch: 00, Loss: 2.7799, Train Acc: 0.5098,  Test_Loss: 1.2816,Test Acc: 0.7374,Test F1: 0.7163,Test auc: 0.8017
2024-05-09 13:20:21.268 | INFO     | __main__:<module>:100 - Epoch: 01, Loss: 1.5993, Train Acc: 0.7067,  Test_Loss: 0.8626,Test Acc: 0.8752,Test F1: 0.8409,Test auc: 0.9036
2024-05-09 13:20:21.320 | INFO     | __main__:<module>:100 - Epoch: 02, Loss: 1.1935, Train Acc: 0.7817,  Test_Loss: 0.6938,Test Acc: 0.9050,Test F1: 0.8675,Test auc: 0.9120
2024-05-09 13:20:21.369 | INFO     | __main__:<module>:100 - Epoch: 03, Loss: 0.9248, Train Acc: 0.8105,  Test_Loss: 0.6897,Test Acc: 0.8622,Test F1: 0.7824,Test auc: 0.8324
2024-05-09 13:20:21.396 | INFO     | __main__:<module>:100 - Epoch: 04, Loss: 0.7641, Train Acc: 0.8189,  Test_Loss: 0.6095,Test Acc: 0.8827,Test F1: 0.8215,Test auc: 0.8645
2024-05-09 13:20:21.443 | INFO     | __main__:<module>:100 - Epoch: 05, Loss: 0.6479, Train Acc: 0.8510,  Test_Loss: 0.5267,Test Acc: 0.9218,Test F1: 0.8912,Test auc: 0.9316
2024-05-09 13:20:21.493 | INFO     | __main__:<module>:100 - Epoch: 06, Loss: 0.5490, Train Acc: 0.8780,  Test_Loss: 0.4665,Test Acc: 0.9255,Test F1: 0.8980,Test auc: 0.9399
2024-05-09 13:20:21.534 | INFO     | __main__:<module>:100 - Epoch: 07, Loss: 0.5210, Train Acc: 0.8836,  Test_Loss: 0.4107,Test Acc: 0.9292,Test F1: 0.9031,Test auc: 0.9441
2024-05-09 13:20:21.584 | INFO     | __main__:<module>:100 - Epoch: 08, Loss: 0.4574, Train Acc: 0.8911,  Test_Loss: 0.3675,Test Acc: 0.9348,Test F1: 0.9086,Test auc: 0.9441
2024-05-09 13:20:21.643 | INFO     | __main__:<module>:100 - Epoch: 09, Loss: 0.4219, Train Acc: 0.8929,  Test_Loss: 0.3503,Test Acc: 0.9311,Test F1: 0.9013,Test auc: 0.9344
2024-05-09 13:20:21.695 | INFO     | __main__:<module>:100 - Epoch: 10, Loss: 0.3973, Train Acc: 0.9074,  Test_Loss: 0.3403,Test Acc: 0.9088,Test F1: 0.8596,Test auc: 0.8911
2024-05-09 13:20:21.745 | INFO     | __main__:<module>:100 - Epoch: 11, Loss: 0.3815, Train Acc: 0.9013,  Test_Loss: 0.3290,Test Acc: 0.9125,Test F1: 0.8630,Test auc: 0.8911
2024-05-09 13:20:21.798 | INFO     | __main__:<module>:100 - Epoch: 12, Loss: 0.3734, Train Acc: 0.8934,  Test_Loss: 0.3072,Test Acc: 0.9199,Test F1: 0.8754,Test auc: 0.9008
2024-05-09 13:20:21.834 | INFO     | __main__:<module>:100 - Epoch: 13, Loss: 0.3478, Train Acc: 0.9041,  Test_Loss: 0.2882,Test Acc: 0.9274,Test F1: 0.8889,Test auc: 0.9134
2024-05-09 13:20:21.888 | INFO     | __main__:<module>:100 - Epoch: 14, Loss: 0.3745, Train Acc: 0.8855,  Test_Loss: 0.2674,Test Acc: 0.9348,Test F1: 0.9014,Test auc: 0.9246
2024-05-09 13:20:21.956 | INFO     | __main__:<module>:100 - Epoch: 15, Loss: 0.3352, Train Acc: 0.9088,  Test_Loss: 0.2529,Test Acc: 0.9423,Test F1: 0.9151,Test auc: 0.9399
2024-05-09 13:20:22.010 | INFO     | __main__:<module>:100 - Epoch: 16, Loss: 0.3312, Train Acc: 0.9074,  Test_Loss: 0.2489,Test Acc: 0.9441,Test F1: 0.9206,Test auc: 0.9511
2024-05-09 13:20:22.047 | INFO     | __main__:<module>:100 - Epoch: 17, Loss: 0.3278, Train Acc: 0.9083,  Test_Loss: 0.2500,Test Acc: 0.9460,Test F1: 0.9235,Test auc: 0.9539
2024-05-09 13:20:22.084 | INFO     | __main__:<module>:100 - Epoch: 18, Loss: 0.3516, Train Acc: 0.8948,  Test_Loss: 0.2464,Test Acc: 0.9460,Test F1: 0.9235,Test auc: 0.9539
2024-05-09 13:20:22.132 | INFO     | __main__:<module>:100 - Epoch: 19, Loss: 0.3072, Train Acc: 0.9227,  Test_Loss: 0.2407,Test Acc: 0.9441,Test F1: 0.9206,Test auc: 0.9511
2024-05-09 13:20:22.181 | INFO     | __main__:<module>:100 - Epoch: 20, Loss: 0.3189, Train Acc: 0.9120,  Test_Loss: 0.2325,Test Acc: 0.9423,Test F1: 0.9178,Test auc: 0.9483
2024-05-09 13:20:22.235 | INFO     | __main__:<module>:100 - Epoch: 21, Loss: 0.3050, Train Acc: 0.9097,  Test_Loss: 0.2261,Test Acc: 0.9348,Test F1: 0.9051,Test auc: 0.9344
2024-05-09 13:20:22.277 | INFO     | __main__:<module>:100 - Epoch: 22, Loss: 0.2991, Train Acc: 0.9162,  Test_Loss: 0.2270,Test Acc: 0.9311,Test F1: 0.8969,Test auc: 0.9232
2024-05-09 13:20:22.317 | INFO     | __main__:<module>:100 - Epoch: 23, Loss: 0.2874, Train Acc: 0.9129,  Test_Loss: 0.2273,Test Acc: 0.9311,Test F1: 0.8969,Test auc: 0.9232
2024-05-09 13:20:22.355 | INFO     | __main__:<module>:100 - Epoch: 24, Loss: 0.2862, Train Acc: 0.9190,  Test_Loss: 0.2280,Test Acc: 0.9311,Test F1: 0.8969,Test auc: 0.9232
2024-05-09 13:20:22.400 | INFO     | __main__:<module>:100 - Epoch: 25, Loss: 0.2854, Train Acc: 0.9167,  Test_Loss: 0.2271,Test Acc: 0.9311,Test F1: 0.8969,Test auc: 0.9232
2024-05-09 13:20:22.442 | INFO     | __main__:<module>:100 - Epoch: 26, Loss: 0.2822, Train Acc: 0.9181,  Test_Loss: 0.2280,Test Acc: 0.9330,Test F1: 0.8994,Test auc: 0.9246
2024-05-09 13:20:22.477 | INFO     | __main__:<module>:100 - Epoch: 27, Loss: 0.2920, Train Acc: 0.9143,  Test_Loss: 0.2278,Test Acc: 0.9348,Test F1: 0.9020,Test auc: 0.9260
2024-05-09 13:20:22.513 | INFO     | __main__:<module>:100 - Epoch: 28, Loss: 0.2822, Train Acc: 0.9246,  Test_Loss: 0.2285,Test Acc: 0.9385,Test F1: 0.9070,Test auc: 0.9288
2024-05-09 13:20:22.560 | INFO     | __main__:<module>:100 - Epoch: 29, Loss: 0.2911, Train Acc: 0.9190,  Test_Loss: 0.2299,Test Acc: 0.9367,Test F1: 0.9040,Test auc: 0.9260
2024-05-09 13:20:22.592 | INFO     | __main__:<module>:100 - Epoch: 30, Loss: 0.2877, Train Acc: 0.9153,  Test_Loss: 0.2308,Test Acc: 0.9367,Test F1: 0.9040,Test auc: 0.9260
2024-05-09 13:20:22.624 | INFO     | __main__:<module>:100 - Epoch: 31, Loss: 0.2870, Train Acc: 0.9171,  Test_Loss: 0.2328,Test Acc: 0.9348,Test F1: 0.9008,Test auc: 0.9232
2024-05-09 13:20:22.659 | INFO     | __main__:<module>:100 - Epoch: 32, Loss: 0.2922, Train Acc: 0.9129,  Test_Loss: 0.2324,Test Acc: 0.9348,Test F1: 0.9008,Test auc: 0.9232
2024-05-09 13:20:22.693 | INFO     | __main__:<module>:100 - Epoch: 33, Loss: 0.2951, Train Acc: 0.9171,  Test_Loss: 0.2322,Test Acc: 0.9348,Test F1: 0.9008,Test auc: 0.9232
2024-05-09 13:20:22.736 | INFO     | __main__:<module>:100 - Epoch: 34, Loss: 0.2915, Train Acc: 0.9097,  Test_Loss: 0.2336,Test Acc: 0.9348,Test F1: 0.9008,Test auc: 0.9232
2024-05-09 13:20:22.778 | INFO     | __main__:<module>:100 - Epoch: 35, Loss: 0.2794, Train Acc: 0.9232,  Test_Loss: 0.2334,Test Acc: 0.9348,Test F1: 0.9008,Test auc: 0.9232
2024-05-09 13:20:22.815 | INFO     | __main__:<module>:100 - Epoch: 36, Loss: 0.2863, Train Acc: 0.9185,  Test_Loss: 0.2347,Test Acc: 0.9311,Test F1: 0.8946,Test auc: 0.9176
2024-05-09 13:20:22.846 | INFO     | __main__:<module>:100 - Epoch: 37, Loss: 0.3013, Train Acc: 0.9185,  Test_Loss: 0.2365,Test Acc: 0.9274,Test F1: 0.8883,Test auc: 0.9120
2024-05-09 13:20:22.878 | INFO     | __main__:<module>:100 - Epoch: 38, Loss: 0.2867, Train Acc: 0.9157,  Test_Loss: 0.2367,Test Acc: 0.9274,Test F1: 0.8883,Test auc: 0.9120
2024-05-09 13:20:22.911 | INFO     | __main__:<module>:100 - Epoch: 39, Loss: 0.2929, Train Acc: 0.9134,  Test_Loss: 0.2368,Test Acc: 0.9255,Test F1: 0.8851,Test auc: 0.9092
2024-05-09 13:20:22.954 | INFO     | __main__:<module>:100 - Epoch: 40, Loss: 0.2884, Train Acc: 0.9157,  Test_Loss: 0.2382,Test Acc: 0.9255,Test F1: 0.8851,Test auc: 0.9092
2024-05-09 13:20:23.008 | INFO     | __main__:<module>:100 - Epoch: 41, Loss: 0.2922, Train Acc: 0.9134,  Test_Loss: 0.2373,Test Acc: 0.9255,Test F1: 0.8851,Test auc: 0.9092
2024-05-09 13:20:23.043 | INFO     | __main__:<module>:100 - Epoch: 42, Loss: 0.2955, Train Acc: 0.9157,  Test_Loss: 0.2392,Test Acc: 0.9236,Test F1: 0.8818,Test auc: 0.9064
2024-05-09 13:20:23.076 | INFO     | __main__:<module>:100 - Epoch: 43, Loss: 0.2825, Train Acc: 0.9213,  Test_Loss: 0.2419,Test Acc: 0.9218,Test F1: 0.8772,Test auc: 0.9008
2024-05-09 13:20:23.108 | INFO     | __main__:<module>:100 - Epoch: 44, Loss: 0.2857, Train Acc: 0.9209,  Test_Loss: 0.2425,Test Acc: 0.9236,Test F1: 0.8798,Test auc: 0.9022
2024-05-09 13:20:23.147 | INFO     | __main__:<module>:100 - Epoch: 45, Loss: 0.3104, Train Acc: 0.9120,  Test_Loss: 0.2424,Test Acc: 0.9236,Test F1: 0.8798,Test auc: 0.9022
2024-05-09 13:20:23.186 | INFO     | __main__:<module>:100 - Epoch: 46, Loss: 0.2882, Train Acc: 0.9134,  Test_Loss: 0.2414,Test Acc: 0.9236,Test F1: 0.8798,Test auc: 0.9022
2024-05-09 13:20:23.221 | INFO     | __main__:<module>:100 - Epoch: 47, Loss: 0.2981, Train Acc: 0.9139,  Test_Loss: 0.2407,Test Acc: 0.9255,Test F1: 0.8830,Test auc: 0.9050
2024-05-09 13:20:23.259 | INFO     | __main__:<module>:100 - Epoch: 48, Loss: 0.2872, Train Acc: 0.9171,  Test_Loss: 0.2399,Test Acc: 0.9255,Test F1: 0.8837,Test auc: 0.9064
2024-05-09 13:20:23.288 | INFO     | __main__:<module>:100 - Epoch: 49, Loss: 0.2974, Train Acc: 0.9148,  Test_Loss: 0.2366,Test Acc: 0.9292,Test F1: 0.8908,Test auc: 0.9134
2024-05-09 13:20:23.318 | INFO     | __main__:<module>:100 - Epoch: 50, Loss: 0.2952, Train Acc: 0.9111,  Test_Loss: 0.2364,Test Acc: 0.9292,Test F1: 0.8908,Test auc: 0.9134
2024-05-09 13:20:23.360 | INFO     | __main__:<module>:100 - Epoch: 51, Loss: 0.3025, Train Acc: 0.9078,  Test_Loss: 0.2379,Test Acc: 0.9292,Test F1: 0.8902,Test auc: 0.9120
2024-05-09 13:20:23.361 | INFO     | __main__:<module>:118 - 1.6444556713104248
