2024-05-09 13:10:16.001 | INFO     | __main__:<module>:79 - Namespace(dataset='ca-astroph', model='GCN', learning_rate=0.01, epochs=9999, hidden_units=16, dropout=0.4, weight_decay=0.01, weight_decay1=0.01, weight_decay2=0.0005, early_stopping=30, residual=True, seed=824, type='Binary', DEVICE='cuda', theta=0.5, layers=64, alpha=0.1, feature_type='x_55', CGCN=0)
2024-05-09 13:10:16.002 | INFO     | __main__:<module>:80 - Data(edge_index=[2, 393944], num_nodes=17903, x=[17903, 7], train_mask=[17903], test_mask=[17903], label=[17903])
2024-05-09 13:10:16.035 | INFO     | __main__:<module>:100 - Epoch: 00, Loss: 9.6133, Train Acc: 0.6657,  Test_Loss: 1.9601,Test Acc: 0.6406,Test F1: 0.5624,Test auc: 0.6536
2024-05-09 13:10:16.073 | INFO     | __main__:<module>:100 - Epoch: 01, Loss: 3.8991, Train Acc: 0.5908,  Test_Loss: 1.6927,Test Acc: 0.5568,Test F1: 0.6007,Test auc: 0.6676
2024-05-09 13:10:16.106 | INFO     | __main__:<module>:100 - Epoch: 02, Loss: 2.7622, Train Acc: 0.5633,  Test_Loss: 2.1548,Test Acc: 0.5438,Test F1: 0.5937,Test auc: 0.6578
2024-05-09 13:10:16.140 | INFO     | __main__:<module>:100 - Epoch: 03, Loss: 2.7679, Train Acc: 0.5526,  Test_Loss: 1.9820,Test Acc: 0.5568,Test F1: 0.6007,Test auc: 0.6676
2024-05-09 13:10:16.170 | INFO     | __main__:<module>:100 - Epoch: 04, Loss: 2.5339, Train Acc: 0.5540,  Test_Loss: 1.8808,Test Acc: 0.5791,Test F1: 0.6130,Test auc: 0.6844
2024-05-09 13:10:16.203 | INFO     | __main__:<module>:100 - Epoch: 05, Loss: 2.8194, Train Acc: 0.5661,  Test_Loss: 1.7807,Test Acc: 0.5922,Test F1: 0.6205,Test auc: 0.6941
2024-05-09 13:10:16.237 | INFO     | __main__:<module>:100 - Epoch: 06, Loss: 2.6026, Train Acc: 0.5801,  Test_Loss: 1.7003,Test Acc: 0.5996,Test F1: 0.6248,Test auc: 0.6997
2024-05-09 13:10:16.280 | INFO     | __main__:<module>:100 - Epoch: 07, Loss: 2.7393, Train Acc: 0.5540,  Test_Loss: 1.6567,Test Acc: 0.6145,Test F1: 0.6336,Test auc: 0.7109
2024-05-09 13:10:16.317 | INFO     | __main__:<module>:100 - Epoch: 08, Loss: 2.0651, Train Acc: 0.6108,  Test_Loss: 1.5266,Test Acc: 0.6853,Test F1: 0.6793,Test auc: 0.7640
2024-05-09 13:10:16.349 | INFO     | __main__:<module>:100 - Epoch: 09, Loss: 1.7884, Train Acc: 0.6643,  Test_Loss: 1.3447,Test Acc: 0.7374,Test F1: 0.7174,Test auc: 0.8031
2024-05-09 13:10:16.381 | INFO     | __main__:<module>:100 - Epoch: 10, Loss: 1.6300, Train Acc: 0.7034,  Test_Loss: 1.1498,Test Acc: 0.7840,Test F1: 0.7553,Test auc: 0.8380
2024-05-09 13:10:16.410 | INFO     | __main__:<module>:100 - Epoch: 11, Loss: 1.2567, Train Acc: 0.7393,  Test_Loss: 0.9816,Test Acc: 0.8305,Test F1: 0.7973,Test auc: 0.8729
2024-05-09 13:10:16.452 | INFO     | __main__:<module>:100 - Epoch: 12, Loss: 1.1122, Train Acc: 0.7630,  Test_Loss: 0.8543,Test Acc: 0.8845,Test F1: 0.8510,Test auc: 0.9106
2024-05-09 13:10:16.491 | INFO     | __main__:<module>:100 - Epoch: 13, Loss: 1.0305, Train Acc: 0.7863,  Test_Loss: 0.7668,Test Acc: 0.8883,Test F1: 0.8469,Test auc: 0.8980
2024-05-09 13:10:16.522 | INFO     | __main__:<module>:100 - Epoch: 14, Loss: 0.9618, Train Acc: 0.8012,  Test_Loss: 0.6977,Test Acc: 0.8920,Test F1: 0.8424,Test auc: 0.8855
2024-05-09 13:10:16.559 | INFO     | __main__:<module>:100 - Epoch: 15, Loss: 0.9411, Train Acc: 0.7961,  Test_Loss: 0.6253,Test Acc: 0.8994,Test F1: 0.8541,Test auc: 0.8953
2024-05-09 13:10:16.592 | INFO     | __main__:<module>:100 - Epoch: 16, Loss: 0.7996, Train Acc: 0.8115,  Test_Loss: 0.5453,Test Acc: 0.9236,Test F1: 0.8924,Test auc: 0.9302
2024-05-09 13:10:16.634 | INFO     | __main__:<module>:100 - Epoch: 17, Loss: 0.6374, Train Acc: 0.8529,  Test_Loss: 0.4855,Test Acc: 0.9274,Test F1: 0.8982,Test auc: 0.9358
2024-05-09 13:10:16.674 | INFO     | __main__:<module>:100 - Epoch: 18, Loss: 0.5681, Train Acc: 0.8687,  Test_Loss: 0.4328,Test Acc: 0.9330,Test F1: 0.9067,Test auc: 0.9441
2024-05-09 13:10:16.715 | INFO     | __main__:<module>:100 - Epoch: 19, Loss: 0.5011, Train Acc: 0.8780,  Test_Loss: 0.3804,Test Acc: 0.9330,Test F1: 0.9058,Test auc: 0.9413
2024-05-09 13:10:16.746 | INFO     | __main__:<module>:100 - Epoch: 20, Loss: 0.4711, Train Acc: 0.8799,  Test_Loss: 0.3306,Test Acc: 0.9367,Test F1: 0.9105,Test auc: 0.9441
2024-05-09 13:10:16.777 | INFO     | __main__:<module>:100 - Epoch: 21, Loss: 0.4338, Train Acc: 0.8818,  Test_Loss: 0.2947,Test Acc: 0.9385,Test F1: 0.9129,Test auc: 0.9455
2024-05-09 13:10:16.808 | INFO     | __main__:<module>:100 - Epoch: 22, Loss: 0.4106, Train Acc: 0.8855,  Test_Loss: 0.2754,Test Acc: 0.9460,Test F1: 0.9205,Test auc: 0.9441
2024-05-09 13:10:16.842 | INFO     | __main__:<module>:100 - Epoch: 23, Loss: 0.3998, Train Acc: 0.8892,  Test_Loss: 0.2691,Test Acc: 0.9516,Test F1: 0.9278,Test auc: 0.9469
2024-05-09 13:10:16.880 | INFO     | __main__:<module>:100 - Epoch: 24, Loss: 0.3866, Train Acc: 0.8818,  Test_Loss: 0.2665,Test Acc: 0.9534,Test F1: 0.9296,Test auc: 0.9455
2024-05-09 13:10:16.917 | INFO     | __main__:<module>:100 - Epoch: 25, Loss: 0.4043, Train Acc: 0.8818,  Test_Loss: 0.2620,Test Acc: 0.9534,Test F1: 0.9288,Test auc: 0.9427
2024-05-09 13:10:16.949 | INFO     | __main__:<module>:100 - Epoch: 26, Loss: 0.3903, Train Acc: 0.8724,  Test_Loss: 0.2523,Test Acc: 0.9609,Test F1: 0.9402,Test auc: 0.9511
2024-05-09 13:10:16.979 | INFO     | __main__:<module>:100 - Epoch: 27, Loss: 0.4150, Train Acc: 0.8808,  Test_Loss: 0.2383,Test Acc: 0.9590,Test F1: 0.9379,Test auc: 0.9511
2024-05-09 13:10:17.010 | INFO     | __main__:<module>:100 - Epoch: 28, Loss: 0.3620, Train Acc: 0.8892,  Test_Loss: 0.2239,Test Acc: 0.9628,Test F1: 0.9448,Test auc: 0.9609
2024-05-09 13:10:17.047 | INFO     | __main__:<module>:100 - Epoch: 29, Loss: 0.3491, Train Acc: 0.8901,  Test_Loss: 0.2109,Test Acc: 0.9609,Test F1: 0.9425,Test auc: 0.9609
2024-05-09 13:10:17.085 | INFO     | __main__:<module>:100 - Epoch: 30, Loss: 0.3394, Train Acc: 0.8892,  Test_Loss: 0.2040,Test Acc: 0.9553,Test F1: 0.9348,Test auc: 0.9567
2024-05-09 13:10:17.123 | INFO     | __main__:<module>:100 - Epoch: 31, Loss: 0.3226, Train Acc: 0.9004,  Test_Loss: 0.2020,Test Acc: 0.9534,Test F1: 0.9330,Test auc: 0.9581
2024-05-09 13:10:17.157 | INFO     | __main__:<module>:100 - Epoch: 32, Loss: 0.3172, Train Acc: 0.9074,  Test_Loss: 0.2026,Test Acc: 0.9534,Test F1: 0.9330,Test auc: 0.9581
2024-05-09 13:10:17.193 | INFO     | __main__:<module>:100 - Epoch: 33, Loss: 0.3272, Train Acc: 0.9008,  Test_Loss: 0.2017,Test Acc: 0.9534,Test F1: 0.9330,Test auc: 0.9581
2024-05-09 13:10:17.227 | INFO     | __main__:<module>:100 - Epoch: 34, Loss: 0.3292, Train Acc: 0.9036,  Test_Loss: 0.2007,Test Acc: 0.9534,Test F1: 0.9330,Test auc: 0.9581
2024-05-09 13:10:17.261 | INFO     | __main__:<module>:100 - Epoch: 35, Loss: 0.3139, Train Acc: 0.9027,  Test_Loss: 0.1989,Test Acc: 0.9516,Test F1: 0.9305,Test auc: 0.9567
2024-05-09 13:10:17.309 | INFO     | __main__:<module>:100 - Epoch: 36, Loss: 0.3176, Train Acc: 0.8990,  Test_Loss: 0.1957,Test Acc: 0.9534,Test F1: 0.9330,Test auc: 0.9581
2024-05-09 13:10:17.355 | INFO     | __main__:<module>:100 - Epoch: 37, Loss: 0.3094, Train Acc: 0.9046,  Test_Loss: 0.1937,Test Acc: 0.9534,Test F1: 0.9330,Test auc: 0.9581
2024-05-09 13:10:17.396 | INFO     | __main__:<module>:100 - Epoch: 38, Loss: 0.2987, Train Acc: 0.9069,  Test_Loss: 0.1929,Test Acc: 0.9553,Test F1: 0.9355,Test auc: 0.9595
2024-05-09 13:10:17.420 | INFO     | __main__:<module>:100 - Epoch: 39, Loss: 0.2886, Train Acc: 0.9148,  Test_Loss: 0.1947,Test Acc: 0.9628,Test F1: 0.9451,Test auc: 0.9623
2024-05-09 13:10:17.443 | INFO     | __main__:<module>:100 - Epoch: 40, Loss: 0.2948, Train Acc: 0.9092,  Test_Loss: 0.1947,Test Acc: 0.9628,Test F1: 0.9451,Test auc: 0.9623
2024-05-09 13:10:17.471 | INFO     | __main__:<module>:100 - Epoch: 41, Loss: 0.3142, Train Acc: 0.9008,  Test_Loss: 0.1938,Test Acc: 0.9628,Test F1: 0.9451,Test auc: 0.9623
2024-05-09 13:10:17.502 | INFO     | __main__:<module>:100 - Epoch: 42, Loss: 0.3176, Train Acc: 0.8980,  Test_Loss: 0.1937,Test Acc: 0.9628,Test F1: 0.9451,Test auc: 0.9623
2024-05-09 13:10:17.528 | INFO     | __main__:<module>:100 - Epoch: 43, Loss: 0.3062, Train Acc: 0.9032,  Test_Loss: 0.1934,Test Acc: 0.9590,Test F1: 0.9399,Test auc: 0.9595
2024-05-09 13:10:17.557 | INFO     | __main__:<module>:100 - Epoch: 44, Loss: 0.3222, Train Acc: 0.9097,  Test_Loss: 0.1932,Test Acc: 0.9609,Test F1: 0.9425,Test auc: 0.9609
2024-05-09 13:10:17.587 | INFO     | __main__:<module>:100 - Epoch: 45, Loss: 0.3081, Train Acc: 0.9004,  Test_Loss: 0.1943,Test Acc: 0.9628,Test F1: 0.9451,Test auc: 0.9623
2024-05-09 13:10:17.615 | INFO     | __main__:<module>:100 - Epoch: 46, Loss: 0.2949, Train Acc: 0.9162,  Test_Loss: 0.1942,Test Acc: 0.9628,Test F1: 0.9451,Test auc: 0.9623
2024-05-09 13:10:17.644 | INFO     | __main__:<module>:100 - Epoch: 47, Loss: 0.3120, Train Acc: 0.8929,  Test_Loss: 0.1943,Test Acc: 0.9609,Test F1: 0.9425,Test auc: 0.9609
2024-05-09 13:10:17.671 | INFO     | __main__:<module>:100 - Epoch: 48, Loss: 0.2951, Train Acc: 0.9050,  Test_Loss: 0.1947,Test Acc: 0.9609,Test F1: 0.9425,Test auc: 0.9609
2024-05-09 13:10:17.703 | INFO     | __main__:<module>:100 - Epoch: 49, Loss: 0.3041, Train Acc: 0.9060,  Test_Loss: 0.1944,Test Acc: 0.9590,Test F1: 0.9399,Test auc: 0.9595
2024-05-09 13:10:17.735 | INFO     | __main__:<module>:100 - Epoch: 50, Loss: 0.3238, Train Acc: 0.8990,  Test_Loss: 0.1938,Test Acc: 0.9553,Test F1: 0.9348,Test auc: 0.9567
2024-05-09 13:10:17.763 | INFO     | __main__:<module>:100 - Epoch: 51, Loss: 0.3216, Train Acc: 0.8971,  Test_Loss: 0.1942,Test Acc: 0.9553,Test F1: 0.9348,Test auc: 0.9567
2024-05-09 13:10:17.791 | INFO     | __main__:<module>:100 - Epoch: 52, Loss: 0.3139, Train Acc: 0.9041,  Test_Loss: 0.1952,Test Acc: 0.9590,Test F1: 0.9399,Test auc: 0.9595
2024-05-09 13:10:17.819 | INFO     | __main__:<module>:100 - Epoch: 53, Loss: 0.3332, Train Acc: 0.8994,  Test_Loss: 0.1948,Test Acc: 0.9572,Test F1: 0.9373,Test auc: 0.9581
2024-05-09 13:10:17.843 | INFO     | __main__:<module>:100 - Epoch: 54, Loss: 0.3040, Train Acc: 0.9008,  Test_Loss: 0.1946,Test Acc: 0.9516,Test F1: 0.9297,Test auc: 0.9539
2024-05-09 13:10:17.870 | INFO     | __main__:<module>:100 - Epoch: 55, Loss: 0.3012, Train Acc: 0.9078,  Test_Loss: 0.1946,Test Acc: 0.9516,Test F1: 0.9297,Test auc: 0.9539
2024-05-09 13:10:17.895 | INFO     | __main__:<module>:100 - Epoch: 56, Loss: 0.3322, Train Acc: 0.8920,  Test_Loss: 0.1945,Test Acc: 0.9516,Test F1: 0.9297,Test auc: 0.9539
2024-05-09 13:10:17.925 | INFO     | __main__:<module>:100 - Epoch: 57, Loss: 0.3119, Train Acc: 0.9027,  Test_Loss: 0.1944,Test Acc: 0.9516,Test F1: 0.9297,Test auc: 0.9539
2024-05-09 13:10:17.959 | INFO     | __main__:<module>:100 - Epoch: 58, Loss: 0.2910, Train Acc: 0.9143,  Test_Loss: 0.1944,Test Acc: 0.9516,Test F1: 0.9297,Test auc: 0.9539
2024-05-09 13:10:17.990 | INFO     | __main__:<module>:100 - Epoch: 59, Loss: 0.2901, Train Acc: 0.9088,  Test_Loss: 0.1940,Test Acc: 0.9516,Test F1: 0.9297,Test auc: 0.9539
2024-05-09 13:10:18.020 | INFO     | __main__:<module>:100 - Epoch: 60, Loss: 0.2996, Train Acc: 0.9055,  Test_Loss: 0.1943,Test Acc: 0.9516,Test F1: 0.9297,Test auc: 0.9539
2024-05-09 13:10:18.043 | INFO     | __main__:<module>:100 - Epoch: 61, Loss: 0.3036, Train Acc: 0.9134,  Test_Loss: 0.1939,Test Acc: 0.9516,Test F1: 0.9297,Test auc: 0.9539
2024-05-09 13:10:18.071 | INFO     | __main__:<module>:100 - Epoch: 62, Loss: 0.3130, Train Acc: 0.8999,  Test_Loss: 0.1936,Test Acc: 0.9516,Test F1: 0.9297,Test auc: 0.9539
2024-05-09 13:10:18.097 | INFO     | __main__:<module>:100 - Epoch: 63, Loss: 0.3109, Train Acc: 0.9004,  Test_Loss: 0.1935,Test Acc: 0.9516,Test F1: 0.9297,Test auc: 0.9539
2024-05-09 13:10:18.125 | INFO     | __main__:<module>:100 - Epoch: 64, Loss: 0.3059, Train Acc: 0.9078,  Test_Loss: 0.1936,Test Acc: 0.9516,Test F1: 0.9297,Test auc: 0.9539
2024-05-09 13:10:18.157 | INFO     | __main__:<module>:100 - Epoch: 65, Loss: 0.3106, Train Acc: 0.9050,  Test_Loss: 0.1938,Test Acc: 0.9516,Test F1: 0.9297,Test auc: 0.9539
2024-05-09 13:10:18.193 | INFO     | __main__:<module>:100 - Epoch: 66, Loss: 0.3063, Train Acc: 0.9004,  Test_Loss: 0.1936,Test Acc: 0.9516,Test F1: 0.9297,Test auc: 0.9539
2024-05-09 13:10:18.223 | INFO     | __main__:<module>:100 - Epoch: 67, Loss: 0.3243, Train Acc: 0.8976,  Test_Loss: 0.1938,Test Acc: 0.9516,Test F1: 0.9297,Test auc: 0.9539
2024-05-09 13:10:18.251 | INFO     | __main__:<module>:100 - Epoch: 68, Loss: 0.2885, Train Acc: 0.9050,  Test_Loss: 0.1938,Test Acc: 0.9516,Test F1: 0.9297,Test auc: 0.9539
2024-05-09 13:10:18.252 | INFO     | __main__:<module>:118 - 1.7325966358184814
2024-05-09 13:10:20.953 | INFO     | __main__:<module>:79 - Namespace(dataset='ca-astroph', model='GCN', learning_rate=0.01, epochs=9999, hidden_units=16, dropout=0.4, weight_decay=0.01, weight_decay1=0.01, weight_decay2=0.0005, early_stopping=30, residual=True, seed=824, type='Binary', DEVICE='cuda', theta=0.5, layers=64, alpha=0.1, feature_type='x_55', CGCN=0)
2024-05-09 13:10:20.954 | INFO     | __main__:<module>:80 - Data(edge_index=[2, 393944], num_nodes=17903, x=[17903, 8], train_mask=[17903], test_mask=[17903], label=[17903])
2024-05-09 13:10:20.984 | INFO     | __main__:<module>:100 - Epoch: 00, Loss: 7.1234, Train Acc: 0.6741,  Test_Loss: 1.5378,Test Acc: 0.6667,Test F1: 0.3089,Test auc: 0.5559
2024-05-09 13:10:21.016 | INFO     | __main__:<module>:100 - Epoch: 01, Loss: 2.3113, Train Acc: 0.6206,  Test_Loss: 0.6834,Test Acc: 0.5698,Test F1: 0.6024,Test auc: 0.6718
2024-05-09 13:10:21.044 | INFO     | __main__:<module>:100 - Epoch: 02, Loss: 1.0554, Train Acc: 0.5782,  Test_Loss: 0.7689,Test Acc: 0.5493,Test F1: 0.5967,Test auc: 0.6620
2024-05-09 13:10:21.071 | INFO     | __main__:<module>:100 - Epoch: 03, Loss: 1.1741, Train Acc: 0.5535,  Test_Loss: 0.7306,Test Acc: 0.5754,Test F1: 0.6109,Test auc: 0.6816
2024-05-09 13:10:21.098 | INFO     | __main__:<module>:100 - Epoch: 04, Loss: 1.1502, Train Acc: 0.5745,  Test_Loss: 0.7043,Test Acc: 0.5903,Test F1: 0.6194,Test auc: 0.6927
2024-05-09 13:10:21.124 | INFO     | __main__:<module>:100 - Epoch: 05, Loss: 1.0283, Train Acc: 0.5694,  Test_Loss: 0.6856,Test Acc: 0.6034,Test F1: 0.6270,Test auc: 0.7025
2024-05-09 13:10:21.161 | INFO     | __main__:<module>:100 - Epoch: 06, Loss: 1.1560, Train Acc: 0.5475,  Test_Loss: 0.6719,Test Acc: 0.6182,Test F1: 0.6346,Test auc: 0.7123
2024-05-09 13:10:21.198 | INFO     | __main__:<module>:100 - Epoch: 07, Loss: 0.9271, Train Acc: 0.6024,  Test_Loss: 0.6501,Test Acc: 0.7058,Test F1: 0.6802,Test auc: 0.7640
2024-05-09 13:10:21.234 | INFO     | __main__:<module>:100 - Epoch: 08, Loss: 0.8314, Train Acc: 0.6471,  Test_Loss: 0.6232,Test Acc: 0.7970,Test F1: 0.7494,Test auc: 0.8254
2024-05-09 13:10:21.270 | INFO     | __main__:<module>:100 - Epoch: 09, Loss: 0.7234, Train Acc: 0.7128,  Test_Loss: 0.6052,Test Acc: 0.8492,Test F1: 0.7928,Test auc: 0.8534
2024-05-09 13:10:21.299 | INFO     | __main__:<module>:100 - Epoch: 10, Loss: 0.6151, Train Acc: 0.7658,  Test_Loss: 0.6005,Test Acc: 0.8659,Test F1: 0.8011,Test auc: 0.8520
2024-05-09 13:10:21.322 | INFO     | __main__:<module>:100 - Epoch: 11, Loss: 0.6135, Train Acc: 0.7966,  Test_Loss: 0.6014,Test Acc: 0.8734,Test F1: 0.8000,Test auc: 0.8450
2024-05-09 13:10:21.357 | INFO     | __main__:<module>:100 - Epoch: 12, Loss: 0.6011, Train Acc: 0.7966,  Test_Loss: 0.5957,Test Acc: 0.8752,Test F1: 0.8035,Test auc: 0.8478
2024-05-09 13:10:21.406 | INFO     | __main__:<module>:100 - Epoch: 13, Loss: 0.5623, Train Acc: 0.8264,  Test_Loss: 0.5865,Test Acc: 0.8845,Test F1: 0.8110,Test auc: 0.8492
2024-05-09 13:10:21.451 | INFO     | __main__:<module>:100 - Epoch: 14, Loss: 0.5334, Train Acc: 0.8212,  Test_Loss: 0.5773,Test Acc: 0.8752,Test F1: 0.7859,Test auc: 0.8282
2024-05-09 13:10:21.484 | INFO     | __main__:<module>:100 - Epoch: 15, Loss: 0.5090, Train Acc: 0.8366,  Test_Loss: 0.5600,Test Acc: 0.8510,Test F1: 0.7260,Test auc: 0.7863
2024-05-09 13:10:21.514 | INFO     | __main__:<module>:100 - Epoch: 16, Loss: 0.4957, Train Acc: 0.8347,  Test_Loss: 0.5251,Test Acc: 0.8305,Test F1: 0.6691,Test auc: 0.7514
2024-05-09 13:10:21.544 | INFO     | __main__:<module>:100 - Epoch: 17, Loss: 0.5115, Train Acc: 0.8180,  Test_Loss: 0.4886,Test Acc: 0.8063,Test F1: 0.6031,Test auc: 0.7151
2024-05-09 13:10:21.578 | INFO     | __main__:<module>:100 - Epoch: 18, Loss: 0.4815, Train Acc: 0.8133,  Test_Loss: 0.4539,Test Acc: 0.7933,Test F1: 0.5613,Test auc: 0.6941
2024-05-09 13:10:21.613 | INFO     | __main__:<module>:100 - Epoch: 19, Loss: 0.5078, Train Acc: 0.8068,  Test_Loss: 0.4224,Test Acc: 0.7858,Test F1: 0.5382,Test auc: 0.6830
2024-05-09 13:10:21.656 | INFO     | __main__:<module>:100 - Epoch: 20, Loss: 0.5030, Train Acc: 0.8087,  Test_Loss: 0.3937,Test Acc: 0.8007,Test F1: 0.5804,Test auc: 0.7039
2024-05-09 13:10:21.694 | INFO     | __main__:<module>:100 - Epoch: 21, Loss: 0.4948, Train Acc: 0.8040,  Test_Loss: 0.3674,Test Acc: 0.8212,Test F1: 0.6391,Test auc: 0.7346
2024-05-09 13:10:21.726 | INFO     | __main__:<module>:100 - Epoch: 22, Loss: 0.4917, Train Acc: 0.8170,  Test_Loss: 0.3415,Test Acc: 0.8659,Test F1: 0.7534,Test auc: 0.8031
2024-05-09 13:10:21.759 | INFO     | __main__:<module>:100 - Epoch: 23, Loss: 0.4693, Train Acc: 0.8287,  Test_Loss: 0.3166,Test Acc: 0.8883,Test F1: 0.8026,Test auc: 0.8366
2024-05-09 13:10:21.797 | INFO     | __main__:<module>:100 - Epoch: 24, Loss: 0.4408, Train Acc: 0.8417,  Test_Loss: 0.2940,Test Acc: 0.9125,Test F1: 0.8527,Test auc: 0.8743
2024-05-09 13:10:21.836 | INFO     | __main__:<module>:100 - Epoch: 25, Loss: 0.4315, Train Acc: 0.8510,  Test_Loss: 0.2756,Test Acc: 0.9367,Test F1: 0.8994,Test auc: 0.9148
2024-05-09 13:10:21.879 | INFO     | __main__:<module>:100 - Epoch: 26, Loss: 0.4510, Train Acc: 0.8399,  Test_Loss: 0.2637,Test Acc: 0.9609,Test F1: 0.9412,Test auc: 0.9553
2024-05-09 13:10:21.913 | INFO     | __main__:<module>:100 - Epoch: 27, Loss: 0.4462, Train Acc: 0.8426,  Test_Loss: 0.2566,Test Acc: 0.9646,Test F1: 0.9482,Test auc: 0.9665
2024-05-09 13:10:21.943 | INFO     | __main__:<module>:100 - Epoch: 28, Loss: 0.4643, Train Acc: 0.8301,  Test_Loss: 0.2542,Test Acc: 0.9702,Test F1: 0.9565,Test auc: 0.9735
2024-05-09 13:10:21.970 | INFO     | __main__:<module>:100 - Epoch: 29, Loss: 0.4378, Train Acc: 0.8426,  Test_Loss: 0.2555,Test Acc: 0.9721,Test F1: 0.9593,Test auc: 0.9763
2024-05-09 13:10:22.003 | INFO     | __main__:<module>:100 - Epoch: 30, Loss: 0.4418, Train Acc: 0.8310,  Test_Loss: 0.2581,Test Acc: 0.9702,Test F1: 0.9565,Test auc: 0.9735
2024-05-09 13:10:22.040 | INFO     | __main__:<module>:100 - Epoch: 31, Loss: 0.4319, Train Acc: 0.8440,  Test_Loss: 0.2592,Test Acc: 0.9702,Test F1: 0.9565,Test auc: 0.9735
2024-05-09 13:10:22.075 | INFO     | __main__:<module>:100 - Epoch: 32, Loss: 0.4462, Train Acc: 0.8357,  Test_Loss: 0.2607,Test Acc: 0.9702,Test F1: 0.9565,Test auc: 0.9735
2024-05-09 13:10:22.106 | INFO     | __main__:<module>:100 - Epoch: 33, Loss: 0.4361, Train Acc: 0.8436,  Test_Loss: 0.2628,Test Acc: 0.9702,Test F1: 0.9565,Test auc: 0.9735
2024-05-09 13:10:22.136 | INFO     | __main__:<module>:100 - Epoch: 34, Loss: 0.4474, Train Acc: 0.8324,  Test_Loss: 0.2652,Test Acc: 0.9683,Test F1: 0.9537,Test auc: 0.9707
2024-05-09 13:10:22.160 | INFO     | __main__:<module>:100 - Epoch: 35, Loss: 0.4476, Train Acc: 0.8361,  Test_Loss: 0.2679,Test Acc: 0.9683,Test F1: 0.9534,Test auc: 0.9693
2024-05-09 13:10:22.191 | INFO     | __main__:<module>:100 - Epoch: 36, Loss: 0.4391, Train Acc: 0.8426,  Test_Loss: 0.2703,Test Acc: 0.9665,Test F1: 0.9505,Test auc: 0.9665
2024-05-09 13:10:22.223 | INFO     | __main__:<module>:100 - Epoch: 37, Loss: 0.4487, Train Acc: 0.8343,  Test_Loss: 0.2719,Test Acc: 0.9665,Test F1: 0.9505,Test auc: 0.9665
2024-05-09 13:10:22.260 | INFO     | __main__:<module>:100 - Epoch: 38, Loss: 0.4337, Train Acc: 0.8389,  Test_Loss: 0.2736,Test Acc: 0.9665,Test F1: 0.9503,Test auc: 0.9651
2024-05-09 13:10:22.292 | INFO     | __main__:<module>:100 - Epoch: 39, Loss: 0.4445, Train Acc: 0.8412,  Test_Loss: 0.2751,Test Acc: 0.9646,Test F1: 0.9471,Test auc: 0.9609
2024-05-09 13:10:22.320 | INFO     | __main__:<module>:100 - Epoch: 40, Loss: 0.4343, Train Acc: 0.8399,  Test_Loss: 0.2759,Test Acc: 0.9609,Test F1: 0.9412,Test auc: 0.9553
2024-05-09 13:10:22.344 | INFO     | __main__:<module>:100 - Epoch: 41, Loss: 0.4653, Train Acc: 0.8250,  Test_Loss: 0.2775,Test Acc: 0.9590,Test F1: 0.9382,Test auc: 0.9525
2024-05-09 13:10:22.371 | INFO     | __main__:<module>:100 - Epoch: 42, Loss: 0.4345, Train Acc: 0.8403,  Test_Loss: 0.2789,Test Acc: 0.9441,Test F1: 0.9138,Test auc: 0.9302
2024-05-09 13:10:22.395 | INFO     | __main__:<module>:100 - Epoch: 43, Loss: 0.4385, Train Acc: 0.8431,  Test_Loss: 0.2795,Test Acc: 0.9441,Test F1: 0.9133,Test auc: 0.9288
2024-05-09 13:10:22.423 | INFO     | __main__:<module>:100 - Epoch: 44, Loss: 0.4465, Train Acc: 0.8361,  Test_Loss: 0.2802,Test Acc: 0.9441,Test F1: 0.9133,Test auc: 0.9288
2024-05-09 13:10:22.458 | INFO     | __main__:<module>:100 - Epoch: 45, Loss: 0.4518, Train Acc: 0.8361,  Test_Loss: 0.2804,Test Acc: 0.9534,Test F1: 0.9288,Test auc: 0.9427
2024-05-09 13:10:22.493 | INFO     | __main__:<module>:100 - Epoch: 46, Loss: 0.4362, Train Acc: 0.8422,  Test_Loss: 0.2806,Test Acc: 0.9441,Test F1: 0.9133,Test auc: 0.9288
2024-05-09 13:10:22.524 | INFO     | __main__:<module>:100 - Epoch: 47, Loss: 0.4854, Train Acc: 0.8222,  Test_Loss: 0.2816,Test Acc: 0.9423,Test F1: 0.9101,Test auc: 0.9260
2024-05-09 13:10:22.554 | INFO     | __main__:<module>:100 - Epoch: 48, Loss: 0.4355, Train Acc: 0.8417,  Test_Loss: 0.2827,Test Acc: 0.9367,Test F1: 0.9006,Test auc: 0.9176
2024-05-09 13:10:22.578 | INFO     | __main__:<module>:100 - Epoch: 49, Loss: 0.4467, Train Acc: 0.8408,  Test_Loss: 0.2834,Test Acc: 0.9404,Test F1: 0.9059,Test auc: 0.9204
2024-05-09 13:10:22.605 | INFO     | __main__:<module>:100 - Epoch: 50, Loss: 0.4491, Train Acc: 0.8333,  Test_Loss: 0.2854,Test Acc: 0.9423,Test F1: 0.9086,Test auc: 0.9218
2024-05-09 13:10:22.639 | INFO     | __main__:<module>:100 - Epoch: 51, Loss: 0.4371, Train Acc: 0.8394,  Test_Loss: 0.2850,Test Acc: 0.9423,Test F1: 0.9086,Test auc: 0.9218
2024-05-09 13:10:22.675 | INFO     | __main__:<module>:100 - Epoch: 52, Loss: 0.4518, Train Acc: 0.8361,  Test_Loss: 0.2875,Test Acc: 0.9367,Test F1: 0.8988,Test auc: 0.9134
2024-05-09 13:10:22.708 | INFO     | __main__:<module>:100 - Epoch: 53, Loss: 0.4271, Train Acc: 0.8464,  Test_Loss: 0.2869,Test Acc: 0.9367,Test F1: 0.8988,Test auc: 0.9134
2024-05-09 13:10:22.739 | INFO     | __main__:<module>:100 - Epoch: 54, Loss: 0.4212, Train Acc: 0.8464,  Test_Loss: 0.2876,Test Acc: 0.9348,Test F1: 0.8955,Test auc: 0.9106
2024-05-09 13:10:22.765 | INFO     | __main__:<module>:100 - Epoch: 55, Loss: 0.4436, Train Acc: 0.8352,  Test_Loss: 0.2881,Test Acc: 0.9330,Test F1: 0.8922,Test auc: 0.9078
2024-05-09 13:10:22.789 | INFO     | __main__:<module>:100 - Epoch: 56, Loss: 0.4403, Train Acc: 0.8333,  Test_Loss: 0.2900,Test Acc: 0.9274,Test F1: 0.8815,Test auc: 0.8980
2024-05-09 13:10:22.819 | INFO     | __main__:<module>:100 - Epoch: 57, Loss: 0.4330, Train Acc: 0.8347,  Test_Loss: 0.2910,Test Acc: 0.9274,Test F1: 0.8815,Test auc: 0.8980
2024-05-09 13:10:22.847 | INFO     | __main__:<module>:100 - Epoch: 58, Loss: 0.4557, Train Acc: 0.8310,  Test_Loss: 0.2921,Test Acc: 0.9274,Test F1: 0.8815,Test auc: 0.8980
2024-05-09 13:10:22.848 | INFO     | __main__:<module>:118 - 1.5022602081298828
2024-05-09 13:10:25.390 | INFO     | __main__:<module>:79 - Namespace(dataset='ca-astroph', model='GCN', learning_rate=0.01, epochs=9999, hidden_units=16, dropout=0.4, weight_decay=0.01, weight_decay1=0.01, weight_decay2=0.0005, early_stopping=30, residual=True, seed=824, type='Binary', DEVICE='cuda', theta=0.5, layers=64, alpha=0.1, feature_type='x_55', CGCN=0)
2024-05-09 13:10:25.391 | INFO     | __main__:<module>:80 - Data(edge_index=[2, 393944], num_nodes=17903, x=[17903, 9], train_mask=[17903], test_mask=[17903], label=[17903])
2024-05-09 13:10:25.428 | INFO     | __main__:<module>:100 - Epoch: 00, Loss: 2.0453, Train Acc: 0.4232,  Test_Loss: 1.2570,Test Acc: 0.3333,Test F1: 0.5000,Test auc: 0.5000
2024-05-09 13:10:25.463 | INFO     | __main__:<module>:100 - Epoch: 01, Loss: 1.4304, Train Acc: 0.3943,  Test_Loss: 1.1466,Test Acc: 0.3650,Test F1: 0.5122,Test auc: 0.5237
2024-05-09 13:10:25.496 | INFO     | __main__:<module>:100 - Epoch: 02, Loss: 1.2043, Train Acc: 0.4334,  Test_Loss: 0.9448,Test Acc: 0.5326,Test F1: 0.5878,Test auc: 0.6494
2024-05-09 13:10:25.529 | INFO     | __main__:<module>:100 - Epoch: 03, Loss: 0.9552, Train Acc: 0.5112,  Test_Loss: 0.7740,Test Acc: 0.6685,Test F1: 0.6642,Test auc: 0.7472
2024-05-09 13:10:25.561 | INFO     | __main__:<module>:100 - Epoch: 04, Loss: 0.8130, Train Acc: 0.6075,  Test_Loss: 0.6461,Test Acc: 0.7430,Test F1: 0.6987,Test auc: 0.7807
2024-05-09 13:10:25.597 | INFO     | __main__:<module>:100 - Epoch: 05, Loss: 0.6761, Train Acc: 0.6876,  Test_Loss: 0.5367,Test Acc: 0.8696,Test F1: 0.8223,Test auc: 0.8785
2024-05-09 13:10:25.635 | INFO     | __main__:<module>:100 - Epoch: 06, Loss: 0.6075, Train Acc: 0.7709,  Test_Loss: 0.4517,Test Acc: 0.9423,Test F1: 0.9191,Test auc: 0.9525
2024-05-09 13:10:25.678 | INFO     | __main__:<module>:100 - Epoch: 07, Loss: 0.5208, Train Acc: 0.8492,  Test_Loss: 0.4017,Test Acc: 0.9534,Test F1: 0.9340,Test auc: 0.9623
2024-05-09 13:10:25.717 | INFO     | __main__:<module>:100 - Epoch: 08, Loss: 0.4750, Train Acc: 0.8659,  Test_Loss: 0.3733,Test Acc: 0.9572,Test F1: 0.9393,Test auc: 0.9665
2024-05-09 13:10:25.751 | INFO     | __main__:<module>:100 - Epoch: 09, Loss: 0.4489, Train Acc: 0.8799,  Test_Loss: 0.3554,Test Acc: 0.9516,Test F1: 0.9319,Test auc: 0.9623
2024-05-09 13:10:25.788 | INFO     | __main__:<module>:100 - Epoch: 10, Loss: 0.4316, Train Acc: 0.8887,  Test_Loss: 0.3427,Test Acc: 0.9497,Test F1: 0.9295,Test auc: 0.9609
2024-05-09 13:10:25.828 | INFO     | __main__:<module>:100 - Epoch: 11, Loss: 0.4017, Train Acc: 0.8994,  Test_Loss: 0.3321,Test Acc: 0.9497,Test F1: 0.9291,Test auc: 0.9595
2024-05-09 13:10:25.871 | INFO     | __main__:<module>:100 - Epoch: 12, Loss: 0.4110, Train Acc: 0.8915,  Test_Loss: 0.3198,Test Acc: 0.9460,Test F1: 0.9235,Test auc: 0.9539
2024-05-09 13:10:25.916 | INFO     | __main__:<module>:100 - Epoch: 13, Loss: 0.3981, Train Acc: 0.8966,  Test_Loss: 0.3090,Test Acc: 0.9590,Test F1: 0.9409,Test auc: 0.9637
2024-05-09 13:10:25.950 | INFO     | __main__:<module>:100 - Epoch: 14, Loss: 0.3791, Train Acc: 0.8962,  Test_Loss: 0.3010,Test Acc: 0.9553,Test F1: 0.9341,Test auc: 0.9539
2024-05-09 13:10:25.980 | INFO     | __main__:<module>:100 - Epoch: 15, Loss: 0.3454, Train Acc: 0.9134,  Test_Loss: 0.2938,Test Acc: 0.9255,Test F1: 0.8837,Test auc: 0.9064
2024-05-09 13:10:26.012 | INFO     | __main__:<module>:100 - Epoch: 16, Loss: 0.3557, Train Acc: 0.9032,  Test_Loss: 0.2852,Test Acc: 0.9255,Test F1: 0.8830,Test auc: 0.9050
2024-05-09 13:10:26.053 | INFO     | __main__:<module>:100 - Epoch: 17, Loss: 0.3329, Train Acc: 0.9083,  Test_Loss: 0.2758,Test Acc: 0.9236,Test F1: 0.8798,Test auc: 0.9022
2024-05-09 13:10:26.094 | INFO     | __main__:<module>:100 - Epoch: 18, Loss: 0.3251, Train Acc: 0.9060,  Test_Loss: 0.2647,Test Acc: 0.9218,Test F1: 0.8772,Test auc: 0.9008
2024-05-09 13:10:26.135 | INFO     | __main__:<module>:100 - Epoch: 19, Loss: 0.3464, Train Acc: 0.8943,  Test_Loss: 0.2538,Test Acc: 0.9330,Test F1: 0.8966,Test auc: 0.9176
2024-05-09 13:10:26.168 | INFO     | __main__:<module>:100 - Epoch: 20, Loss: 0.3411, Train Acc: 0.8994,  Test_Loss: 0.2442,Test Acc: 0.9348,Test F1: 0.8997,Test auc: 0.9204
2024-05-09 13:10:26.200 | INFO     | __main__:<module>:100 - Epoch: 21, Loss: 0.2851, Train Acc: 0.9171,  Test_Loss: 0.2352,Test Acc: 0.9311,Test F1: 0.8952,Test auc: 0.9190
2024-05-09 13:10:26.233 | INFO     | __main__:<module>:100 - Epoch: 22, Loss: 0.2710, Train Acc: 0.9232,  Test_Loss: 0.2250,Test Acc: 0.9330,Test F1: 0.8983,Test auc: 0.9218
2024-05-09 13:10:26.271 | INFO     | __main__:<module>:100 - Epoch: 23, Loss: 0.2713, Train Acc: 0.9227,  Test_Loss: 0.2172,Test Acc: 0.9311,Test F1: 0.8958,Test auc: 0.9204
2024-05-09 13:10:26.318 | INFO     | __main__:<module>:100 - Epoch: 24, Loss: 0.2646, Train Acc: 0.9236,  Test_Loss: 0.2122,Test Acc: 0.9236,Test F1: 0.8832,Test auc: 0.9092
2024-05-09 13:10:26.359 | INFO     | __main__:<module>:100 - Epoch: 25, Loss: 0.2645, Train Acc: 0.9255,  Test_Loss: 0.2084,Test Acc: 0.9236,Test F1: 0.8832,Test auc: 0.9092
2024-05-09 13:10:26.395 | INFO     | __main__:<module>:100 - Epoch: 26, Loss: 0.2550, Train Acc: 0.9278,  Test_Loss: 0.2066,Test Acc: 0.9162,Test F1: 0.8703,Test auc: 0.8980
2024-05-09 13:10:26.422 | INFO     | __main__:<module>:100 - Epoch: 27, Loss: 0.2389, Train Acc: 0.9241,  Test_Loss: 0.2068,Test Acc: 0.9181,Test F1: 0.8713,Test auc: 0.8966
2024-05-09 13:10:26.455 | INFO     | __main__:<module>:100 - Epoch: 28, Loss: 0.2550, Train Acc: 0.9260,  Test_Loss: 0.2075,Test Acc: 0.9181,Test F1: 0.8713,Test auc: 0.8966
2024-05-09 13:10:26.497 | INFO     | __main__:<module>:100 - Epoch: 29, Loss: 0.2538, Train Acc: 0.9199,  Test_Loss: 0.2121,Test Acc: 0.9162,Test F1: 0.8680,Test auc: 0.8939
2024-05-09 13:10:26.532 | INFO     | __main__:<module>:100 - Epoch: 30, Loss: 0.2425, Train Acc: 0.9278,  Test_Loss: 0.2144,Test Acc: 0.9162,Test F1: 0.8665,Test auc: 0.8911
2024-05-09 13:10:26.563 | INFO     | __main__:<module>:100 - Epoch: 31, Loss: 0.2414, Train Acc: 0.9278,  Test_Loss: 0.2150,Test Acc: 0.9181,Test F1: 0.8690,Test auc: 0.8925
2024-05-09 13:10:26.589 | INFO     | __main__:<module>:100 - Epoch: 32, Loss: 0.2450, Train Acc: 0.9302,  Test_Loss: 0.2165,Test Acc: 0.9199,Test F1: 0.8716,Test auc: 0.8939
2024-05-09 13:10:26.618 | INFO     | __main__:<module>:100 - Epoch: 33, Loss: 0.2466, Train Acc: 0.9297,  Test_Loss: 0.2181,Test Acc: 0.9162,Test F1: 0.8649,Test auc: 0.8883
2024-05-09 13:10:26.646 | INFO     | __main__:<module>:100 - Epoch: 34, Loss: 0.2547, Train Acc: 0.9209,  Test_Loss: 0.2191,Test Acc: 0.9143,Test F1: 0.8614,Test auc: 0.8855
2024-05-09 13:10:26.680 | INFO     | __main__:<module>:100 - Epoch: 35, Loss: 0.2304, Train Acc: 0.9316,  Test_Loss: 0.2233,Test Acc: 0.9125,Test F1: 0.8580,Test auc: 0.8827
2024-05-09 13:10:26.718 | INFO     | __main__:<module>:100 - Epoch: 36, Loss: 0.2518, Train Acc: 0.9213,  Test_Loss: 0.2248,Test Acc: 0.9125,Test F1: 0.8580,Test auc: 0.8827
2024-05-09 13:10:26.749 | INFO     | __main__:<module>:100 - Epoch: 37, Loss: 0.2533, Train Acc: 0.9218,  Test_Loss: 0.2262,Test Acc: 0.9069,Test F1: 0.8476,Test auc: 0.8743
2024-05-09 13:10:26.777 | INFO     | __main__:<module>:100 - Epoch: 38, Loss: 0.2608, Train Acc: 0.9213,  Test_Loss: 0.2238,Test Acc: 0.9106,Test F1: 0.8545,Test auc: 0.8799
2024-05-09 13:10:26.804 | INFO     | __main__:<module>:100 - Epoch: 39, Loss: 0.2344, Train Acc: 0.9288,  Test_Loss: 0.2236,Test Acc: 0.9125,Test F1: 0.8580,Test auc: 0.8827
2024-05-09 13:10:26.827 | INFO     | __main__:<module>:100 - Epoch: 40, Loss: 0.2610, Train Acc: 0.9213,  Test_Loss: 0.2284,Test Acc: 0.9088,Test F1: 0.8492,Test auc: 0.8743
2024-05-09 13:10:26.855 | INFO     | __main__:<module>:100 - Epoch: 41, Loss: 0.2506, Train Acc: 0.9297,  Test_Loss: 0.2302,Test Acc: 0.9088,Test F1: 0.8483,Test auc: 0.8729
2024-05-09 13:10:26.883 | INFO     | __main__:<module>:100 - Epoch: 42, Loss: 0.2497, Train Acc: 0.9283,  Test_Loss: 0.2342,Test Acc: 0.9069,Test F1: 0.8438,Test auc: 0.8687
2024-05-09 13:10:26.915 | INFO     | __main__:<module>:100 - Epoch: 43, Loss: 0.2576, Train Acc: 0.9218,  Test_Loss: 0.2344,Test Acc: 0.9069,Test F1: 0.8438,Test auc: 0.8687
2024-05-09 13:10:26.951 | INFO     | __main__:<module>:100 - Epoch: 44, Loss: 0.2552, Train Acc: 0.9246,  Test_Loss: 0.2337,Test Acc: 0.9088,Test F1: 0.8474,Test auc: 0.8715
2024-05-09 13:10:26.987 | INFO     | __main__:<module>:100 - Epoch: 45, Loss: 0.2578, Train Acc: 0.9185,  Test_Loss: 0.2358,Test Acc: 0.9069,Test F1: 0.8438,Test auc: 0.8687
2024-05-09 13:10:27.016 | INFO     | __main__:<module>:100 - Epoch: 46, Loss: 0.2532, Train Acc: 0.9292,  Test_Loss: 0.2347,Test Acc: 0.9088,Test F1: 0.8474,Test auc: 0.8715
2024-05-09 13:10:27.043 | INFO     | __main__:<module>:100 - Epoch: 47, Loss: 0.2423, Train Acc: 0.9288,  Test_Loss: 0.2345,Test Acc: 0.9088,Test F1: 0.8474,Test auc: 0.8715
2024-05-09 13:10:27.075 | INFO     | __main__:<module>:100 - Epoch: 48, Loss: 0.2607, Train Acc: 0.9260,  Test_Loss: 0.2341,Test Acc: 0.9088,Test F1: 0.8474,Test auc: 0.8715
2024-05-09 13:10:27.113 | INFO     | __main__:<module>:100 - Epoch: 49, Loss: 0.2445, Train Acc: 0.9246,  Test_Loss: 0.2373,Test Acc: 0.9069,Test F1: 0.8438,Test auc: 0.8687
2024-05-09 13:10:27.151 | INFO     | __main__:<module>:100 - Epoch: 50, Loss: 0.2587, Train Acc: 0.9199,  Test_Loss: 0.2416,Test Acc: 0.9069,Test F1: 0.8428,Test auc: 0.8673
2024-05-09 13:10:27.191 | INFO     | __main__:<module>:100 - Epoch: 51, Loss: 0.2593, Train Acc: 0.9260,  Test_Loss: 0.2421,Test Acc: 0.9069,Test F1: 0.8428,Test auc: 0.8673
2024-05-09 13:10:27.222 | INFO     | __main__:<module>:100 - Epoch: 52, Loss: 0.2348, Train Acc: 0.9218,  Test_Loss: 0.2440,Test Acc: 0.9069,Test F1: 0.8428,Test auc: 0.8673
2024-05-09 13:10:27.250 | INFO     | __main__:<module>:100 - Epoch: 53, Loss: 0.2510, Train Acc: 0.9236,  Test_Loss: 0.2373,Test Acc: 0.9088,Test F1: 0.8474,Test auc: 0.8715
2024-05-09 13:10:27.277 | INFO     | __main__:<module>:100 - Epoch: 54, Loss: 0.2630, Train Acc: 0.9134,  Test_Loss: 0.2355,Test Acc: 0.9088,Test F1: 0.8483,Test auc: 0.8729
2024-05-09 13:10:27.313 | INFO     | __main__:<module>:100 - Epoch: 55, Loss: 0.2433, Train Acc: 0.9278,  Test_Loss: 0.2319,Test Acc: 0.9069,Test F1: 0.8466,Test auc: 0.8729
2024-05-09 13:10:27.348 | INFO     | __main__:<module>:100 - Epoch: 56, Loss: 0.2486, Train Acc: 0.9316,  Test_Loss: 0.2383,Test Acc: 0.9088,Test F1: 0.8474,Test auc: 0.8715
2024-05-09 13:10:27.349 | INFO     | __main__:<module>:118 - 1.5306055545806885
2024-05-09 13:10:29.852 | INFO     | __main__:<module>:79 - Namespace(dataset='ca-astroph', model='GCN', learning_rate=0.01, epochs=9999, hidden_units=16, dropout=0.4, weight_decay=0.01, weight_decay1=0.01, weight_decay2=0.0005, early_stopping=30, residual=True, seed=824, type='Binary', DEVICE='cuda', theta=0.5, layers=64, alpha=0.1, feature_type='x_55', CGCN=0)
2024-05-09 13:10:29.853 | INFO     | __main__:<module>:80 - Data(edge_index=[2, 393944], num_nodes=17903, x=[17903, 10], train_mask=[17903], test_mask=[17903], label=[17903])
2024-05-09 13:10:29.886 | INFO     | __main__:<module>:100 - Epoch: 00, Loss: 2.3124, Train Acc: 0.5922,  Test_Loss: 1.0256,Test Acc: 0.7840,Test F1: 0.7010,Test auc: 0.7779
2024-05-09 13:10:29.918 | INFO     | __main__:<module>:100 - Epoch: 01, Loss: 1.4597, Train Acc: 0.7607,  Test_Loss: 0.6008,Test Acc: 0.8808,Test F1: 0.8439,Test auc: 0.9022
2024-05-09 13:10:29.944 | INFO     | __main__:<module>:100 - Epoch: 02, Loss: 1.2332, Train Acc: 0.7947,  Test_Loss: 0.6137,Test Acc: 0.8957,Test F1: 0.8641,Test auc: 0.9204
2024-05-09 13:10:29.980 | INFO     | __main__:<module>:100 - Epoch: 03, Loss: 1.1419, Train Acc: 0.8007,  Test_Loss: 0.5993,Test Acc: 0.8994,Test F1: 0.8683,Test auc: 0.9232
2024-05-09 13:10:30.015 | INFO     | __main__:<module>:100 - Epoch: 04, Loss: 0.9722, Train Acc: 0.8231,  Test_Loss: 0.5748,Test Acc: 0.9162,Test F1: 0.8872,Test auc: 0.9344
2024-05-09 13:10:30.050 | INFO     | __main__:<module>:100 - Epoch: 05, Loss: 0.8457, Train Acc: 0.8305,  Test_Loss: 0.5342,Test Acc: 0.9274,Test F1: 0.9003,Test auc: 0.9413
2024-05-09 13:10:30.086 | INFO     | __main__:<module>:100 - Epoch: 06, Loss: 0.7168, Train Acc: 0.8534,  Test_Loss: 0.4783,Test Acc: 0.9348,Test F1: 0.9086,Test auc: 0.9441
2024-05-09 13:10:30.125 | INFO     | __main__:<module>:100 - Epoch: 07, Loss: 0.5838, Train Acc: 0.8669,  Test_Loss: 0.4248,Test Acc: 0.9330,Test F1: 0.9032,Test auc: 0.9344
2024-05-09 13:10:30.176 | INFO     | __main__:<module>:100 - Epoch: 08, Loss: 0.5223, Train Acc: 0.8669,  Test_Loss: 0.3879,Test Acc: 0.9330,Test F1: 0.9011,Test auc: 0.9288
2024-05-09 13:10:30.209 | INFO     | __main__:<module>:100 - Epoch: 09, Loss: 0.5217, Train Acc: 0.8720,  Test_Loss: 0.3580,Test Acc: 0.9292,Test F1: 0.8927,Test auc: 0.9176
2024-05-09 13:10:30.244 | INFO     | __main__:<module>:100 - Epoch: 10, Loss: 0.4527, Train Acc: 0.8673,  Test_Loss: 0.3299,Test Acc: 0.9330,Test F1: 0.8977,Test auc: 0.9204
2024-05-09 13:10:30.283 | INFO     | __main__:<module>:100 - Epoch: 11, Loss: 0.4339, Train Acc: 0.8776,  Test_Loss: 0.3018,Test Acc: 0.9404,Test F1: 0.9101,Test auc: 0.9316
2024-05-09 13:10:30.325 | INFO     | __main__:<module>:100 - Epoch: 12, Loss: 0.4024, Train Acc: 0.8804,  Test_Loss: 0.2763,Test Acc: 0.9497,Test F1: 0.9272,Test auc: 0.9525
2024-05-09 13:10:30.368 | INFO     | __main__:<module>:100 - Epoch: 13, Loss: 0.3665, Train Acc: 0.9008,  Test_Loss: 0.2610,Test Acc: 0.9479,Test F1: 0.9259,Test auc: 0.9553
2024-05-09 13:10:30.398 | INFO     | __main__:<module>:100 - Epoch: 14, Loss: 0.3810, Train Acc: 0.8934,  Test_Loss: 0.2538,Test Acc: 0.9460,Test F1: 0.9235,Test auc: 0.9539
2024-05-09 13:10:30.429 | INFO     | __main__:<module>:100 - Epoch: 15, Loss: 0.3813, Train Acc: 0.8892,  Test_Loss: 0.2495,Test Acc: 0.9479,Test F1: 0.9263,Test auc: 0.9567
2024-05-09 13:10:30.460 | INFO     | __main__:<module>:100 - Epoch: 16, Loss: 0.3759, Train Acc: 0.8915,  Test_Loss: 0.2415,Test Acc: 0.9534,Test F1: 0.9340,Test auc: 0.9623
2024-05-09 13:10:30.501 | INFO     | __main__:<module>:100 - Epoch: 17, Loss: 0.3442, Train Acc: 0.9004,  Test_Loss: 0.2324,Test Acc: 0.9572,Test F1: 0.9390,Test auc: 0.9651
2024-05-09 13:10:30.542 | INFO     | __main__:<module>:100 - Epoch: 18, Loss: 0.3223, Train Acc: 0.9069,  Test_Loss: 0.2258,Test Acc: 0.9609,Test F1: 0.9440,Test auc: 0.9679
2024-05-09 13:10:30.587 | INFO     | __main__:<module>:100 - Epoch: 19, Loss: 0.3180, Train Acc: 0.9162,  Test_Loss: 0.2215,Test Acc: 0.9609,Test F1: 0.9437,Test auc: 0.9665
2024-05-09 13:10:30.619 | INFO     | __main__:<module>:100 - Epoch: 20, Loss: 0.2959, Train Acc: 0.9181,  Test_Loss: 0.2182,Test Acc: 0.9665,Test F1: 0.9511,Test auc: 0.9693
2024-05-09 13:10:30.649 | INFO     | __main__:<module>:100 - Epoch: 21, Loss: 0.2945, Train Acc: 0.9171,  Test_Loss: 0.2126,Test Acc: 0.9683,Test F1: 0.9539,Test auc: 0.9721
2024-05-09 13:10:30.682 | INFO     | __main__:<module>:100 - Epoch: 22, Loss: 0.3095, Train Acc: 0.9115,  Test_Loss: 0.2047,Test Acc: 0.9683,Test F1: 0.9542,Test auc: 0.9735
2024-05-09 13:10:30.722 | INFO     | __main__:<module>:100 - Epoch: 23, Loss: 0.2804, Train Acc: 0.9176,  Test_Loss: 0.1974,Test Acc: 0.9646,Test F1: 0.9493,Test auc: 0.9721
2024-05-09 13:10:30.764 | INFO     | __main__:<module>:100 - Epoch: 24, Loss: 0.2809, Train Acc: 0.9190,  Test_Loss: 0.1923,Test Acc: 0.9628,Test F1: 0.9468,Test auc: 0.9707
2024-05-09 13:10:30.800 | INFO     | __main__:<module>:100 - Epoch: 25, Loss: 0.2928, Train Acc: 0.9148,  Test_Loss: 0.1884,Test Acc: 0.9590,Test F1: 0.9418,Test auc: 0.9679
2024-05-09 13:10:30.832 | INFO     | __main__:<module>:100 - Epoch: 26, Loss: 0.2611, Train Acc: 0.9250,  Test_Loss: 0.1833,Test Acc: 0.9590,Test F1: 0.9418,Test auc: 0.9679
2024-05-09 13:10:30.862 | INFO     | __main__:<module>:100 - Epoch: 27, Loss: 0.2720, Train Acc: 0.9218,  Test_Loss: 0.1790,Test Acc: 0.9628,Test F1: 0.9468,Test auc: 0.9707
2024-05-09 13:10:30.897 | INFO     | __main__:<module>:100 - Epoch: 28, Loss: 0.2682, Train Acc: 0.9209,  Test_Loss: 0.1760,Test Acc: 0.9683,Test F1: 0.9544,Test auc: 0.9749
2024-05-09 13:10:30.936 | INFO     | __main__:<module>:100 - Epoch: 29, Loss: 0.2641, Train Acc: 0.9176,  Test_Loss: 0.1743,Test Acc: 0.9721,Test F1: 0.9596,Test auc: 0.9777
2024-05-09 13:10:30.975 | INFO     | __main__:<module>:100 - Epoch: 30, Loss: 0.2657, Train Acc: 0.9125,  Test_Loss: 0.1729,Test Acc: 0.9721,Test F1: 0.9596,Test auc: 0.9777
2024-05-09 13:10:31.015 | INFO     | __main__:<module>:100 - Epoch: 31, Loss: 0.2335, Train Acc: 0.9311,  Test_Loss: 0.1690,Test Acc: 0.9721,Test F1: 0.9596,Test auc: 0.9777
2024-05-09 13:10:31.046 | INFO     | __main__:<module>:100 - Epoch: 32, Loss: 0.2437, Train Acc: 0.9190,  Test_Loss: 0.1622,Test Acc: 0.9702,Test F1: 0.9570,Test auc: 0.9763
2024-05-09 13:10:31.077 | INFO     | __main__:<module>:100 - Epoch: 33, Loss: 0.2280, Train Acc: 0.9297,  Test_Loss: 0.1580,Test Acc: 0.9609,Test F1: 0.9443,Test auc: 0.9693
2024-05-09 13:10:31.115 | INFO     | __main__:<module>:100 - Epoch: 34, Loss: 0.2389, Train Acc: 0.9250,  Test_Loss: 0.1556,Test Acc: 0.9590,Test F1: 0.9421,Test auc: 0.9693
2024-05-09 13:10:31.160 | INFO     | __main__:<module>:100 - Epoch: 35, Loss: 0.2390, Train Acc: 0.9278,  Test_Loss: 0.1530,Test Acc: 0.9590,Test F1: 0.9421,Test auc: 0.9693
2024-05-09 13:10:31.205 | INFO     | __main__:<module>:100 - Epoch: 36, Loss: 0.2451, Train Acc: 0.9236,  Test_Loss: 0.1504,Test Acc: 0.9609,Test F1: 0.9443,Test auc: 0.9693
2024-05-09 13:10:31.236 | INFO     | __main__:<module>:100 - Epoch: 37, Loss: 0.2250, Train Acc: 0.9302,  Test_Loss: 0.1491,Test Acc: 0.9702,Test F1: 0.9570,Test auc: 0.9763
2024-05-09 13:10:31.259 | INFO     | __main__:<module>:100 - Epoch: 38, Loss: 0.2073, Train Acc: 0.9311,  Test_Loss: 0.1499,Test Acc: 0.9702,Test F1: 0.9568,Test auc: 0.9749
2024-05-09 13:10:31.285 | INFO     | __main__:<module>:100 - Epoch: 39, Loss: 0.2296, Train Acc: 0.9297,  Test_Loss: 0.1505,Test Acc: 0.9702,Test F1: 0.9568,Test auc: 0.9749
2024-05-09 13:10:31.310 | INFO     | __main__:<module>:100 - Epoch: 40, Loss: 0.2253, Train Acc: 0.9274,  Test_Loss: 0.1519,Test Acc: 0.9702,Test F1: 0.9565,Test auc: 0.9735
2024-05-09 13:10:31.340 | INFO     | __main__:<module>:100 - Epoch: 41, Loss: 0.2322, Train Acc: 0.9260,  Test_Loss: 0.1518,Test Acc: 0.9702,Test F1: 0.9565,Test auc: 0.9735
2024-05-09 13:10:31.374 | INFO     | __main__:<module>:100 - Epoch: 42, Loss: 0.2264, Train Acc: 0.9218,  Test_Loss: 0.1508,Test Acc: 0.9739,Test F1: 0.9622,Test auc: 0.9791
2024-05-09 13:10:31.411 | INFO     | __main__:<module>:100 - Epoch: 43, Loss: 0.2207, Train Acc: 0.9283,  Test_Loss: 0.1530,Test Acc: 0.9721,Test F1: 0.9593,Test auc: 0.9763
2024-05-09 13:10:31.441 | INFO     | __main__:<module>:100 - Epoch: 44, Loss: 0.2339, Train Acc: 0.9264,  Test_Loss: 0.1545,Test Acc: 0.9721,Test F1: 0.9593,Test auc: 0.9763
2024-05-09 13:10:31.469 | INFO     | __main__:<module>:100 - Epoch: 45, Loss: 0.2365, Train Acc: 0.9269,  Test_Loss: 0.1571,Test Acc: 0.9702,Test F1: 0.9565,Test auc: 0.9735
2024-05-09 13:10:31.493 | INFO     | __main__:<module>:100 - Epoch: 46, Loss: 0.2307, Train Acc: 0.9274,  Test_Loss: 0.1577,Test Acc: 0.9702,Test F1: 0.9565,Test auc: 0.9735
2024-05-09 13:10:31.521 | INFO     | __main__:<module>:100 - Epoch: 47, Loss: 0.2117, Train Acc: 0.9362,  Test_Loss: 0.1561,Test Acc: 0.9721,Test F1: 0.9593,Test auc: 0.9763
2024-05-09 13:10:31.552 | INFO     | __main__:<module>:100 - Epoch: 48, Loss: 0.2317, Train Acc: 0.9241,  Test_Loss: 0.1580,Test Acc: 0.9721,Test F1: 0.9593,Test auc: 0.9763
2024-05-09 13:10:31.585 | INFO     | __main__:<module>:100 - Epoch: 49, Loss: 0.2230, Train Acc: 0.9297,  Test_Loss: 0.1606,Test Acc: 0.9553,Test F1: 0.9333,Test auc: 0.9511
2024-05-09 13:10:31.620 | INFO     | __main__:<module>:100 - Epoch: 50, Loss: 0.2237, Train Acc: 0.9306,  Test_Loss: 0.1640,Test Acc: 0.9479,Test F1: 0.9209,Test auc: 0.9385
2024-05-09 13:10:31.655 | INFO     | __main__:<module>:100 - Epoch: 51, Loss: 0.2219, Train Acc: 0.9283,  Test_Loss: 0.1614,Test Acc: 0.9553,Test F1: 0.9333,Test auc: 0.9511
2024-05-09 13:10:31.677 | INFO     | __main__:<module>:100 - Epoch: 52, Loss: 0.2267, Train Acc: 0.9255,  Test_Loss: 0.1603,Test Acc: 0.9646,Test F1: 0.9479,Test auc: 0.9651
2024-05-09 13:10:31.702 | INFO     | __main__:<module>:100 - Epoch: 53, Loss: 0.2261, Train Acc: 0.9325,  Test_Loss: 0.1624,Test Acc: 0.9479,Test F1: 0.9213,Test auc: 0.9399
2024-05-09 13:10:31.726 | INFO     | __main__:<module>:100 - Epoch: 54, Loss: 0.2208, Train Acc: 0.9311,  Test_Loss: 0.1622,Test Acc: 0.9497,Test F1: 0.9244,Test auc: 0.9427
2024-05-09 13:10:31.758 | INFO     | __main__:<module>:100 - Epoch: 55, Loss: 0.2306, Train Acc: 0.9260,  Test_Loss: 0.1631,Test Acc: 0.9460,Test F1: 0.9183,Test auc: 0.9372
2024-05-09 13:10:31.796 | INFO     | __main__:<module>:100 - Epoch: 56, Loss: 0.2236, Train Acc: 0.9292,  Test_Loss: 0.1621,Test Acc: 0.9460,Test F1: 0.9183,Test auc: 0.9372
2024-05-09 13:10:31.829 | INFO     | __main__:<module>:100 - Epoch: 57, Loss: 0.2230, Train Acc: 0.9274,  Test_Loss: 0.1579,Test Acc: 0.9665,Test F1: 0.9508,Test auc: 0.9679
2024-05-09 13:10:31.859 | INFO     | __main__:<module>:100 - Epoch: 58, Loss: 0.2236, Train Acc: 0.9274,  Test_Loss: 0.1575,Test Acc: 0.9665,Test F1: 0.9508,Test auc: 0.9679
2024-05-09 13:10:31.885 | INFO     | __main__:<module>:100 - Epoch: 59, Loss: 0.2172, Train Acc: 0.9316,  Test_Loss: 0.1540,Test Acc: 0.9739,Test F1: 0.9622,Test auc: 0.9791
2024-05-09 13:10:31.910 | INFO     | __main__:<module>:100 - Epoch: 60, Loss: 0.2216, Train Acc: 0.9246,  Test_Loss: 0.1561,Test Acc: 0.9721,Test F1: 0.9593,Test auc: 0.9763
2024-05-09 13:10:31.937 | INFO     | __main__:<module>:100 - Epoch: 61, Loss: 0.2258, Train Acc: 0.9278,  Test_Loss: 0.1550,Test Acc: 0.9721,Test F1: 0.9593,Test auc: 0.9763
2024-05-09 13:10:31.962 | INFO     | __main__:<module>:100 - Epoch: 62, Loss: 0.2272, Train Acc: 0.9227,  Test_Loss: 0.1538,Test Acc: 0.9721,Test F1: 0.9596,Test auc: 0.9777
2024-05-09 13:10:31.991 | INFO     | __main__:<module>:100 - Epoch: 63, Loss: 0.2116, Train Acc: 0.9330,  Test_Loss: 0.1541,Test Acc: 0.9721,Test F1: 0.9596,Test auc: 0.9777
2024-05-09 13:10:32.031 | INFO     | __main__:<module>:100 - Epoch: 64, Loss: 0.2373, Train Acc: 0.9190,  Test_Loss: 0.1536,Test Acc: 0.9721,Test F1: 0.9596,Test auc: 0.9777
2024-05-09 13:10:32.059 | INFO     | __main__:<module>:100 - Epoch: 65, Loss: 0.2188, Train Acc: 0.9269,  Test_Loss: 0.1558,Test Acc: 0.9739,Test F1: 0.9622,Test auc: 0.9791
2024-05-09 13:10:32.086 | INFO     | __main__:<module>:100 - Epoch: 66, Loss: 0.2251, Train Acc: 0.9227,  Test_Loss: 0.1564,Test Acc: 0.9739,Test F1: 0.9622,Test auc: 0.9791
2024-05-09 13:10:32.110 | INFO     | __main__:<module>:100 - Epoch: 67, Loss: 0.2357, Train Acc: 0.9255,  Test_Loss: 0.1609,Test Acc: 0.9479,Test F1: 0.9213,Test auc: 0.9399
2024-05-09 13:10:32.110 | INFO     | __main__:<module>:118 - 1.6925578117370605
