2024-05-09 13:21:40.521 | INFO     | __main__:<module>:74 - Namespace(dataset='ca-grqc', model='GCN', learning_rate=0.01, epochs=9999, hidden_units=16, dropout=0.4, weight_decay=0.01, weight_decay1=0.01, weight_decay2=0.0005, early_stopping=30, residual=True, seed=824, type='Binary', DEVICE='cuda', theta=0.5, layers=64, alpha=0.1, feature_type='x_65', CGCN=0)
2024-05-09 13:21:40.522 | INFO     | __main__:<module>:75 - Data(edge_index=[2, 26844], weight=[26844], num_nodes=4158, x=[4158, 8], train_mask=[4158], test_mask=[4158], label=[4158])
2024-05-09 13:21:40.571 | INFO     | __main__:<module>:95 - Epoch: 00, Loss: 3.0257, Train Acc: 0.7179,  Test_Loss: 0.8829,Test Acc: 0.8085,Test F1: 0.6727,Test auc: 0.7537
2024-05-09 13:21:40.617 | INFO     | __main__:<module>:95 - Epoch: 01, Loss: 1.4278, Train Acc: 0.8005,  Test_Loss: 0.7365,Test Acc: 0.8245,Test F1: 0.7273,Test auc: 0.7932
2024-05-09 13:21:40.652 | INFO     | __main__:<module>:95 - Epoch: 02, Loss: 0.7096, Train Acc: 0.8394,  Test_Loss: 0.6905,Test Acc: 0.8564,Test F1: 0.7652,Test auc: 0.8172
2024-05-09 13:21:40.682 | INFO     | __main__:<module>:95 - Epoch: 03, Loss: 0.6588, Train Acc: 0.8922,  Test_Loss: 0.6433,Test Acc: 0.8564,Test F1: 0.7568,Test auc: 0.8093
2024-05-09 13:21:40.715 | INFO     | __main__:<module>:95 - Epoch: 04, Loss: 0.6025, Train Acc: 0.9174,  Test_Loss: 0.5922,Test Acc: 0.8830,Test F1: 0.8103,Test auc: 0.8490
2024-05-09 13:21:40.767 | INFO     | __main__:<module>:95 - Epoch: 05, Loss: 0.5260, Train Acc: 0.8830,  Test_Loss: 0.5360,Test Acc: 0.8830,Test F1: 0.8103,Test auc: 0.8490
2024-05-09 13:21:40.825 | INFO     | __main__:<module>:95 - Epoch: 06, Loss: 0.5961, Train Acc: 0.8968,  Test_Loss: 0.4778,Test Acc: 0.9043,Test F1: 0.8500,Test auc: 0.8808
2024-05-09 13:21:40.863 | INFO     | __main__:<module>:95 - Epoch: 07, Loss: 0.4365, Train Acc: 0.9083,  Test_Loss: 0.4343,Test Acc: 0.9309,Test F1: 0.8960,Test auc: 0.9204
2024-05-09 13:21:40.904 | INFO     | __main__:<module>:95 - Epoch: 08, Loss: 0.4314, Train Acc: 0.9312,  Test_Loss: 0.4028,Test Acc: 0.9362,Test F1: 0.9032,Test auc: 0.9244
2024-05-09 13:21:40.932 | INFO     | __main__:<module>:95 - Epoch: 09, Loss: 0.3770, Train Acc: 0.9197,  Test_Loss: 0.3757,Test Acc: 0.9415,Test F1: 0.9106,Test auc: 0.9284
2024-05-09 13:21:40.984 | INFO     | __main__:<module>:95 - Epoch: 10, Loss: 0.3332, Train Acc: 0.9220,  Test_Loss: 0.3485,Test Acc: 0.9415,Test F1: 0.9106,Test auc: 0.9284
2024-05-09 13:21:41.029 | INFO     | __main__:<module>:95 - Epoch: 11, Loss: 0.3286, Train Acc: 0.9381,  Test_Loss: 0.3146,Test Acc: 0.9415,Test F1: 0.9106,Test auc: 0.9284
2024-05-09 13:21:41.063 | INFO     | __main__:<module>:95 - Epoch: 12, Loss: 0.3205, Train Acc: 0.9427,  Test_Loss: 0.2806,Test Acc: 0.9415,Test F1: 0.9106,Test auc: 0.9284
2024-05-09 13:21:41.104 | INFO     | __main__:<module>:95 - Epoch: 13, Loss: 0.2810, Train Acc: 0.9335,  Test_Loss: 0.2510,Test Acc: 0.9468,Test F1: 0.9194,Test auc: 0.9364
2024-05-09 13:21:41.132 | INFO     | __main__:<module>:95 - Epoch: 14, Loss: 0.2491, Train Acc: 0.9450,  Test_Loss: 0.2292,Test Acc: 0.9468,Test F1: 0.9194,Test auc: 0.9364
2024-05-09 13:21:41.174 | INFO     | __main__:<module>:95 - Epoch: 15, Loss: 0.2995, Train Acc: 0.9220,  Test_Loss: 0.2219,Test Acc: 0.9468,Test F1: 0.9194,Test auc: 0.9364
2024-05-09 13:21:41.219 | INFO     | __main__:<module>:95 - Epoch: 16, Loss: 0.2839, Train Acc: 0.9151,  Test_Loss: 0.2151,Test Acc: 0.9468,Test F1: 0.9194,Test auc: 0.9364
2024-05-09 13:21:41.263 | INFO     | __main__:<module>:95 - Epoch: 17, Loss: 0.2520, Train Acc: 0.9312,  Test_Loss: 0.2040,Test Acc: 0.9468,Test F1: 0.9194,Test auc: 0.9364
2024-05-09 13:21:41.298 | INFO     | __main__:<module>:95 - Epoch: 18, Loss: 0.2939, Train Acc: 0.9060,  Test_Loss: 0.1963,Test Acc: 0.9468,Test F1: 0.9194,Test auc: 0.9364
2024-05-09 13:21:41.333 | INFO     | __main__:<module>:95 - Epoch: 19, Loss: 0.2767, Train Acc: 0.9128,  Test_Loss: 0.1942,Test Acc: 0.9468,Test F1: 0.9194,Test auc: 0.9364
2024-05-09 13:21:41.385 | INFO     | __main__:<module>:95 - Epoch: 20, Loss: 0.2241, Train Acc: 0.9518,  Test_Loss: 0.1937,Test Acc: 0.9415,Test F1: 0.9120,Test auc: 0.9324
2024-05-09 13:21:41.434 | INFO     | __main__:<module>:95 - Epoch: 21, Loss: 0.1956, Train Acc: 0.9495,  Test_Loss: 0.1933,Test Acc: 0.9468,Test F1: 0.9206,Test auc: 0.9403
2024-05-09 13:21:41.485 | INFO     | __main__:<module>:95 - Epoch: 22, Loss: 0.2593, Train Acc: 0.9289,  Test_Loss: 0.1931,Test Acc: 0.9468,Test F1: 0.9206,Test auc: 0.9403
2024-05-09 13:21:41.527 | INFO     | __main__:<module>:95 - Epoch: 23, Loss: 0.2321, Train Acc: 0.9427,  Test_Loss: 0.1923,Test Acc: 0.9468,Test F1: 0.9206,Test auc: 0.9403
2024-05-09 13:21:41.553 | INFO     | __main__:<module>:95 - Epoch: 24, Loss: 0.2288, Train Acc: 0.9404,  Test_Loss: 0.1909,Test Acc: 0.9468,Test F1: 0.9206,Test auc: 0.9403
2024-05-09 13:21:41.585 | INFO     | __main__:<module>:95 - Epoch: 25, Loss: 0.2375, Train Acc: 0.9243,  Test_Loss: 0.1898,Test Acc: 0.9415,Test F1: 0.9120,Test auc: 0.9324
2024-05-09 13:21:41.624 | INFO     | __main__:<module>:95 - Epoch: 26, Loss: 0.2503, Train Acc: 0.9427,  Test_Loss: 0.1891,Test Acc: 0.9468,Test F1: 0.9194,Test auc: 0.9364
2024-05-09 13:21:41.664 | INFO     | __main__:<module>:95 - Epoch: 27, Loss: 0.2527, Train Acc: 0.9243,  Test_Loss: 0.1879,Test Acc: 0.9468,Test F1: 0.9194,Test auc: 0.9364
2024-05-09 13:21:41.710 | INFO     | __main__:<module>:95 - Epoch: 28, Loss: 0.2055, Train Acc: 0.9404,  Test_Loss: 0.1868,Test Acc: 0.9468,Test F1: 0.9194,Test auc: 0.9364
2024-05-09 13:21:41.732 | INFO     | __main__:<module>:95 - Epoch: 29, Loss: 0.2377, Train Acc: 0.9289,  Test_Loss: 0.1851,Test Acc: 0.9468,Test F1: 0.9194,Test auc: 0.9364
2024-05-09 13:21:41.763 | INFO     | __main__:<module>:95 - Epoch: 30, Loss: 0.2556, Train Acc: 0.9151,  Test_Loss: 0.1824,Test Acc: 0.9468,Test F1: 0.9194,Test auc: 0.9364
2024-05-09 13:21:41.798 | INFO     | __main__:<module>:95 - Epoch: 31, Loss: 0.2195, Train Acc: 0.9427,  Test_Loss: 0.1792,Test Acc: 0.9468,Test F1: 0.9194,Test auc: 0.9364
2024-05-09 13:21:41.839 | INFO     | __main__:<module>:95 - Epoch: 32, Loss: 0.1827, Train Acc: 0.9564,  Test_Loss: 0.1737,Test Acc: 0.9468,Test F1: 0.9194,Test auc: 0.9364
2024-05-09 13:21:41.883 | INFO     | __main__:<module>:95 - Epoch: 33, Loss: 0.2218, Train Acc: 0.9427,  Test_Loss: 0.1665,Test Acc: 0.9468,Test F1: 0.9194,Test auc: 0.9364
2024-05-09 13:21:41.933 | INFO     | __main__:<module>:95 - Epoch: 34, Loss: 0.2172, Train Acc: 0.9518,  Test_Loss: 0.1596,Test Acc: 0.9468,Test F1: 0.9194,Test auc: 0.9364
2024-05-09 13:21:41.971 | INFO     | __main__:<module>:95 - Epoch: 35, Loss: 0.2065, Train Acc: 0.9358,  Test_Loss: 0.1516,Test Acc: 0.9468,Test F1: 0.9194,Test auc: 0.9364
2024-05-09 13:21:42.017 | INFO     | __main__:<module>:95 - Epoch: 36, Loss: 0.2110, Train Acc: 0.9381,  Test_Loss: 0.1439,Test Acc: 0.9468,Test F1: 0.9206,Test auc: 0.9403
2024-05-09 13:21:42.079 | INFO     | __main__:<module>:95 - Epoch: 37, Loss: 0.1967, Train Acc: 0.9381,  Test_Loss: 0.1386,Test Acc: 0.9468,Test F1: 0.9206,Test auc: 0.9403
2024-05-09 13:21:42.121 | INFO     | __main__:<module>:95 - Epoch: 38, Loss: 0.1905, Train Acc: 0.9312,  Test_Loss: 0.1367,Test Acc: 0.9468,Test F1: 0.9206,Test auc: 0.9403
2024-05-09 13:21:42.150 | INFO     | __main__:<module>:95 - Epoch: 39, Loss: 0.2531, Train Acc: 0.9243,  Test_Loss: 0.1368,Test Acc: 0.9521,Test F1: 0.9291,Test auc: 0.9483
2024-05-09 13:21:42.183 | INFO     | __main__:<module>:95 - Epoch: 40, Loss: 0.1929, Train Acc: 0.9404,  Test_Loss: 0.1361,Test Acc: 0.9521,Test F1: 0.9291,Test auc: 0.9483
2024-05-09 13:21:42.203 | INFO     | __main__:<module>:95 - Epoch: 41, Loss: 0.1808, Train Acc: 0.9450,  Test_Loss: 0.1392,Test Acc: 0.9468,Test F1: 0.9206,Test auc: 0.9403
2024-05-09 13:21:42.240 | INFO     | __main__:<module>:95 - Epoch: 42, Loss: 0.1779, Train Acc: 0.9472,  Test_Loss: 0.1372,Test Acc: 0.9468,Test F1: 0.9206,Test auc: 0.9403
2024-05-09 13:21:42.270 | INFO     | __main__:<module>:95 - Epoch: 43, Loss: 0.2047, Train Acc: 0.9312,  Test_Loss: 0.1396,Test Acc: 0.9468,Test F1: 0.9206,Test auc: 0.9403
2024-05-09 13:21:42.302 | INFO     | __main__:<module>:95 - Epoch: 44, Loss: 0.1994, Train Acc: 0.9358,  Test_Loss: 0.1384,Test Acc: 0.9468,Test F1: 0.9206,Test auc: 0.9403
2024-05-09 13:21:42.332 | INFO     | __main__:<module>:95 - Epoch: 45, Loss: 0.1821, Train Acc: 0.9518,  Test_Loss: 0.1377,Test Acc: 0.9468,Test F1: 0.9206,Test auc: 0.9403
2024-05-09 13:21:42.359 | INFO     | __main__:<module>:95 - Epoch: 46, Loss: 0.1946, Train Acc: 0.9358,  Test_Loss: 0.1422,Test Acc: 0.9468,Test F1: 0.9206,Test auc: 0.9403
2024-05-09 13:21:42.380 | INFO     | __main__:<module>:95 - Epoch: 47, Loss: 0.1678, Train Acc: 0.9518,  Test_Loss: 0.1405,Test Acc: 0.9468,Test F1: 0.9206,Test auc: 0.9403
2024-05-09 13:21:42.402 | INFO     | __main__:<module>:95 - Epoch: 48, Loss: 0.1712, Train Acc: 0.9541,  Test_Loss: 0.1384,Test Acc: 0.9468,Test F1: 0.9206,Test auc: 0.9403
2024-05-09 13:21:42.423 | INFO     | __main__:<module>:95 - Epoch: 49, Loss: 0.1748, Train Acc: 0.9564,  Test_Loss: 0.1377,Test Acc: 0.9468,Test F1: 0.9206,Test auc: 0.9403
2024-05-09 13:21:42.450 | INFO     | __main__:<module>:95 - Epoch: 50, Loss: 0.2162, Train Acc: 0.9197,  Test_Loss: 0.1454,Test Acc: 0.9468,Test F1: 0.9206,Test auc: 0.9403
2024-05-09 13:21:42.485 | INFO     | __main__:<module>:95 - Epoch: 51, Loss: 0.1840, Train Acc: 0.9358,  Test_Loss: 0.1487,Test Acc: 0.9468,Test F1: 0.9206,Test auc: 0.9403
2024-05-09 13:21:42.523 | INFO     | __main__:<module>:95 - Epoch: 52, Loss: 0.1954, Train Acc: 0.9495,  Test_Loss: 0.1511,Test Acc: 0.9468,Test F1: 0.9206,Test auc: 0.9403
2024-05-09 13:21:42.552 | INFO     | __main__:<module>:95 - Epoch: 53, Loss: 0.1655, Train Acc: 0.9427,  Test_Loss: 0.1504,Test Acc: 0.9468,Test F1: 0.9206,Test auc: 0.9403
2024-05-09 13:21:42.575 | INFO     | __main__:<module>:95 - Epoch: 54, Loss: 0.1821, Train Acc: 0.9518,  Test_Loss: 0.1501,Test Acc: 0.9468,Test F1: 0.9206,Test auc: 0.9403
2024-05-09 13:21:42.596 | INFO     | __main__:<module>:95 - Epoch: 55, Loss: 0.1632, Train Acc: 0.9633,  Test_Loss: 0.1476,Test Acc: 0.9468,Test F1: 0.9206,Test auc: 0.9403
2024-05-09 13:21:42.616 | INFO     | __main__:<module>:95 - Epoch: 56, Loss: 0.2094, Train Acc: 0.9358,  Test_Loss: 0.1547,Test Acc: 0.9468,Test F1: 0.9206,Test auc: 0.9403
2024-05-09 13:21:42.635 | INFO     | __main__:<module>:95 - Epoch: 57, Loss: 0.2169, Train Acc: 0.9472,  Test_Loss: 0.1585,Test Acc: 0.9468,Test F1: 0.9206,Test auc: 0.9403
2024-05-09 13:21:42.657 | INFO     | __main__:<module>:95 - Epoch: 58, Loss: 0.1717, Train Acc: 0.9518,  Test_Loss: 0.1569,Test Acc: 0.9468,Test F1: 0.9206,Test auc: 0.9403
2024-05-09 13:21:42.687 | INFO     | __main__:<module>:95 - Epoch: 59, Loss: 0.1684, Train Acc: 0.9472,  Test_Loss: 0.1592,Test Acc: 0.9468,Test F1: 0.9206,Test auc: 0.9403
2024-05-09 13:21:42.715 | INFO     | __main__:<module>:95 - Epoch: 60, Loss: 0.1973, Train Acc: 0.9472,  Test_Loss: 0.1576,Test Acc: 0.9468,Test F1: 0.9194,Test auc: 0.9364
2024-05-09 13:21:42.749 | INFO     | __main__:<module>:95 - Epoch: 61, Loss: 0.1949, Train Acc: 0.9427,  Test_Loss: 0.1569,Test Acc: 0.9521,Test F1: 0.9280,Test auc: 0.9443
2024-05-09 13:21:42.780 | INFO     | __main__:<module>:95 - Epoch: 62, Loss: 0.1891, Train Acc: 0.9358,  Test_Loss: 0.1551,Test Acc: 0.9468,Test F1: 0.9206,Test auc: 0.9403
2024-05-09 13:21:42.804 | INFO     | __main__:<module>:95 - Epoch: 63, Loss: 0.2526, Train Acc: 0.9128,  Test_Loss: 0.1657,Test Acc: 0.9468,Test F1: 0.9206,Test auc: 0.9403
2024-05-09 13:21:42.834 | INFO     | __main__:<module>:95 - Epoch: 64, Loss: 0.1855, Train Acc: 0.9404,  Test_Loss: 0.1617,Test Acc: 0.9468,Test F1: 0.9206,Test auc: 0.9403
2024-05-09 13:21:42.862 | INFO     | __main__:<module>:95 - Epoch: 65, Loss: 0.1744, Train Acc: 0.9518,  Test_Loss: 0.1585,Test Acc: 0.9521,Test F1: 0.9280,Test auc: 0.9443
2024-05-09 13:21:42.894 | INFO     | __main__:<module>:95 - Epoch: 66, Loss: 0.1958, Train Acc: 0.9404,  Test_Loss: 0.1560,Test Acc: 0.9468,Test F1: 0.9206,Test auc: 0.9403
2024-05-09 13:21:42.928 | INFO     | __main__:<module>:95 - Epoch: 67, Loss: 0.1727, Train Acc: 0.9518,  Test_Loss: 0.1542,Test Acc: 0.9468,Test F1: 0.9206,Test auc: 0.9403
2024-05-09 13:21:42.950 | INFO     | __main__:<module>:95 - Epoch: 68, Loss: 0.1924, Train Acc: 0.9495,  Test_Loss: 0.1522,Test Acc: 0.9521,Test F1: 0.9280,Test auc: 0.9443
2024-05-09 13:21:42.978 | INFO     | __main__:<module>:95 - Epoch: 69, Loss: 0.1795, Train Acc: 0.9495,  Test_Loss: 0.1486,Test Acc: 0.9521,Test F1: 0.9280,Test auc: 0.9443
2024-05-09 13:21:43.000 | INFO     | __main__:<module>:95 - Epoch: 70, Loss: 0.1637, Train Acc: 0.9541,  Test_Loss: 0.1506,Test Acc: 0.9521,Test F1: 0.9280,Test auc: 0.9443
2024-05-09 13:21:43.001 | INFO     | __main__:<module>:113 - 1.6075403690338135
2024-05-09 13:21:43.266 | INFO     | __main__:<module>:74 - Namespace(dataset='ca-grqc', model='GCN', learning_rate=0.01, epochs=9999, hidden_units=16, dropout=0.4, weight_decay=0.01, weight_decay1=0.01, weight_decay2=0.0005, early_stopping=30, residual=True, seed=824, type='Binary', DEVICE='cuda', theta=0.5, layers=64, alpha=0.1, feature_type='x_65', CGCN=0)
2024-05-09 13:21:43.267 | INFO     | __main__:<module>:75 - Data(edge_index=[2, 26844], weight=[26844], num_nodes=4158, x=[4158, 9], train_mask=[4158], test_mask=[4158], label=[4158])
2024-05-09 13:21:43.299 | INFO     | __main__:<module>:95 - Epoch: 00, Loss: 0.9292, Train Acc: 0.3165,  Test_Loss: 0.7211,Test Acc: 0.3777,Test F1: 0.5185,Test auc: 0.5320
2024-05-09 13:21:43.334 | INFO     | __main__:<module>:95 - Epoch: 01, Loss: 0.7707, Train Acc: 0.3716,  Test_Loss: 0.6564,Test Acc: 0.5585,Test F1: 0.5787,Test auc: 0.6444
2024-05-09 13:21:43.377 | INFO     | __main__:<module>:95 - Epoch: 02, Loss: 0.7529, Train Acc: 0.5688,  Test_Loss: 0.5905,Test Acc: 0.8351,Test F1: 0.7862,Test auc: 0.8524
2024-05-09 13:21:43.403 | INFO     | __main__:<module>:95 - Epoch: 03, Loss: 0.5240, Train Acc: 0.7271,  Test_Loss: 0.5494,Test Acc: 0.8883,Test F1: 0.8397,Test auc: 0.8845
2024-05-09 13:21:43.443 | INFO     | __main__:<module>:95 - Epoch: 04, Loss: 0.5708, Train Acc: 0.8372,  Test_Loss: 0.4980,Test Acc: 0.9255,Test F1: 0.8852,Test auc: 0.9086
2024-05-09 13:21:43.482 | INFO     | __main__:<module>:95 - Epoch: 05, Loss: 0.4690, Train Acc: 0.8968,  Test_Loss: 0.4458,Test Acc: 0.9255,Test F1: 0.8852,Test auc: 0.9086
2024-05-09 13:21:43.537 | INFO     | __main__:<module>:95 - Epoch: 06, Loss: 0.4956, Train Acc: 0.8945,  Test_Loss: 0.4171,Test Acc: 0.9255,Test F1: 0.8852,Test auc: 0.9086
2024-05-09 13:21:43.582 | INFO     | __main__:<module>:95 - Epoch: 07, Loss: 0.4056, Train Acc: 0.9151,  Test_Loss: 0.3887,Test Acc: 0.9255,Test F1: 0.8852,Test auc: 0.9086
2024-05-09 13:21:43.620 | INFO     | __main__:<module>:95 - Epoch: 08, Loss: 0.3728, Train Acc: 0.9358,  Test_Loss: 0.3644,Test Acc: 0.9255,Test F1: 0.8852,Test auc: 0.9086
2024-05-09 13:21:43.653 | INFO     | __main__:<module>:95 - Epoch: 09, Loss: 0.4229, Train Acc: 0.9312,  Test_Loss: 0.3496,Test Acc: 0.9309,Test F1: 0.8943,Test auc: 0.9165
2024-05-09 13:21:43.670 | INFO     | __main__:<module>:95 - Epoch: 10, Loss: 0.3938, Train Acc: 0.9151,  Test_Loss: 0.3605,Test Acc: 0.9415,Test F1: 0.9120,Test auc: 0.9324
2024-05-09 13:21:43.690 | INFO     | __main__:<module>:95 - Epoch: 11, Loss: 0.3446, Train Acc: 0.9266,  Test_Loss: 0.3605,Test Acc: 0.9415,Test F1: 0.9120,Test auc: 0.9324
2024-05-09 13:21:43.721 | INFO     | __main__:<module>:95 - Epoch: 12, Loss: 0.3900, Train Acc: 0.9335,  Test_Loss: 0.3549,Test Acc: 0.9415,Test F1: 0.9120,Test auc: 0.9324
2024-05-09 13:21:43.752 | INFO     | __main__:<module>:95 - Epoch: 13, Loss: 0.3757, Train Acc: 0.9335,  Test_Loss: 0.3497,Test Acc: 0.9415,Test F1: 0.9120,Test auc: 0.9324
2024-05-09 13:21:43.808 | INFO     | __main__:<module>:95 - Epoch: 14, Loss: 0.3793, Train Acc: 0.9335,  Test_Loss: 0.3476,Test Acc: 0.9415,Test F1: 0.9120,Test auc: 0.9324
2024-05-09 13:21:43.850 | INFO     | __main__:<module>:95 - Epoch: 15, Loss: 0.3402, Train Acc: 0.9312,  Test_Loss: 0.3474,Test Acc: 0.9415,Test F1: 0.9120,Test auc: 0.9324
2024-05-09 13:21:43.899 | INFO     | __main__:<module>:95 - Epoch: 16, Loss: 0.3167, Train Acc: 0.9358,  Test_Loss: 0.3437,Test Acc: 0.9415,Test F1: 0.9120,Test auc: 0.9324
2024-05-09 13:21:43.938 | INFO     | __main__:<module>:95 - Epoch: 17, Loss: 0.3225, Train Acc: 0.9427,  Test_Loss: 0.3347,Test Acc: 0.9415,Test F1: 0.9120,Test auc: 0.9324
2024-05-09 13:21:43.986 | INFO     | __main__:<module>:95 - Epoch: 18, Loss: 0.3486, Train Acc: 0.9495,  Test_Loss: 0.3176,Test Acc: 0.9415,Test F1: 0.9120,Test auc: 0.9324
2024-05-09 13:21:44.027 | INFO     | __main__:<module>:95 - Epoch: 19, Loss: 0.3034, Train Acc: 0.9358,  Test_Loss: 0.2988,Test Acc: 0.9415,Test F1: 0.9120,Test auc: 0.9324
2024-05-09 13:21:44.064 | INFO     | __main__:<module>:95 - Epoch: 20, Loss: 0.3299, Train Acc: 0.9472,  Test_Loss: 0.2744,Test Acc: 0.9415,Test F1: 0.9120,Test auc: 0.9324
2024-05-09 13:21:44.090 | INFO     | __main__:<module>:95 - Epoch: 21, Loss: 0.2978, Train Acc: 0.9381,  Test_Loss: 0.2473,Test Acc: 0.9468,Test F1: 0.9194,Test auc: 0.9364
2024-05-09 13:21:44.128 | INFO     | __main__:<module>:95 - Epoch: 22, Loss: 0.2745, Train Acc: 0.9427,  Test_Loss: 0.2222,Test Acc: 0.9468,Test F1: 0.9194,Test auc: 0.9364
2024-05-09 13:21:44.176 | INFO     | __main__:<module>:95 - Epoch: 23, Loss: 0.2555, Train Acc: 0.9289,  Test_Loss: 0.2074,Test Acc: 0.9468,Test F1: 0.9194,Test auc: 0.9364
2024-05-09 13:21:44.222 | INFO     | __main__:<module>:95 - Epoch: 24, Loss: 0.2598, Train Acc: 0.9289,  Test_Loss: 0.1969,Test Acc: 0.9468,Test F1: 0.9194,Test auc: 0.9364
2024-05-09 13:21:44.255 | INFO     | __main__:<module>:95 - Epoch: 25, Loss: 0.2257, Train Acc: 0.9381,  Test_Loss: 0.1905,Test Acc: 0.9468,Test F1: 0.9194,Test auc: 0.9364
2024-05-09 13:21:44.286 | INFO     | __main__:<module>:95 - Epoch: 26, Loss: 0.2281, Train Acc: 0.9427,  Test_Loss: 0.1832,Test Acc: 0.9468,Test F1: 0.9194,Test auc: 0.9364
2024-05-09 13:21:44.318 | INFO     | __main__:<module>:95 - Epoch: 27, Loss: 0.2206, Train Acc: 0.9289,  Test_Loss: 0.1753,Test Acc: 0.9521,Test F1: 0.9268,Test auc: 0.9404
2024-05-09 13:21:44.360 | INFO     | __main__:<module>:95 - Epoch: 28, Loss: 0.2446, Train Acc: 0.9404,  Test_Loss: 0.1670,Test Acc: 0.9521,Test F1: 0.9268,Test auc: 0.9404
2024-05-09 13:21:44.399 | INFO     | __main__:<module>:95 - Epoch: 29, Loss: 0.2312, Train Acc: 0.9243,  Test_Loss: 0.1566,Test Acc: 0.9521,Test F1: 0.9268,Test auc: 0.9404
2024-05-09 13:21:44.440 | INFO     | __main__:<module>:95 - Epoch: 30, Loss: 0.2105, Train Acc: 0.9289,  Test_Loss: 0.1483,Test Acc: 0.9521,Test F1: 0.9280,Test auc: 0.9443
2024-05-09 13:21:44.469 | INFO     | __main__:<module>:95 - Epoch: 31, Loss: 0.2406, Train Acc: 0.9335,  Test_Loss: 0.1479,Test Acc: 0.9521,Test F1: 0.9291,Test auc: 0.9483
2024-05-09 13:21:44.496 | INFO     | __main__:<module>:95 - Epoch: 32, Loss: 0.2617, Train Acc: 0.9335,  Test_Loss: 0.1504,Test Acc: 0.9574,Test F1: 0.9375,Test auc: 0.9562
2024-05-09 13:21:44.538 | INFO     | __main__:<module>:95 - Epoch: 33, Loss: 0.2065, Train Acc: 0.9564,  Test_Loss: 0.1465,Test Acc: 0.9521,Test F1: 0.9291,Test auc: 0.9483
2024-05-09 13:21:44.586 | INFO     | __main__:<module>:95 - Epoch: 34, Loss: 0.2224, Train Acc: 0.9495,  Test_Loss: 0.1446,Test Acc: 0.9521,Test F1: 0.9280,Test auc: 0.9443
2024-05-09 13:21:44.614 | INFO     | __main__:<module>:95 - Epoch: 35, Loss: 0.2093, Train Acc: 0.9541,  Test_Loss: 0.1486,Test Acc: 0.9468,Test F1: 0.9194,Test auc: 0.9364
2024-05-09 13:21:44.645 | INFO     | __main__:<module>:95 - Epoch: 36, Loss: 0.2253, Train Acc: 0.9312,  Test_Loss: 0.1466,Test Acc: 0.9468,Test F1: 0.9194,Test auc: 0.9364
2024-05-09 13:21:44.662 | INFO     | __main__:<module>:95 - Epoch: 37, Loss: 0.2251, Train Acc: 0.9358,  Test_Loss: 0.1498,Test Acc: 0.9468,Test F1: 0.9194,Test auc: 0.9364
2024-05-09 13:21:44.684 | INFO     | __main__:<module>:95 - Epoch: 38, Loss: 0.1799, Train Acc: 0.9610,  Test_Loss: 0.1486,Test Acc: 0.9468,Test F1: 0.9194,Test auc: 0.9364
2024-05-09 13:21:44.704 | INFO     | __main__:<module>:95 - Epoch: 39, Loss: 0.2055, Train Acc: 0.9564,  Test_Loss: 0.1487,Test Acc: 0.9468,Test F1: 0.9194,Test auc: 0.9364
2024-05-09 13:21:44.730 | INFO     | __main__:<module>:95 - Epoch: 40, Loss: 0.1704, Train Acc: 0.9518,  Test_Loss: 0.1552,Test Acc: 0.9468,Test F1: 0.9194,Test auc: 0.9364
2024-05-09 13:21:44.757 | INFO     | __main__:<module>:95 - Epoch: 41, Loss: 0.1841, Train Acc: 0.9472,  Test_Loss: 0.1565,Test Acc: 0.9468,Test F1: 0.9194,Test auc: 0.9364
2024-05-09 13:21:44.780 | INFO     | __main__:<module>:95 - Epoch: 42, Loss: 0.1989, Train Acc: 0.9472,  Test_Loss: 0.1540,Test Acc: 0.9468,Test F1: 0.9194,Test auc: 0.9364
2024-05-09 13:21:44.808 | INFO     | __main__:<module>:95 - Epoch: 43, Loss: 0.2065, Train Acc: 0.9450,  Test_Loss: 0.1569,Test Acc: 0.9468,Test F1: 0.9194,Test auc: 0.9364
2024-05-09 13:21:44.847 | INFO     | __main__:<module>:95 - Epoch: 44, Loss: 0.2008, Train Acc: 0.9427,  Test_Loss: 0.1583,Test Acc: 0.9468,Test F1: 0.9194,Test auc: 0.9364
2024-05-09 13:21:44.872 | INFO     | __main__:<module>:95 - Epoch: 45, Loss: 0.1848, Train Acc: 0.9495,  Test_Loss: 0.1621,Test Acc: 0.9468,Test F1: 0.9194,Test auc: 0.9364
2024-05-09 13:21:44.899 | INFO     | __main__:<module>:95 - Epoch: 46, Loss: 0.2227, Train Acc: 0.9427,  Test_Loss: 0.1613,Test Acc: 0.9468,Test F1: 0.9194,Test auc: 0.9364
2024-05-09 13:21:44.921 | INFO     | __main__:<module>:95 - Epoch: 47, Loss: 0.2053, Train Acc: 0.9427,  Test_Loss: 0.1611,Test Acc: 0.9468,Test F1: 0.9194,Test auc: 0.9364
2024-05-09 13:21:44.942 | INFO     | __main__:<module>:95 - Epoch: 48, Loss: 0.1873, Train Acc: 0.9472,  Test_Loss: 0.1603,Test Acc: 0.9468,Test F1: 0.9194,Test auc: 0.9364
2024-05-09 13:21:44.973 | INFO     | __main__:<module>:95 - Epoch: 49, Loss: 0.1918, Train Acc: 0.9541,  Test_Loss: 0.1594,Test Acc: 0.9468,Test F1: 0.9194,Test auc: 0.9364
2024-05-09 13:21:45.000 | INFO     | __main__:<module>:95 - Epoch: 50, Loss: 0.1970, Train Acc: 0.9495,  Test_Loss: 0.1604,Test Acc: 0.9468,Test F1: 0.9194,Test auc: 0.9364
2024-05-09 13:21:45.031 | INFO     | __main__:<module>:95 - Epoch: 51, Loss: 0.2337, Train Acc: 0.9450,  Test_Loss: 0.1602,Test Acc: 0.9468,Test F1: 0.9194,Test auc: 0.9364
2024-05-09 13:21:45.054 | INFO     | __main__:<module>:95 - Epoch: 52, Loss: 0.1714, Train Acc: 0.9518,  Test_Loss: 0.1595,Test Acc: 0.9521,Test F1: 0.9268,Test auc: 0.9404
2024-05-09 13:21:45.080 | INFO     | __main__:<module>:95 - Epoch: 53, Loss: 0.2351, Train Acc: 0.9381,  Test_Loss: 0.1572,Test Acc: 0.9521,Test F1: 0.9268,Test auc: 0.9404
2024-05-09 13:21:45.105 | INFO     | __main__:<module>:95 - Epoch: 54, Loss: 0.2140, Train Acc: 0.9427,  Test_Loss: 0.1556,Test Acc: 0.9521,Test F1: 0.9268,Test auc: 0.9404
2024-05-09 13:21:45.124 | INFO     | __main__:<module>:95 - Epoch: 55, Loss: 0.1825, Train Acc: 0.9541,  Test_Loss: 0.1542,Test Acc: 0.9521,Test F1: 0.9268,Test auc: 0.9404
2024-05-09 13:21:45.148 | INFO     | __main__:<module>:95 - Epoch: 56, Loss: 0.1905, Train Acc: 0.9541,  Test_Loss: 0.1529,Test Acc: 0.9468,Test F1: 0.9194,Test auc: 0.9364
2024-05-09 13:21:45.171 | INFO     | __main__:<module>:95 - Epoch: 57, Loss: 0.2044, Train Acc: 0.9518,  Test_Loss: 0.1539,Test Acc: 0.9521,Test F1: 0.9268,Test auc: 0.9404
2024-05-09 13:21:45.193 | INFO     | __main__:<module>:95 - Epoch: 58, Loss: 0.2237, Train Acc: 0.9358,  Test_Loss: 0.1531,Test Acc: 0.9521,Test F1: 0.9268,Test auc: 0.9404
2024-05-09 13:21:45.223 | INFO     | __main__:<module>:95 - Epoch: 59, Loss: 0.2214, Train Acc: 0.9404,  Test_Loss: 0.1493,Test Acc: 0.9521,Test F1: 0.9268,Test auc: 0.9404
2024-05-09 13:21:45.254 | INFO     | __main__:<module>:95 - Epoch: 60, Loss: 0.2082, Train Acc: 0.9427,  Test_Loss: 0.1466,Test Acc: 0.9521,Test F1: 0.9268,Test auc: 0.9404
2024-05-09 13:21:45.290 | INFO     | __main__:<module>:95 - Epoch: 61, Loss: 0.1861, Train Acc: 0.9472,  Test_Loss: 0.1424,Test Acc: 0.9521,Test F1: 0.9268,Test auc: 0.9404
2024-05-09 13:21:45.312 | INFO     | __main__:<module>:95 - Epoch: 62, Loss: 0.1566, Train Acc: 0.9587,  Test_Loss: 0.1455,Test Acc: 0.9574,Test F1: 0.9344,Test auc: 0.9444
2024-05-09 13:21:45.341 | INFO     | __main__:<module>:95 - Epoch: 63, Loss: 0.1887, Train Acc: 0.9541,  Test_Loss: 0.1408,Test Acc: 0.9521,Test F1: 0.9268,Test auc: 0.9404
2024-05-09 13:21:45.374 | INFO     | __main__:<module>:95 - Epoch: 64, Loss: 0.1792, Train Acc: 0.9450,  Test_Loss: 0.1404,Test Acc: 0.9574,Test F1: 0.9344,Test auc: 0.9444
2024-05-09 13:21:45.418 | INFO     | __main__:<module>:95 - Epoch: 65, Loss: 0.1724, Train Acc: 0.9472,  Test_Loss: 0.1349,Test Acc: 0.9574,Test F1: 0.9344,Test auc: 0.9444
2024-05-09 13:21:45.460 | INFO     | __main__:<module>:95 - Epoch: 66, Loss: 0.1946, Train Acc: 0.9197,  Test_Loss: 0.1320,Test Acc: 0.9574,Test F1: 0.9344,Test auc: 0.9444
2024-05-09 13:21:45.479 | INFO     | __main__:<module>:95 - Epoch: 67, Loss: 0.1888, Train Acc: 0.9427,  Test_Loss: 0.1337,Test Acc: 0.9628,Test F1: 0.9431,Test auc: 0.9523
2024-05-09 13:21:45.513 | INFO     | __main__:<module>:95 - Epoch: 68, Loss: 0.2003, Train Acc: 0.9472,  Test_Loss: 0.1286,Test Acc: 0.9628,Test F1: 0.9440,Test auc: 0.9563
2024-05-09 13:21:45.534 | INFO     | __main__:<module>:95 - Epoch: 69, Loss: 0.1634, Train Acc: 0.9495,  Test_Loss: 0.1317,Test Acc: 0.9574,Test F1: 0.9365,Test auc: 0.9523
2024-05-09 13:21:45.553 | INFO     | __main__:<module>:95 - Epoch: 70, Loss: 0.1915, Train Acc: 0.9404,  Test_Loss: 0.1330,Test Acc: 0.9628,Test F1: 0.9440,Test auc: 0.9563
2024-05-09 13:21:45.572 | INFO     | __main__:<module>:95 - Epoch: 71, Loss: 0.1628, Train Acc: 0.9495,  Test_Loss: 0.1322,Test Acc: 0.9628,Test F1: 0.9440,Test auc: 0.9563
2024-05-09 13:21:45.618 | INFO     | __main__:<module>:95 - Epoch: 72, Loss: 0.1682, Train Acc: 0.9610,  Test_Loss: 0.1282,Test Acc: 0.9628,Test F1: 0.9440,Test auc: 0.9563
2024-05-09 13:21:45.656 | INFO     | __main__:<module>:95 - Epoch: 73, Loss: 0.1900, Train Acc: 0.9495,  Test_Loss: 0.1253,Test Acc: 0.9628,Test F1: 0.9440,Test auc: 0.9563
2024-05-09 13:21:45.689 | INFO     | __main__:<module>:95 - Epoch: 74, Loss: 0.1437, Train Acc: 0.9656,  Test_Loss: 0.1235,Test Acc: 0.9574,Test F1: 0.9365,Test auc: 0.9523
2024-05-09 13:21:45.716 | INFO     | __main__:<module>:95 - Epoch: 75, Loss: 0.1835, Train Acc: 0.9358,  Test_Loss: 0.1298,Test Acc: 0.9521,Test F1: 0.9280,Test auc: 0.9443
2024-05-09 13:21:45.732 | INFO     | __main__:<module>:95 - Epoch: 76, Loss: 0.1674, Train Acc: 0.9518,  Test_Loss: 0.1296,Test Acc: 0.9521,Test F1: 0.9280,Test auc: 0.9443
2024-05-09 13:21:45.759 | INFO     | __main__:<module>:95 - Epoch: 77, Loss: 0.1446, Train Acc: 0.9610,  Test_Loss: 0.1290,Test Acc: 0.9521,Test F1: 0.9280,Test auc: 0.9443
2024-05-09 13:21:45.786 | INFO     | __main__:<module>:95 - Epoch: 78, Loss: 0.1410, Train Acc: 0.9564,  Test_Loss: 0.1338,Test Acc: 0.9521,Test F1: 0.9280,Test auc: 0.9443
2024-05-09 13:21:45.812 | INFO     | __main__:<module>:95 - Epoch: 79, Loss: 0.1637, Train Acc: 0.9541,  Test_Loss: 0.1278,Test Acc: 0.9521,Test F1: 0.9280,Test auc: 0.9443
2024-05-09 13:21:45.848 | INFO     | __main__:<module>:95 - Epoch: 80, Loss: 0.1901, Train Acc: 0.9564,  Test_Loss: 0.1268,Test Acc: 0.9574,Test F1: 0.9355,Test auc: 0.9483
2024-05-09 13:21:45.875 | INFO     | __main__:<module>:95 - Epoch: 81, Loss: 0.1757, Train Acc: 0.9518,  Test_Loss: 0.1271,Test Acc: 0.9574,Test F1: 0.9355,Test auc: 0.9483
2024-05-09 13:21:45.907 | INFO     | __main__:<module>:95 - Epoch: 82, Loss: 0.1445, Train Acc: 0.9633,  Test_Loss: 0.1240,Test Acc: 0.9574,Test F1: 0.9355,Test auc: 0.9483
2024-05-09 13:21:45.931 | INFO     | __main__:<module>:95 - Epoch: 83, Loss: 0.1830, Train Acc: 0.9541,  Test_Loss: 0.1246,Test Acc: 0.9521,Test F1: 0.9280,Test auc: 0.9443
2024-05-09 13:21:45.954 | INFO     | __main__:<module>:95 - Epoch: 84, Loss: 0.1936, Train Acc: 0.9427,  Test_Loss: 0.1244,Test Acc: 0.9521,Test F1: 0.9280,Test auc: 0.9443
2024-05-09 13:21:45.984 | INFO     | __main__:<module>:95 - Epoch: 85, Loss: 0.2144, Train Acc: 0.9450,  Test_Loss: 0.1216,Test Acc: 0.9574,Test F1: 0.9355,Test auc: 0.9483
2024-05-09 13:21:46.018 | INFO     | __main__:<module>:95 - Epoch: 86, Loss: 0.1529, Train Acc: 0.9564,  Test_Loss: 0.1213,Test Acc: 0.9574,Test F1: 0.9355,Test auc: 0.9483
2024-05-09 13:21:46.057 | INFO     | __main__:<module>:95 - Epoch: 87, Loss: 0.1711, Train Acc: 0.9427,  Test_Loss: 0.1183,Test Acc: 0.9574,Test F1: 0.9355,Test auc: 0.9483
2024-05-09 13:21:46.100 | INFO     | __main__:<module>:95 - Epoch: 88, Loss: 0.1645, Train Acc: 0.9518,  Test_Loss: 0.1176,Test Acc: 0.9574,Test F1: 0.9355,Test auc: 0.9483
2024-05-09 13:21:46.120 | INFO     | __main__:<module>:95 - Epoch: 89, Loss: 0.1643, Train Acc: 0.9450,  Test_Loss: 0.1206,Test Acc: 0.9521,Test F1: 0.9268,Test auc: 0.9404
2024-05-09 13:21:46.156 | INFO     | __main__:<module>:95 - Epoch: 90, Loss: 0.1754, Train Acc: 0.9495,  Test_Loss: 0.1160,Test Acc: 0.9574,Test F1: 0.9355,Test auc: 0.9483
2024-05-09 13:21:46.188 | INFO     | __main__:<module>:95 - Epoch: 91, Loss: 0.1534, Train Acc: 0.9541,  Test_Loss: 0.1120,Test Acc: 0.9574,Test F1: 0.9355,Test auc: 0.9483
2024-05-09 13:21:46.211 | INFO     | __main__:<module>:95 - Epoch: 92, Loss: 0.1598, Train Acc: 0.9358,  Test_Loss: 0.1169,Test Acc: 0.9628,Test F1: 0.9440,Test auc: 0.9563
2024-05-09 13:21:46.235 | INFO     | __main__:<module>:95 - Epoch: 93, Loss: 0.1504, Train Acc: 0.9610,  Test_Loss: 0.1155,Test Acc: 0.9574,Test F1: 0.9365,Test auc: 0.9523
2024-05-09 13:21:46.270 | INFO     | __main__:<module>:95 - Epoch: 94, Loss: 0.1648, Train Acc: 0.9495,  Test_Loss: 0.1139,Test Acc: 0.9521,Test F1: 0.9291,Test auc: 0.9483
2024-05-09 13:21:46.324 | INFO     | __main__:<module>:95 - Epoch: 95, Loss: 0.1548, Train Acc: 0.9541,  Test_Loss: 0.1120,Test Acc: 0.9574,Test F1: 0.9365,Test auc: 0.9523
2024-05-09 13:21:46.355 | INFO     | __main__:<module>:95 - Epoch: 96, Loss: 0.1453, Train Acc: 0.9518,  Test_Loss: 0.1179,Test Acc: 0.9574,Test F1: 0.9375,Test auc: 0.9562
2024-05-09 13:21:46.381 | INFO     | __main__:<module>:95 - Epoch: 97, Loss: 0.1567, Train Acc: 0.9679,  Test_Loss: 0.1144,Test Acc: 0.9628,Test F1: 0.9449,Test auc: 0.9602
2024-05-09 13:21:46.409 | INFO     | __main__:<module>:95 - Epoch: 98, Loss: 0.1513, Train Acc: 0.9633,  Test_Loss: 0.1100,Test Acc: 0.9574,Test F1: 0.9365,Test auc: 0.9523
2024-05-09 13:21:46.447 | INFO     | __main__:<module>:95 - Epoch: 99, Loss: 0.1926, Train Acc: 0.9427,  Test_Loss: 0.1031,Test Acc: 0.9574,Test F1: 0.9365,Test auc: 0.9523
2024-05-09 13:21:46.501 | INFO     | __main__:<module>:95 - Epoch: 100, Loss: 0.1679, Train Acc: 0.9472,  Test_Loss: 0.0993,Test Acc: 0.9628,Test F1: 0.9440,Test auc: 0.9563
2024-05-09 13:21:46.524 | INFO     | __main__:<module>:95 - Epoch: 101, Loss: 0.1501, Train Acc: 0.9495,  Test_Loss: 0.1005,Test Acc: 0.9628,Test F1: 0.9440,Test auc: 0.9563
2024-05-09 13:21:46.553 | INFO     | __main__:<module>:95 - Epoch: 102, Loss: 0.1398, Train Acc: 0.9610,  Test_Loss: 0.1005,Test Acc: 0.9628,Test F1: 0.9440,Test auc: 0.9563
2024-05-09 13:21:46.596 | INFO     | __main__:<module>:95 - Epoch: 103, Loss: 0.1304, Train Acc: 0.9541,  Test_Loss: 0.0992,Test Acc: 0.9628,Test F1: 0.9440,Test auc: 0.9563
2024-05-09 13:21:46.614 | INFO     | __main__:<module>:95 - Epoch: 104, Loss: 0.1667, Train Acc: 0.9472,  Test_Loss: 0.0999,Test Acc: 0.9628,Test F1: 0.9440,Test auc: 0.9563
2024-05-09 13:21:46.639 | INFO     | __main__:<module>:95 - Epoch: 105, Loss: 0.1485, Train Acc: 0.9450,  Test_Loss: 0.1039,Test Acc: 0.9628,Test F1: 0.9440,Test auc: 0.9563
2024-05-09 13:21:46.671 | INFO     | __main__:<module>:95 - Epoch: 106, Loss: 0.2238, Train Acc: 0.9358,  Test_Loss: 0.1051,Test Acc: 0.9628,Test F1: 0.9440,Test auc: 0.9563
2024-05-09 13:21:46.709 | INFO     | __main__:<module>:95 - Epoch: 107, Loss: 0.1597, Train Acc: 0.9564,  Test_Loss: 0.1080,Test Acc: 0.9628,Test F1: 0.9440,Test auc: 0.9563
2024-05-09 13:21:46.735 | INFO     | __main__:<module>:95 - Epoch: 108, Loss: 0.1692, Train Acc: 0.9289,  Test_Loss: 0.1151,Test Acc: 0.9628,Test F1: 0.9440,Test auc: 0.9563
2024-05-09 13:21:46.768 | INFO     | __main__:<module>:95 - Epoch: 109, Loss: 0.1650, Train Acc: 0.9450,  Test_Loss: 0.1176,Test Acc: 0.9628,Test F1: 0.9440,Test auc: 0.9563
2024-05-09 13:21:46.803 | INFO     | __main__:<module>:95 - Epoch: 110, Loss: 0.1654, Train Acc: 0.9472,  Test_Loss: 0.1228,Test Acc: 0.9628,Test F1: 0.9440,Test auc: 0.9563
2024-05-09 13:21:46.825 | INFO     | __main__:<module>:95 - Epoch: 111, Loss: 0.1691, Train Acc: 0.9472,  Test_Loss: 0.1199,Test Acc: 0.9628,Test F1: 0.9440,Test auc: 0.9563
2024-05-09 13:21:46.850 | INFO     | __main__:<module>:95 - Epoch: 112, Loss: 0.1397, Train Acc: 0.9564,  Test_Loss: 0.1171,Test Acc: 0.9628,Test F1: 0.9440,Test auc: 0.9563
2024-05-09 13:21:46.883 | INFO     | __main__:<module>:95 - Epoch: 113, Loss: 0.1618, Train Acc: 0.9450,  Test_Loss: 0.1211,Test Acc: 0.9628,Test F1: 0.9440,Test auc: 0.9563
2024-05-09 13:21:46.917 | INFO     | __main__:<module>:95 - Epoch: 114, Loss: 0.1497, Train Acc: 0.9404,  Test_Loss: 0.1242,Test Acc: 0.9628,Test F1: 0.9440,Test auc: 0.9563
2024-05-09 13:21:46.945 | INFO     | __main__:<module>:95 - Epoch: 115, Loss: 0.1448, Train Acc: 0.9610,  Test_Loss: 0.1230,Test Acc: 0.9628,Test F1: 0.9440,Test auc: 0.9563
2024-05-09 13:21:46.972 | INFO     | __main__:<module>:95 - Epoch: 116, Loss: 0.1386, Train Acc: 0.9495,  Test_Loss: 0.1258,Test Acc: 0.9628,Test F1: 0.9440,Test auc: 0.9563
2024-05-09 13:21:46.991 | INFO     | __main__:<module>:95 - Epoch: 117, Loss: 0.1459, Train Acc: 0.9495,  Test_Loss: 0.1251,Test Acc: 0.9628,Test F1: 0.9440,Test auc: 0.9563
2024-05-09 13:21:47.009 | INFO     | __main__:<module>:95 - Epoch: 118, Loss: 0.1441, Train Acc: 0.9518,  Test_Loss: 0.1261,Test Acc: 0.9628,Test F1: 0.9440,Test auc: 0.9563
2024-05-09 13:21:47.025 | INFO     | __main__:<module>:95 - Epoch: 119, Loss: 0.1592, Train Acc: 0.9472,  Test_Loss: 0.1260,Test Acc: 0.9628,Test F1: 0.9440,Test auc: 0.9563
2024-05-09 13:21:47.048 | INFO     | __main__:<module>:95 - Epoch: 120, Loss: 0.1444, Train Acc: 0.9564,  Test_Loss: 0.1239,Test Acc: 0.9628,Test F1: 0.9440,Test auc: 0.9563
2024-05-09 13:21:47.078 | INFO     | __main__:<module>:95 - Epoch: 121, Loss: 0.1601, Train Acc: 0.9381,  Test_Loss: 0.1285,Test Acc: 0.9628,Test F1: 0.9440,Test auc: 0.9563
2024-05-09 13:21:47.108 | INFO     | __main__:<module>:95 - Epoch: 122, Loss: 0.1466, Train Acc: 0.9541,  Test_Loss: 0.1256,Test Acc: 0.9574,Test F1: 0.9365,Test auc: 0.9523
2024-05-09 13:21:47.135 | INFO     | __main__:<module>:95 - Epoch: 123, Loss: 0.1849, Train Acc: 0.9335,  Test_Loss: 0.1275,Test Acc: 0.9574,Test F1: 0.9375,Test auc: 0.9562
2024-05-09 13:21:47.159 | INFO     | __main__:<module>:95 - Epoch: 124, Loss: 0.1564, Train Acc: 0.9427,  Test_Loss: 0.1269,Test Acc: 0.9628,Test F1: 0.9449,Test auc: 0.9602
2024-05-09 13:21:47.181 | INFO     | __main__:<module>:95 - Epoch: 125, Loss: 0.1520, Train Acc: 0.9610,  Test_Loss: 0.1291,Test Acc: 0.9628,Test F1: 0.9440,Test auc: 0.9563
2024-05-09 13:21:47.206 | INFO     | __main__:<module>:95 - Epoch: 126, Loss: 0.1602, Train Acc: 0.9289,  Test_Loss: 0.1293,Test Acc: 0.9574,Test F1: 0.9365,Test auc: 0.9523
2024-05-09 13:21:47.224 | INFO     | __main__:<module>:95 - Epoch: 127, Loss: 0.1395, Train Acc: 0.9495,  Test_Loss: 0.1316,Test Acc: 0.9628,Test F1: 0.9440,Test auc: 0.9563
2024-05-09 13:21:47.246 | INFO     | __main__:<module>:95 - Epoch: 128, Loss: 0.1539, Train Acc: 0.9472,  Test_Loss: 0.1312,Test Acc: 0.9628,Test F1: 0.9440,Test auc: 0.9563
2024-05-09 13:21:47.272 | INFO     | __main__:<module>:95 - Epoch: 129, Loss: 0.1773, Train Acc: 0.9564,  Test_Loss: 0.1320,Test Acc: 0.9628,Test F1: 0.9440,Test auc: 0.9563
2024-05-09 13:21:47.302 | INFO     | __main__:<module>:95 - Epoch: 130, Loss: 0.1385, Train Acc: 0.9633,  Test_Loss: 0.1303,Test Acc: 0.9628,Test F1: 0.9440,Test auc: 0.9563
2024-05-09 13:21:47.333 | INFO     | __main__:<module>:95 - Epoch: 131, Loss: 0.1521, Train Acc: 0.9564,  Test_Loss: 0.1311,Test Acc: 0.9628,Test F1: 0.9440,Test auc: 0.9563
2024-05-09 13:21:47.360 | INFO     | __main__:<module>:95 - Epoch: 132, Loss: 0.1518, Train Acc: 0.9495,  Test_Loss: 0.1272,Test Acc: 0.9574,Test F1: 0.9365,Test auc: 0.9523
2024-05-09 13:21:47.384 | INFO     | __main__:<module>:95 - Epoch: 133, Loss: 0.1709, Train Acc: 0.9404,  Test_Loss: 0.1267,Test Acc: 0.9574,Test F1: 0.9365,Test auc: 0.9523
2024-05-09 13:21:47.385 | INFO     | __main__:<module>:113 - 2.841057300567627
2024-05-09 13:21:47.644 | INFO     | __main__:<module>:74 - Namespace(dataset='ca-grqc', model='GCN', learning_rate=0.01, epochs=9999, hidden_units=16, dropout=0.4, weight_decay=0.01, weight_decay1=0.01, weight_decay2=0.0005, early_stopping=30, residual=True, seed=824, type='Binary', DEVICE='cuda', theta=0.5, layers=64, alpha=0.1, feature_type='x_65', CGCN=0)
2024-05-09 13:21:47.645 | INFO     | __main__:<module>:75 - Data(edge_index=[2, 26844], weight=[26844], num_nodes=4158, x=[4158, 10], train_mask=[4158], test_mask=[4158], label=[4158])
2024-05-09 13:21:47.683 | INFO     | __main__:<module>:95 - Epoch: 00, Loss: 1.4749, Train Acc: 0.7523,  Test_Loss: 0.5819,Test Acc: 0.8989,Test F1: 0.8593,Test auc: 0.9043
2024-05-09 13:21:47.720 | INFO     | __main__:<module>:95 - Epoch: 01, Loss: 1.1832, Train Acc: 0.7844,  Test_Loss: 0.4496,Test Acc: 0.9362,Test F1: 0.9091,Test auc: 0.9402
2024-05-09 13:21:47.750 | INFO     | __main__:<module>:95 - Epoch: 02, Loss: 0.9258, Train Acc: 0.8716,  Test_Loss: 0.4140,Test Acc: 0.9468,Test F1: 0.9254,Test auc: 0.9561
2024-05-09 13:21:47.780 | INFO     | __main__:<module>:95 - Epoch: 03, Loss: 0.6746, Train Acc: 0.9037,  Test_Loss: 0.4015,Test Acc: 0.9362,Test F1: 0.9091,Test auc: 0.9402
2024-05-09 13:21:47.821 | INFO     | __main__:<module>:95 - Epoch: 04, Loss: 0.5582, Train Acc: 0.9289,  Test_Loss: 0.3916,Test Acc: 0.9415,Test F1: 0.9160,Test auc: 0.9442
2024-05-09 13:21:47.858 | INFO     | __main__:<module>:95 - Epoch: 05, Loss: 0.5538, Train Acc: 0.9106,  Test_Loss: 0.3831,Test Acc: 0.9362,Test F1: 0.9077,Test auc: 0.9363
2024-05-09 13:21:47.906 | INFO     | __main__:<module>:95 - Epoch: 06, Loss: 0.4094, Train Acc: 0.9541,  Test_Loss: 0.3728,Test Acc: 0.9415,Test F1: 0.9147,Test auc: 0.9403
2024-05-09 13:21:47.950 | INFO     | __main__:<module>:95 - Epoch: 07, Loss: 0.3866, Train Acc: 0.9472,  Test_Loss: 0.3633,Test Acc: 0.9415,Test F1: 0.9147,Test auc: 0.9403
2024-05-09 13:21:47.991 | INFO     | __main__:<module>:95 - Epoch: 08, Loss: 0.3546, Train Acc: 0.9450,  Test_Loss: 0.3524,Test Acc: 0.9415,Test F1: 0.9134,Test auc: 0.9363
2024-05-09 13:21:48.023 | INFO     | __main__:<module>:95 - Epoch: 09, Loss: 0.3447, Train Acc: 0.9427,  Test_Loss: 0.3406,Test Acc: 0.9415,Test F1: 0.9134,Test auc: 0.9363
2024-05-09 13:21:48.061 | INFO     | __main__:<module>:95 - Epoch: 10, Loss: 0.3422, Train Acc: 0.9381,  Test_Loss: 0.3276,Test Acc: 0.9415,Test F1: 0.9134,Test auc: 0.9363
2024-05-09 13:21:48.106 | INFO     | __main__:<module>:95 - Epoch: 11, Loss: 0.2776, Train Acc: 0.9564,  Test_Loss: 0.3116,Test Acc: 0.9415,Test F1: 0.9134,Test auc: 0.9363
2024-05-09 13:21:48.150 | INFO     | __main__:<module>:95 - Epoch: 12, Loss: 0.2543, Train Acc: 0.9450,  Test_Loss: 0.2946,Test Acc: 0.9415,Test F1: 0.9134,Test auc: 0.9363
2024-05-09 13:21:48.191 | INFO     | __main__:<module>:95 - Epoch: 13, Loss: 0.2745, Train Acc: 0.9472,  Test_Loss: 0.2782,Test Acc: 0.9468,Test F1: 0.9206,Test auc: 0.9403
2024-05-09 13:21:48.222 | INFO     | __main__:<module>:95 - Epoch: 14, Loss: 0.2571, Train Acc: 0.9358,  Test_Loss: 0.2680,Test Acc: 0.9468,Test F1: 0.9206,Test auc: 0.9403
2024-05-09 13:21:48.257 | INFO     | __main__:<module>:95 - Epoch: 15, Loss: 0.2502, Train Acc: 0.9335,  Test_Loss: 0.2587,Test Acc: 0.9468,Test F1: 0.9206,Test auc: 0.9403
2024-05-09 13:21:48.305 | INFO     | __main__:<module>:95 - Epoch: 16, Loss: 0.2331, Train Acc: 0.9518,  Test_Loss: 0.2481,Test Acc: 0.9468,Test F1: 0.9206,Test auc: 0.9403
2024-05-09 13:21:48.342 | INFO     | __main__:<module>:95 - Epoch: 17, Loss: 0.2212, Train Acc: 0.9472,  Test_Loss: 0.2422,Test Acc: 0.9468,Test F1: 0.9206,Test auc: 0.9403
2024-05-09 13:21:48.383 | INFO     | __main__:<module>:95 - Epoch: 18, Loss: 0.2539, Train Acc: 0.9404,  Test_Loss: 0.2403,Test Acc: 0.9468,Test F1: 0.9206,Test auc: 0.9403
2024-05-09 13:21:48.407 | INFO     | __main__:<module>:95 - Epoch: 19, Loss: 0.2379, Train Acc: 0.9427,  Test_Loss: 0.2405,Test Acc: 0.9468,Test F1: 0.9206,Test auc: 0.9403
2024-05-09 13:21:48.433 | INFO     | __main__:<module>:95 - Epoch: 20, Loss: 0.2138, Train Acc: 0.9564,  Test_Loss: 0.2428,Test Acc: 0.9468,Test F1: 0.9206,Test auc: 0.9403
2024-05-09 13:21:48.451 | INFO     | __main__:<module>:95 - Epoch: 21, Loss: 0.2165, Train Acc: 0.9335,  Test_Loss: 0.2414,Test Acc: 0.9468,Test F1: 0.9206,Test auc: 0.9403
2024-05-09 13:21:48.490 | INFO     | __main__:<module>:95 - Epoch: 22, Loss: 0.2545, Train Acc: 0.9495,  Test_Loss: 0.2385,Test Acc: 0.9468,Test F1: 0.9206,Test auc: 0.9403
2024-05-09 13:21:48.543 | INFO     | __main__:<module>:95 - Epoch: 23, Loss: 0.2078, Train Acc: 0.9495,  Test_Loss: 0.2358,Test Acc: 0.9468,Test F1: 0.9206,Test auc: 0.9403
2024-05-09 13:21:48.583 | INFO     | __main__:<module>:95 - Epoch: 24, Loss: 0.2447, Train Acc: 0.9518,  Test_Loss: 0.2327,Test Acc: 0.9468,Test F1: 0.9206,Test auc: 0.9403
2024-05-09 13:21:48.622 | INFO     | __main__:<module>:95 - Epoch: 25, Loss: 0.2047, Train Acc: 0.9518,  Test_Loss: 0.2277,Test Acc: 0.9468,Test F1: 0.9206,Test auc: 0.9403
2024-05-09 13:21:48.655 | INFO     | __main__:<module>:95 - Epoch: 26, Loss: 0.2401, Train Acc: 0.9404,  Test_Loss: 0.2209,Test Acc: 0.9468,Test F1: 0.9206,Test auc: 0.9403
2024-05-09 13:21:48.686 | INFO     | __main__:<module>:95 - Epoch: 27, Loss: 0.1963, Train Acc: 0.9564,  Test_Loss: 0.2142,Test Acc: 0.9468,Test F1: 0.9206,Test auc: 0.9403
2024-05-09 13:21:48.732 | INFO     | __main__:<module>:95 - Epoch: 28, Loss: 0.1899, Train Acc: 0.9541,  Test_Loss: 0.2105,Test Acc: 0.9468,Test F1: 0.9206,Test auc: 0.9403
2024-05-09 13:21:48.783 | INFO     | __main__:<module>:95 - Epoch: 29, Loss: 0.1829, Train Acc: 0.9587,  Test_Loss: 0.2072,Test Acc: 0.9468,Test F1: 0.9206,Test auc: 0.9403
2024-05-09 13:21:48.832 | INFO     | __main__:<module>:95 - Epoch: 30, Loss: 0.1810, Train Acc: 0.9656,  Test_Loss: 0.2023,Test Acc: 0.9468,Test F1: 0.9206,Test auc: 0.9403
2024-05-09 13:21:48.876 | INFO     | __main__:<module>:95 - Epoch: 31, Loss: 0.1958, Train Acc: 0.9427,  Test_Loss: 0.1990,Test Acc: 0.9468,Test F1: 0.9206,Test auc: 0.9403
2024-05-09 13:21:48.912 | INFO     | __main__:<module>:95 - Epoch: 32, Loss: 0.2005, Train Acc: 0.9427,  Test_Loss: 0.2015,Test Acc: 0.9521,Test F1: 0.9291,Test auc: 0.9483
2024-05-09 13:21:48.944 | INFO     | __main__:<module>:95 - Epoch: 33, Loss: 0.1884, Train Acc: 0.9564,  Test_Loss: 0.2000,Test Acc: 0.9521,Test F1: 0.9291,Test auc: 0.9483
2024-05-09 13:21:48.978 | INFO     | __main__:<module>:95 - Epoch: 34, Loss: 0.2045, Train Acc: 0.9495,  Test_Loss: 0.2047,Test Acc: 0.9521,Test F1: 0.9291,Test auc: 0.9483
2024-05-09 13:21:49.010 | INFO     | __main__:<module>:95 - Epoch: 35, Loss: 0.1654, Train Acc: 0.9633,  Test_Loss: 0.2028,Test Acc: 0.9521,Test F1: 0.9291,Test auc: 0.9483
2024-05-09 13:21:49.036 | INFO     | __main__:<module>:95 - Epoch: 36, Loss: 0.2061, Train Acc: 0.9564,  Test_Loss: 0.2085,Test Acc: 0.9521,Test F1: 0.9291,Test auc: 0.9483
2024-05-09 13:21:49.054 | INFO     | __main__:<module>:95 - Epoch: 37, Loss: 0.1930, Train Acc: 0.9587,  Test_Loss: 0.2052,Test Acc: 0.9521,Test F1: 0.9291,Test auc: 0.9483
2024-05-09 13:21:49.077 | INFO     | __main__:<module>:95 - Epoch: 38, Loss: 0.1746, Train Acc: 0.9587,  Test_Loss: 0.2048,Test Acc: 0.9521,Test F1: 0.9291,Test auc: 0.9483
2024-05-09 13:21:49.100 | INFO     | __main__:<module>:95 - Epoch: 39, Loss: 0.2519, Train Acc: 0.9289,  Test_Loss: 0.2129,Test Acc: 0.9521,Test F1: 0.9291,Test auc: 0.9483
2024-05-09 13:21:49.129 | INFO     | __main__:<module>:95 - Epoch: 40, Loss: 0.1857, Train Acc: 0.9587,  Test_Loss: 0.2147,Test Acc: 0.9521,Test F1: 0.9291,Test auc: 0.9483
2024-05-09 13:21:49.161 | INFO     | __main__:<module>:95 - Epoch: 41, Loss: 0.1988, Train Acc: 0.9587,  Test_Loss: 0.2139,Test Acc: 0.9521,Test F1: 0.9291,Test auc: 0.9483
2024-05-09 13:21:49.193 | INFO     | __main__:<module>:95 - Epoch: 42, Loss: 0.1829, Train Acc: 0.9518,  Test_Loss: 0.2134,Test Acc: 0.9521,Test F1: 0.9291,Test auc: 0.9483
2024-05-09 13:21:49.219 | INFO     | __main__:<module>:95 - Epoch: 43, Loss: 0.1907, Train Acc: 0.9541,  Test_Loss: 0.2128,Test Acc: 0.9521,Test F1: 0.9291,Test auc: 0.9483
2024-05-09 13:21:49.244 | INFO     | __main__:<module>:95 - Epoch: 44, Loss: 0.2383, Train Acc: 0.9450,  Test_Loss: 0.2173,Test Acc: 0.9521,Test F1: 0.9291,Test auc: 0.9483
2024-05-09 13:21:49.272 | INFO     | __main__:<module>:95 - Epoch: 45, Loss: 0.2073, Train Acc: 0.9472,  Test_Loss: 0.2173,Test Acc: 0.9521,Test F1: 0.9291,Test auc: 0.9483
2024-05-09 13:21:49.300 | INFO     | __main__:<module>:95 - Epoch: 46, Loss: 0.2332, Train Acc: 0.9220,  Test_Loss: 0.2227,Test Acc: 0.9521,Test F1: 0.9291,Test auc: 0.9483
2024-05-09 13:21:49.324 | INFO     | __main__:<module>:95 - Epoch: 47, Loss: 0.1950, Train Acc: 0.9610,  Test_Loss: 0.2221,Test Acc: 0.9521,Test F1: 0.9291,Test auc: 0.9483
2024-05-09 13:21:49.343 | INFO     | __main__:<module>:95 - Epoch: 48, Loss: 0.1797, Train Acc: 0.9564,  Test_Loss: 0.2200,Test Acc: 0.9521,Test F1: 0.9291,Test auc: 0.9483
2024-05-09 13:21:49.372 | INFO     | __main__:<module>:95 - Epoch: 49, Loss: 0.1777, Train Acc: 0.9610,  Test_Loss: 0.2170,Test Acc: 0.9521,Test F1: 0.9291,Test auc: 0.9483
2024-05-09 13:21:49.405 | INFO     | __main__:<module>:95 - Epoch: 50, Loss: 0.1992, Train Acc: 0.9495,  Test_Loss: 0.2209,Test Acc: 0.9521,Test F1: 0.9291,Test auc: 0.9483
2024-05-09 13:21:49.438 | INFO     | __main__:<module>:95 - Epoch: 51, Loss: 0.2354, Train Acc: 0.9541,  Test_Loss: 0.2177,Test Acc: 0.9521,Test F1: 0.9291,Test auc: 0.9483
2024-05-09 13:21:49.476 | INFO     | __main__:<module>:95 - Epoch: 52, Loss: 0.1856, Train Acc: 0.9427,  Test_Loss: 0.2222,Test Acc: 0.9521,Test F1: 0.9291,Test auc: 0.9483
2024-05-09 13:21:49.502 | INFO     | __main__:<module>:95 - Epoch: 53, Loss: 0.1933, Train Acc: 0.9587,  Test_Loss: 0.2211,Test Acc: 0.9521,Test F1: 0.9291,Test auc: 0.9483
2024-05-09 13:21:49.523 | INFO     | __main__:<module>:95 - Epoch: 54, Loss: 0.1798, Train Acc: 0.9518,  Test_Loss: 0.2215,Test Acc: 0.9521,Test F1: 0.9291,Test auc: 0.9483
2024-05-09 13:21:49.550 | INFO     | __main__:<module>:95 - Epoch: 55, Loss: 0.2701, Train Acc: 0.9174,  Test_Loss: 0.2244,Test Acc: 0.9521,Test F1: 0.9291,Test auc: 0.9483
2024-05-09 13:21:49.585 | INFO     | __main__:<module>:95 - Epoch: 56, Loss: 0.1909, Train Acc: 0.9450,  Test_Loss: 0.2231,Test Acc: 0.9521,Test F1: 0.9291,Test auc: 0.9483
2024-05-09 13:21:49.616 | INFO     | __main__:<module>:95 - Epoch: 57, Loss: 0.1793, Train Acc: 0.9633,  Test_Loss: 0.2219,Test Acc: 0.9521,Test F1: 0.9291,Test auc: 0.9483
2024-05-09 13:21:49.657 | INFO     | __main__:<module>:95 - Epoch: 58, Loss: 0.1674, Train Acc: 0.9610,  Test_Loss: 0.2204,Test Acc: 0.9521,Test F1: 0.9291,Test auc: 0.9483
2024-05-09 13:21:49.692 | INFO     | __main__:<module>:95 - Epoch: 59, Loss: 0.2017, Train Acc: 0.9610,  Test_Loss: 0.2162,Test Acc: 0.9521,Test F1: 0.9291,Test auc: 0.9483
2024-05-09 13:21:49.719 | INFO     | __main__:<module>:95 - Epoch: 60, Loss: 0.2001, Train Acc: 0.9472,  Test_Loss: 0.2253,Test Acc: 0.9521,Test F1: 0.9291,Test auc: 0.9483
2024-05-09 13:21:49.736 | INFO     | __main__:<module>:95 - Epoch: 61, Loss: 0.2201, Train Acc: 0.9312,  Test_Loss: 0.2295,Test Acc: 0.9521,Test F1: 0.9291,Test auc: 0.9483
2024-05-09 13:21:49.737 | INFO     | __main__:<module>:113 - 1.3850512504577637
