2024-05-09 13:16:06.746 | INFO     | __main__:<module>:79 - Namespace(dataset='ca-hepth', model='GCN', learning_rate=0.01, epochs=9999, hidden_units=16, dropout=0.4, weight_decay=0.01, weight_decay1=0.01, weight_decay2=0.0005, early_stopping=30, residual=True, seed=824, type='Binary', DEVICE='cuda', theta=0.5, layers=64, alpha=0.1, feature_type='x_55', CGCN=0)
2024-05-09 13:16:06.747 | INFO     | __main__:<module>:80 - Data(edge_index=[2, 49612], weight=[49612], num_nodes=8638, x=[8638, 8], train_mask=[8638], test_mask=[8638], label=[8638])
2024-05-09 13:16:06.772 | INFO     | __main__:<module>:100 - Epoch: 00, Loss: 1.0251, Train Acc: 0.7130,  Test_Loss: 0.7299,Test Acc: 0.7667,Test F1: 0.5687,Test auc: 0.6904
2024-05-09 13:16:06.792 | INFO     | __main__:<module>:100 - Epoch: 01, Loss: 0.7120, Train Acc: 0.7627,  Test_Loss: 0.5466,Test Acc: 0.8821,Test F1: 0.8477,Test auc: 0.9077
2024-05-09 13:16:06.815 | INFO     | __main__:<module>:100 - Epoch: 02, Loss: 0.5794, Train Acc: 0.8311,  Test_Loss: 0.5102,Test Acc: 0.8615,Test F1: 0.8280,Test auc: 0.8962
2024-05-09 13:16:06.840 | INFO     | __main__:<module>:100 - Epoch: 03, Loss: 0.5561, Train Acc: 0.8300,  Test_Loss: 0.4848,Test Acc: 0.8744,Test F1: 0.8414,Test auc: 0.9058
2024-05-09 13:16:06.860 | INFO     | __main__:<module>:100 - Epoch: 04, Loss: 0.5181, Train Acc: 0.8642,  Test_Loss: 0.4557,Test Acc: 0.9128,Test F1: 0.8844,Test auc: 0.9346
2024-05-09 13:16:06.887 | INFO     | __main__:<module>:100 - Epoch: 05, Loss: 0.4863, Train Acc: 0.8775,  Test_Loss: 0.4268,Test Acc: 0.9103,Test F1: 0.8727,Test auc: 0.9135
2024-05-09 13:16:06.913 | INFO     | __main__:<module>:100 - Epoch: 06, Loss: 0.4686, Train Acc: 0.8808,  Test_Loss: 0.4069,Test Acc: 0.9026,Test F1: 0.8561,Test auc: 0.8942
2024-05-09 13:16:06.935 | INFO     | __main__:<module>:100 - Epoch: 07, Loss: 0.4482, Train Acc: 0.8985,  Test_Loss: 0.3935,Test Acc: 0.9000,Test F1: 0.8494,Test auc: 0.8865
2024-05-09 13:16:06.961 | INFO     | __main__:<module>:100 - Epoch: 08, Loss: 0.4270, Train Acc: 0.8808,  Test_Loss: 0.3811,Test Acc: 0.9026,Test F1: 0.8550,Test auc: 0.8923
2024-05-09 13:16:06.996 | INFO     | __main__:<module>:100 - Epoch: 09, Loss: 0.4266, Train Acc: 0.8819,  Test_Loss: 0.3705,Test Acc: 0.9000,Test F1: 0.8528,Test auc: 0.8923
2024-05-09 13:16:07.031 | INFO     | __main__:<module>:100 - Epoch: 10, Loss: 0.4061, Train Acc: 0.8962,  Test_Loss: 0.3657,Test Acc: 0.9026,Test F1: 0.8593,Test auc: 0.9000
2024-05-09 13:16:07.064 | INFO     | __main__:<module>:100 - Epoch: 11, Loss: 0.3806, Train Acc: 0.9051,  Test_Loss: 0.3640,Test Acc: 0.9051,Test F1: 0.8664,Test auc: 0.9096
2024-05-09 13:16:07.092 | INFO     | __main__:<module>:100 - Epoch: 12, Loss: 0.3903, Train Acc: 0.9117,  Test_Loss: 0.3609,Test Acc: 0.9026,Test F1: 0.8643,Test auc: 0.9096
2024-05-09 13:16:07.112 | INFO     | __main__:<module>:100 - Epoch: 13, Loss: 0.3887, Train Acc: 0.9106,  Test_Loss: 0.3533,Test Acc: 0.9026,Test F1: 0.8633,Test auc: 0.9077
2024-05-09 13:16:07.135 | INFO     | __main__:<module>:100 - Epoch: 14, Loss: 0.3601, Train Acc: 0.9007,  Test_Loss: 0.3430,Test Acc: 0.9077,Test F1: 0.8686,Test auc: 0.9096
2024-05-09 13:16:07.156 | INFO     | __main__:<module>:100 - Epoch: 15, Loss: 0.3736, Train Acc: 0.9007,  Test_Loss: 0.3344,Test Acc: 0.9026,Test F1: 0.8582,Test auc: 0.8981
2024-05-09 13:16:07.181 | INFO     | __main__:<module>:100 - Epoch: 16, Loss: 0.3315, Train Acc: 0.9084,  Test_Loss: 0.3276,Test Acc: 0.9000,Test F1: 0.8539,Test auc: 0.8942
2024-05-09 13:16:07.223 | INFO     | __main__:<module>:100 - Epoch: 17, Loss: 0.3268, Train Acc: 0.9062,  Test_Loss: 0.3203,Test Acc: 0.9000,Test F1: 0.8539,Test auc: 0.8942
2024-05-09 13:16:07.271 | INFO     | __main__:<module>:100 - Epoch: 18, Loss: 0.3370, Train Acc: 0.9007,  Test_Loss: 0.3128,Test Acc: 0.9051,Test F1: 0.8625,Test auc: 0.9019
2024-05-09 13:16:07.303 | INFO     | __main__:<module>:100 - Epoch: 19, Loss: 0.3456, Train Acc: 0.9095,  Test_Loss: 0.3063,Test Acc: 0.9128,Test F1: 0.8750,Test auc: 0.9135
2024-05-09 13:16:07.324 | INFO     | __main__:<module>:100 - Epoch: 20, Loss: 0.3139, Train Acc: 0.9283,  Test_Loss: 0.3000,Test Acc: 0.9205,Test F1: 0.8873,Test auc: 0.9250
2024-05-09 13:16:07.343 | INFO     | __main__:<module>:100 - Epoch: 21, Loss: 0.3092, Train Acc: 0.9117,  Test_Loss: 0.2921,Test Acc: 0.9282,Test F1: 0.8986,Test auc: 0.9346
2024-05-09 13:16:07.369 | INFO     | __main__:<module>:100 - Epoch: 22, Loss: 0.2812, Train Acc: 0.9194,  Test_Loss: 0.2803,Test Acc: 0.9282,Test F1: 0.8978,Test auc: 0.9327
2024-05-09 13:16:07.394 | INFO     | __main__:<module>:100 - Epoch: 23, Loss: 0.2969, Train Acc: 0.9227,  Test_Loss: 0.2678,Test Acc: 0.9282,Test F1: 0.8963,Test auc: 0.9288
2024-05-09 13:16:07.429 | INFO     | __main__:<module>:100 - Epoch: 24, Loss: 0.2491, Train Acc: 0.9260,  Test_Loss: 0.2579,Test Acc: 0.9231,Test F1: 0.8864,Test auc: 0.9173
2024-05-09 13:16:07.470 | INFO     | __main__:<module>:100 - Epoch: 25, Loss: 0.2635, Train Acc: 0.9349,  Test_Loss: 0.2496,Test Acc: 0.9256,Test F1: 0.8889,Test auc: 0.9173
2024-05-09 13:16:07.504 | INFO     | __main__:<module>:100 - Epoch: 26, Loss: 0.2430, Train Acc: 0.9283,  Test_Loss: 0.2413,Test Acc: 0.9282,Test F1: 0.8923,Test auc: 0.9192
2024-05-09 13:16:07.532 | INFO     | __main__:<module>:100 - Epoch: 27, Loss: 0.2534, Train Acc: 0.9260,  Test_Loss: 0.2332,Test Acc: 0.9333,Test F1: 0.9008,Test auc: 0.9269
2024-05-09 13:16:07.559 | INFO     | __main__:<module>:100 - Epoch: 28, Loss: 0.2356, Train Acc: 0.9338,  Test_Loss: 0.2258,Test Acc: 0.9410,Test F1: 0.9132,Test auc: 0.9385
2024-05-09 13:16:07.590 | INFO     | __main__:<module>:100 - Epoch: 29, Loss: 0.2238, Train Acc: 0.9404,  Test_Loss: 0.2201,Test Acc: 0.9436,Test F1: 0.9179,Test auc: 0.9442
2024-05-09 13:16:07.616 | INFO     | __main__:<module>:100 - Epoch: 30, Loss: 0.2189, Train Acc: 0.9503,  Test_Loss: 0.2142,Test Acc: 0.9462,Test F1: 0.9219,Test auc: 0.9481
2024-05-09 13:16:07.653 | INFO     | __main__:<module>:100 - Epoch: 31, Loss: 0.2116, Train Acc: 0.9481,  Test_Loss: 0.2061,Test Acc: 0.9487,Test F1: 0.9248,Test auc: 0.9481
2024-05-09 13:16:07.694 | INFO     | __main__:<module>:100 - Epoch: 32, Loss: 0.2033, Train Acc: 0.9470,  Test_Loss: 0.1980,Test Acc: 0.9462,Test F1: 0.9208,Test auc: 0.9442
2024-05-09 13:16:07.725 | INFO     | __main__:<module>:100 - Epoch: 33, Loss: 0.2134, Train Acc: 0.9294,  Test_Loss: 0.1910,Test Acc: 0.9410,Test F1: 0.9125,Test auc: 0.9365
2024-05-09 13:16:07.748 | INFO     | __main__:<module>:100 - Epoch: 34, Loss: 0.2042, Train Acc: 0.9382,  Test_Loss: 0.1844,Test Acc: 0.9436,Test F1: 0.9167,Test auc: 0.9404
2024-05-09 13:16:07.774 | INFO     | __main__:<module>:100 - Epoch: 35, Loss: 0.1843, Train Acc: 0.9570,  Test_Loss: 0.1782,Test Acc: 0.9462,Test F1: 0.9208,Test auc: 0.9442
2024-05-09 13:16:07.796 | INFO     | __main__:<module>:100 - Epoch: 36, Loss: 0.1866, Train Acc: 0.9514,  Test_Loss: 0.1730,Test Acc: 0.9513,Test F1: 0.9288,Test auc: 0.9519
2024-05-09 13:16:07.824 | INFO     | __main__:<module>:100 - Epoch: 37, Loss: 0.1884, Train Acc: 0.9525,  Test_Loss: 0.1676,Test Acc: 0.9564,Test F1: 0.9368,Test auc: 0.9596
2024-05-09 13:16:07.854 | INFO     | __main__:<module>:100 - Epoch: 38, Loss: 0.1884, Train Acc: 0.9437,  Test_Loss: 0.1611,Test Acc: 0.9564,Test F1: 0.9368,Test auc: 0.9596
2024-05-09 13:16:07.894 | INFO     | __main__:<module>:100 - Epoch: 39, Loss: 0.1736, Train Acc: 0.9570,  Test_Loss: 0.1545,Test Acc: 0.9487,Test F1: 0.9248,Test auc: 0.9481
2024-05-09 13:16:07.924 | INFO     | __main__:<module>:100 - Epoch: 40, Loss: 0.1530, Train Acc: 0.9592,  Test_Loss: 0.1496,Test Acc: 0.9538,Test F1: 0.9313,Test auc: 0.9500
2024-05-09 13:16:07.944 | INFO     | __main__:<module>:100 - Epoch: 41, Loss: 0.1608, Train Acc: 0.9503,  Test_Loss: 0.1454,Test Acc: 0.9538,Test F1: 0.9313,Test auc: 0.9500
2024-05-09 13:16:07.968 | INFO     | __main__:<module>:100 - Epoch: 42, Loss: 0.1643, Train Acc: 0.9470,  Test_Loss: 0.1415,Test Acc: 0.9513,Test F1: 0.9278,Test auc: 0.9481
2024-05-09 13:16:07.991 | INFO     | __main__:<module>:100 - Epoch: 43, Loss: 0.1475, Train Acc: 0.9614,  Test_Loss: 0.1385,Test Acc: 0.9513,Test F1: 0.9283,Test auc: 0.9500
2024-05-09 13:16:08.018 | INFO     | __main__:<module>:100 - Epoch: 44, Loss: 0.1456, Train Acc: 0.9592,  Test_Loss: 0.1369,Test Acc: 0.9564,Test F1: 0.9368,Test auc: 0.9596
2024-05-09 13:16:08.062 | INFO     | __main__:<module>:100 - Epoch: 45, Loss: 0.1439, Train Acc: 0.9570,  Test_Loss: 0.1349,Test Acc: 0.9564,Test F1: 0.9368,Test auc: 0.9596
2024-05-09 13:16:08.103 | INFO     | __main__:<module>:100 - Epoch: 46, Loss: 0.1443, Train Acc: 0.9702,  Test_Loss: 0.1300,Test Acc: 0.9590,Test F1: 0.9403,Test auc: 0.9615
2024-05-09 13:16:08.137 | INFO     | __main__:<module>:100 - Epoch: 47, Loss: 0.1293, Train Acc: 0.9570,  Test_Loss: 0.1268,Test Acc: 0.9513,Test F1: 0.9278,Test auc: 0.9481
2024-05-09 13:16:08.159 | INFO     | __main__:<module>:100 - Epoch: 48, Loss: 0.1371, Train Acc: 0.9547,  Test_Loss: 0.1249,Test Acc: 0.9462,Test F1: 0.9189,Test auc: 0.9385
2024-05-09 13:16:08.181 | INFO     | __main__:<module>:100 - Epoch: 49, Loss: 0.1354, Train Acc: 0.9525,  Test_Loss: 0.1193,Test Acc: 0.9513,Test F1: 0.9278,Test auc: 0.9481
2024-05-09 13:16:08.202 | INFO     | __main__:<module>:100 - Epoch: 50, Loss: 0.1285, Train Acc: 0.9558,  Test_Loss: 0.1169,Test Acc: 0.9615,Test F1: 0.9438,Test auc: 0.9635
2024-05-09 13:16:08.240 | INFO     | __main__:<module>:100 - Epoch: 51, Loss: 0.1293, Train Acc: 0.9514,  Test_Loss: 0.1158,Test Acc: 0.9590,Test F1: 0.9403,Test auc: 0.9615
2024-05-09 13:16:08.275 | INFO     | __main__:<module>:100 - Epoch: 52, Loss: 0.1209, Train Acc: 0.9647,  Test_Loss: 0.1142,Test Acc: 0.9615,Test F1: 0.9442,Test auc: 0.9654
2024-05-09 13:16:08.315 | INFO     | __main__:<module>:100 - Epoch: 53, Loss: 0.1291, Train Acc: 0.9636,  Test_Loss: 0.1091,Test Acc: 0.9615,Test F1: 0.9438,Test auc: 0.9635
2024-05-09 13:16:08.344 | INFO     | __main__:<module>:100 - Epoch: 54, Loss: 0.1192, Train Acc: 0.9658,  Test_Loss: 0.1048,Test Acc: 0.9590,Test F1: 0.9398,Test auc: 0.9596
2024-05-09 13:16:08.373 | INFO     | __main__:<module>:100 - Epoch: 55, Loss: 0.1310, Train Acc: 0.9547,  Test_Loss: 0.1047,Test Acc: 0.9538,Test F1: 0.9302,Test auc: 0.9462
2024-05-09 13:16:08.393 | INFO     | __main__:<module>:100 - Epoch: 56, Loss: 0.1218, Train Acc: 0.9558,  Test_Loss: 0.1035,Test Acc: 0.9564,Test F1: 0.9333,Test auc: 0.9462
2024-05-09 13:16:08.419 | INFO     | __main__:<module>:100 - Epoch: 57, Loss: 0.1288, Train Acc: 0.9514,  Test_Loss: 0.0983,Test Acc: 0.9615,Test F1: 0.9430,Test auc: 0.9596
2024-05-09 13:16:08.452 | INFO     | __main__:<module>:100 - Epoch: 58, Loss: 0.1108, Train Acc: 0.9669,  Test_Loss: 0.0975,Test Acc: 0.9615,Test F1: 0.9438,Test auc: 0.9635
2024-05-09 13:16:08.475 | INFO     | __main__:<module>:100 - Epoch: 59, Loss: 0.1167, Train Acc: 0.9614,  Test_Loss: 0.0989,Test Acc: 0.9667,Test F1: 0.9517,Test auc: 0.9712
2024-05-09 13:16:08.517 | INFO     | __main__:<module>:100 - Epoch: 60, Loss: 0.1064, Train Acc: 0.9735,  Test_Loss: 0.0959,Test Acc: 0.9615,Test F1: 0.9438,Test auc: 0.9635
2024-05-09 13:16:08.542 | INFO     | __main__:<module>:100 - Epoch: 61, Loss: 0.1151, Train Acc: 0.9592,  Test_Loss: 0.0938,Test Acc: 0.9641,Test F1: 0.9470,Test auc: 0.9635
2024-05-09 13:16:08.569 | INFO     | __main__:<module>:100 - Epoch: 62, Loss: 0.1108, Train Acc: 0.9592,  Test_Loss: 0.0934,Test Acc: 0.9692,Test F1: 0.9538,Test auc: 0.9654
2024-05-09 13:16:08.584 | INFO     | __main__:<module>:100 - Epoch: 63, Loss: 0.1090, Train Acc: 0.9614,  Test_Loss: 0.0936,Test Acc: 0.9667,Test F1: 0.9498,Test auc: 0.9615
2024-05-09 13:16:08.615 | INFO     | __main__:<module>:100 - Epoch: 64, Loss: 0.1060, Train Acc: 0.9724,  Test_Loss: 0.0911,Test Acc: 0.9692,Test F1: 0.9542,Test auc: 0.9673
2024-05-09 13:16:08.657 | INFO     | __main__:<module>:100 - Epoch: 65, Loss: 0.1085, Train Acc: 0.9603,  Test_Loss: 0.0907,Test Acc: 0.9667,Test F1: 0.9509,Test auc: 0.9673
2024-05-09 13:16:08.682 | INFO     | __main__:<module>:100 - Epoch: 66, Loss: 0.1132, Train Acc: 0.9603,  Test_Loss: 0.0900,Test Acc: 0.9692,Test F1: 0.9549,Test auc: 0.9712
2024-05-09 13:16:08.729 | INFO     | __main__:<module>:100 - Epoch: 67, Loss: 0.1077, Train Acc: 0.9625,  Test_Loss: 0.0886,Test Acc: 0.9667,Test F1: 0.9509,Test auc: 0.9673
2024-05-09 13:16:08.757 | INFO     | __main__:<module>:100 - Epoch: 68, Loss: 0.1079, Train Acc: 0.9658,  Test_Loss: 0.0873,Test Acc: 0.9667,Test F1: 0.9506,Test auc: 0.9654
2024-05-09 13:16:08.777 | INFO     | __main__:<module>:100 - Epoch: 69, Loss: 0.1042, Train Acc: 0.9647,  Test_Loss: 0.0863,Test Acc: 0.9692,Test F1: 0.9542,Test auc: 0.9673
2024-05-09 13:16:08.800 | INFO     | __main__:<module>:100 - Epoch: 70, Loss: 0.1046, Train Acc: 0.9702,  Test_Loss: 0.0852,Test Acc: 0.9692,Test F1: 0.9542,Test auc: 0.9673
2024-05-09 13:16:08.823 | INFO     | __main__:<module>:100 - Epoch: 71, Loss: 0.1059, Train Acc: 0.9647,  Test_Loss: 0.0844,Test Acc: 0.9718,Test F1: 0.9579,Test auc: 0.9692
2024-05-09 13:16:08.851 | INFO     | __main__:<module>:100 - Epoch: 72, Loss: 0.1012, Train Acc: 0.9669,  Test_Loss: 0.0839,Test Acc: 0.9718,Test F1: 0.9579,Test auc: 0.9692
2024-05-09 13:16:08.881 | INFO     | __main__:<module>:100 - Epoch: 73, Loss: 0.1025, Train Acc: 0.9702,  Test_Loss: 0.0833,Test Acc: 0.9692,Test F1: 0.9538,Test auc: 0.9654
2024-05-09 13:16:08.915 | INFO     | __main__:<module>:100 - Epoch: 74, Loss: 0.1050, Train Acc: 0.9691,  Test_Loss: 0.0826,Test Acc: 0.9718,Test F1: 0.9579,Test auc: 0.9692
2024-05-09 13:16:08.946 | INFO     | __main__:<module>:100 - Epoch: 75, Loss: 0.0977, Train Acc: 0.9658,  Test_Loss: 0.0824,Test Acc: 0.9692,Test F1: 0.9542,Test auc: 0.9673
2024-05-09 13:16:08.965 | INFO     | __main__:<module>:100 - Epoch: 76, Loss: 0.1009, Train Acc: 0.9669,  Test_Loss: 0.0825,Test Acc: 0.9692,Test F1: 0.9545,Test auc: 0.9692
2024-05-09 13:16:08.984 | INFO     | __main__:<module>:100 - Epoch: 77, Loss: 0.1046, Train Acc: 0.9680,  Test_Loss: 0.0825,Test Acc: 0.9692,Test F1: 0.9542,Test auc: 0.9673
2024-05-09 13:16:09.009 | INFO     | __main__:<module>:100 - Epoch: 78, Loss: 0.0916, Train Acc: 0.9702,  Test_Loss: 0.0825,Test Acc: 0.9718,Test F1: 0.9579,Test auc: 0.9692
2024-05-09 13:16:09.028 | INFO     | __main__:<module>:100 - Epoch: 79, Loss: 0.0954, Train Acc: 0.9713,  Test_Loss: 0.0826,Test Acc: 0.9718,Test F1: 0.9579,Test auc: 0.9692
2024-05-09 13:16:09.047 | INFO     | __main__:<module>:100 - Epoch: 80, Loss: 0.0900, Train Acc: 0.9735,  Test_Loss: 0.0825,Test Acc: 0.9718,Test F1: 0.9579,Test auc: 0.9692
2024-05-09 13:16:09.070 | INFO     | __main__:<module>:100 - Epoch: 81, Loss: 0.1010, Train Acc: 0.9647,  Test_Loss: 0.0828,Test Acc: 0.9692,Test F1: 0.9538,Test auc: 0.9654
2024-05-09 13:16:09.093 | INFO     | __main__:<module>:100 - Epoch: 82, Loss: 0.1040, Train Acc: 0.9713,  Test_Loss: 0.0828,Test Acc: 0.9718,Test F1: 0.9579,Test auc: 0.9692
2024-05-09 13:16:09.122 | INFO     | __main__:<module>:100 - Epoch: 83, Loss: 0.0957, Train Acc: 0.9713,  Test_Loss: 0.0837,Test Acc: 0.9692,Test F1: 0.9538,Test auc: 0.9654
2024-05-09 13:16:09.148 | INFO     | __main__:<module>:100 - Epoch: 84, Loss: 0.0917, Train Acc: 0.9724,  Test_Loss: 0.0842,Test Acc: 0.9692,Test F1: 0.9538,Test auc: 0.9654
2024-05-09 13:16:09.166 | INFO     | __main__:<module>:100 - Epoch: 85, Loss: 0.1026, Train Acc: 0.9702,  Test_Loss: 0.0846,Test Acc: 0.9692,Test F1: 0.9538,Test auc: 0.9654
2024-05-09 13:16:09.184 | INFO     | __main__:<module>:100 - Epoch: 86, Loss: 0.0927, Train Acc: 0.9680,  Test_Loss: 0.0847,Test Acc: 0.9692,Test F1: 0.9538,Test auc: 0.9654
2024-05-09 13:16:09.212 | INFO     | __main__:<module>:100 - Epoch: 87, Loss: 0.0991, Train Acc: 0.9603,  Test_Loss: 0.0837,Test Acc: 0.9692,Test F1: 0.9538,Test auc: 0.9654
2024-05-09 13:16:09.235 | INFO     | __main__:<module>:100 - Epoch: 88, Loss: 0.1000, Train Acc: 0.9746,  Test_Loss: 0.0835,Test Acc: 0.9692,Test F1: 0.9538,Test auc: 0.9654
2024-05-09 13:16:09.263 | INFO     | __main__:<module>:100 - Epoch: 89, Loss: 0.0966, Train Acc: 0.9702,  Test_Loss: 0.0839,Test Acc: 0.9692,Test F1: 0.9538,Test auc: 0.9654
2024-05-09 13:16:09.288 | INFO     | __main__:<module>:100 - Epoch: 90, Loss: 0.0970, Train Acc: 0.9713,  Test_Loss: 0.0847,Test Acc: 0.9692,Test F1: 0.9538,Test auc: 0.9654
2024-05-09 13:16:09.315 | INFO     | __main__:<module>:100 - Epoch: 91, Loss: 0.1044, Train Acc: 0.9636,  Test_Loss: 0.0864,Test Acc: 0.9692,Test F1: 0.9538,Test auc: 0.9654
2024-05-09 13:16:09.343 | INFO     | __main__:<module>:100 - Epoch: 92, Loss: 0.0956, Train Acc: 0.9691,  Test_Loss: 0.0855,Test Acc: 0.9692,Test F1: 0.9538,Test auc: 0.9654
2024-05-09 13:16:09.366 | INFO     | __main__:<module>:100 - Epoch: 93, Loss: 0.0990, Train Acc: 0.9713,  Test_Loss: 0.0876,Test Acc: 0.9641,Test F1: 0.9457,Test auc: 0.9577
2024-05-09 13:16:09.383 | INFO     | __main__:<module>:100 - Epoch: 94, Loss: 0.0921, Train Acc: 0.9724,  Test_Loss: 0.0889,Test Acc: 0.9615,Test F1: 0.9416,Test auc: 0.9538
2024-05-09 13:16:09.399 | INFO     | __main__:<module>:100 - Epoch: 95, Loss: 0.0871, Train Acc: 0.9691,  Test_Loss: 0.0907,Test Acc: 0.9590,Test F1: 0.9370,Test auc: 0.9481
2024-05-09 13:16:09.415 | INFO     | __main__:<module>:100 - Epoch: 96, Loss: 0.0998, Train Acc: 0.9636,  Test_Loss: 0.0878,Test Acc: 0.9641,Test F1: 0.9457,Test auc: 0.9577
2024-05-09 13:16:09.433 | INFO     | __main__:<module>:100 - Epoch: 97, Loss: 0.0975, Train Acc: 0.9669,  Test_Loss: 0.0877,Test Acc: 0.9641,Test F1: 0.9457,Test auc: 0.9577
2024-05-09 13:16:09.451 | INFO     | __main__:<module>:100 - Epoch: 98, Loss: 0.0935, Train Acc: 0.9713,  Test_Loss: 0.0868,Test Acc: 0.9692,Test F1: 0.9538,Test auc: 0.9654
2024-05-09 13:16:09.476 | INFO     | __main__:<module>:100 - Epoch: 99, Loss: 0.0946, Train Acc: 0.9691,  Test_Loss: 0.0859,Test Acc: 0.9692,Test F1: 0.9538,Test auc: 0.9654
2024-05-09 13:16:09.501 | INFO     | __main__:<module>:100 - Epoch: 100, Loss: 0.1005, Train Acc: 0.9680,  Test_Loss: 0.0881,Test Acc: 0.9641,Test F1: 0.9457,Test auc: 0.9577
2024-05-09 13:16:09.531 | INFO     | __main__:<module>:100 - Epoch: 101, Loss: 0.0944, Train Acc: 0.9713,  Test_Loss: 0.0858,Test Acc: 0.9692,Test F1: 0.9538,Test auc: 0.9654
2024-05-09 13:16:09.560 | INFO     | __main__:<module>:100 - Epoch: 102, Loss: 0.0941, Train Acc: 0.9735,  Test_Loss: 0.0858,Test Acc: 0.9692,Test F1: 0.9538,Test auc: 0.9654
2024-05-09 13:16:09.586 | INFO     | __main__:<module>:100 - Epoch: 103, Loss: 0.0858, Train Acc: 0.9691,  Test_Loss: 0.0851,Test Acc: 0.9692,Test F1: 0.9538,Test auc: 0.9654
2024-05-09 13:16:09.603 | INFO     | __main__:<module>:100 - Epoch: 104, Loss: 0.1037, Train Acc: 0.9669,  Test_Loss: 0.0850,Test Acc: 0.9692,Test F1: 0.9538,Test auc: 0.9654
2024-05-09 13:16:09.619 | INFO     | __main__:<module>:100 - Epoch: 105, Loss: 0.0996, Train Acc: 0.9680,  Test_Loss: 0.0859,Test Acc: 0.9692,Test F1: 0.9538,Test auc: 0.9654
2024-05-09 13:16:09.619 | INFO     | __main__:<module>:118 - 1.830073356628418
2024-05-09 13:16:09.970 | INFO     | __main__:<module>:79 - Namespace(dataset='ca-hepth', model='GCN', learning_rate=0.01, epochs=9999, hidden_units=16, dropout=0.4, weight_decay=0.01, weight_decay1=0.01, weight_decay2=0.0005, early_stopping=30, residual=True, seed=824, type='Binary', DEVICE='cuda', theta=0.5, layers=64, alpha=0.1, feature_type='x_55', CGCN=0)
2024-05-09 13:16:09.971 | INFO     | __main__:<module>:80 - Data(edge_index=[2, 49612], weight=[49612], num_nodes=8638, x=[8638, 9], train_mask=[8638], test_mask=[8638], label=[8638])
2024-05-09 13:16:10.002 | INFO     | __main__:<module>:100 - Epoch: 00, Loss: 0.7863, Train Acc: 0.3035,  Test_Loss: 0.6517,Test Acc: 0.3333,Test F1: 0.5000,Test auc: 0.5000
2024-05-09 13:16:10.027 | INFO     | __main__:<module>:100 - Epoch: 01, Loss: 0.6895, Train Acc: 0.3245,  Test_Loss: 0.6252,Test Acc: 0.3487,Test F1: 0.5000,Test auc: 0.5058
2024-05-09 13:16:10.051 | INFO     | __main__:<module>:100 - Epoch: 02, Loss: 0.6515, Train Acc: 0.3664,  Test_Loss: 0.6013,Test Acc: 0.4231,Test F1: 0.5077,Test auc: 0.5404
2024-05-09 13:16:10.076 | INFO     | __main__:<module>:100 - Epoch: 03, Loss: 0.6477, Train Acc: 0.4658,  Test_Loss: 0.5762,Test Acc: 0.5590,Test F1: 0.5657,Test auc: 0.6346
2024-05-09 13:16:10.100 | INFO     | __main__:<module>:100 - Epoch: 04, Loss: 0.6069, Train Acc: 0.5740,  Test_Loss: 0.5504,Test Acc: 0.7282,Test F1: 0.6768,Test auc: 0.7596
2024-05-09 13:16:10.127 | INFO     | __main__:<module>:100 - Epoch: 05, Loss: 0.6216, Train Acc: 0.6876,  Test_Loss: 0.5256,Test Acc: 0.8564,Test F1: 0.8000,Test auc: 0.8577
2024-05-09 13:16:10.151 | INFO     | __main__:<module>:100 - Epoch: 06, Loss: 0.5781, Train Acc: 0.7638,  Test_Loss: 0.5011,Test Acc: 0.8769,Test F1: 0.8222,Test auc: 0.8712
2024-05-09 13:16:10.177 | INFO     | __main__:<module>:100 - Epoch: 07, Loss: 0.5345, Train Acc: 0.8102,  Test_Loss: 0.4769,Test Acc: 0.9026,Test F1: 0.8593,Test auc: 0.9000
2024-05-09 13:16:10.210 | INFO     | __main__:<module>:100 - Epoch: 08, Loss: 0.5054, Train Acc: 0.8300,  Test_Loss: 0.4532,Test Acc: 0.9103,Test F1: 0.8699,Test auc: 0.9077
2024-05-09 13:16:10.248 | INFO     | __main__:<module>:100 - Epoch: 09, Loss: 0.4825, Train Acc: 0.8709,  Test_Loss: 0.4296,Test Acc: 0.9179,Test F1: 0.8815,Test auc: 0.9173
2024-05-09 13:16:10.287 | INFO     | __main__:<module>:100 - Epoch: 10, Loss: 0.4613, Train Acc: 0.8653,  Test_Loss: 0.4047,Test Acc: 0.9282,Test F1: 0.8947,Test auc: 0.9250
2024-05-09 13:16:10.320 | INFO     | __main__:<module>:100 - Epoch: 11, Loss: 0.4357, Train Acc: 0.8985,  Test_Loss: 0.3802,Test Acc: 0.9308,Test F1: 0.8949,Test auc: 0.9192
2024-05-09 13:16:10.339 | INFO     | __main__:<module>:100 - Epoch: 12, Loss: 0.4200, Train Acc: 0.8996,  Test_Loss: 0.3600,Test Acc: 0.9154,Test F1: 0.8685,Test auc: 0.8962
2024-05-09 13:16:10.363 | INFO     | __main__:<module>:100 - Epoch: 13, Loss: 0.3918, Train Acc: 0.8918,  Test_Loss: 0.3379,Test Acc: 0.9154,Test F1: 0.8685,Test auc: 0.8962
2024-05-09 13:16:10.391 | INFO     | __main__:<module>:100 - Epoch: 14, Loss: 0.3712, Train Acc: 0.8974,  Test_Loss: 0.3109,Test Acc: 0.9256,Test F1: 0.8863,Test auc: 0.9115
2024-05-09 13:16:10.418 | INFO     | __main__:<module>:100 - Epoch: 15, Loss: 0.3756, Train Acc: 0.9029,  Test_Loss: 0.2875,Test Acc: 0.9436,Test F1: 0.9160,Test auc: 0.9385
2024-05-09 13:16:10.463 | INFO     | __main__:<module>:100 - Epoch: 16, Loss: 0.3386, Train Acc: 0.9073,  Test_Loss: 0.2672,Test Acc: 0.9487,Test F1: 0.9265,Test auc: 0.9538
2024-05-09 13:16:10.498 | INFO     | __main__:<module>:100 - Epoch: 17, Loss: 0.3360, Train Acc: 0.9040,  Test_Loss: 0.2503,Test Acc: 0.9487,Test F1: 0.9265,Test auc: 0.9538
2024-05-09 13:16:10.522 | INFO     | __main__:<module>:100 - Epoch: 18, Loss: 0.3078, Train Acc: 0.9205,  Test_Loss: 0.2350,Test Acc: 0.9385,Test F1: 0.9098,Test auc: 0.9365
2024-05-09 13:16:10.541 | INFO     | __main__:<module>:100 - Epoch: 19, Loss: 0.2774, Train Acc: 0.9161,  Test_Loss: 0.2222,Test Acc: 0.9359,Test F1: 0.9042,Test auc: 0.9288
2024-05-09 13:16:10.566 | INFO     | __main__:<module>:100 - Epoch: 20, Loss: 0.2883, Train Acc: 0.9227,  Test_Loss: 0.2122,Test Acc: 0.9333,Test F1: 0.9000,Test auc: 0.9250
2024-05-09 13:16:10.601 | INFO     | __main__:<module>:100 - Epoch: 21, Loss: 0.2712, Train Acc: 0.9150,  Test_Loss: 0.1999,Test Acc: 0.9333,Test F1: 0.9000,Test auc: 0.9250
2024-05-09 13:16:10.647 | INFO     | __main__:<module>:100 - Epoch: 22, Loss: 0.2568, Train Acc: 0.9249,  Test_Loss: 0.1885,Test Acc: 0.9385,Test F1: 0.9091,Test auc: 0.9346
2024-05-09 13:16:10.683 | INFO     | __main__:<module>:100 - Epoch: 23, Loss: 0.2402, Train Acc: 0.9338,  Test_Loss: 0.1837,Test Acc: 0.9564,Test F1: 0.9377,Test auc: 0.9635
2024-05-09 13:16:10.713 | INFO     | __main__:<module>:100 - Epoch: 24, Loss: 0.2392, Train Acc: 0.9316,  Test_Loss: 0.1759,Test Acc: 0.9564,Test F1: 0.9377,Test auc: 0.9635
2024-05-09 13:16:10.738 | INFO     | __main__:<module>:100 - Epoch: 25, Loss: 0.2606, Train Acc: 0.9283,  Test_Loss: 0.1657,Test Acc: 0.9564,Test F1: 0.9377,Test auc: 0.9635
2024-05-09 13:16:10.761 | INFO     | __main__:<module>:100 - Epoch: 26, Loss: 0.2540, Train Acc: 0.9249,  Test_Loss: 0.1588,Test Acc: 0.9462,Test F1: 0.9219,Test auc: 0.9481
2024-05-09 13:16:10.779 | INFO     | __main__:<module>:100 - Epoch: 27, Loss: 0.2105, Train Acc: 0.9327,  Test_Loss: 0.1643,Test Acc: 0.9462,Test F1: 0.9213,Test auc: 0.9462
2024-05-09 13:16:10.795 | INFO     | __main__:<module>:100 - Epoch: 28, Loss: 0.2309, Train Acc: 0.9183,  Test_Loss: 0.1613,Test Acc: 0.9410,Test F1: 0.9125,Test auc: 0.9365
2024-05-09 13:16:10.812 | INFO     | __main__:<module>:100 - Epoch: 29, Loss: 0.2156, Train Acc: 0.9305,  Test_Loss: 0.1730,Test Acc: 0.9359,Test F1: 0.9035,Test auc: 0.9269
2024-05-09 13:16:10.835 | INFO     | __main__:<module>:100 - Epoch: 30, Loss: 0.2343, Train Acc: 0.9260,  Test_Loss: 0.1784,Test Acc: 0.9051,Test F1: 0.8502,Test auc: 0.8808
2024-05-09 13:16:10.857 | INFO     | __main__:<module>:100 - Epoch: 31, Loss: 0.2365, Train Acc: 0.9294,  Test_Loss: 0.1898,Test Acc: 0.9051,Test F1: 0.8502,Test auc: 0.8808
2024-05-09 13:16:10.883 | INFO     | __main__:<module>:100 - Epoch: 32, Loss: 0.2441, Train Acc: 0.9227,  Test_Loss: 0.1747,Test Acc: 0.9359,Test F1: 0.9035,Test auc: 0.9269
2024-05-09 13:16:10.913 | INFO     | __main__:<module>:100 - Epoch: 33, Loss: 0.2044, Train Acc: 0.9371,  Test_Loss: 0.1723,Test Acc: 0.9359,Test F1: 0.9035,Test auc: 0.9269
2024-05-09 13:16:10.931 | INFO     | __main__:<module>:100 - Epoch: 34, Loss: 0.2321, Train Acc: 0.9216,  Test_Loss: 0.1655,Test Acc: 0.9333,Test F1: 0.8992,Test auc: 0.9231
2024-05-09 13:16:10.948 | INFO     | __main__:<module>:100 - Epoch: 35, Loss: 0.2394, Train Acc: 0.9272,  Test_Loss: 0.1610,Test Acc: 0.9359,Test F1: 0.9035,Test auc: 0.9269
2024-05-09 13:16:10.971 | INFO     | __main__:<module>:100 - Epoch: 36, Loss: 0.2497, Train Acc: 0.9139,  Test_Loss: 0.1585,Test Acc: 0.9385,Test F1: 0.9077,Test auc: 0.9308
2024-05-09 13:16:10.991 | INFO     | __main__:<module>:100 - Epoch: 37, Loss: 0.2342, Train Acc: 0.9238,  Test_Loss: 0.1553,Test Acc: 0.9385,Test F1: 0.9077,Test auc: 0.9308
2024-05-09 13:16:11.011 | INFO     | __main__:<module>:100 - Epoch: 38, Loss: 0.2411, Train Acc: 0.9128,  Test_Loss: 0.1393,Test Acc: 0.9487,Test F1: 0.9242,Test auc: 0.9462
2024-05-09 13:16:11.031 | INFO     | __main__:<module>:100 - Epoch: 39, Loss: 0.2326, Train Acc: 0.9106,  Test_Loss: 0.1408,Test Acc: 0.9615,Test F1: 0.9455,Test auc: 0.9712
2024-05-09 13:16:11.065 | INFO     | __main__:<module>:100 - Epoch: 40, Loss: 0.2134, Train Acc: 0.9316,  Test_Loss: 0.1383,Test Acc: 0.9641,Test F1: 0.9489,Test auc: 0.9731
2024-05-09 13:16:11.102 | INFO     | __main__:<module>:100 - Epoch: 41, Loss: 0.2143, Train Acc: 0.9305,  Test_Loss: 0.1367,Test Acc: 0.9641,Test F1: 0.9489,Test auc: 0.9731
2024-05-09 13:16:11.138 | INFO     | __main__:<module>:100 - Epoch: 42, Loss: 0.1964, Train Acc: 0.9338,  Test_Loss: 0.1305,Test Acc: 0.9667,Test F1: 0.9524,Test auc: 0.9750
2024-05-09 13:16:11.167 | INFO     | __main__:<module>:100 - Epoch: 43, Loss: 0.2247, Train Acc: 0.9238,  Test_Loss: 0.1239,Test Acc: 0.9615,Test F1: 0.9438,Test auc: 0.9635
2024-05-09 13:16:11.189 | INFO     | __main__:<module>:100 - Epoch: 44, Loss: 0.2161, Train Acc: 0.9194,  Test_Loss: 0.1230,Test Acc: 0.9487,Test F1: 0.9231,Test auc: 0.9423
2024-05-09 13:16:11.202 | INFO     | __main__:<module>:100 - Epoch: 45, Loss: 0.2225, Train Acc: 0.9227,  Test_Loss: 0.1231,Test Acc: 0.9538,Test F1: 0.9302,Test auc: 0.9462
2024-05-09 13:16:11.250 | INFO     | __main__:<module>:100 - Epoch: 46, Loss: 0.2138, Train Acc: 0.9249,  Test_Loss: 0.1196,Test Acc: 0.9590,Test F1: 0.9398,Test auc: 0.9596
2024-05-09 13:16:11.275 | INFO     | __main__:<module>:100 - Epoch: 47, Loss: 0.1923, Train Acc: 0.9327,  Test_Loss: 0.1200,Test Acc: 0.9692,Test F1: 0.9559,Test auc: 0.9769
2024-05-09 13:16:11.307 | INFO     | __main__:<module>:100 - Epoch: 48, Loss: 0.1883, Train Acc: 0.9404,  Test_Loss: 0.1217,Test Acc: 0.9667,Test F1: 0.9524,Test auc: 0.9750
2024-05-09 13:16:11.332 | INFO     | __main__:<module>:100 - Epoch: 49, Loss: 0.2060, Train Acc: 0.9338,  Test_Loss: 0.1268,Test Acc: 0.9667,Test F1: 0.9524,Test auc: 0.9750
2024-05-09 13:16:11.350 | INFO     | __main__:<module>:100 - Epoch: 50, Loss: 0.2061, Train Acc: 0.9305,  Test_Loss: 0.1287,Test Acc: 0.9667,Test F1: 0.9524,Test auc: 0.9750
2024-05-09 13:16:11.375 | INFO     | __main__:<module>:100 - Epoch: 51, Loss: 0.2213, Train Acc: 0.9327,  Test_Loss: 0.1272,Test Acc: 0.9667,Test F1: 0.9524,Test auc: 0.9750
2024-05-09 13:16:11.394 | INFO     | __main__:<module>:100 - Epoch: 52, Loss: 0.1949, Train Acc: 0.9338,  Test_Loss: 0.1265,Test Acc: 0.9667,Test F1: 0.9524,Test auc: 0.9750
2024-05-09 13:16:11.410 | INFO     | __main__:<module>:100 - Epoch: 53, Loss: 0.2019, Train Acc: 0.9360,  Test_Loss: 0.1276,Test Acc: 0.9667,Test F1: 0.9524,Test auc: 0.9750
2024-05-09 13:16:11.428 | INFO     | __main__:<module>:100 - Epoch: 54, Loss: 0.1920, Train Acc: 0.9327,  Test_Loss: 0.1273,Test Acc: 0.9667,Test F1: 0.9524,Test auc: 0.9750
2024-05-09 13:16:11.445 | INFO     | __main__:<module>:100 - Epoch: 55, Loss: 0.2007, Train Acc: 0.9338,  Test_Loss: 0.1252,Test Acc: 0.9667,Test F1: 0.9524,Test auc: 0.9750
2024-05-09 13:16:11.467 | INFO     | __main__:<module>:100 - Epoch: 56, Loss: 0.2103, Train Acc: 0.9338,  Test_Loss: 0.1223,Test Acc: 0.9667,Test F1: 0.9524,Test auc: 0.9750
2024-05-09 13:16:11.488 | INFO     | __main__:<module>:100 - Epoch: 57, Loss: 0.2061, Train Acc: 0.9294,  Test_Loss: 0.1206,Test Acc: 0.9641,Test F1: 0.9481,Test auc: 0.9692
2024-05-09 13:16:11.515 | INFO     | __main__:<module>:100 - Epoch: 58, Loss: 0.2285, Train Acc: 0.9172,  Test_Loss: 0.1215,Test Acc: 0.9641,Test F1: 0.9481,Test auc: 0.9692
2024-05-09 13:16:11.537 | INFO     | __main__:<module>:100 - Epoch: 59, Loss: 0.1997, Train Acc: 0.9294,  Test_Loss: 0.1206,Test Acc: 0.9615,Test F1: 0.9442,Test auc: 0.9654
2024-05-09 13:16:11.558 | INFO     | __main__:<module>:100 - Epoch: 60, Loss: 0.1956, Train Acc: 0.9360,  Test_Loss: 0.1210,Test Acc: 0.9641,Test F1: 0.9481,Test auc: 0.9692
2024-05-09 13:16:11.580 | INFO     | __main__:<module>:100 - Epoch: 61, Loss: 0.2063, Train Acc: 0.9260,  Test_Loss: 0.1228,Test Acc: 0.9667,Test F1: 0.9524,Test auc: 0.9750
2024-05-09 13:16:11.596 | INFO     | __main__:<module>:100 - Epoch: 62, Loss: 0.2262, Train Acc: 0.9216,  Test_Loss: 0.1238,Test Acc: 0.9667,Test F1: 0.9524,Test auc: 0.9750
2024-05-09 13:16:11.611 | INFO     | __main__:<module>:100 - Epoch: 63, Loss: 0.1981, Train Acc: 0.9382,  Test_Loss: 0.1249,Test Acc: 0.9667,Test F1: 0.9524,Test auc: 0.9750
2024-05-09 13:16:11.628 | INFO     | __main__:<module>:100 - Epoch: 64, Loss: 0.2169, Train Acc: 0.9316,  Test_Loss: 0.1255,Test Acc: 0.9667,Test F1: 0.9524,Test auc: 0.9750
2024-05-09 13:16:11.648 | INFO     | __main__:<module>:100 - Epoch: 65, Loss: 0.2119, Train Acc: 0.9272,  Test_Loss: 0.1277,Test Acc: 0.9667,Test F1: 0.9524,Test auc: 0.9750
2024-05-09 13:16:11.670 | INFO     | __main__:<module>:100 - Epoch: 66, Loss: 0.2021, Train Acc: 0.9360,  Test_Loss: 0.1298,Test Acc: 0.9667,Test F1: 0.9524,Test auc: 0.9750
2024-05-09 13:16:11.697 | INFO     | __main__:<module>:100 - Epoch: 67, Loss: 0.1965, Train Acc: 0.9404,  Test_Loss: 0.1301,Test Acc: 0.9667,Test F1: 0.9524,Test auc: 0.9750
2024-05-09 13:16:11.718 | INFO     | __main__:<module>:100 - Epoch: 68, Loss: 0.2053, Train Acc: 0.9227,  Test_Loss: 0.1306,Test Acc: 0.9667,Test F1: 0.9524,Test auc: 0.9750
2024-05-09 13:16:11.747 | INFO     | __main__:<module>:100 - Epoch: 69, Loss: 0.2118, Train Acc: 0.9260,  Test_Loss: 0.1299,Test Acc: 0.9667,Test F1: 0.9524,Test auc: 0.9750
2024-05-09 13:16:11.778 | INFO     | __main__:<module>:100 - Epoch: 70, Loss: 0.1819, Train Acc: 0.9459,  Test_Loss: 0.1301,Test Acc: 0.9667,Test F1: 0.9524,Test auc: 0.9750
2024-05-09 13:16:11.797 | INFO     | __main__:<module>:100 - Epoch: 71, Loss: 0.2178, Train Acc: 0.9227,  Test_Loss: 0.1292,Test Acc: 0.9667,Test F1: 0.9524,Test auc: 0.9750
2024-05-09 13:16:11.813 | INFO     | __main__:<module>:100 - Epoch: 72, Loss: 0.2108, Train Acc: 0.9272,  Test_Loss: 0.1305,Test Acc: 0.9667,Test F1: 0.9524,Test auc: 0.9750
2024-05-09 13:16:11.832 | INFO     | __main__:<module>:100 - Epoch: 73, Loss: 0.1868, Train Acc: 0.9415,  Test_Loss: 0.1292,Test Acc: 0.9667,Test F1: 0.9524,Test auc: 0.9750
2024-05-09 13:16:11.852 | INFO     | __main__:<module>:100 - Epoch: 74, Loss: 0.2132, Train Acc: 0.9216,  Test_Loss: 0.1310,Test Acc: 0.9667,Test F1: 0.9524,Test auc: 0.9750
2024-05-09 13:16:11.870 | INFO     | __main__:<module>:100 - Epoch: 75, Loss: 0.2311, Train Acc: 0.9183,  Test_Loss: 0.1315,Test Acc: 0.9641,Test F1: 0.9489,Test auc: 0.9731
2024-05-09 13:16:11.892 | INFO     | __main__:<module>:100 - Epoch: 76, Loss: 0.2024, Train Acc: 0.9183,  Test_Loss: 0.1260,Test Acc: 0.9667,Test F1: 0.9524,Test auc: 0.9750
2024-05-09 13:16:11.893 | INFO     | __main__:<module>:118 - 1.3405377864837646
2024-05-09 13:16:12.417 | INFO     | __main__:<module>:79 - Namespace(dataset='ca-hepth', model='GCN', learning_rate=0.01, epochs=9999, hidden_units=16, dropout=0.4, weight_decay=0.01, weight_decay1=0.01, weight_decay2=0.0005, early_stopping=30, residual=True, seed=824, type='Binary', DEVICE='cuda', theta=0.5, layers=64, alpha=0.1, feature_type='x_55', CGCN=0)
2024-05-09 13:16:12.418 | INFO     | __main__:<module>:80 - Data(edge_index=[2, 49612], weight=[49612], num_nodes=8638, x=[8638, 10], train_mask=[8638], test_mask=[8638], label=[8638])
2024-05-09 13:16:12.449 | INFO     | __main__:<module>:100 - Epoch: 00, Loss: 0.7477, Train Acc: 0.7108,  Test_Loss: 0.5489,Test Acc: 0.8641,Test F1: 0.8227,Test auc: 0.8846
2024-05-09 13:16:12.473 | INFO     | __main__:<module>:100 - Epoch: 01, Loss: 0.6352, Train Acc: 0.7848,  Test_Loss: 0.4945,Test Acc: 0.8872,Test F1: 0.8533,Test auc: 0.9115
2024-05-09 13:16:12.495 | INFO     | __main__:<module>:100 - Epoch: 02, Loss: 0.5776, Train Acc: 0.8322,  Test_Loss: 0.4641,Test Acc: 0.9154,Test F1: 0.8842,Test auc: 0.9288
2024-05-09 13:16:12.519 | INFO     | __main__:<module>:100 - Epoch: 03, Loss: 0.5167, Train Acc: 0.8532,  Test_Loss: 0.4395,Test Acc: 0.9231,Test F1: 0.8913,Test auc: 0.9288
2024-05-09 13:16:12.548 | INFO     | __main__:<module>:100 - Epoch: 04, Loss: 0.5187, Train Acc: 0.8731,  Test_Loss: 0.4181,Test Acc: 0.9282,Test F1: 0.8931,Test auc: 0.9212
2024-05-09 13:16:12.578 | INFO     | __main__:<module>:100 - Epoch: 05, Loss: 0.4799, Train Acc: 0.8786,  Test_Loss: 0.3982,Test Acc: 0.9256,Test F1: 0.8897,Test auc: 0.9192
2024-05-09 13:16:12.603 | INFO     | __main__:<module>:100 - Epoch: 06, Loss: 0.4571, Train Acc: 0.8786,  Test_Loss: 0.3783,Test Acc: 0.9282,Test F1: 0.8939,Test auc: 0.9231
2024-05-09 13:16:12.635 | INFO     | __main__:<module>:100 - Epoch: 07, Loss: 0.4134, Train Acc: 0.9007,  Test_Loss: 0.3586,Test Acc: 0.9205,Test F1: 0.8839,Test auc: 0.9173
2024-05-09 13:16:12.672 | INFO     | __main__:<module>:100 - Epoch: 08, Loss: 0.4044, Train Acc: 0.9051,  Test_Loss: 0.3392,Test Acc: 0.9205,Test F1: 0.8839,Test auc: 0.9173
2024-05-09 13:16:12.715 | INFO     | __main__:<module>:100 - Epoch: 09, Loss: 0.3939, Train Acc: 0.9117,  Test_Loss: 0.3209,Test Acc: 0.9256,Test F1: 0.8914,Test auc: 0.9231
2024-05-09 13:16:12.747 | INFO     | __main__:<module>:100 - Epoch: 10, Loss: 0.3617, Train Acc: 0.9084,  Test_Loss: 0.3043,Test Acc: 0.9256,Test F1: 0.8922,Test auc: 0.9250
2024-05-09 13:16:12.774 | INFO     | __main__:<module>:100 - Epoch: 11, Loss: 0.3611, Train Acc: 0.9040,  Test_Loss: 0.2894,Test Acc: 0.9231,Test F1: 0.8889,Test auc: 0.9231
2024-05-09 13:16:12.795 | INFO     | __main__:<module>:100 - Epoch: 12, Loss: 0.3224, Train Acc: 0.9238,  Test_Loss: 0.2743,Test Acc: 0.9282,Test F1: 0.8955,Test auc: 0.9269
2024-05-09 13:16:12.819 | INFO     | __main__:<module>:100 - Epoch: 13, Loss: 0.3419, Train Acc: 0.9062,  Test_Loss: 0.2605,Test Acc: 0.9359,Test F1: 0.9057,Test auc: 0.9327
2024-05-09 13:16:12.850 | INFO     | __main__:<module>:100 - Epoch: 14, Loss: 0.2967, Train Acc: 0.9183,  Test_Loss: 0.2501,Test Acc: 0.9333,Test F1: 0.9030,Test auc: 0.9327
2024-05-09 13:16:12.886 | INFO     | __main__:<module>:100 - Epoch: 15, Loss: 0.2905, Train Acc: 0.9073,  Test_Loss: 0.2430,Test Acc: 0.9256,Test F1: 0.8938,Test auc: 0.9288
2024-05-09 13:16:12.918 | INFO     | __main__:<module>:100 - Epoch: 16, Loss: 0.3043, Train Acc: 0.9062,  Test_Loss: 0.2401,Test Acc: 0.9333,Test F1: 0.9065,Test auc: 0.9423
2024-05-09 13:16:12.956 | INFO     | __main__:<module>:100 - Epoch: 17, Loss: 0.2792, Train Acc: 0.9249,  Test_Loss: 0.2309,Test Acc: 0.9359,Test F1: 0.9104,Test auc: 0.9462
2024-05-09 13:16:12.978 | INFO     | __main__:<module>:100 - Epoch: 18, Loss: 0.2610, Train Acc: 0.9283,  Test_Loss: 0.2166,Test Acc: 0.9359,Test F1: 0.9097,Test auc: 0.9442
2024-05-09 13:16:13.000 | INFO     | __main__:<module>:100 - Epoch: 19, Loss: 0.2439, Train Acc: 0.9283,  Test_Loss: 0.2052,Test Acc: 0.9410,Test F1: 0.9151,Test auc: 0.9442
2024-05-09 13:16:13.024 | INFO     | __main__:<module>:100 - Epoch: 20, Loss: 0.2281, Train Acc: 0.9327,  Test_Loss: 0.1942,Test Acc: 0.9385,Test F1: 0.9098,Test auc: 0.9365
2024-05-09 13:16:13.055 | INFO     | __main__:<module>:100 - Epoch: 21, Loss: 0.2311, Train Acc: 0.9283,  Test_Loss: 0.1854,Test Acc: 0.9410,Test F1: 0.9132,Test auc: 0.9385
2024-05-09 13:16:13.102 | INFO     | __main__:<module>:100 - Epoch: 22, Loss: 0.2035, Train Acc: 0.9426,  Test_Loss: 0.1778,Test Acc: 0.9436,Test F1: 0.9173,Test auc: 0.9423
2024-05-09 13:16:13.136 | INFO     | __main__:<module>:100 - Epoch: 23, Loss: 0.2294, Train Acc: 0.9227,  Test_Loss: 0.1727,Test Acc: 0.9436,Test F1: 0.9179,Test auc: 0.9442
2024-05-09 13:16:13.162 | INFO     | __main__:<module>:100 - Epoch: 24, Loss: 0.2202, Train Acc: 0.9272,  Test_Loss: 0.1721,Test Acc: 0.9462,Test F1: 0.9242,Test auc: 0.9558
2024-05-09 13:16:13.183 | INFO     | __main__:<module>:100 - Epoch: 25, Loss: 0.2194, Train Acc: 0.9371,  Test_Loss: 0.1644,Test Acc: 0.9487,Test F1: 0.9275,Test auc: 0.9577
2024-05-09 13:16:13.205 | INFO     | __main__:<module>:100 - Epoch: 26, Loss: 0.2051, Train Acc: 0.9448,  Test_Loss: 0.1523,Test Acc: 0.9462,Test F1: 0.9213,Test auc: 0.9462
2024-05-09 13:16:13.226 | INFO     | __main__:<module>:100 - Epoch: 27, Loss: 0.1990, Train Acc: 0.9393,  Test_Loss: 0.1467,Test Acc: 0.9513,Test F1: 0.9283,Test auc: 0.9500
2024-05-09 13:16:13.253 | INFO     | __main__:<module>:100 - Epoch: 28, Loss: 0.1923, Train Acc: 0.9338,  Test_Loss: 0.1425,Test Acc: 0.9513,Test F1: 0.9288,Test auc: 0.9519
2024-05-09 13:16:13.292 | INFO     | __main__:<module>:100 - Epoch: 29, Loss: 0.1869, Train Acc: 0.9371,  Test_Loss: 0.1399,Test Acc: 0.9513,Test F1: 0.9299,Test auc: 0.9558
2024-05-09 13:16:13.315 | INFO     | __main__:<module>:100 - Epoch: 30, Loss: 0.1930, Train Acc: 0.9393,  Test_Loss: 0.1407,Test Acc: 0.9564,Test F1: 0.9382,Test auc: 0.9654
2024-05-09 13:16:13.348 | INFO     | __main__:<module>:100 - Epoch: 31, Loss: 0.1921, Train Acc: 0.9415,  Test_Loss: 0.1388,Test Acc: 0.9513,Test F1: 0.9299,Test auc: 0.9558
2024-05-09 13:16:13.378 | INFO     | __main__:<module>:100 - Epoch: 32, Loss: 0.1884, Train Acc: 0.9305,  Test_Loss: 0.1352,Test Acc: 0.9538,Test F1: 0.9338,Test auc: 0.9596
2024-05-09 13:16:13.404 | INFO     | __main__:<module>:100 - Epoch: 33, Loss: 0.1714, Train Acc: 0.9437,  Test_Loss: 0.1293,Test Acc: 0.9513,Test F1: 0.9299,Test auc: 0.9558
2024-05-09 13:16:13.425 | INFO     | __main__:<module>:100 - Epoch: 34, Loss: 0.1879, Train Acc: 0.9437,  Test_Loss: 0.1252,Test Acc: 0.9513,Test F1: 0.9299,Test auc: 0.9558
2024-05-09 13:16:13.451 | INFO     | __main__:<module>:100 - Epoch: 35, Loss: 0.1837, Train Acc: 0.9349,  Test_Loss: 0.1202,Test Acc: 0.9590,Test F1: 0.9403,Test auc: 0.9615
2024-05-09 13:16:13.483 | INFO     | __main__:<module>:100 - Epoch: 36, Loss: 0.1511, Train Acc: 0.9481,  Test_Loss: 0.1158,Test Acc: 0.9590,Test F1: 0.9398,Test auc: 0.9596
2024-05-09 13:16:13.520 | INFO     | __main__:<module>:100 - Epoch: 37, Loss: 0.1614, Train Acc: 0.9503,  Test_Loss: 0.1145,Test Acc: 0.9615,Test F1: 0.9438,Test auc: 0.9635
2024-05-09 13:16:13.560 | INFO     | __main__:<module>:100 - Epoch: 38, Loss: 0.1516, Train Acc: 0.9492,  Test_Loss: 0.1131,Test Acc: 0.9641,Test F1: 0.9481,Test auc: 0.9692
2024-05-09 13:16:13.595 | INFO     | __main__:<module>:100 - Epoch: 39, Loss: 0.1787, Train Acc: 0.9415,  Test_Loss: 0.1109,Test Acc: 0.9667,Test F1: 0.9517,Test auc: 0.9712
2024-05-09 13:16:13.622 | INFO     | __main__:<module>:100 - Epoch: 40, Loss: 0.1727, Train Acc: 0.9415,  Test_Loss: 0.1083,Test Acc: 0.9641,Test F1: 0.9478,Test auc: 0.9673
2024-05-09 13:16:13.643 | INFO     | __main__:<module>:100 - Epoch: 41, Loss: 0.1812, Train Acc: 0.9338,  Test_Loss: 0.1091,Test Acc: 0.9615,Test F1: 0.9446,Test auc: 0.9673
2024-05-09 13:16:13.669 | INFO     | __main__:<module>:100 - Epoch: 42, Loss: 0.1678, Train Acc: 0.9448,  Test_Loss: 0.1080,Test Acc: 0.9641,Test F1: 0.9478,Test auc: 0.9673
2024-05-09 13:16:13.694 | INFO     | __main__:<module>:100 - Epoch: 43, Loss: 0.1798, Train Acc: 0.9227,  Test_Loss: 0.1089,Test Acc: 0.9615,Test F1: 0.9451,Test auc: 0.9692
2024-05-09 13:16:13.719 | INFO     | __main__:<module>:100 - Epoch: 44, Loss: 0.1597, Train Acc: 0.9426,  Test_Loss: 0.1084,Test Acc: 0.9590,Test F1: 0.9412,Test auc: 0.9654
2024-05-09 13:16:13.749 | INFO     | __main__:<module>:100 - Epoch: 45, Loss: 0.1810, Train Acc: 0.9415,  Test_Loss: 0.1128,Test Acc: 0.9615,Test F1: 0.9455,Test auc: 0.9712
2024-05-09 13:16:13.773 | INFO     | __main__:<module>:100 - Epoch: 46, Loss: 0.1666, Train Acc: 0.9349,  Test_Loss: 0.1149,Test Acc: 0.9615,Test F1: 0.9455,Test auc: 0.9712
2024-05-09 13:16:13.796 | INFO     | __main__:<module>:100 - Epoch: 47, Loss: 0.1713, Train Acc: 0.9338,  Test_Loss: 0.1148,Test Acc: 0.9615,Test F1: 0.9455,Test auc: 0.9712
2024-05-09 13:16:13.815 | INFO     | __main__:<module>:100 - Epoch: 48, Loss: 0.1708, Train Acc: 0.9426,  Test_Loss: 0.1131,Test Acc: 0.9615,Test F1: 0.9455,Test auc: 0.9712
2024-05-09 13:16:13.834 | INFO     | __main__:<module>:100 - Epoch: 49, Loss: 0.1533, Train Acc: 0.9371,  Test_Loss: 0.1128,Test Acc: 0.9615,Test F1: 0.9455,Test auc: 0.9712
2024-05-09 13:16:13.852 | INFO     | __main__:<module>:100 - Epoch: 50, Loss: 0.1537, Train Acc: 0.9492,  Test_Loss: 0.1147,Test Acc: 0.9615,Test F1: 0.9455,Test auc: 0.9712
2024-05-09 13:16:13.868 | INFO     | __main__:<module>:100 - Epoch: 51, Loss: 0.1588, Train Acc: 0.9415,  Test_Loss: 0.1187,Test Acc: 0.9590,Test F1: 0.9420,Test auc: 0.9692
2024-05-09 13:16:13.895 | INFO     | __main__:<module>:100 - Epoch: 52, Loss: 0.1681, Train Acc: 0.9426,  Test_Loss: 0.1175,Test Acc: 0.9590,Test F1: 0.9420,Test auc: 0.9692
2024-05-09 13:16:13.918 | INFO     | __main__:<module>:100 - Epoch: 53, Loss: 0.1793, Train Acc: 0.9404,  Test_Loss: 0.1136,Test Acc: 0.9615,Test F1: 0.9455,Test auc: 0.9712
2024-05-09 13:16:13.947 | INFO     | __main__:<module>:100 - Epoch: 54, Loss: 0.1735, Train Acc: 0.9371,  Test_Loss: 0.1145,Test Acc: 0.9615,Test F1: 0.9455,Test auc: 0.9712
2024-05-09 13:16:13.971 | INFO     | __main__:<module>:100 - Epoch: 55, Loss: 0.1518, Train Acc: 0.9503,  Test_Loss: 0.1129,Test Acc: 0.9615,Test F1: 0.9455,Test auc: 0.9712
2024-05-09 13:16:13.999 | INFO     | __main__:<module>:100 - Epoch: 56, Loss: 0.1634, Train Acc: 0.9448,  Test_Loss: 0.1104,Test Acc: 0.9615,Test F1: 0.9455,Test auc: 0.9712
2024-05-09 13:16:14.019 | INFO     | __main__:<module>:100 - Epoch: 57, Loss: 0.1759, Train Acc: 0.9349,  Test_Loss: 0.1106,Test Acc: 0.9615,Test F1: 0.9455,Test auc: 0.9712
2024-05-09 13:16:14.043 | INFO     | __main__:<module>:100 - Epoch: 58, Loss: 0.1603, Train Acc: 0.9437,  Test_Loss: 0.1086,Test Acc: 0.9590,Test F1: 0.9416,Test auc: 0.9673
2024-05-09 13:16:14.067 | INFO     | __main__:<module>:100 - Epoch: 59, Loss: 0.1731, Train Acc: 0.9371,  Test_Loss: 0.1061,Test Acc: 0.9641,Test F1: 0.9478,Test auc: 0.9673
2024-05-09 13:16:14.098 | INFO     | __main__:<module>:100 - Epoch: 60, Loss: 0.1676, Train Acc: 0.9426,  Test_Loss: 0.1035,Test Acc: 0.9615,Test F1: 0.9438,Test auc: 0.9635
2024-05-09 13:16:14.136 | INFO     | __main__:<module>:100 - Epoch: 61, Loss: 0.1701, Train Acc: 0.9481,  Test_Loss: 0.1015,Test Acc: 0.9590,Test F1: 0.9394,Test auc: 0.9577
2024-05-09 13:16:14.179 | INFO     | __main__:<module>:100 - Epoch: 62, Loss: 0.1717, Train Acc: 0.9415,  Test_Loss: 0.1005,Test Acc: 0.9641,Test F1: 0.9474,Test auc: 0.9654
2024-05-09 13:16:14.206 | INFO     | __main__:<module>:100 - Epoch: 63, Loss: 0.1558, Train Acc: 0.9525,  Test_Loss: 0.1004,Test Acc: 0.9641,Test F1: 0.9474,Test auc: 0.9654
2024-05-09 13:16:14.227 | INFO     | __main__:<module>:100 - Epoch: 64, Loss: 0.1692, Train Acc: 0.9470,  Test_Loss: 0.1022,Test Acc: 0.9564,Test F1: 0.9373,Test auc: 0.9615
2024-05-09 13:16:14.246 | INFO     | __main__:<module>:100 - Epoch: 65, Loss: 0.1556, Train Acc: 0.9492,  Test_Loss: 0.1022,Test Acc: 0.9564,Test F1: 0.9373,Test auc: 0.9615
2024-05-09 13:16:14.264 | INFO     | __main__:<module>:100 - Epoch: 66, Loss: 0.1524, Train Acc: 0.9547,  Test_Loss: 0.1014,Test Acc: 0.9564,Test F1: 0.9368,Test auc: 0.9596
2024-05-09 13:16:14.280 | INFO     | __main__:<module>:100 - Epoch: 67, Loss: 0.1696, Train Acc: 0.9437,  Test_Loss: 0.1021,Test Acc: 0.9564,Test F1: 0.9373,Test auc: 0.9615
2024-05-09 13:16:14.301 | INFO     | __main__:<module>:100 - Epoch: 68, Loss: 0.1823, Train Acc: 0.9338,  Test_Loss: 0.1024,Test Acc: 0.9564,Test F1: 0.9373,Test auc: 0.9615
2024-05-09 13:16:14.329 | INFO     | __main__:<module>:100 - Epoch: 69, Loss: 0.1513, Train Acc: 0.9448,  Test_Loss: 0.1016,Test Acc: 0.9538,Test F1: 0.9333,Test auc: 0.9577
2024-05-09 13:16:14.358 | INFO     | __main__:<module>:100 - Epoch: 70, Loss: 0.1495, Train Acc: 0.9503,  Test_Loss: 0.1023,Test Acc: 0.9538,Test F1: 0.9333,Test auc: 0.9577
2024-05-09 13:16:14.388 | INFO     | __main__:<module>:100 - Epoch: 71, Loss: 0.1709, Train Acc: 0.9415,  Test_Loss: 0.1023,Test Acc: 0.9538,Test F1: 0.9333,Test auc: 0.9577
2024-05-09 13:16:14.416 | INFO     | __main__:<module>:100 - Epoch: 72, Loss: 0.1510, Train Acc: 0.9614,  Test_Loss: 0.1019,Test Acc: 0.9538,Test F1: 0.9333,Test auc: 0.9577
2024-05-09 13:16:14.435 | INFO     | __main__:<module>:100 - Epoch: 73, Loss: 0.1594, Train Acc: 0.9570,  Test_Loss: 0.1021,Test Acc: 0.9538,Test F1: 0.9333,Test auc: 0.9577
2024-05-09 13:16:14.459 | INFO     | __main__:<module>:100 - Epoch: 74, Loss: 0.1974, Train Acc: 0.9371,  Test_Loss: 0.1004,Test Acc: 0.9641,Test F1: 0.9474,Test auc: 0.9654
2024-05-09 13:16:14.478 | INFO     | __main__:<module>:100 - Epoch: 75, Loss: 0.1911, Train Acc: 0.9360,  Test_Loss: 0.1012,Test Acc: 0.9590,Test F1: 0.9403,Test auc: 0.9615
2024-05-09 13:16:14.501 | INFO     | __main__:<module>:100 - Epoch: 76, Loss: 0.1797, Train Acc: 0.9393,  Test_Loss: 0.1032,Test Acc: 0.9513,Test F1: 0.9299,Test auc: 0.9558
2024-05-09 13:16:14.530 | INFO     | __main__:<module>:100 - Epoch: 77, Loss: 0.1625, Train Acc: 0.9459,  Test_Loss: 0.1039,Test Acc: 0.9615,Test F1: 0.9455,Test auc: 0.9712
2024-05-09 13:16:14.555 | INFO     | __main__:<module>:100 - Epoch: 78, Loss: 0.1621, Train Acc: 0.9525,  Test_Loss: 0.1036,Test Acc: 0.9590,Test F1: 0.9416,Test auc: 0.9673
2024-05-09 13:16:14.582 | INFO     | __main__:<module>:100 - Epoch: 79, Loss: 0.1737, Train Acc: 0.9305,  Test_Loss: 0.1041,Test Acc: 0.9615,Test F1: 0.9455,Test auc: 0.9712
2024-05-09 13:16:14.605 | INFO     | __main__:<module>:100 - Epoch: 80, Loss: 0.1408, Train Acc: 0.9514,  Test_Loss: 0.1040,Test Acc: 0.9615,Test F1: 0.9455,Test auc: 0.9712
2024-05-09 13:16:14.632 | INFO     | __main__:<module>:100 - Epoch: 81, Loss: 0.1484, Train Acc: 0.9525,  Test_Loss: 0.1054,Test Acc: 0.9615,Test F1: 0.9455,Test auc: 0.9712
2024-05-09 13:16:14.652 | INFO     | __main__:<module>:100 - Epoch: 82, Loss: 0.1776, Train Acc: 0.9272,  Test_Loss: 0.1097,Test Acc: 0.9615,Test F1: 0.9455,Test auc: 0.9712
2024-05-09 13:16:14.668 | INFO     | __main__:<module>:100 - Epoch: 83, Loss: 0.1411, Train Acc: 0.9536,  Test_Loss: 0.1091,Test Acc: 0.9615,Test F1: 0.9455,Test auc: 0.9712
2024-05-09 13:16:14.685 | INFO     | __main__:<module>:100 - Epoch: 84, Loss: 0.1758, Train Acc: 0.9437,  Test_Loss: 0.1087,Test Acc: 0.9615,Test F1: 0.9455,Test auc: 0.9712
2024-05-09 13:16:14.703 | INFO     | __main__:<module>:100 - Epoch: 85, Loss: 0.1732, Train Acc: 0.9437,  Test_Loss: 0.1087,Test Acc: 0.9615,Test F1: 0.9455,Test auc: 0.9712
2024-05-09 13:16:14.733 | INFO     | __main__:<module>:100 - Epoch: 86, Loss: 0.1954, Train Acc: 0.9393,  Test_Loss: 0.1041,Test Acc: 0.9615,Test F1: 0.9455,Test auc: 0.9712
2024-05-09 13:16:14.756 | INFO     | __main__:<module>:100 - Epoch: 87, Loss: 0.1364, Train Acc: 0.9503,  Test_Loss: 0.1065,Test Acc: 0.9615,Test F1: 0.9455,Test auc: 0.9712
2024-05-09 13:16:14.784 | INFO     | __main__:<module>:100 - Epoch: 88, Loss: 0.1854, Train Acc: 0.9470,  Test_Loss: 0.1073,Test Acc: 0.9615,Test F1: 0.9455,Test auc: 0.9712
2024-05-09 13:16:14.811 | INFO     | __main__:<module>:100 - Epoch: 89, Loss: 0.1600, Train Acc: 0.9503,  Test_Loss: 0.1088,Test Acc: 0.9615,Test F1: 0.9455,Test auc: 0.9712
2024-05-09 13:16:14.832 | INFO     | __main__:<module>:100 - Epoch: 90, Loss: 0.1545, Train Acc: 0.9547,  Test_Loss: 0.1047,Test Acc: 0.9615,Test F1: 0.9455,Test auc: 0.9712
2024-05-09 13:16:14.850 | INFO     | __main__:<module>:100 - Epoch: 91, Loss: 0.1437, Train Acc: 0.9581,  Test_Loss: 0.1013,Test Acc: 0.9615,Test F1: 0.9438,Test auc: 0.9635
2024-05-09 13:16:14.866 | INFO     | __main__:<module>:100 - Epoch: 92, Loss: 0.1821, Train Acc: 0.9349,  Test_Loss: 0.1025,Test Acc: 0.9538,Test F1: 0.9333,Test auc: 0.9577
2024-05-09 13:16:14.888 | INFO     | __main__:<module>:100 - Epoch: 93, Loss: 0.1713, Train Acc: 0.9492,  Test_Loss: 0.1000,Test Acc: 0.9667,Test F1: 0.9509,Test auc: 0.9673
2024-05-09 13:16:14.903 | INFO     | __main__:<module>:100 - Epoch: 94, Loss: 0.1665, Train Acc: 0.9382,  Test_Loss: 0.1011,Test Acc: 0.9615,Test F1: 0.9438,Test auc: 0.9635
2024-05-09 13:16:14.929 | INFO     | __main__:<module>:100 - Epoch: 95, Loss: 0.1547, Train Acc: 0.9514,  Test_Loss: 0.1014,Test Acc: 0.9615,Test F1: 0.9438,Test auc: 0.9635
2024-05-09 13:16:14.954 | INFO     | __main__:<module>:100 - Epoch: 96, Loss: 0.1586, Train Acc: 0.9481,  Test_Loss: 0.1036,Test Acc: 0.9513,Test F1: 0.9299,Test auc: 0.9558
2024-05-09 13:16:14.987 | INFO     | __main__:<module>:100 - Epoch: 97, Loss: 0.1259, Train Acc: 0.9536,  Test_Loss: 0.1042,Test Acc: 0.9513,Test F1: 0.9299,Test auc: 0.9558
2024-05-09 13:16:15.018 | INFO     | __main__:<module>:100 - Epoch: 98, Loss: 0.1416, Train Acc: 0.9547,  Test_Loss: 0.1018,Test Acc: 0.9615,Test F1: 0.9438,Test auc: 0.9635
2024-05-09 13:16:15.036 | INFO     | __main__:<module>:100 - Epoch: 99, Loss: 0.1551, Train Acc: 0.9492,  Test_Loss: 0.1029,Test Acc: 0.9513,Test F1: 0.9299,Test auc: 0.9558
2024-05-09 13:16:15.052 | INFO     | __main__:<module>:100 - Epoch: 100, Loss: 0.1582, Train Acc: 0.9492,  Test_Loss: 0.1038,Test Acc: 0.9564,Test F1: 0.9377,Test auc: 0.9635
2024-05-09 13:16:15.067 | INFO     | __main__:<module>:100 - Epoch: 101, Loss: 0.1334, Train Acc: 0.9525,  Test_Loss: 0.1065,Test Acc: 0.9615,Test F1: 0.9455,Test auc: 0.9712
2024-05-09 13:16:15.085 | INFO     | __main__:<module>:100 - Epoch: 102, Loss: 0.1476, Train Acc: 0.9470,  Test_Loss: 0.1115,Test Acc: 0.9615,Test F1: 0.9455,Test auc: 0.9712
2024-05-09 13:16:15.103 | INFO     | __main__:<module>:100 - Epoch: 103, Loss: 0.1549, Train Acc: 0.9470,  Test_Loss: 0.1059,Test Acc: 0.9615,Test F1: 0.9455,Test auc: 0.9712
2024-05-09 13:16:15.124 | INFO     | __main__:<module>:100 - Epoch: 104, Loss: 0.1443, Train Acc: 0.9558,  Test_Loss: 0.1088,Test Acc: 0.9615,Test F1: 0.9455,Test auc: 0.9712
2024-05-09 13:16:15.150 | INFO     | __main__:<module>:100 - Epoch: 105, Loss: 0.1663, Train Acc: 0.9404,  Test_Loss: 0.1073,Test Acc: 0.9615,Test F1: 0.9455,Test auc: 0.9712
2024-05-09 13:16:15.181 | INFO     | __main__:<module>:100 - Epoch: 106, Loss: 0.1478, Train Acc: 0.9382,  Test_Loss: 0.1138,Test Acc: 0.9538,Test F1: 0.9353,Test auc: 0.9654
2024-05-09 13:16:15.205 | INFO     | __main__:<module>:100 - Epoch: 107, Loss: 0.1584, Train Acc: 0.9492,  Test_Loss: 0.1179,Test Acc: 0.9538,Test F1: 0.9353,Test auc: 0.9654
2024-05-09 13:16:15.232 | INFO     | __main__:<module>:100 - Epoch: 108, Loss: 0.1482, Train Acc: 0.9536,  Test_Loss: 0.1156,Test Acc: 0.9538,Test F1: 0.9353,Test auc: 0.9654
2024-05-09 13:16:15.253 | INFO     | __main__:<module>:100 - Epoch: 109, Loss: 0.1710, Train Acc: 0.9459,  Test_Loss: 0.1170,Test Acc: 0.9538,Test F1: 0.9353,Test auc: 0.9654
2024-05-09 13:16:15.269 | INFO     | __main__:<module>:100 - Epoch: 110, Loss: 0.1619, Train Acc: 0.9514,  Test_Loss: 0.1156,Test Acc: 0.9538,Test F1: 0.9353,Test auc: 0.9654
2024-05-09 13:16:15.285 | INFO     | __main__:<module>:100 - Epoch: 111, Loss: 0.1383, Train Acc: 0.9514,  Test_Loss: 0.1183,Test Acc: 0.9513,Test F1: 0.9319,Test auc: 0.9635
2024-05-09 13:16:15.303 | INFO     | __main__:<module>:100 - Epoch: 112, Loss: 0.1437, Train Acc: 0.9514,  Test_Loss: 0.1225,Test Acc: 0.9513,Test F1: 0.9319,Test auc: 0.9635
2024-05-09 13:16:15.324 | INFO     | __main__:<module>:100 - Epoch: 113, Loss: 0.1587, Train Acc: 0.9525,  Test_Loss: 0.1167,Test Acc: 0.9538,Test F1: 0.9353,Test auc: 0.9654
2024-05-09 13:16:15.347 | INFO     | __main__:<module>:100 - Epoch: 114, Loss: 0.1682, Train Acc: 0.9393,  Test_Loss: 0.1141,Test Acc: 0.9564,Test F1: 0.9386,Test auc: 0.9673
2024-05-09 13:16:15.380 | INFO     | __main__:<module>:100 - Epoch: 115, Loss: 0.1752, Train Acc: 0.9393,  Test_Loss: 0.1141,Test Acc: 0.9564,Test F1: 0.9386,Test auc: 0.9673
2024-05-09 13:16:15.404 | INFO     | __main__:<module>:100 - Epoch: 116, Loss: 0.1558, Train Acc: 0.9470,  Test_Loss: 0.1195,Test Acc: 0.9513,Test F1: 0.9319,Test auc: 0.9635
2024-05-09 13:16:15.433 | INFO     | __main__:<module>:100 - Epoch: 117, Loss: 0.1508, Train Acc: 0.9558,  Test_Loss: 0.1133,Test Acc: 0.9564,Test F1: 0.9386,Test auc: 0.9673
2024-05-09 13:16:15.460 | INFO     | __main__:<module>:100 - Epoch: 118, Loss: 0.1731, Train Acc: 0.9492,  Test_Loss: 0.1105,Test Acc: 0.9615,Test F1: 0.9455,Test auc: 0.9712
2024-05-09 13:16:15.480 | INFO     | __main__:<module>:100 - Epoch: 119, Loss: 0.1629, Train Acc: 0.9426,  Test_Loss: 0.1126,Test Acc: 0.9590,Test F1: 0.9420,Test auc: 0.9692
2024-05-09 13:16:15.498 | INFO     | __main__:<module>:100 - Epoch: 120, Loss: 0.1823, Train Acc: 0.9338,  Test_Loss: 0.1216,Test Acc: 0.9513,Test F1: 0.9319,Test auc: 0.9635
2024-05-09 13:16:15.516 | INFO     | __main__:<module>:100 - Epoch: 121, Loss: 0.1577, Train Acc: 0.9404,  Test_Loss: 0.1210,Test Acc: 0.9513,Test F1: 0.9319,Test auc: 0.9635
2024-05-09 13:16:15.532 | INFO     | __main__:<module>:100 - Epoch: 122, Loss: 0.1413, Train Acc: 0.9492,  Test_Loss: 0.1226,Test Acc: 0.9513,Test F1: 0.9319,Test auc: 0.9635
2024-05-09 13:16:15.556 | INFO     | __main__:<module>:100 - Epoch: 123, Loss: 0.1871, Train Acc: 0.9393,  Test_Loss: 0.1212,Test Acc: 0.9513,Test F1: 0.9319,Test auc: 0.9635
2024-05-09 13:16:15.557 | INFO     | __main__:<module>:118 - 2.196298837661743
