2024-05-09 13:22:44.407 | INFO     | __main__:<module>:74 - Namespace(dataset='ca-hepph', model='GCN', learning_rate=0.01, epochs=9999, hidden_units=16, dropout=0.4, weight_decay=0.01, weight_decay1=0.01, weight_decay2=0.0005, early_stopping=30, residual=True, seed=824, type='Binary', DEVICE='cuda', theta=0.5, layers=64, alpha=0.1, feature_type='x_65', CGCN=0)
2024-05-09 13:22:44.408 | INFO     | __main__:<module>:75 - Data(edge_index=[2, 235238], num_nodes=11204, x=[11204, 3], train_mask=[11204], test_mask=[11204], label=[11204])
2024-05-09 13:22:44.441 | INFO     | __main__:<module>:95 - Epoch: 00, Loss: 10.2366, Train Acc: 0.2440,  Test_Loss: 1.9657,Test Acc: 0.3333,Test F1: 0.5000,Test auc: 0.5000
2024-05-09 13:22:44.465 | INFO     | __main__:<module>:95 - Epoch: 01, Loss: 3.9779, Train Acc: 0.2976,  Test_Loss: 2.1905,Test Acc: 0.3333,Test F1: 0.5000,Test auc: 0.5000
2024-05-09 13:22:44.495 | INFO     | __main__:<module>:95 - Epoch: 02, Loss: 3.9394, Train Acc: 0.3021,  Test_Loss: 2.0002,Test Acc: 0.3333,Test F1: 0.5000,Test auc: 0.5000
2024-05-09 13:22:44.525 | INFO     | __main__:<module>:95 - Epoch: 03, Loss: 3.6498, Train Acc: 0.3036,  Test_Loss: 1.8805,Test Acc: 0.3333,Test F1: 0.5000,Test auc: 0.5000
2024-05-09 13:22:44.556 | INFO     | __main__:<module>:95 - Epoch: 04, Loss: 2.0065, Train Acc: 0.3341,  Test_Loss: 1.6826,Test Acc: 0.3988,Test F1: 0.5258,Test auc: 0.5491
2024-05-09 13:22:44.590 | INFO     | __main__:<module>:95 - Epoch: 05, Loss: 1.6698, Train Acc: 0.4122,  Test_Loss: 1.4645,Test Acc: 0.4970,Test F1: 0.5700,Test auc: 0.6228
2024-05-09 13:22:44.626 | INFO     | __main__:<module>:95 - Epoch: 06, Loss: 1.3308, Train Acc: 0.4985,  Test_Loss: 1.3040,Test Acc: 0.6161,Test F1: 0.6346,Test auc: 0.7121
2024-05-09 13:22:44.666 | INFO     | __main__:<module>:95 - Epoch: 07, Loss: 1.1764, Train Acc: 0.6086,  Test_Loss: 1.1065,Test Acc: 0.7589,Test F1: 0.7344,Test auc: 0.8192
2024-05-09 13:22:44.721 | INFO     | __main__:<module>:95 - Epoch: 08, Loss: 1.0691, Train Acc: 0.6853,  Test_Loss: 0.8820,Test Acc: 0.8423,Test F1: 0.8087,Test auc: 0.8817
2024-05-09 13:22:44.760 | INFO     | __main__:<module>:95 - Epoch: 09, Loss: 0.8829, Train Acc: 0.7671,  Test_Loss: 0.6553,Test Acc: 0.8929,Test F1: 0.8615,Test auc: 0.9196
2024-05-09 13:22:44.796 | INFO     | __main__:<module>:95 - Epoch: 10, Loss: 0.6597, Train Acc: 0.8147,  Test_Loss: 0.5187,Test Acc: 0.9226,Test F1: 0.8943,Test auc: 0.9375
2024-05-09 13:22:44.848 | INFO     | __main__:<module>:95 - Epoch: 11, Loss: 0.6524, Train Acc: 0.8296,  Test_Loss: 0.4558,Test Acc: 0.9315,Test F1: 0.9053,Test auc: 0.9442
2024-05-09 13:22:44.896 | INFO     | __main__:<module>:95 - Epoch: 12, Loss: 0.5095, Train Acc: 0.8743,  Test_Loss: 0.4155,Test Acc: 0.9375,Test F1: 0.9121,Test auc: 0.9464
2024-05-09 13:22:44.934 | INFO     | __main__:<module>:95 - Epoch: 13, Loss: 0.5055, Train Acc: 0.8824,  Test_Loss: 0.3830,Test Acc: 0.9494,Test F1: 0.9277,Test auc: 0.9554
2024-05-09 13:22:44.968 | INFO     | __main__:<module>:95 - Epoch: 14, Loss: 0.4367, Train Acc: 0.8996,  Test_Loss: 0.3659,Test Acc: 0.9524,Test F1: 0.9333,Test auc: 0.9643
2024-05-09 13:22:45.011 | INFO     | __main__:<module>:95 - Epoch: 15, Loss: 0.3911, Train Acc: 0.9129,  Test_Loss: 0.3430,Test Acc: 0.9554,Test F1: 0.9372,Test auc: 0.9665
2024-05-09 13:22:45.051 | INFO     | __main__:<module>:95 - Epoch: 16, Loss: 0.3625, Train Acc: 0.9293,  Test_Loss: 0.3107,Test Acc: 0.9643,Test F1: 0.9492,Test auc: 0.9732
2024-05-09 13:22:45.097 | INFO     | __main__:<module>:95 - Epoch: 17, Loss: 0.3924, Train Acc: 0.9263,  Test_Loss: 0.2728,Test Acc: 0.9673,Test F1: 0.9532,Test auc: 0.9754
2024-05-09 13:22:45.145 | INFO     | __main__:<module>:95 - Epoch: 18, Loss: 0.4478, Train Acc: 0.9256,  Test_Loss: 0.2720,Test Acc: 0.9673,Test F1: 0.9532,Test auc: 0.9754
2024-05-09 13:22:45.182 | INFO     | __main__:<module>:95 - Epoch: 19, Loss: 0.2946, Train Acc: 0.9435,  Test_Loss: 0.2684,Test Acc: 0.9673,Test F1: 0.9532,Test auc: 0.9754
2024-05-09 13:22:45.224 | INFO     | __main__:<module>:95 - Epoch: 20, Loss: 0.3342, Train Acc: 0.9412,  Test_Loss: 0.2575,Test Acc: 0.9673,Test F1: 0.9532,Test auc: 0.9754
2024-05-09 13:22:45.264 | INFO     | __main__:<module>:95 - Epoch: 21, Loss: 0.3108, Train Acc: 0.9494,  Test_Loss: 0.2433,Test Acc: 0.9673,Test F1: 0.9532,Test auc: 0.9754
2024-05-09 13:22:45.313 | INFO     | __main__:<module>:95 - Epoch: 22, Loss: 0.3100, Train Acc: 0.9449,  Test_Loss: 0.2372,Test Acc: 0.9732,Test F1: 0.9614,Test auc: 0.9799
2024-05-09 13:22:45.347 | INFO     | __main__:<module>:95 - Epoch: 23, Loss: 0.2476, Train Acc: 0.9568,  Test_Loss: 0.2616,Test Acc: 0.9792,Test F1: 0.9697,Test auc: 0.9844
2024-05-09 13:22:45.380 | INFO     | __main__:<module>:95 - Epoch: 24, Loss: 0.2779, Train Acc: 0.9457,  Test_Loss: 0.2741,Test Acc: 0.9792,Test F1: 0.9697,Test auc: 0.9844
2024-05-09 13:22:45.416 | INFO     | __main__:<module>:95 - Epoch: 25, Loss: 0.2510, Train Acc: 0.9501,  Test_Loss: 0.2850,Test Acc: 0.9762,Test F1: 0.9652,Test auc: 0.9799
2024-05-09 13:22:45.456 | INFO     | __main__:<module>:95 - Epoch: 26, Loss: 0.2728, Train Acc: 0.9405,  Test_Loss: 0.2964,Test Acc: 0.9702,Test F1: 0.9561,Test auc: 0.9710
2024-05-09 13:22:45.499 | INFO     | __main__:<module>:95 - Epoch: 27, Loss: 0.2801, Train Acc: 0.9479,  Test_Loss: 0.3087,Test Acc: 0.8333,Test F1: 0.6889,Test auc: 0.7634
2024-05-09 13:22:45.532 | INFO     | __main__:<module>:95 - Epoch: 28, Loss: 0.2677, Train Acc: 0.9546,  Test_Loss: 0.3179,Test Acc: 0.8304,Test F1: 0.6816,Test auc: 0.7589
2024-05-09 13:22:45.567 | INFO     | __main__:<module>:95 - Epoch: 29, Loss: 0.2681, Train Acc: 0.9464,  Test_Loss: 0.3343,Test Acc: 0.8304,Test F1: 0.6780,Test auc: 0.7567
2024-05-09 13:22:45.591 | INFO     | __main__:<module>:95 - Epoch: 30, Loss: 0.2464, Train Acc: 0.9591,  Test_Loss: 0.3336,Test Acc: 0.8304,Test F1: 0.6780,Test auc: 0.7567
2024-05-09 13:22:45.624 | INFO     | __main__:<module>:95 - Epoch: 31, Loss: 0.2574, Train Acc: 0.9613,  Test_Loss: 0.3514,Test Acc: 0.8155,Test F1: 0.6395,Test auc: 0.7344
2024-05-09 13:22:45.655 | INFO     | __main__:<module>:95 - Epoch: 32, Loss: 0.2641, Train Acc: 0.9561,  Test_Loss: 0.3678,Test Acc: 0.8095,Test F1: 0.6190,Test auc: 0.7232
2024-05-09 13:22:45.682 | INFO     | __main__:<module>:95 - Epoch: 33, Loss: 0.2553, Train Acc: 0.9539,  Test_Loss: 0.3722,Test Acc: 0.8065,Test F1: 0.6108,Test auc: 0.7187
2024-05-09 13:22:45.709 | INFO     | __main__:<module>:95 - Epoch: 34, Loss: 0.2553, Train Acc: 0.9516,  Test_Loss: 0.3773,Test Acc: 0.8065,Test F1: 0.6108,Test auc: 0.7187
2024-05-09 13:22:45.738 | INFO     | __main__:<module>:95 - Epoch: 35, Loss: 0.2571, Train Acc: 0.9487,  Test_Loss: 0.3777,Test Acc: 0.8065,Test F1: 0.6108,Test auc: 0.7187
2024-05-09 13:22:45.767 | INFO     | __main__:<module>:95 - Epoch: 36, Loss: 0.2610, Train Acc: 0.9501,  Test_Loss: 0.3873,Test Acc: 0.8065,Test F1: 0.6108,Test auc: 0.7187
2024-05-09 13:22:45.802 | INFO     | __main__:<module>:95 - Epoch: 37, Loss: 0.2487, Train Acc: 0.9583,  Test_Loss: 0.3873,Test Acc: 0.8065,Test F1: 0.6108,Test auc: 0.7187
2024-05-09 13:22:45.835 | INFO     | __main__:<module>:95 - Epoch: 38, Loss: 0.2628, Train Acc: 0.9613,  Test_Loss: 0.3898,Test Acc: 0.8036,Test F1: 0.6024,Test auc: 0.7143
2024-05-09 13:22:45.863 | INFO     | __main__:<module>:95 - Epoch: 39, Loss: 0.2647, Train Acc: 0.9598,  Test_Loss: 0.3969,Test Acc: 0.7976,Test F1: 0.5854,Test auc: 0.7054
2024-05-09 13:22:45.882 | INFO     | __main__:<module>:95 - Epoch: 40, Loss: 0.2575, Train Acc: 0.9457,  Test_Loss: 0.4038,Test Acc: 0.7976,Test F1: 0.5854,Test auc: 0.7054
2024-05-09 13:22:45.905 | INFO     | __main__:<module>:95 - Epoch: 41, Loss: 0.2535, Train Acc: 0.9576,  Test_Loss: 0.4162,Test Acc: 0.7946,Test F1: 0.5767,Test auc: 0.7009
2024-05-09 13:22:45.938 | INFO     | __main__:<module>:95 - Epoch: 42, Loss: 0.2817, Train Acc: 0.9412,  Test_Loss: 0.4248,Test Acc: 0.7946,Test F1: 0.5767,Test auc: 0.7009
2024-05-09 13:22:45.980 | INFO     | __main__:<module>:95 - Epoch: 43, Loss: 0.2557, Train Acc: 0.9613,  Test_Loss: 0.4352,Test Acc: 0.7946,Test F1: 0.5767,Test auc: 0.7009
2024-05-09 13:22:46.005 | INFO     | __main__:<module>:95 - Epoch: 44, Loss: 0.2566, Train Acc: 0.9516,  Test_Loss: 0.4495,Test Acc: 0.7917,Test F1: 0.5679,Test auc: 0.6964
2024-05-09 13:22:46.033 | INFO     | __main__:<module>:95 - Epoch: 45, Loss: 0.2589, Train Acc: 0.9583,  Test_Loss: 0.4581,Test Acc: 0.7917,Test F1: 0.5679,Test auc: 0.6964
2024-05-09 13:22:46.061 | INFO     | __main__:<module>:95 - Epoch: 46, Loss: 0.2647, Train Acc: 0.9546,  Test_Loss: 0.4727,Test Acc: 0.7887,Test F1: 0.5590,Test auc: 0.6920
2024-05-09 13:22:46.084 | INFO     | __main__:<module>:95 - Epoch: 47, Loss: 0.2751, Train Acc: 0.9449,  Test_Loss: 0.4814,Test Acc: 0.7857,Test F1: 0.5500,Test auc: 0.6875
2024-05-09 13:22:46.116 | INFO     | __main__:<module>:95 - Epoch: 48, Loss: 0.2520, Train Acc: 0.9531,  Test_Loss: 0.4932,Test Acc: 0.7857,Test F1: 0.5500,Test auc: 0.6875
2024-05-09 13:22:46.152 | INFO     | __main__:<module>:95 - Epoch: 49, Loss: 0.2640, Train Acc: 0.9487,  Test_Loss: 0.4771,Test Acc: 0.7857,Test F1: 0.5500,Test auc: 0.6875
2024-05-09 13:22:46.186 | INFO     | __main__:<module>:95 - Epoch: 50, Loss: 0.2646, Train Acc: 0.9658,  Test_Loss: 0.4849,Test Acc: 0.7857,Test F1: 0.5500,Test auc: 0.6875
2024-05-09 13:22:46.222 | INFO     | __main__:<module>:95 - Epoch: 51, Loss: 0.2535, Train Acc: 0.9516,  Test_Loss: 0.4799,Test Acc: 0.7857,Test F1: 0.5500,Test auc: 0.6875
2024-05-09 13:22:46.259 | INFO     | __main__:<module>:95 - Epoch: 52, Loss: 0.2635, Train Acc: 0.9516,  Test_Loss: 0.4825,Test Acc: 0.7857,Test F1: 0.5500,Test auc: 0.6875
2024-05-09 13:22:46.260 | INFO     | __main__:<module>:113 - 1.3827948570251465
2024-05-09 13:22:48.177 | INFO     | __main__:<module>:74 - Namespace(dataset='ca-hepph', model='GCN', learning_rate=0.01, epochs=9999, hidden_units=16, dropout=0.4, weight_decay=0.01, weight_decay1=0.01, weight_decay2=0.0005, early_stopping=30, residual=True, seed=824, type='Binary', DEVICE='cuda', theta=0.5, layers=64, alpha=0.1, feature_type='x_65', CGCN=0)
2024-05-09 13:22:48.178 | INFO     | __main__:<module>:75 - Data(edge_index=[2, 235238], num_nodes=11204, x=[11204, 4], train_mask=[11204], test_mask=[11204], label=[11204])
2024-05-09 13:22:48.219 | INFO     | __main__:<module>:95 - Epoch: 00, Loss: 81.0702, Train Acc: 0.5729,  Test_Loss: 9.4328,Test Acc: 0.1696,Test F1: 0.1571,Test auc: 0.1853
2024-05-09 13:22:48.256 | INFO     | __main__:<module>:95 - Epoch: 01, Loss: 24.3493, Train Acc: 0.2753,  Test_Loss: 4.0139,Test Acc: 0.1756,Test F1: 0.2952,Test auc: 0.2612
2024-05-09 13:22:48.286 | INFO     | __main__:<module>:95 - Epoch: 02, Loss: 10.1819, Train Acc: 0.3490,  Test_Loss: 1.9763,Test Acc: 0.3988,Test F1: 0.5258,Test auc: 0.5491
2024-05-09 13:22:48.315 | INFO     | __main__:<module>:95 - Epoch: 03, Loss: 4.2638, Train Acc: 0.4464,  Test_Loss: 2.3429,Test Acc: 0.5625,Test F1: 0.6038,Test auc: 0.6719
2024-05-09 13:22:48.337 | INFO     | __main__:<module>:95 - Epoch: 04, Loss: 4.7565, Train Acc: 0.4330,  Test_Loss: 2.2385,Test Acc: 0.5804,Test F1: 0.6137,Test auc: 0.6853
2024-05-09 13:22:48.368 | INFO     | __main__:<module>:95 - Epoch: 05, Loss: 4.6688, Train Acc: 0.4375,  Test_Loss: 2.1565,Test Acc: 0.5982,Test F1: 0.6240,Test auc: 0.6987
2024-05-09 13:22:48.406 | INFO     | __main__:<module>:95 - Epoch: 06, Loss: 4.6963, Train Acc: 0.4308,  Test_Loss: 2.0881,Test Acc: 0.6071,Test F1: 0.6292,Test auc: 0.7054
2024-05-09 13:22:48.442 | INFO     | __main__:<module>:95 - Epoch: 07, Loss: 4.6840, Train Acc: 0.4286,  Test_Loss: 2.0388,Test Acc: 0.6101,Test F1: 0.6310,Test auc: 0.7076
2024-05-09 13:22:48.469 | INFO     | __main__:<module>:95 - Epoch: 08, Loss: 4.3802, Train Acc: 0.4457,  Test_Loss: 2.0070,Test Acc: 0.6131,Test F1: 0.6328,Test auc: 0.7098
2024-05-09 13:22:48.501 | INFO     | __main__:<module>:95 - Epoch: 09, Loss: 4.8070, Train Acc: 0.4204,  Test_Loss: 1.9831,Test Acc: 0.6131,Test F1: 0.6328,Test auc: 0.7098
2024-05-09 13:22:48.539 | INFO     | __main__:<module>:95 - Epoch: 10, Loss: 4.9760, Train Acc: 0.4516,  Test_Loss: 1.9498,Test Acc: 0.6161,Test F1: 0.6346,Test auc: 0.7121
2024-05-09 13:22:48.570 | INFO     | __main__:<module>:95 - Epoch: 11, Loss: 4.4769, Train Acc: 0.5885,  Test_Loss: 1.8779,Test Acc: 0.6905,Test F1: 0.6829,Test auc: 0.7679
2024-05-09 13:22:48.599 | INFO     | __main__:<module>:95 - Epoch: 12, Loss: 3.2088, Train Acc: 0.6890,  Test_Loss: 1.7617,Test Acc: 0.7440,Test F1: 0.7226,Test auc: 0.8080
2024-05-09 13:22:48.641 | INFO     | __main__:<module>:95 - Epoch: 13, Loss: 2.5170, Train Acc: 0.7552,  Test_Loss: 1.6066,Test Acc: 0.7827,Test F1: 0.7542,Test auc: 0.8371
2024-05-09 13:22:48.678 | INFO     | __main__:<module>:95 - Epoch: 14, Loss: 2.1959, Train Acc: 0.7939,  Test_Loss: 1.4161,Test Acc: 0.8036,Test F1: 0.7724,Test auc: 0.8527
2024-05-09 13:22:48.716 | INFO     | __main__:<module>:95 - Epoch: 15, Loss: 1.9859, Train Acc: 0.8423,  Test_Loss: 1.2175,Test Acc: 0.8244,Test F1: 0.7870,Test auc: 0.8616
2024-05-09 13:22:48.743 | INFO     | __main__:<module>:95 - Epoch: 16, Loss: 1.6301, Train Acc: 0.8363,  Test_Loss: 1.4476,Test Acc: 0.7113,Test F1: 0.5650,Test auc: 0.6741
2024-05-09 13:22:48.765 | INFO     | __main__:<module>:95 - Epoch: 17, Loss: 1.3683, Train Acc: 0.8646,  Test_Loss: 1.5373,Test Acc: 0.7054,Test F1: 0.5520,Test auc: 0.6652
2024-05-09 13:22:48.790 | INFO     | __main__:<module>:95 - Epoch: 18, Loss: 1.3793, Train Acc: 0.8482,  Test_Loss: 1.4151,Test Acc: 0.7143,Test F1: 0.5714,Test auc: 0.6786
2024-05-09 13:22:48.812 | INFO     | __main__:<module>:95 - Epoch: 19, Loss: 1.2752, Train Acc: 0.8534,  Test_Loss: 1.4767,Test Acc: 0.7083,Test F1: 0.5586,Test auc: 0.6696
2024-05-09 13:22:48.847 | INFO     | __main__:<module>:95 - Epoch: 20, Loss: 1.4758, Train Acc: 0.8400,  Test_Loss: 1.2253,Test Acc: 0.7173,Test F1: 0.5815,Test auc: 0.6853
2024-05-09 13:22:48.878 | INFO     | __main__:<module>:95 - Epoch: 21, Loss: 1.5061, Train Acc: 0.8519,  Test_Loss: 1.2512,Test Acc: 0.7173,Test F1: 0.5778,Test auc: 0.6830
2024-05-09 13:22:48.924 | INFO     | __main__:<module>:95 - Epoch: 22, Loss: 1.7676, Train Acc: 0.8385,  Test_Loss: 1.1144,Test Acc: 0.8125,Test F1: 0.7586,Test auc: 0.8304
2024-05-09 13:22:48.950 | INFO     | __main__:<module>:95 - Epoch: 23, Loss: 1.1994, Train Acc: 0.8624,  Test_Loss: 1.1433,Test Acc: 0.7262,Test F1: 0.5818,Test auc: 0.6875
2024-05-09 13:22:48.976 | INFO     | __main__:<module>:95 - Epoch: 24, Loss: 1.4844, Train Acc: 0.8527,  Test_Loss: 1.0100,Test Acc: 0.7351,Test F1: 0.6009,Test auc: 0.7009
2024-05-09 13:22:49.002 | INFO     | __main__:<module>:95 - Epoch: 25, Loss: 1.0267, Train Acc: 0.8519,  Test_Loss: 0.9346,Test Acc: 0.7530,Test F1: 0.6066,Test auc: 0.7076
2024-05-09 13:22:49.035 | INFO     | __main__:<module>:95 - Epoch: 26, Loss: 1.2229, Train Acc: 0.8586,  Test_Loss: 0.7780,Test Acc: 0.8363,Test F1: 0.7679,Test auc: 0.8304
2024-05-09 13:22:49.072 | INFO     | __main__:<module>:95 - Epoch: 27, Loss: 1.1882, Train Acc: 0.8899,  Test_Loss: 0.6328,Test Acc: 0.8929,Test F1: 0.8583,Test auc: 0.9129
2024-05-09 13:22:49.115 | INFO     | __main__:<module>:95 - Epoch: 28, Loss: 0.7833, Train Acc: 0.8981,  Test_Loss: 0.5840,Test Acc: 0.8958,Test F1: 0.8617,Test auc: 0.9152
2024-05-09 13:22:49.149 | INFO     | __main__:<module>:95 - Epoch: 29, Loss: 0.8261, Train Acc: 0.8921,  Test_Loss: 0.5530,Test Acc: 0.9048,Test F1: 0.8740,Test auc: 0.9263
2024-05-09 13:22:49.173 | INFO     | __main__:<module>:95 - Epoch: 30, Loss: 0.6640, Train Acc: 0.9182,  Test_Loss: 0.5252,Test Acc: 0.9048,Test F1: 0.8740,Test auc: 0.9263
2024-05-09 13:22:49.200 | INFO     | __main__:<module>:95 - Epoch: 31, Loss: 0.6852, Train Acc: 0.9062,  Test_Loss: 0.4925,Test Acc: 0.9107,Test F1: 0.8810,Test auc: 0.9308
2024-05-09 13:22:49.222 | INFO     | __main__:<module>:95 - Epoch: 32, Loss: 0.7724, Train Acc: 0.9152,  Test_Loss: 0.4565,Test Acc: 0.9167,Test F1: 0.8880,Test auc: 0.9353
2024-05-09 13:22:49.254 | INFO     | __main__:<module>:95 - Epoch: 33, Loss: 0.4782, Train Acc: 0.9226,  Test_Loss: 0.4244,Test Acc: 0.9226,Test F1: 0.8952,Test auc: 0.9397
2024-05-09 13:22:49.293 | INFO     | __main__:<module>:95 - Epoch: 34, Loss: 0.5286, Train Acc: 0.9204,  Test_Loss: 0.3971,Test Acc: 0.9286,Test F1: 0.9024,Test auc: 0.9442
2024-05-09 13:22:49.344 | INFO     | __main__:<module>:95 - Epoch: 35, Loss: 0.4661, Train Acc: 0.9315,  Test_Loss: 0.3762,Test Acc: 0.9226,Test F1: 0.8934,Test auc: 0.9353
2024-05-09 13:22:49.384 | INFO     | __main__:<module>:95 - Epoch: 36, Loss: 0.5217, Train Acc: 0.9167,  Test_Loss: 0.3598,Test Acc: 0.9226,Test F1: 0.8926,Test auc: 0.9330
2024-05-09 13:22:49.418 | INFO     | __main__:<module>:95 - Epoch: 37, Loss: 0.4260, Train Acc: 0.9286,  Test_Loss: 0.3487,Test Acc: 0.9226,Test F1: 0.8926,Test auc: 0.9330
2024-05-09 13:22:49.452 | INFO     | __main__:<module>:95 - Epoch: 38, Loss: 0.3991, Train Acc: 0.9345,  Test_Loss: 0.3401,Test Acc: 0.9286,Test F1: 0.9000,Test auc: 0.9375
2024-05-09 13:22:49.496 | INFO     | __main__:<module>:95 - Epoch: 39, Loss: 0.4163, Train Acc: 0.9263,  Test_Loss: 0.3299,Test Acc: 0.9315,Test F1: 0.9038,Test auc: 0.9397
2024-05-09 13:22:49.542 | INFO     | __main__:<module>:95 - Epoch: 40, Loss: 0.3491, Train Acc: 0.9412,  Test_Loss: 0.3206,Test Acc: 0.9405,Test F1: 0.9145,Test auc: 0.9442
2024-05-09 13:22:49.578 | INFO     | __main__:<module>:95 - Epoch: 41, Loss: 0.3107, Train Acc: 0.9330,  Test_Loss: 0.3072,Test Acc: 0.9435,Test F1: 0.9185,Test auc: 0.9464
2024-05-09 13:22:49.604 | INFO     | __main__:<module>:95 - Epoch: 42, Loss: 0.3690, Train Acc: 0.9353,  Test_Loss: 0.2905,Test Acc: 0.9464,Test F1: 0.9224,Test auc: 0.9487
2024-05-09 13:22:49.635 | INFO     | __main__:<module>:95 - Epoch: 43, Loss: 0.2832, Train Acc: 0.9360,  Test_Loss: 0.2717,Test Acc: 0.9524,Test F1: 0.9304,Test auc: 0.9531
2024-05-09 13:22:49.668 | INFO     | __main__:<module>:95 - Epoch: 44, Loss: 0.3299, Train Acc: 0.9382,  Test_Loss: 0.2517,Test Acc: 0.9554,Test F1: 0.9351,Test auc: 0.9576
2024-05-09 13:22:49.704 | INFO     | __main__:<module>:95 - Epoch: 45, Loss: 0.2798, Train Acc: 0.9449,  Test_Loss: 0.2318,Test Acc: 0.9583,Test F1: 0.9391,Test auc: 0.9598
2024-05-09 13:22:49.746 | INFO     | __main__:<module>:95 - Epoch: 46, Loss: 0.2954, Train Acc: 0.9390,  Test_Loss: 0.2131,Test Acc: 0.9583,Test F1: 0.9391,Test auc: 0.9598
2024-05-09 13:22:49.781 | INFO     | __main__:<module>:95 - Epoch: 47, Loss: 0.2250, Train Acc: 0.9487,  Test_Loss: 0.1965,Test Acc: 0.9643,Test F1: 0.9474,Test auc: 0.9643
2024-05-09 13:22:49.806 | INFO     | __main__:<module>:95 - Epoch: 48, Loss: 0.2386, Train Acc: 0.9494,  Test_Loss: 0.1780,Test Acc: 0.9643,Test F1: 0.9474,Test auc: 0.9643
2024-05-09 13:22:49.839 | INFO     | __main__:<module>:95 - Epoch: 49, Loss: 0.1655, Train Acc: 0.9606,  Test_Loss: 0.1633,Test Acc: 0.9673,Test F1: 0.9520,Test auc: 0.9688
2024-05-09 13:22:49.886 | INFO     | __main__:<module>:95 - Epoch: 50, Loss: 0.1997, Train Acc: 0.9464,  Test_Loss: 0.1534,Test Acc: 0.9702,Test F1: 0.9561,Test auc: 0.9710
2024-05-09 13:22:49.946 | INFO     | __main__:<module>:95 - Epoch: 51, Loss: 0.2556, Train Acc: 0.9442,  Test_Loss: 0.1446,Test Acc: 0.9702,Test F1: 0.9561,Test auc: 0.9710
2024-05-09 13:22:49.991 | INFO     | __main__:<module>:95 - Epoch: 52, Loss: 0.1998, Train Acc: 0.9576,  Test_Loss: 0.1391,Test Acc: 0.9762,Test F1: 0.9649,Test auc: 0.9777
2024-05-09 13:22:50.022 | INFO     | __main__:<module>:95 - Epoch: 53, Loss: 0.1910, Train Acc: 0.9546,  Test_Loss: 0.1350,Test Acc: 0.9762,Test F1: 0.9649,Test auc: 0.9777
2024-05-09 13:22:50.053 | INFO     | __main__:<module>:95 - Epoch: 54, Loss: 0.1977, Train Acc: 0.9621,  Test_Loss: 0.1330,Test Acc: 0.9792,Test F1: 0.9692,Test auc: 0.9799
2024-05-09 13:22:50.075 | INFO     | __main__:<module>:95 - Epoch: 55, Loss: 0.1829, Train Acc: 0.9583,  Test_Loss: 0.1309,Test Acc: 0.9792,Test F1: 0.9694,Test auc: 0.9821
2024-05-09 13:22:50.107 | INFO     | __main__:<module>:95 - Epoch: 56, Loss: 0.1454, Train Acc: 0.9643,  Test_Loss: 0.1287,Test Acc: 0.9792,Test F1: 0.9694,Test auc: 0.9821
2024-05-09 13:22:50.148 | INFO     | __main__:<module>:95 - Epoch: 57, Loss: 0.1703, Train Acc: 0.9583,  Test_Loss: 0.1280,Test Acc: 0.9792,Test F1: 0.9694,Test auc: 0.9821
2024-05-09 13:22:50.172 | INFO     | __main__:<module>:95 - Epoch: 58, Loss: 0.1795, Train Acc: 0.9621,  Test_Loss: 0.1287,Test Acc: 0.9762,Test F1: 0.9649,Test auc: 0.9777
2024-05-09 13:22:50.200 | INFO     | __main__:<module>:95 - Epoch: 59, Loss: 0.1742, Train Acc: 0.9561,  Test_Loss: 0.1301,Test Acc: 0.9732,Test F1: 0.9604,Test auc: 0.9732
2024-05-09 13:22:50.221 | INFO     | __main__:<module>:95 - Epoch: 60, Loss: 0.1719, Train Acc: 0.9531,  Test_Loss: 0.1308,Test Acc: 0.9732,Test F1: 0.9604,Test auc: 0.9732
2024-05-09 13:22:50.244 | INFO     | __main__:<module>:95 - Epoch: 61, Loss: 0.1927, Train Acc: 0.9479,  Test_Loss: 0.1317,Test Acc: 0.9732,Test F1: 0.9604,Test auc: 0.9732
2024-05-09 13:22:50.265 | INFO     | __main__:<module>:95 - Epoch: 62, Loss: 0.1512, Train Acc: 0.9568,  Test_Loss: 0.1314,Test Acc: 0.9732,Test F1: 0.9604,Test auc: 0.9732
2024-05-09 13:22:50.286 | INFO     | __main__:<module>:95 - Epoch: 63, Loss: 0.1851, Train Acc: 0.9554,  Test_Loss: 0.1315,Test Acc: 0.9732,Test F1: 0.9604,Test auc: 0.9732
2024-05-09 13:22:50.315 | INFO     | __main__:<module>:95 - Epoch: 64, Loss: 0.1654, Train Acc: 0.9501,  Test_Loss: 0.1310,Test Acc: 0.9762,Test F1: 0.9649,Test auc: 0.9777
2024-05-09 13:22:50.344 | INFO     | __main__:<module>:95 - Epoch: 65, Loss: 0.1457, Train Acc: 0.9606,  Test_Loss: 0.1307,Test Acc: 0.9732,Test F1: 0.9604,Test auc: 0.9732
2024-05-09 13:22:50.371 | INFO     | __main__:<module>:95 - Epoch: 66, Loss: 0.1779, Train Acc: 0.9576,  Test_Loss: 0.1319,Test Acc: 0.9702,Test F1: 0.9558,Test auc: 0.9688
2024-05-09 13:22:50.399 | INFO     | __main__:<module>:95 - Epoch: 67, Loss: 0.1614, Train Acc: 0.9606,  Test_Loss: 0.1319,Test Acc: 0.9702,Test F1: 0.9558,Test auc: 0.9688
2024-05-09 13:22:50.420 | INFO     | __main__:<module>:95 - Epoch: 68, Loss: 0.1496, Train Acc: 0.9576,  Test_Loss: 0.1313,Test Acc: 0.9702,Test F1: 0.9558,Test auc: 0.9688
2024-05-09 13:22:50.444 | INFO     | __main__:<module>:95 - Epoch: 69, Loss: 0.1796, Train Acc: 0.9524,  Test_Loss: 0.1314,Test Acc: 0.9702,Test F1: 0.9558,Test auc: 0.9688
2024-05-09 13:22:50.464 | INFO     | __main__:<module>:95 - Epoch: 70, Loss: 0.1410, Train Acc: 0.9598,  Test_Loss: 0.1319,Test Acc: 0.9702,Test F1: 0.9558,Test auc: 0.9688
2024-05-09 13:22:50.484 | INFO     | __main__:<module>:95 - Epoch: 71, Loss: 0.1624, Train Acc: 0.9554,  Test_Loss: 0.1314,Test Acc: 0.9732,Test F1: 0.9604,Test auc: 0.9732
2024-05-09 13:22:50.514 | INFO     | __main__:<module>:95 - Epoch: 72, Loss: 0.1876, Train Acc: 0.9472,  Test_Loss: 0.1324,Test Acc: 0.9702,Test F1: 0.9558,Test auc: 0.9688
2024-05-09 13:22:50.540 | INFO     | __main__:<module>:95 - Epoch: 73, Loss: 0.1846, Train Acc: 0.9561,  Test_Loss: 0.1328,Test Acc: 0.9702,Test F1: 0.9558,Test auc: 0.9688
2024-05-09 13:22:50.573 | INFO     | __main__:<module>:95 - Epoch: 74, Loss: 0.1553, Train Acc: 0.9576,  Test_Loss: 0.1320,Test Acc: 0.9702,Test F1: 0.9558,Test auc: 0.9688
2024-05-09 13:22:50.603 | INFO     | __main__:<module>:95 - Epoch: 75, Loss: 0.1589, Train Acc: 0.9568,  Test_Loss: 0.1316,Test Acc: 0.9732,Test F1: 0.9604,Test auc: 0.9732
2024-05-09 13:22:50.631 | INFO     | __main__:<module>:95 - Epoch: 76, Loss: 0.1658, Train Acc: 0.9531,  Test_Loss: 0.1315,Test Acc: 0.9702,Test F1: 0.9558,Test auc: 0.9688
2024-05-09 13:22:50.652 | INFO     | __main__:<module>:95 - Epoch: 77, Loss: 0.1544, Train Acc: 0.9606,  Test_Loss: 0.1308,Test Acc: 0.9732,Test F1: 0.9604,Test auc: 0.9732
2024-05-09 13:22:50.675 | INFO     | __main__:<module>:95 - Epoch: 78, Loss: 0.1785, Train Acc: 0.9591,  Test_Loss: 0.1308,Test Acc: 0.9732,Test F1: 0.9604,Test auc: 0.9732
2024-05-09 13:22:50.700 | INFO     | __main__:<module>:95 - Epoch: 79, Loss: 0.1617, Train Acc: 0.9576,  Test_Loss: 0.1312,Test Acc: 0.9732,Test F1: 0.9604,Test auc: 0.9732
2024-05-09 13:22:50.730 | INFO     | __main__:<module>:95 - Epoch: 80, Loss: 0.1691, Train Acc: 0.9524,  Test_Loss: 0.1313,Test Acc: 0.9762,Test F1: 0.9649,Test auc: 0.9777
2024-05-09 13:22:50.766 | INFO     | __main__:<module>:95 - Epoch: 81, Loss: 0.1993, Train Acc: 0.9449,  Test_Loss: 0.1306,Test Acc: 0.9762,Test F1: 0.9649,Test auc: 0.9777
2024-05-09 13:22:50.801 | INFO     | __main__:<module>:95 - Epoch: 82, Loss: 0.1725, Train Acc: 0.9591,  Test_Loss: 0.1314,Test Acc: 0.9732,Test F1: 0.9604,Test auc: 0.9732
2024-05-09 13:22:50.838 | INFO     | __main__:<module>:95 - Epoch: 83, Loss: 0.1724, Train Acc: 0.9494,  Test_Loss: 0.1324,Test Acc: 0.9732,Test F1: 0.9604,Test auc: 0.9732
2024-05-09 13:22:50.867 | INFO     | __main__:<module>:95 - Epoch: 84, Loss: 0.1532, Train Acc: 0.9554,  Test_Loss: 0.1320,Test Acc: 0.9732,Test F1: 0.9604,Test auc: 0.9732
2024-05-09 13:22:50.893 | INFO     | __main__:<module>:95 - Epoch: 85, Loss: 0.1688, Train Acc: 0.9561,  Test_Loss: 0.1323,Test Acc: 0.9732,Test F1: 0.9604,Test auc: 0.9732
2024-05-09 13:22:50.922 | INFO     | __main__:<module>:95 - Epoch: 86, Loss: 0.1885, Train Acc: 0.9524,  Test_Loss: 0.1325,Test Acc: 0.9762,Test F1: 0.9649,Test auc: 0.9777
2024-05-09 13:22:50.957 | INFO     | __main__:<module>:95 - Epoch: 87, Loss: 0.1714, Train Acc: 0.9487,  Test_Loss: 0.1321,Test Acc: 0.9762,Test F1: 0.9649,Test auc: 0.9777
2024-05-09 13:22:50.958 | INFO     | __main__:<module>:113 - 1.9924933910369873
2024-05-09 13:22:53.317 | INFO     | __main__:<module>:74 - Namespace(dataset='ca-hepph', model='GCN', learning_rate=0.01, epochs=9999, hidden_units=16, dropout=0.4, weight_decay=0.01, weight_decay1=0.01, weight_decay2=0.0005, early_stopping=30, residual=True, seed=824, type='Binary', DEVICE='cuda', theta=0.5, layers=64, alpha=0.1, feature_type='x_65', CGCN=0)
2024-05-09 13:22:53.319 | INFO     | __main__:<module>:75 - Data(edge_index=[2, 235238], num_nodes=11204, x=[11204, 5], train_mask=[11204], test_mask=[11204], label=[11204])
2024-05-09 13:22:53.373 | INFO     | __main__:<module>:95 - Epoch: 00, Loss: 2.8175, Train Acc: 0.3668,  Test_Loss: 1.3642,Test Acc: 0.7262,Test F1: 0.7089,Test auc: 0.7946
2024-05-09 13:22:53.437 | INFO     | __main__:<module>:95 - Epoch: 01, Loss: 1.5754, Train Acc: 0.7143,  Test_Loss: 0.9922,Test Acc: 0.8482,Test F1: 0.8132,Test auc: 0.8839
2024-05-09 13:22:53.493 | INFO     | __main__:<module>:95 - Epoch: 02, Loss: 1.0608, Train Acc: 0.8266,  Test_Loss: 0.8431,Test Acc: 0.8839,Test F1: 0.8506,Test auc: 0.9107
2024-05-09 13:22:53.549 | INFO     | __main__:<module>:95 - Epoch: 03, Loss: 0.9755, Train Acc: 0.8661,  Test_Loss: 0.7126,Test Acc: 0.8899,Test F1: 0.8549,Test auc: 0.9107
2024-05-09 13:22:53.606 | INFO     | __main__:<module>:95 - Epoch: 04, Loss: 0.7873, Train Acc: 0.9025,  Test_Loss: 0.6901,Test Acc: 0.9077,Test F1: 0.8724,Test auc: 0.9174
2024-05-09 13:22:53.651 | INFO     | __main__:<module>:95 - Epoch: 05, Loss: 0.7429, Train Acc: 0.9003,  Test_Loss: 1.0048,Test Acc: 0.7768,Test F1: 0.5856,Test auc: 0.7009
2024-05-09 13:22:53.695 | INFO     | __main__:<module>:95 - Epoch: 06, Loss: 0.7628, Train Acc: 0.8973,  Test_Loss: 0.5893,Test Acc: 0.9226,Test F1: 0.8908,Test auc: 0.9286
2024-05-09 13:22:53.736 | INFO     | __main__:<module>:95 - Epoch: 07, Loss: 0.5749, Train Acc: 0.9159,  Test_Loss: 0.4609,Test Acc: 0.9405,Test F1: 0.9138,Test auc: 0.9420
2024-05-09 13:22:53.793 | INFO     | __main__:<module>:95 - Epoch: 08, Loss: 0.4548, Train Acc: 0.9241,  Test_Loss: 0.3586,Test Acc: 0.9524,Test F1: 0.9310,Test auc: 0.9554
2024-05-09 13:22:53.857 | INFO     | __main__:<module>:95 - Epoch: 09, Loss: 0.4120, Train Acc: 0.9144,  Test_Loss: 0.3108,Test Acc: 0.9702,Test F1: 0.9561,Test auc: 0.9710
2024-05-09 13:22:53.907 | INFO     | __main__:<module>:95 - Epoch: 10, Loss: 0.3177, Train Acc: 0.9301,  Test_Loss: 0.2907,Test Acc: 0.9821,Test F1: 0.9737,Test auc: 0.9844
2024-05-09 13:22:53.935 | INFO     | __main__:<module>:95 - Epoch: 11, Loss: 0.3269, Train Acc: 0.9249,  Test_Loss: 0.2907,Test Acc: 0.9673,Test F1: 0.9502,Test auc: 0.9598
2024-05-09 13:22:53.976 | INFO     | __main__:<module>:95 - Epoch: 12, Loss: 0.3524, Train Acc: 0.8981,  Test_Loss: 0.2931,Test Acc: 0.9643,Test F1: 0.9450,Test auc: 0.9531
2024-05-09 13:22:54.037 | INFO     | __main__:<module>:95 - Epoch: 13, Loss: 0.2908, Train Acc: 0.9345,  Test_Loss: 0.2903,Test Acc: 0.9643,Test F1: 0.9444,Test auc: 0.9509
2024-05-09 13:22:54.079 | INFO     | __main__:<module>:95 - Epoch: 14, Loss: 0.3183, Train Acc: 0.9182,  Test_Loss: 0.2983,Test Acc: 0.9554,Test F1: 0.9296,Test auc: 0.9375
2024-05-09 13:22:54.117 | INFO     | __main__:<module>:95 - Epoch: 15, Loss: 0.3242, Train Acc: 0.9196,  Test_Loss: 0.2981,Test Acc: 0.9554,Test F1: 0.9296,Test auc: 0.9375
2024-05-09 13:22:54.152 | INFO     | __main__:<module>:95 - Epoch: 16, Loss: 0.3332, Train Acc: 0.9211,  Test_Loss: 0.2904,Test Acc: 0.9554,Test F1: 0.9296,Test auc: 0.9375
2024-05-09 13:22:54.194 | INFO     | __main__:<module>:95 - Epoch: 17, Loss: 0.3014, Train Acc: 0.9129,  Test_Loss: 0.2913,Test Acc: 0.9554,Test F1: 0.9296,Test auc: 0.9375
2024-05-09 13:22:54.241 | INFO     | __main__:<module>:95 - Epoch: 18, Loss: 0.3157, Train Acc: 0.9040,  Test_Loss: 0.2939,Test Acc: 0.9524,Test F1: 0.9252,Test auc: 0.9353
2024-05-09 13:22:54.292 | INFO     | __main__:<module>:95 - Epoch: 19, Loss: 0.3119, Train Acc: 0.9159,  Test_Loss: 0.2922,Test Acc: 0.9554,Test F1: 0.9296,Test auc: 0.9375
2024-05-09 13:22:54.334 | INFO     | __main__:<module>:95 - Epoch: 20, Loss: 0.3235, Train Acc: 0.9062,  Test_Loss: 0.2941,Test Acc: 0.9494,Test F1: 0.9202,Test auc: 0.9308
2024-05-09 13:22:54.364 | INFO     | __main__:<module>:95 - Epoch: 21, Loss: 0.3558, Train Acc: 0.9122,  Test_Loss: 0.2912,Test Acc: 0.9494,Test F1: 0.9202,Test auc: 0.9308
2024-05-09 13:22:54.405 | INFO     | __main__:<module>:95 - Epoch: 22, Loss: 0.3402, Train Acc: 0.9144,  Test_Loss: 0.2918,Test Acc: 0.9494,Test F1: 0.9202,Test auc: 0.9308
2024-05-09 13:22:54.442 | INFO     | __main__:<module>:95 - Epoch: 23, Loss: 0.3146, Train Acc: 0.9085,  Test_Loss: 0.2921,Test Acc: 0.9494,Test F1: 0.9202,Test auc: 0.9308
2024-05-09 13:22:54.494 | INFO     | __main__:<module>:95 - Epoch: 24, Loss: 0.3212, Train Acc: 0.9249,  Test_Loss: 0.2901,Test Acc: 0.9524,Test F1: 0.9252,Test auc: 0.9353
2024-05-09 13:22:54.536 | INFO     | __main__:<module>:95 - Epoch: 25, Loss: 0.2846, Train Acc: 0.9315,  Test_Loss: 0.2835,Test Acc: 0.9464,Test F1: 0.9174,Test auc: 0.9330
2024-05-09 13:22:54.587 | INFO     | __main__:<module>:95 - Epoch: 26, Loss: 0.3010, Train Acc: 0.9204,  Test_Loss: 0.2722,Test Acc: 0.9554,Test F1: 0.9327,Test auc: 0.9487
2024-05-09 13:22:54.623 | INFO     | __main__:<module>:95 - Epoch: 27, Loss: 0.2911, Train Acc: 0.9271,  Test_Loss: 0.2724,Test Acc: 0.9554,Test F1: 0.9345,Test auc: 0.9554
2024-05-09 13:22:54.660 | INFO     | __main__:<module>:95 - Epoch: 28, Loss: 0.2542, Train Acc: 0.9241,  Test_Loss: 0.2731,Test Acc: 0.9554,Test F1: 0.9345,Test auc: 0.9554
2024-05-09 13:22:54.694 | INFO     | __main__:<module>:95 - Epoch: 29, Loss: 0.2624, Train Acc: 0.9278,  Test_Loss: 0.2738,Test Acc: 0.9583,Test F1: 0.9386,Test auc: 0.9576
2024-05-09 13:22:54.734 | INFO     | __main__:<module>:95 - Epoch: 30, Loss: 0.2819, Train Acc: 0.9360,  Test_Loss: 0.2685,Test Acc: 0.9583,Test F1: 0.9386,Test auc: 0.9576
2024-05-09 13:22:54.763 | INFO     | __main__:<module>:95 - Epoch: 31, Loss: 0.2508, Train Acc: 0.9256,  Test_Loss: 0.2725,Test Acc: 0.9554,Test F1: 0.9345,Test auc: 0.9554
2024-05-09 13:22:54.818 | INFO     | __main__:<module>:95 - Epoch: 32, Loss: 0.2695, Train Acc: 0.9196,  Test_Loss: 0.2632,Test Acc: 0.9583,Test F1: 0.9386,Test auc: 0.9576
2024-05-09 13:22:54.871 | INFO     | __main__:<module>:95 - Epoch: 33, Loss: 0.2276, Train Acc: 0.9345,  Test_Loss: 0.2566,Test Acc: 0.9583,Test F1: 0.9391,Test auc: 0.9598
2024-05-09 13:22:54.927 | INFO     | __main__:<module>:95 - Epoch: 34, Loss: 0.2141, Train Acc: 0.9368,  Test_Loss: 0.2415,Test Acc: 0.9583,Test F1: 0.9391,Test auc: 0.9598
2024-05-09 13:22:54.984 | INFO     | __main__:<module>:95 - Epoch: 35, Loss: 0.1997, Train Acc: 0.9442,  Test_Loss: 0.2272,Test Acc: 0.9613,Test F1: 0.9432,Test auc: 0.9621
2024-05-09 13:22:55.039 | INFO     | __main__:<module>:95 - Epoch: 36, Loss: 0.2000, Train Acc: 0.9427,  Test_Loss: 0.2217,Test Acc: 0.9613,Test F1: 0.9432,Test auc: 0.9621
2024-05-09 13:22:55.091 | INFO     | __main__:<module>:95 - Epoch: 37, Loss: 0.1940, Train Acc: 0.9487,  Test_Loss: 0.2291,Test Acc: 0.9613,Test F1: 0.9427,Test auc: 0.9598
2024-05-09 13:22:55.155 | INFO     | __main__:<module>:95 - Epoch: 38, Loss: 0.2078, Train Acc: 0.9375,  Test_Loss: 0.2014,Test Acc: 0.9643,Test F1: 0.9474,Test auc: 0.9643
2024-05-09 13:22:55.197 | INFO     | __main__:<module>:95 - Epoch: 39, Loss: 0.1908, Train Acc: 0.9487,  Test_Loss: 0.1731,Test Acc: 0.9613,Test F1: 0.9422,Test auc: 0.9576
2024-05-09 13:22:55.246 | INFO     | __main__:<module>:95 - Epoch: 40, Loss: 0.1650, Train Acc: 0.9457,  Test_Loss: 0.1588,Test Acc: 0.9673,Test F1: 0.9507,Test auc: 0.9621
2024-05-09 13:22:55.309 | INFO     | __main__:<module>:95 - Epoch: 41, Loss: 0.1507, Train Acc: 0.9427,  Test_Loss: 0.1500,Test Acc: 0.9702,Test F1: 0.9550,Test auc: 0.9643
2024-05-09 13:22:55.377 | INFO     | __main__:<module>:95 - Epoch: 42, Loss: 0.1524, Train Acc: 0.9457,  Test_Loss: 0.1437,Test Acc: 0.9554,Test F1: 0.9302,Test auc: 0.9397
2024-05-09 13:22:55.418 | INFO     | __main__:<module>:95 - Epoch: 43, Loss: 0.1738, Train Acc: 0.9353,  Test_Loss: 0.1379,Test Acc: 0.9613,Test F1: 0.9395,Test auc: 0.9464
2024-05-09 13:22:55.474 | INFO     | __main__:<module>:95 - Epoch: 44, Loss: 0.1614, Train Acc: 0.9501,  Test_Loss: 0.1336,Test Acc: 0.9613,Test F1: 0.9395,Test auc: 0.9464
2024-05-09 13:22:55.530 | INFO     | __main__:<module>:95 - Epoch: 45, Loss: 0.1760, Train Acc: 0.9375,  Test_Loss: 0.1308,Test Acc: 0.9732,Test F1: 0.9596,Test auc: 0.9687
2024-05-09 13:22:55.567 | INFO     | __main__:<module>:95 - Epoch: 46, Loss: 0.1378, Train Acc: 0.9435,  Test_Loss: 0.1326,Test Acc: 0.9821,Test F1: 0.9735,Test auc: 0.9821
2024-05-09 13:22:55.605 | INFO     | __main__:<module>:95 - Epoch: 47, Loss: 0.1372, Train Acc: 0.9583,  Test_Loss: 0.1315,Test Acc: 0.9792,Test F1: 0.9692,Test auc: 0.9799
2024-05-09 13:22:55.647 | INFO     | __main__:<module>:95 - Epoch: 48, Loss: 0.1492, Train Acc: 0.9479,  Test_Loss: 0.1317,Test Acc: 0.9792,Test F1: 0.9692,Test auc: 0.9799
2024-05-09 13:22:55.688 | INFO     | __main__:<module>:95 - Epoch: 49, Loss: 0.1483, Train Acc: 0.9405,  Test_Loss: 0.1315,Test Acc: 0.9792,Test F1: 0.9692,Test auc: 0.9799
2024-05-09 13:22:55.725 | INFO     | __main__:<module>:95 - Epoch: 50, Loss: 0.1360, Train Acc: 0.9509,  Test_Loss: 0.1321,Test Acc: 0.9792,Test F1: 0.9692,Test auc: 0.9799
2024-05-09 13:22:55.774 | INFO     | __main__:<module>:95 - Epoch: 51, Loss: 0.1424, Train Acc: 0.9479,  Test_Loss: 0.1315,Test Acc: 0.9792,Test F1: 0.9692,Test auc: 0.9799
2024-05-09 13:22:55.817 | INFO     | __main__:<module>:95 - Epoch: 52, Loss: 0.1317, Train Acc: 0.9487,  Test_Loss: 0.1333,Test Acc: 0.9792,Test F1: 0.9692,Test auc: 0.9799
2024-05-09 13:22:55.856 | INFO     | __main__:<module>:95 - Epoch: 53, Loss: 0.1411, Train Acc: 0.9516,  Test_Loss: 0.1369,Test Acc: 0.9792,Test F1: 0.9692,Test auc: 0.9799
2024-05-09 13:22:55.894 | INFO     | __main__:<module>:95 - Epoch: 54, Loss: 0.1425, Train Acc: 0.9509,  Test_Loss: 0.1369,Test Acc: 0.9792,Test F1: 0.9692,Test auc: 0.9799
2024-05-09 13:22:55.926 | INFO     | __main__:<module>:95 - Epoch: 55, Loss: 0.1467, Train Acc: 0.9494,  Test_Loss: 0.1405,Test Acc: 0.9792,Test F1: 0.9692,Test auc: 0.9799
2024-05-09 13:22:55.962 | INFO     | __main__:<module>:95 - Epoch: 56, Loss: 0.1346, Train Acc: 0.9516,  Test_Loss: 0.1408,Test Acc: 0.9792,Test F1: 0.9692,Test auc: 0.9799
2024-05-09 13:22:55.998 | INFO     | __main__:<module>:95 - Epoch: 57, Loss: 0.1327, Train Acc: 0.9591,  Test_Loss: 0.1392,Test Acc: 0.9792,Test F1: 0.9692,Test auc: 0.9799
2024-05-09 13:22:56.037 | INFO     | __main__:<module>:95 - Epoch: 58, Loss: 0.1434, Train Acc: 0.9449,  Test_Loss: 0.1401,Test Acc: 0.9792,Test F1: 0.9692,Test auc: 0.9799
2024-05-09 13:22:56.080 | INFO     | __main__:<module>:95 - Epoch: 59, Loss: 0.1646, Train Acc: 0.9382,  Test_Loss: 0.1417,Test Acc: 0.9792,Test F1: 0.9692,Test auc: 0.9799
2024-05-09 13:22:56.112 | INFO     | __main__:<module>:95 - Epoch: 60, Loss: 0.1418, Train Acc: 0.9435,  Test_Loss: 0.1400,Test Acc: 0.9792,Test F1: 0.9692,Test auc: 0.9799
2024-05-09 13:22:56.145 | INFO     | __main__:<module>:95 - Epoch: 61, Loss: 0.1447, Train Acc: 0.9457,  Test_Loss: 0.1407,Test Acc: 0.9792,Test F1: 0.9692,Test auc: 0.9799
2024-05-09 13:22:56.187 | INFO     | __main__:<module>:95 - Epoch: 62, Loss: 0.1458, Train Acc: 0.9397,  Test_Loss: 0.1421,Test Acc: 0.9792,Test F1: 0.9692,Test auc: 0.9799
2024-05-09 13:22:56.220 | INFO     | __main__:<module>:95 - Epoch: 63, Loss: 0.1399, Train Acc: 0.9442,  Test_Loss: 0.1414,Test Acc: 0.9792,Test F1: 0.9692,Test auc: 0.9799
2024-05-09 13:22:56.247 | INFO     | __main__:<module>:95 - Epoch: 64, Loss: 0.1398, Train Acc: 0.9464,  Test_Loss: 0.1410,Test Acc: 0.9762,Test F1: 0.9649,Test auc: 0.9777
2024-05-09 13:22:56.284 | INFO     | __main__:<module>:95 - Epoch: 65, Loss: 0.1520, Train Acc: 0.9382,  Test_Loss: 0.1385,Test Acc: 0.9762,Test F1: 0.9649,Test auc: 0.9777
2024-05-09 13:22:56.318 | INFO     | __main__:<module>:95 - Epoch: 66, Loss: 0.1540, Train Acc: 0.9487,  Test_Loss: 0.1392,Test Acc: 0.9762,Test F1: 0.9649,Test auc: 0.9777
2024-05-09 13:22:56.352 | INFO     | __main__:<module>:95 - Epoch: 67, Loss: 0.1628, Train Acc: 0.9449,  Test_Loss: 0.1417,Test Acc: 0.9762,Test F1: 0.9649,Test auc: 0.9777
2024-05-09 13:22:56.387 | INFO     | __main__:<module>:95 - Epoch: 68, Loss: 0.1540, Train Acc: 0.9397,  Test_Loss: 0.1424,Test Acc: 0.9762,Test F1: 0.9649,Test auc: 0.9777
2024-05-09 13:22:56.423 | INFO     | __main__:<module>:95 - Epoch: 69, Loss: 0.1437, Train Acc: 0.9494,  Test_Loss: 0.1425,Test Acc: 0.9762,Test F1: 0.9649,Test auc: 0.9777
2024-05-09 13:22:56.455 | INFO     | __main__:<module>:95 - Epoch: 70, Loss: 0.1369, Train Acc: 0.9472,  Test_Loss: 0.1449,Test Acc: 0.9762,Test F1: 0.9649,Test auc: 0.9777
2024-05-09 13:22:56.480 | INFO     | __main__:<module>:95 - Epoch: 71, Loss: 0.1290, Train Acc: 0.9546,  Test_Loss: 0.1452,Test Acc: 0.9792,Test F1: 0.9692,Test auc: 0.9799
2024-05-09 13:22:56.515 | INFO     | __main__:<module>:95 - Epoch: 72, Loss: 0.1347, Train Acc: 0.9472,  Test_Loss: 0.1432,Test Acc: 0.9762,Test F1: 0.9649,Test auc: 0.9777
2024-05-09 13:22:56.557 | INFO     | __main__:<module>:95 - Epoch: 73, Loss: 0.1442, Train Acc: 0.9435,  Test_Loss: 0.1407,Test Acc: 0.9762,Test F1: 0.9649,Test auc: 0.9777
2024-05-09 13:22:56.590 | INFO     | __main__:<module>:95 - Epoch: 74, Loss: 0.1539, Train Acc: 0.9449,  Test_Loss: 0.1395,Test Acc: 0.9792,Test F1: 0.9692,Test auc: 0.9799
2024-05-09 13:22:56.618 | INFO     | __main__:<module>:95 - Epoch: 75, Loss: 0.1372, Train Acc: 0.9509,  Test_Loss: 0.1386,Test Acc: 0.9762,Test F1: 0.9649,Test auc: 0.9777
2024-05-09 13:22:56.618 | INFO     | __main__:<module>:113 - 2.398298740386963
2024-05-09 13:22:58.964 | INFO     | __main__:<module>:74 - Namespace(dataset='ca-hepph', model='GCN', learning_rate=0.01, epochs=9999, hidden_units=16, dropout=0.4, weight_decay=0.01, weight_decay1=0.01, weight_decay2=0.0005, early_stopping=30, residual=True, seed=824, type='Binary', DEVICE='cuda', theta=0.5, layers=64, alpha=0.1, feature_type='x_65', CGCN=0)
2024-05-09 13:22:58.965 | INFO     | __main__:<module>:75 - Data(edge_index=[2, 235238], num_nodes=11204, x=[11204, 6], train_mask=[11204], test_mask=[11204], label=[11204])
2024-05-09 13:22:58.998 | INFO     | __main__:<module>:95 - Epoch: 00, Loss: 57.9255, Train Acc: 0.4353,  Test_Loss: 1.0845,Test Acc: 0.3839,Test F1: 0.5197,Test auc: 0.5379
2024-05-09 13:22:59.021 | INFO     | __main__:<module>:95 - Epoch: 01, Loss: 16.3798, Train Acc: 0.4137,  Test_Loss: 2.1985,Test Acc: 0.4077,Test F1: 0.5296,Test auc: 0.5558
2024-05-09 13:22:59.050 | INFO     | __main__:<module>:95 - Epoch: 02, Loss: 15.7088, Train Acc: 0.4144,  Test_Loss: 2.0872,Test Acc: 0.4107,Test F1: 0.5308,Test auc: 0.5580
2024-05-09 13:22:59.076 | INFO     | __main__:<module>:95 - Epoch: 03, Loss: 16.1278, Train Acc: 0.4182,  Test_Loss: 2.0517,Test Acc: 0.4315,Test F1: 0.5398,Test auc: 0.5737
2024-05-09 13:22:59.101 | INFO     | __main__:<module>:95 - Epoch: 04, Loss: 16.1826, Train Acc: 0.3929,  Test_Loss: 2.0384,Test Acc: 0.4494,Test F1: 0.5477,Test auc: 0.5871
2024-05-09 13:22:59.127 | INFO     | __main__:<module>:95 - Epoch: 05, Loss: 19.5531, Train Acc: 0.4115,  Test_Loss: 2.0809,Test Acc: 0.4554,Test F1: 0.5504,Test auc: 0.5915
2024-05-09 13:22:59.156 | INFO     | __main__:<module>:95 - Epoch: 06, Loss: 23.5112, Train Acc: 0.4144,  Test_Loss: 2.1043,Test Acc: 0.4494,Test F1: 0.5477,Test auc: 0.5871
2024-05-09 13:22:59.192 | INFO     | __main__:<module>:95 - Epoch: 07, Loss: 16.3094, Train Acc: 0.4263,  Test_Loss: 2.1054,Test Acc: 0.4524,Test F1: 0.5490,Test auc: 0.5893
2024-05-09 13:22:59.226 | INFO     | __main__:<module>:95 - Epoch: 08, Loss: 22.8071, Train Acc: 0.4122,  Test_Loss: 2.1200,Test Acc: 0.4554,Test F1: 0.5504,Test auc: 0.5915
2024-05-09 13:22:59.262 | INFO     | __main__:<module>:95 - Epoch: 09, Loss: 15.9955, Train Acc: 0.4196,  Test_Loss: 2.0840,Test Acc: 0.4643,Test F1: 0.5545,Test auc: 0.5982
2024-05-09 13:22:59.293 | INFO     | __main__:<module>:95 - Epoch: 10, Loss: 17.4654, Train Acc: 0.4263,  Test_Loss: 2.0747,Test Acc: 0.4732,Test F1: 0.5586,Test auc: 0.6049
2024-05-09 13:22:59.322 | INFO     | __main__:<module>:95 - Epoch: 11, Loss: 17.6739, Train Acc: 0.4077,  Test_Loss: 2.0828,Test Acc: 0.4762,Test F1: 0.5600,Test auc: 0.6071
2024-05-09 13:22:59.342 | INFO     | __main__:<module>:95 - Epoch: 12, Loss: 21.6815, Train Acc: 0.4182,  Test_Loss: 2.0993,Test Acc: 0.4851,Test F1: 0.5642,Test auc: 0.6138
2024-05-09 13:22:59.365 | INFO     | __main__:<module>:95 - Epoch: 13, Loss: 18.6787, Train Acc: 0.4085,  Test_Loss: 2.0859,Test Acc: 0.4881,Test F1: 0.5657,Test auc: 0.6161
2024-05-09 13:22:59.392 | INFO     | __main__:<module>:95 - Epoch: 14, Loss: 18.8646, Train Acc: 0.4315,  Test_Loss: 2.0832,Test Acc: 0.4881,Test F1: 0.5657,Test auc: 0.6161
2024-05-09 13:22:59.418 | INFO     | __main__:<module>:95 - Epoch: 15, Loss: 20.1277, Train Acc: 0.4263,  Test_Loss: 2.0972,Test Acc: 0.4851,Test F1: 0.5642,Test auc: 0.6138
2024-05-09 13:22:59.449 | INFO     | __main__:<module>:95 - Epoch: 16, Loss: 17.5896, Train Acc: 0.3891,  Test_Loss: 2.0969,Test Acc: 0.4911,Test F1: 0.5671,Test auc: 0.6183
2024-05-09 13:22:59.479 | INFO     | __main__:<module>:95 - Epoch: 17, Loss: 22.2973, Train Acc: 0.3921,  Test_Loss: 2.1367,Test Acc: 0.4881,Test F1: 0.5657,Test auc: 0.6161
2024-05-09 13:22:59.506 | INFO     | __main__:<module>:95 - Epoch: 18, Loss: 16.8352, Train Acc: 0.4100,  Test_Loss: 2.1380,Test Acc: 0.4881,Test F1: 0.5657,Test auc: 0.6161
2024-05-09 13:22:59.529 | INFO     | __main__:<module>:95 - Epoch: 19, Loss: 18.7532, Train Acc: 0.4204,  Test_Loss: 2.1369,Test Acc: 0.4851,Test F1: 0.5642,Test auc: 0.6138
2024-05-09 13:22:59.549 | INFO     | __main__:<module>:95 - Epoch: 20, Loss: 22.3652, Train Acc: 0.4100,  Test_Loss: 2.1626,Test Acc: 0.4851,Test F1: 0.5642,Test auc: 0.6138
2024-05-09 13:22:59.573 | INFO     | __main__:<module>:95 - Epoch: 21, Loss: 20.4690, Train Acc: 0.4055,  Test_Loss: 2.1621,Test Acc: 0.4881,Test F1: 0.5657,Test auc: 0.6161
2024-05-09 13:22:59.601 | INFO     | __main__:<module>:95 - Epoch: 22, Loss: 15.5617, Train Acc: 0.4204,  Test_Loss: 2.1546,Test Acc: 0.4940,Test F1: 0.5685,Test auc: 0.6205
2024-05-09 13:22:59.627 | INFO     | __main__:<module>:95 - Epoch: 23, Loss: 14.3625, Train Acc: 0.4182,  Test_Loss: 2.1341,Test Acc: 0.5149,Test F1: 0.5788,Test auc: 0.6362
2024-05-09 13:22:59.662 | INFO     | __main__:<module>:95 - Epoch: 24, Loss: 16.3639, Train Acc: 0.4129,  Test_Loss: 2.1665,Test Acc: 0.5000,Test F1: 0.5714,Test auc: 0.6250
2024-05-09 13:22:59.693 | INFO     | __main__:<module>:95 - Epoch: 25, Loss: 20.6245, Train Acc: 0.4077,  Test_Loss: 2.1638,Test Acc: 0.5119,Test F1: 0.5773,Test auc: 0.6339
2024-05-09 13:22:59.718 | INFO     | __main__:<module>:95 - Epoch: 26, Loss: 20.8479, Train Acc: 0.4249,  Test_Loss: 2.1724,Test Acc: 0.5149,Test F1: 0.5788,Test auc: 0.6362
2024-05-09 13:22:59.738 | INFO     | __main__:<module>:95 - Epoch: 27, Loss: 16.9800, Train Acc: 0.4085,  Test_Loss: 2.1714,Test Acc: 0.5149,Test F1: 0.5788,Test auc: 0.6362
2024-05-09 13:22:59.758 | INFO     | __main__:<module>:95 - Epoch: 28, Loss: 19.0972, Train Acc: 0.4025,  Test_Loss: 2.1818,Test Acc: 0.5089,Test F1: 0.5758,Test auc: 0.6317
2024-05-09 13:22:59.788 | INFO     | __main__:<module>:95 - Epoch: 29, Loss: 16.8894, Train Acc: 0.4129,  Test_Loss: 2.1855,Test Acc: 0.5119,Test F1: 0.5773,Test auc: 0.6339
2024-05-09 13:22:59.815 | INFO     | __main__:<module>:95 - Epoch: 30, Loss: 18.7553, Train Acc: 0.4167,  Test_Loss: 2.1986,Test Acc: 0.5089,Test F1: 0.5758,Test auc: 0.6317
2024-05-09 13:22:59.816 | INFO     | __main__:<module>:113 - 0.7360341548919678
2024-05-09 13:23:01.333 | INFO     | __main__:<module>:74 - Namespace(dataset='ca-hepph', model='GCN', learning_rate=0.01, epochs=9999, hidden_units=16, dropout=0.4, weight_decay=0.01, weight_decay1=0.01, weight_decay2=0.0005, early_stopping=30, residual=True, seed=824, type='Binary', DEVICE='cuda', theta=0.5, layers=64, alpha=0.1, feature_type='x_65', CGCN=0)
2024-05-09 13:23:01.334 | INFO     | __main__:<module>:75 - Data(edge_index=[2, 235238], num_nodes=11204, x=[11204, 7], train_mask=[11204], test_mask=[11204], label=[11204])
2024-05-09 13:23:01.361 | INFO     | __main__:<module>:95 - Epoch: 00, Loss: 2.3083, Train Acc: 0.7009,  Test_Loss: 1.6689,Test Acc: 0.7619,Test F1: 0.7368,Test auc: 0.8214
2024-05-09 13:23:01.393 | INFO     | __main__:<module>:95 - Epoch: 01, Loss: 1.6680, Train Acc: 0.7887,  Test_Loss: 1.1017,Test Acc: 0.8304,Test F1: 0.7972,Test auc: 0.8728
2024-05-09 13:23:01.420 | INFO     | __main__:<module>:95 - Epoch: 02, Loss: 1.1949, Train Acc: 0.8237,  Test_Loss: 0.6956,Test Acc: 0.8839,Test F1: 0.8494,Test auc: 0.9085
2024-05-09 13:23:01.454 | INFO     | __main__:<module>:95 - Epoch: 03, Loss: 0.6608, Train Acc: 0.8542,  Test_Loss: 0.4485,Test Acc: 0.9375,Test F1: 0.9129,Test auc: 0.9487
2024-05-09 13:23:01.476 | INFO     | __main__:<module>:95 - Epoch: 04, Loss: 0.5242, Train Acc: 0.8817,  Test_Loss: 0.5191,Test Acc: 0.8720,Test F1: 0.7676,Test auc: 0.8125
2024-05-09 13:23:01.497 | INFO     | __main__:<module>:95 - Epoch: 05, Loss: 0.4394, Train Acc: 0.8765,  Test_Loss: 0.5144,Test Acc: 0.8720,Test F1: 0.7676,Test auc: 0.8125
2024-05-09 13:23:01.525 | INFO     | __main__:<module>:95 - Epoch: 06, Loss: 0.4851, Train Acc: 0.8817,  Test_Loss: 0.4267,Test Acc: 0.9464,Test F1: 0.9143,Test auc: 0.9241
2024-05-09 13:23:01.545 | INFO     | __main__:<module>:95 - Epoch: 07, Loss: 0.9324, Train Acc: 0.8534,  Test_Loss: 0.4830,Test Acc: 0.8423,Test F1: 0.6936,Test auc: 0.7656
2024-05-09 13:23:01.590 | INFO     | __main__:<module>:95 - Epoch: 08, Loss: 1.3478, Train Acc: 0.8326,  Test_Loss: 0.4258,Test Acc: 0.9375,Test F1: 0.9023,Test auc: 0.9196
2024-05-09 13:23:01.635 | INFO     | __main__:<module>:95 - Epoch: 09, Loss: 0.3774, Train Acc: 0.8906,  Test_Loss: 0.4074,Test Acc: 0.9554,Test F1: 0.9351,Test auc: 0.9576
2024-05-09 13:23:01.670 | INFO     | __main__:<module>:95 - Epoch: 10, Loss: 0.4073, Train Acc: 0.8720,  Test_Loss: 0.3824,Test Acc: 0.9435,Test F1: 0.9198,Test auc: 0.9509
2024-05-09 13:23:01.696 | INFO     | __main__:<module>:95 - Epoch: 11, Loss: 0.3964, Train Acc: 0.8966,  Test_Loss: 0.3847,Test Acc: 0.9315,Test F1: 0.9046,Test auc: 0.9420
2024-05-09 13:23:01.730 | INFO     | __main__:<module>:95 - Epoch: 12, Loss: 0.3667, Train Acc: 0.8936,  Test_Loss: 0.3747,Test Acc: 0.9345,Test F1: 0.9083,Test auc: 0.9442
2024-05-09 13:23:01.761 | INFO     | __main__:<module>:95 - Epoch: 13, Loss: 0.3927, Train Acc: 0.9152,  Test_Loss: 0.3725,Test Acc: 0.9256,Test F1: 0.8971,Test auc: 0.9375
2024-05-09 13:23:01.796 | INFO     | __main__:<module>:95 - Epoch: 14, Loss: 0.3372, Train Acc: 0.9196,  Test_Loss: 0.3742,Test Acc: 0.9256,Test F1: 0.8963,Test auc: 0.9353
2024-05-09 13:23:01.847 | INFO     | __main__:<module>:95 - Epoch: 15, Loss: 0.3410, Train Acc: 0.9278,  Test_Loss: 0.3576,Test Acc: 0.9345,Test F1: 0.9076,Test auc: 0.9420
2024-05-09 13:23:01.892 | INFO     | __main__:<module>:95 - Epoch: 16, Loss: 0.3074, Train Acc: 0.9226,  Test_Loss: 0.3488,Test Acc: 0.9405,Test F1: 0.9153,Test auc: 0.9464
2024-05-09 13:23:01.935 | INFO     | __main__:<module>:95 - Epoch: 17, Loss: 0.3226, Train Acc: 0.9189,  Test_Loss: 0.3376,Test Acc: 0.9494,Test F1: 0.9277,Test auc: 0.9554
2024-05-09 13:23:01.969 | INFO     | __main__:<module>:95 - Epoch: 18, Loss: 0.3008, Train Acc: 0.9397,  Test_Loss: 0.3196,Test Acc: 0.9554,Test F1: 0.9362,Test auc: 0.9621
2024-05-09 13:23:02.018 | INFO     | __main__:<module>:95 - Epoch: 19, Loss: 0.2473, Train Acc: 0.9427,  Test_Loss: 0.2942,Test Acc: 0.9554,Test F1: 0.9362,Test auc: 0.9621
2024-05-09 13:23:02.064 | INFO     | __main__:<module>:95 - Epoch: 20, Loss: 0.2552, Train Acc: 0.9315,  Test_Loss: 0.2720,Test Acc: 0.9643,Test F1: 0.9483,Test auc: 0.9688
2024-05-09 13:23:02.097 | INFO     | __main__:<module>:95 - Epoch: 21, Loss: 0.2382, Train Acc: 0.9249,  Test_Loss: 0.2449,Test Acc: 0.9643,Test F1: 0.9483,Test auc: 0.9688
2024-05-09 13:23:02.129 | INFO     | __main__:<module>:95 - Epoch: 22, Loss: 0.2172, Train Acc: 0.9301,  Test_Loss: 0.2122,Test Acc: 0.9673,Test F1: 0.9520,Test auc: 0.9688
2024-05-09 13:23:02.169 | INFO     | __main__:<module>:95 - Epoch: 23, Loss: 0.1802, Train Acc: 0.9323,  Test_Loss: 0.1917,Test Acc: 0.9702,Test F1: 0.9561,Test auc: 0.9710
2024-05-09 13:23:02.209 | INFO     | __main__:<module>:95 - Epoch: 24, Loss: 0.1753, Train Acc: 0.9449,  Test_Loss: 0.1880,Test Acc: 0.9673,Test F1: 0.9511,Test auc: 0.9643
2024-05-09 13:23:02.255 | INFO     | __main__:<module>:95 - Epoch: 25, Loss: 0.1947, Train Acc: 0.9293,  Test_Loss: 0.1840,Test Acc: 0.9643,Test F1: 0.9469,Test auc: 0.9621
2024-05-09 13:23:02.301 | INFO     | __main__:<module>:95 - Epoch: 26, Loss: 0.1741, Train Acc: 0.9405,  Test_Loss: 0.1692,Test Acc: 0.9702,Test F1: 0.9561,Test auc: 0.9710
2024-05-09 13:23:02.331 | INFO     | __main__:<module>:95 - Epoch: 27, Loss: 0.1875, Train Acc: 0.9420,  Test_Loss: 0.1586,Test Acc: 0.9702,Test F1: 0.9561,Test auc: 0.9710
2024-05-09 13:23:02.364 | INFO     | __main__:<module>:95 - Epoch: 28, Loss: 0.1829, Train Acc: 0.9472,  Test_Loss: 0.1514,Test Acc: 0.9702,Test F1: 0.9561,Test auc: 0.9710
2024-05-09 13:23:02.397 | INFO     | __main__:<module>:95 - Epoch: 29, Loss: 0.1620, Train Acc: 0.9368,  Test_Loss: 0.1636,Test Acc: 0.9732,Test F1: 0.9604,Test auc: 0.9732
2024-05-09 13:23:02.426 | INFO     | __main__:<module>:95 - Epoch: 30, Loss: 0.1734, Train Acc: 0.9286,  Test_Loss: 0.1734,Test Acc: 0.9732,Test F1: 0.9604,Test auc: 0.9732
2024-05-09 13:23:02.452 | INFO     | __main__:<module>:95 - Epoch: 31, Loss: 0.1885, Train Acc: 0.9315,  Test_Loss: 0.1940,Test Acc: 0.9732,Test F1: 0.9600,Test auc: 0.9710
2024-05-09 13:23:02.484 | INFO     | __main__:<module>:95 - Epoch: 32, Loss: 0.1767, Train Acc: 0.9345,  Test_Loss: 0.2164,Test Acc: 0.9583,Test F1: 0.9358,Test auc: 0.9464
2024-05-09 13:23:02.508 | INFO     | __main__:<module>:95 - Epoch: 33, Loss: 0.1811, Train Acc: 0.9353,  Test_Loss: 0.2402,Test Acc: 0.9435,Test F1: 0.9108,Test auc: 0.9241
2024-05-09 13:23:02.534 | INFO     | __main__:<module>:95 - Epoch: 34, Loss: 0.1789, Train Acc: 0.9338,  Test_Loss: 0.2488,Test Acc: 0.9435,Test F1: 0.9091,Test auc: 0.9196
2024-05-09 13:23:02.556 | INFO     | __main__:<module>:95 - Epoch: 35, Loss: 0.1774, Train Acc: 0.9412,  Test_Loss: 0.2644,Test Acc: 0.9345,Test F1: 0.8932,Test auc: 0.9063
2024-05-09 13:23:02.586 | INFO     | __main__:<module>:95 - Epoch: 36, Loss: 0.1570, Train Acc: 0.9427,  Test_Loss: 0.2654,Test Acc: 0.9345,Test F1: 0.8932,Test auc: 0.9063
2024-05-09 13:23:02.619 | INFO     | __main__:<module>:95 - Epoch: 37, Loss: 0.1893, Train Acc: 0.9338,  Test_Loss: 0.3075,Test Acc: 0.8750,Test F1: 0.7717,Test auc: 0.8147
2024-05-09 13:23:02.649 | INFO     | __main__:<module>:95 - Epoch: 38, Loss: 0.1686, Train Acc: 0.9427,  Test_Loss: 0.3254,Test Acc: 0.8393,Test F1: 0.6860,Test auc: 0.7612
2024-05-09 13:23:02.676 | INFO     | __main__:<module>:95 - Epoch: 39, Loss: 0.1558, Train Acc: 0.9427,  Test_Loss: 0.3418,Test Acc: 0.8274,Test F1: 0.6548,Test auc: 0.7433
2024-05-09 13:23:02.702 | INFO     | __main__:<module>:95 - Epoch: 40, Loss: 0.1895, Train Acc: 0.9301,  Test_Loss: 0.3941,Test Acc: 0.7440,Test F1: 0.3768,Test auc: 0.6161
2024-05-09 13:23:02.720 | INFO     | __main__:<module>:95 - Epoch: 41, Loss: 0.1841, Train Acc: 0.9382,  Test_Loss: 0.4101,Test Acc: 0.7411,Test F1: 0.3650,Test auc: 0.6116
2024-05-09 13:23:02.743 | INFO     | __main__:<module>:95 - Epoch: 42, Loss: 0.1793, Train Acc: 0.9397,  Test_Loss: 0.4623,Test Acc: 0.7411,Test F1: 0.3650,Test auc: 0.6116
2024-05-09 13:23:02.765 | INFO     | __main__:<module>:95 - Epoch: 43, Loss: 0.1993, Train Acc: 0.9278,  Test_Loss: 0.4841,Test Acc: 0.7411,Test F1: 0.3650,Test auc: 0.6116
2024-05-09 13:23:02.795 | INFO     | __main__:<module>:95 - Epoch: 44, Loss: 0.1641, Train Acc: 0.9464,  Test_Loss: 0.5009,Test Acc: 0.7411,Test F1: 0.3650,Test auc: 0.6116
2024-05-09 13:23:02.830 | INFO     | __main__:<module>:95 - Epoch: 45, Loss: 0.1666, Train Acc: 0.9479,  Test_Loss: 0.4485,Test Acc: 0.7411,Test F1: 0.3650,Test auc: 0.6116
2024-05-09 13:23:02.858 | INFO     | __main__:<module>:95 - Epoch: 46, Loss: 0.1516, Train Acc: 0.9494,  Test_Loss: 0.4555,Test Acc: 0.7411,Test F1: 0.3650,Test auc: 0.6116
2024-05-09 13:23:02.888 | INFO     | __main__:<module>:95 - Epoch: 47, Loss: 0.1701, Train Acc: 0.9368,  Test_Loss: 0.4018,Test Acc: 0.7411,Test F1: 0.3650,Test auc: 0.6116
2024-05-09 13:23:02.919 | INFO     | __main__:<module>:95 - Epoch: 48, Loss: 0.1802, Train Acc: 0.9330,  Test_Loss: 0.4317,Test Acc: 0.7411,Test F1: 0.3650,Test auc: 0.6116
2024-05-09 13:23:02.941 | INFO     | __main__:<module>:95 - Epoch: 49, Loss: 0.1630, Train Acc: 0.9382,  Test_Loss: 0.4548,Test Acc: 0.7411,Test F1: 0.3650,Test auc: 0.6116
2024-05-09 13:23:02.966 | INFO     | __main__:<module>:95 - Epoch: 50, Loss: 0.1750, Train Acc: 0.9315,  Test_Loss: 0.4964,Test Acc: 0.7411,Test F1: 0.3650,Test auc: 0.6116
2024-05-09 13:23:02.993 | INFO     | __main__:<module>:95 - Epoch: 51, Loss: 0.1806, Train Acc: 0.9338,  Test_Loss: 0.4991,Test Acc: 0.7411,Test F1: 0.3650,Test auc: 0.6116
2024-05-09 13:23:03.016 | INFO     | __main__:<module>:95 - Epoch: 52, Loss: 0.1657, Train Acc: 0.9375,  Test_Loss: 0.4974,Test Acc: 0.7381,Test F1: 0.3529,Test auc: 0.6071
2024-05-09 13:23:03.044 | INFO     | __main__:<module>:95 - Epoch: 53, Loss: 0.1799, Train Acc: 0.9345,  Test_Loss: 0.5310,Test Acc: 0.7351,Test F1: 0.3407,Test auc: 0.6027
2024-05-09 13:23:03.076 | INFO     | __main__:<module>:95 - Epoch: 54, Loss: 0.1803, Train Acc: 0.9360,  Test_Loss: 0.5433,Test Acc: 0.7351,Test F1: 0.3407,Test auc: 0.6027
2024-05-09 13:23:03.112 | INFO     | __main__:<module>:95 - Epoch: 55, Loss: 0.1649, Train Acc: 0.9382,  Test_Loss: 0.5252,Test Acc: 0.7351,Test F1: 0.3407,Test auc: 0.6027
2024-05-09 13:23:03.140 | INFO     | __main__:<module>:95 - Epoch: 56, Loss: 0.1745, Train Acc: 0.9405,  Test_Loss: 0.5338,Test Acc: 0.7351,Test F1: 0.3407,Test auc: 0.6027
2024-05-09 13:23:03.162 | INFO     | __main__:<module>:95 - Epoch: 57, Loss: 0.1926, Train Acc: 0.9256,  Test_Loss: 0.4979,Test Acc: 0.7381,Test F1: 0.3529,Test auc: 0.6071
2024-05-09 13:23:03.188 | INFO     | __main__:<module>:95 - Epoch: 58, Loss: 0.1834, Train Acc: 0.9353,  Test_Loss: 0.4794,Test Acc: 0.7411,Test F1: 0.3650,Test auc: 0.6116
2024-05-09 13:23:03.188 | INFO     | __main__:<module>:113 - 1.3441166877746582
2024-05-09 13:23:04.923 | INFO     | __main__:<module>:74 - Namespace(dataset='ca-hepph', model='GCN', learning_rate=0.01, epochs=9999, hidden_units=16, dropout=0.4, weight_decay=0.01, weight_decay1=0.01, weight_decay2=0.0005, early_stopping=30, residual=True, seed=824, type='Binary', DEVICE='cuda', theta=0.5, layers=64, alpha=0.1, feature_type='x_65', CGCN=0)
2024-05-09 13:23:04.924 | INFO     | __main__:<module>:75 - Data(edge_index=[2, 235238], num_nodes=11204, x=[11204, 8], train_mask=[11204], test_mask=[11204], label=[11204])
2024-05-09 13:23:04.950 | INFO     | __main__:<module>:95 - Epoch: 00, Loss: 16.0932, Train Acc: 0.7046,  Test_Loss: 1.2712,Test Acc: 0.6637,Test F1: 0.6647,Test auc: 0.7478
2024-05-09 13:23:04.973 | INFO     | __main__:<module>:95 - Epoch: 01, Loss: 3.7310, Train Acc: 0.7016,  Test_Loss: 1.7551,Test Acc: 0.6875,Test F1: 0.6769,Test auc: 0.7612
2024-05-09 13:23:04.998 | INFO     | __main__:<module>:95 - Epoch: 02, Loss: 3.1172, Train Acc: 0.6942,  Test_Loss: 1.6419,Test Acc: 0.6994,Test F1: 0.6854,Test auc: 0.7701
2024-05-09 13:23:05.023 | INFO     | __main__:<module>:95 - Epoch: 03, Loss: 3.3056, Train Acc: 0.7016,  Test_Loss: 1.5665,Test Acc: 0.6220,Test F1: 0.5636,Test auc: 0.6496
2024-05-09 13:23:05.048 | INFO     | __main__:<module>:95 - Epoch: 04, Loss: 3.2971, Train Acc: 0.6890,  Test_Loss: 1.5501,Test Acc: 0.7024,Test F1: 0.6875,Test auc: 0.7723
2024-05-09 13:23:05.067 | INFO     | __main__:<module>:95 - Epoch: 05, Loss: 2.5577, Train Acc: 0.7039,  Test_Loss: 1.4706,Test Acc: 0.7173,Test F1: 0.7022,Test auc: 0.7879
2024-05-09 13:23:05.103 | INFO     | __main__:<module>:95 - Epoch: 06, Loss: 3.1006, Train Acc: 0.7001,  Test_Loss: 1.4396,Test Acc: 0.7202,Test F1: 0.7044,Test auc: 0.7902
2024-05-09 13:23:05.133 | INFO     | __main__:<module>:95 - Epoch: 07, Loss: 2.2041, Train Acc: 0.7054,  Test_Loss: 1.3882,Test Acc: 0.7262,Test F1: 0.7089,Test auc: 0.7946
2024-05-09 13:23:05.165 | INFO     | __main__:<module>:95 - Epoch: 08, Loss: 2.4050, Train Acc: 0.7046,  Test_Loss: 1.3729,Test Acc: 0.7321,Test F1: 0.7134,Test auc: 0.7991
2024-05-09 13:23:05.206 | INFO     | __main__:<module>:95 - Epoch: 09, Loss: 4.1552, Train Acc: 0.7068,  Test_Loss: 1.3949,Test Acc: 0.7262,Test F1: 0.7089,Test auc: 0.7946
2024-05-09 13:23:05.244 | INFO     | __main__:<module>:95 - Epoch: 10, Loss: 2.9564, Train Acc: 0.6935,  Test_Loss: 1.3889,Test Acc: 0.7351,Test F1: 0.7157,Test auc: 0.8013
2024-05-09 13:23:05.272 | INFO     | __main__:<module>:95 - Epoch: 11, Loss: 3.4438, Train Acc: 0.6964,  Test_Loss: 1.3976,Test Acc: 0.7351,Test F1: 0.7157,Test auc: 0.8013
2024-05-09 13:23:05.300 | INFO     | __main__:<module>:95 - Epoch: 12, Loss: 3.2746, Train Acc: 0.6979,  Test_Loss: 1.4079,Test Acc: 0.7262,Test F1: 0.7051,Test auc: 0.7902
2024-05-09 13:23:05.321 | INFO     | __main__:<module>:95 - Epoch: 13, Loss: 3.6556, Train Acc: 0.6949,  Test_Loss: 1.4126,Test Acc: 0.7262,Test F1: 0.7051,Test auc: 0.7902
2024-05-09 13:23:05.340 | INFO     | __main__:<module>:95 - Epoch: 14, Loss: 3.3785, Train Acc: 0.7091,  Test_Loss: 1.4380,Test Acc: 0.7262,Test F1: 0.7051,Test auc: 0.7902
2024-05-09 13:23:05.379 | INFO     | __main__:<module>:95 - Epoch: 15, Loss: 3.1939, Train Acc: 0.6942,  Test_Loss: 1.4031,Test Acc: 0.7292,Test F1: 0.7074,Test auc: 0.7924
2024-05-09 13:23:05.418 | INFO     | __main__:<module>:95 - Epoch: 16, Loss: 2.7760, Train Acc: 0.7001,  Test_Loss: 1.4101,Test Acc: 0.7292,Test F1: 0.7074,Test auc: 0.7924
2024-05-09 13:23:05.460 | INFO     | __main__:<module>:95 - Epoch: 17, Loss: 2.6235, Train Acc: 0.7135,  Test_Loss: 1.3977,Test Acc: 0.7292,Test F1: 0.7074,Test auc: 0.7924
2024-05-09 13:23:05.484 | INFO     | __main__:<module>:95 - Epoch: 18, Loss: 2.8289, Train Acc: 0.7039,  Test_Loss: 1.3858,Test Acc: 0.7292,Test F1: 0.7074,Test auc: 0.7924
2024-05-09 13:23:05.508 | INFO     | __main__:<module>:95 - Epoch: 19, Loss: 3.6734, Train Acc: 0.6920,  Test_Loss: 1.3489,Test Acc: 0.7351,Test F1: 0.7157,Test auc: 0.8013
2024-05-09 13:23:05.531 | INFO     | __main__:<module>:95 - Epoch: 20, Loss: 3.9410, Train Acc: 0.6987,  Test_Loss: 1.3725,Test Acc: 0.7262,Test F1: 0.7051,Test auc: 0.7902
2024-05-09 13:23:05.555 | INFO     | __main__:<module>:95 - Epoch: 21, Loss: 2.8423, Train Acc: 0.7165,  Test_Loss: 1.3822,Test Acc: 0.7262,Test F1: 0.7051,Test auc: 0.7902
2024-05-09 13:23:05.586 | INFO     | __main__:<module>:95 - Epoch: 22, Loss: 3.4863, Train Acc: 0.7016,  Test_Loss: 1.3809,Test Acc: 0.7262,Test F1: 0.7051,Test auc: 0.7902
2024-05-09 13:23:05.609 | INFO     | __main__:<module>:95 - Epoch: 23, Loss: 3.5094, Train Acc: 0.7113,  Test_Loss: 1.3799,Test Acc: 0.7262,Test F1: 0.7051,Test auc: 0.7902
2024-05-09 13:23:05.644 | INFO     | __main__:<module>:95 - Epoch: 24, Loss: 3.0053, Train Acc: 0.7001,  Test_Loss: 1.3890,Test Acc: 0.7292,Test F1: 0.7074,Test auc: 0.7924
2024-05-09 13:23:05.673 | INFO     | __main__:<module>:95 - Epoch: 25, Loss: 3.3951, Train Acc: 0.7016,  Test_Loss: 1.3936,Test Acc: 0.6458,Test F1: 0.5735,Test auc: 0.6629
2024-05-09 13:23:05.701 | INFO     | __main__:<module>:95 - Epoch: 26, Loss: 2.9902, Train Acc: 0.7083,  Test_Loss: 1.3908,Test Acc: 0.6488,Test F1: 0.5786,Test auc: 0.6674
2024-05-09 13:23:05.724 | INFO     | __main__:<module>:95 - Epoch: 27, Loss: 3.0863, Train Acc: 0.7135,  Test_Loss: 1.4215,Test Acc: 0.6399,Test F1: 0.5663,Test auc: 0.6563
2024-05-09 13:23:05.748 | INFO     | __main__:<module>:95 - Epoch: 28, Loss: 2.8817, Train Acc: 0.7024,  Test_Loss: 1.4315,Test Acc: 0.6369,Test F1: 0.5612,Test auc: 0.6518
2024-05-09 13:23:05.770 | INFO     | __main__:<module>:95 - Epoch: 29, Loss: 2.7998, Train Acc: 0.7202,  Test_Loss: 1.3625,Test Acc: 0.7262,Test F1: 0.7051,Test auc: 0.7902
2024-05-09 13:23:05.798 | INFO     | __main__:<module>:95 - Epoch: 30, Loss: 2.4540, Train Acc: 0.7113,  Test_Loss: 1.3645,Test Acc: 0.7262,Test F1: 0.7051,Test auc: 0.7902
2024-05-09 13:23:05.798 | INFO     | __main__:<module>:113 - 0.7423732280731201
2024-05-09 13:23:07.550 | INFO     | __main__:<module>:74 - Namespace(dataset='ca-hepph', model='GCN', learning_rate=0.01, epochs=9999, hidden_units=16, dropout=0.4, weight_decay=0.01, weight_decay1=0.01, weight_decay2=0.0005, early_stopping=30, residual=True, seed=824, type='Binary', DEVICE='cuda', theta=0.5, layers=64, alpha=0.1, feature_type='x_65', CGCN=0)
2024-05-09 13:23:07.552 | INFO     | __main__:<module>:75 - Data(edge_index=[2, 235238], num_nodes=11204, x=[11204, 9], train_mask=[11204], test_mask=[11204], label=[11204])
2024-05-09 13:23:07.578 | INFO     | __main__:<module>:95 - Epoch: 00, Loss: 3.0352, Train Acc: 0.3542,  Test_Loss: 1.9628,Test Acc: 0.4018,Test F1: 0.5271,Test auc: 0.5513
2024-05-09 13:23:07.603 | INFO     | __main__:<module>:95 - Epoch: 01, Loss: 2.0292, Train Acc: 0.4159,  Test_Loss: 0.9737,Test Acc: 0.6131,Test F1: 0.6328,Test auc: 0.7098
2024-05-09 13:23:07.629 | INFO     | __main__:<module>:95 - Epoch: 02, Loss: 1.2564, Train Acc: 0.5588,  Test_Loss: 0.9813,Test Acc: 0.6935,Test F1: 0.5796,Test auc: 0.6786
2024-05-09 13:23:07.657 | INFO     | __main__:<module>:95 - Epoch: 03, Loss: 1.3577, Train Acc: 0.5580,  Test_Loss: 0.8253,Test Acc: 0.7351,Test F1: 0.6877,Test auc: 0.7701
2024-05-09 13:23:07.682 | INFO     | __main__:<module>:95 - Epoch: 04, Loss: 1.0349, Train Acc: 0.6860,  Test_Loss: 0.8135,Test Acc: 0.8155,Test F1: 0.7578,Test auc: 0.8281
2024-05-09 13:23:07.713 | INFO     | __main__:<module>:95 - Epoch: 05, Loss: 0.7601, Train Acc: 0.7902,  Test_Loss: 0.7322,Test Acc: 0.8690,Test F1: 0.8120,Test auc: 0.8638
2024-05-09 13:23:07.742 | INFO     | __main__:<module>:95 - Epoch: 06, Loss: 0.7244, Train Acc: 0.8475,  Test_Loss: 0.6515,Test Acc: 0.8690,Test F1: 0.8087,Test auc: 0.8594
2024-05-09 13:23:07.786 | INFO     | __main__:<module>:95 - Epoch: 07, Loss: 0.6382, Train Acc: 0.8646,  Test_Loss: 0.5534,Test Acc: 0.8839,Test F1: 0.8354,Test auc: 0.8839
2024-05-09 13:23:07.821 | INFO     | __main__:<module>:95 - Epoch: 08, Loss: 0.5654, Train Acc: 0.8891,  Test_Loss: 0.4947,Test Acc: 0.9018,Test F1: 0.8675,Test auc: 0.9174
2024-05-09 13:23:07.866 | INFO     | __main__:<module>:95 - Epoch: 09, Loss: 0.4851, Train Acc: 0.8951,  Test_Loss: 0.4450,Test Acc: 0.9048,Test F1: 0.8720,Test auc: 0.9219
2024-05-09 13:23:07.898 | INFO     | __main__:<module>:95 - Epoch: 10, Loss: 0.4245, Train Acc: 0.9182,  Test_Loss: 0.4005,Test Acc: 0.9167,Test F1: 0.8862,Test auc: 0.9308
2024-05-09 13:23:07.925 | INFO     | __main__:<module>:95 - Epoch: 11, Loss: 0.3756, Train Acc: 0.9182,  Test_Loss: 0.3625,Test Acc: 0.9137,Test F1: 0.8826,Test auc: 0.9286
2024-05-09 13:23:07.950 | INFO     | __main__:<module>:95 - Epoch: 12, Loss: 0.3806, Train Acc: 0.9241,  Test_Loss: 0.3313,Test Acc: 0.9286,Test F1: 0.9016,Test auc: 0.9420
2024-05-09 13:23:07.987 | INFO     | __main__:<module>:95 - Epoch: 13, Loss: 0.3611, Train Acc: 0.9249,  Test_Loss: 0.3087,Test Acc: 0.9375,Test F1: 0.9129,Test auc: 0.9487
2024-05-09 13:23:08.036 | INFO     | __main__:<module>:95 - Epoch: 14, Loss: 0.3122, Train Acc: 0.9271,  Test_Loss: 0.2935,Test Acc: 0.9673,Test F1: 0.9524,Test auc: 0.9710
2024-05-09 13:23:08.083 | INFO     | __main__:<module>:95 - Epoch: 15, Loss: 0.2860, Train Acc: 0.9487,  Test_Loss: 0.2869,Test Acc: 0.9732,Test F1: 0.9600,Test auc: 0.9710
2024-05-09 13:23:08.123 | INFO     | __main__:<module>:95 - Epoch: 16, Loss: 0.2625, Train Acc: 0.9464,  Test_Loss: 0.2863,Test Acc: 0.9673,Test F1: 0.9507,Test auc: 0.9621
2024-05-09 13:23:08.141 | INFO     | __main__:<module>:95 - Epoch: 17, Loss: 0.2641, Train Acc: 0.9368,  Test_Loss: 0.2866,Test Acc: 0.9643,Test F1: 0.9450,Test auc: 0.9531
2024-05-09 13:23:08.175 | INFO     | __main__:<module>:95 - Epoch: 18, Loss: 0.2481, Train Acc: 0.9435,  Test_Loss: 0.2830,Test Acc: 0.9643,Test F1: 0.9455,Test auc: 0.9554
2024-05-09 13:23:08.213 | INFO     | __main__:<module>:95 - Epoch: 19, Loss: 0.2352, Train Acc: 0.9479,  Test_Loss: 0.2796,Test Acc: 0.9762,Test F1: 0.9640,Test auc: 0.9710
2024-05-09 13:23:08.257 | INFO     | __main__:<module>:95 - Epoch: 20, Loss: 0.2427, Train Acc: 0.9382,  Test_Loss: 0.2773,Test Acc: 0.9821,Test F1: 0.9732,Test auc: 0.9799
2024-05-09 13:23:08.294 | INFO     | __main__:<module>:95 - Epoch: 21, Loss: 0.2082, Train Acc: 0.9606,  Test_Loss: 0.2729,Test Acc: 0.9792,Test F1: 0.9689,Test auc: 0.9777
2024-05-09 13:23:08.320 | INFO     | __main__:<module>:95 - Epoch: 22, Loss: 0.2083, Train Acc: 0.9442,  Test_Loss: 0.2737,Test Acc: 0.9792,Test F1: 0.9689,Test auc: 0.9777
2024-05-09 13:23:08.339 | INFO     | __main__:<module>:95 - Epoch: 23, Loss: 0.2192, Train Acc: 0.9501,  Test_Loss: 0.2829,Test Acc: 0.9792,Test F1: 0.9689,Test auc: 0.9777
2024-05-09 13:23:08.371 | INFO     | __main__:<module>:95 - Epoch: 24, Loss: 0.2315, Train Acc: 0.9464,  Test_Loss: 0.2692,Test Acc: 0.9792,Test F1: 0.9689,Test auc: 0.9777
2024-05-09 13:23:08.405 | INFO     | __main__:<module>:95 - Epoch: 25, Loss: 0.1988, Train Acc: 0.9487,  Test_Loss: 0.2557,Test Acc: 0.9702,Test F1: 0.9561,Test auc: 0.9710
2024-05-09 13:23:08.447 | INFO     | __main__:<module>:95 - Epoch: 26, Loss: 0.1839, Train Acc: 0.9554,  Test_Loss: 0.2441,Test Acc: 0.9702,Test F1: 0.9561,Test auc: 0.9710
2024-05-09 13:23:08.484 | INFO     | __main__:<module>:95 - Epoch: 27, Loss: 0.1749, Train Acc: 0.9576,  Test_Loss: 0.2221,Test Acc: 0.9702,Test F1: 0.9561,Test auc: 0.9710
2024-05-09 13:23:08.523 | INFO     | __main__:<module>:95 - Epoch: 28, Loss: 0.1779, Train Acc: 0.9524,  Test_Loss: 0.2087,Test Acc: 0.9673,Test F1: 0.9524,Test auc: 0.9710
2024-05-09 13:23:08.562 | INFO     | __main__:<module>:95 - Epoch: 29, Loss: 0.1662, Train Acc: 0.9591,  Test_Loss: 0.1991,Test Acc: 0.9673,Test F1: 0.9524,Test auc: 0.9710
2024-05-09 13:23:08.601 | INFO     | __main__:<module>:95 - Epoch: 30, Loss: 0.1826, Train Acc: 0.9546,  Test_Loss: 0.1935,Test Acc: 0.9702,Test F1: 0.9565,Test auc: 0.9732
2024-05-09 13:23:08.642 | INFO     | __main__:<module>:95 - Epoch: 31, Loss: 0.1614, Train Acc: 0.9546,  Test_Loss: 0.1923,Test Acc: 0.9702,Test F1: 0.9565,Test auc: 0.9732
2024-05-09 13:23:08.677 | INFO     | __main__:<module>:95 - Epoch: 32, Loss: 0.1633, Train Acc: 0.9501,  Test_Loss: 0.1954,Test Acc: 0.9732,Test F1: 0.9607,Test auc: 0.9754
2024-05-09 13:23:08.710 | INFO     | __main__:<module>:95 - Epoch: 33, Loss: 0.1466, Train Acc: 0.9621,  Test_Loss: 0.1962,Test Acc: 0.9732,Test F1: 0.9607,Test auc: 0.9754
2024-05-09 13:23:08.734 | INFO     | __main__:<module>:95 - Epoch: 34, Loss: 0.1475, Train Acc: 0.9531,  Test_Loss: 0.1971,Test Acc: 0.9732,Test F1: 0.9607,Test auc: 0.9754
2024-05-09 13:23:08.766 | INFO     | __main__:<module>:95 - Epoch: 35, Loss: 0.1672, Train Acc: 0.9591,  Test_Loss: 0.1900,Test Acc: 0.9732,Test F1: 0.9607,Test auc: 0.9754
2024-05-09 13:23:08.792 | INFO     | __main__:<module>:95 - Epoch: 36, Loss: 0.1290, Train Acc: 0.9613,  Test_Loss: 0.1898,Test Acc: 0.9792,Test F1: 0.9692,Test auc: 0.9799
2024-05-09 13:23:08.821 | INFO     | __main__:<module>:95 - Epoch: 37, Loss: 0.1368, Train Acc: 0.9583,  Test_Loss: 0.1950,Test Acc: 0.9792,Test F1: 0.9692,Test auc: 0.9799
2024-05-09 13:23:08.854 | INFO     | __main__:<module>:95 - Epoch: 38, Loss: 0.1406, Train Acc: 0.9531,  Test_Loss: 0.1941,Test Acc: 0.9792,Test F1: 0.9692,Test auc: 0.9799
2024-05-09 13:23:08.890 | INFO     | __main__:<module>:95 - Epoch: 39, Loss: 0.1380, Train Acc: 0.9568,  Test_Loss: 0.1986,Test Acc: 0.9792,Test F1: 0.9692,Test auc: 0.9799
2024-05-09 13:23:08.922 | INFO     | __main__:<module>:95 - Epoch: 40, Loss: 0.1279, Train Acc: 0.9643,  Test_Loss: 0.1964,Test Acc: 0.9792,Test F1: 0.9692,Test auc: 0.9799
2024-05-09 13:23:08.944 | INFO     | __main__:<module>:95 - Epoch: 41, Loss: 0.1397, Train Acc: 0.9598,  Test_Loss: 0.1947,Test Acc: 0.9792,Test F1: 0.9692,Test auc: 0.9799
2024-05-09 13:23:08.975 | INFO     | __main__:<module>:95 - Epoch: 42, Loss: 0.1488, Train Acc: 0.9583,  Test_Loss: 0.1894,Test Acc: 0.9792,Test F1: 0.9692,Test auc: 0.9799
2024-05-09 13:23:08.993 | INFO     | __main__:<module>:95 - Epoch: 43, Loss: 0.1286, Train Acc: 0.9546,  Test_Loss: 0.1916,Test Acc: 0.9732,Test F1: 0.9604,Test auc: 0.9732
2024-05-09 13:23:09.013 | INFO     | __main__:<module>:95 - Epoch: 44, Loss: 0.1369, Train Acc: 0.9598,  Test_Loss: 0.1918,Test Acc: 0.9732,Test F1: 0.9604,Test auc: 0.9732
2024-05-09 13:23:09.043 | INFO     | __main__:<module>:95 - Epoch: 45, Loss: 0.1255, Train Acc: 0.9628,  Test_Loss: 0.1922,Test Acc: 0.9732,Test F1: 0.9604,Test auc: 0.9732
2024-05-09 13:23:09.074 | INFO     | __main__:<module>:95 - Epoch: 46, Loss: 0.1383, Train Acc: 0.9583,  Test_Loss: 0.1924,Test Acc: 0.9732,Test F1: 0.9607,Test auc: 0.9754
2024-05-09 13:23:09.110 | INFO     | __main__:<module>:95 - Epoch: 47, Loss: 0.1359, Train Acc: 0.9613,  Test_Loss: 0.1932,Test Acc: 0.9732,Test F1: 0.9607,Test auc: 0.9754
2024-05-09 13:23:09.138 | INFO     | __main__:<module>:95 - Epoch: 48, Loss: 0.1217, Train Acc: 0.9665,  Test_Loss: 0.1952,Test Acc: 0.9732,Test F1: 0.9607,Test auc: 0.9754
2024-05-09 13:23:09.159 | INFO     | __main__:<module>:95 - Epoch: 49, Loss: 0.1260, Train Acc: 0.9613,  Test_Loss: 0.2010,Test Acc: 0.9732,Test F1: 0.9607,Test auc: 0.9754
2024-05-09 13:23:09.178 | INFO     | __main__:<module>:95 - Epoch: 50, Loss: 0.1334, Train Acc: 0.9591,  Test_Loss: 0.2031,Test Acc: 0.9702,Test F1: 0.9561,Test auc: 0.9710
2024-05-09 13:23:09.200 | INFO     | __main__:<module>:95 - Epoch: 51, Loss: 0.1251, Train Acc: 0.9658,  Test_Loss: 0.2061,Test Acc: 0.9702,Test F1: 0.9561,Test auc: 0.9710
2024-05-09 13:23:09.221 | INFO     | __main__:<module>:95 - Epoch: 52, Loss: 0.1360, Train Acc: 0.9628,  Test_Loss: 0.2077,Test Acc: 0.9702,Test F1: 0.9561,Test auc: 0.9710
2024-05-09 13:23:09.255 | INFO     | __main__:<module>:95 - Epoch: 53, Loss: 0.1317, Train Acc: 0.9665,  Test_Loss: 0.2139,Test Acc: 0.9702,Test F1: 0.9561,Test auc: 0.9710
2024-05-09 13:23:09.288 | INFO     | __main__:<module>:95 - Epoch: 54, Loss: 0.1286, Train Acc: 0.9583,  Test_Loss: 0.2154,Test Acc: 0.9702,Test F1: 0.9561,Test auc: 0.9710
2024-05-09 13:23:09.319 | INFO     | __main__:<module>:95 - Epoch: 55, Loss: 0.1293, Train Acc: 0.9583,  Test_Loss: 0.2189,Test Acc: 0.9702,Test F1: 0.9561,Test auc: 0.9710
2024-05-09 13:23:09.344 | INFO     | __main__:<module>:95 - Epoch: 56, Loss: 0.1153, Train Acc: 0.9680,  Test_Loss: 0.2298,Test Acc: 0.9702,Test F1: 0.9561,Test auc: 0.9710
2024-05-09 13:23:09.370 | INFO     | __main__:<module>:95 - Epoch: 57, Loss: 0.1275, Train Acc: 0.9650,  Test_Loss: 0.2247,Test Acc: 0.9702,Test F1: 0.9561,Test auc: 0.9710
2024-05-09 13:23:09.390 | INFO     | __main__:<module>:95 - Epoch: 58, Loss: 0.1290, Train Acc: 0.9583,  Test_Loss: 0.2191,Test Acc: 0.9702,Test F1: 0.9561,Test auc: 0.9710
2024-05-09 13:23:09.410 | INFO     | __main__:<module>:95 - Epoch: 59, Loss: 0.1297, Train Acc: 0.9658,  Test_Loss: 0.2201,Test Acc: 0.9702,Test F1: 0.9561,Test auc: 0.9710
2024-05-09 13:23:09.434 | INFO     | __main__:<module>:95 - Epoch: 60, Loss: 0.1255, Train Acc: 0.9628,  Test_Loss: 0.2115,Test Acc: 0.9702,Test F1: 0.9565,Test auc: 0.9732
2024-05-09 13:23:09.462 | INFO     | __main__:<module>:95 - Epoch: 61, Loss: 0.1278, Train Acc: 0.9591,  Test_Loss: 0.2050,Test Acc: 0.9702,Test F1: 0.9565,Test auc: 0.9732
2024-05-09 13:23:09.492 | INFO     | __main__:<module>:95 - Epoch: 62, Loss: 0.1371, Train Acc: 0.9606,  Test_Loss: 0.2065,Test Acc: 0.9702,Test F1: 0.9565,Test auc: 0.9732
2024-05-09 13:23:09.527 | INFO     | __main__:<module>:95 - Epoch: 63, Loss: 0.1310, Train Acc: 0.9643,  Test_Loss: 0.2084,Test Acc: 0.9732,Test F1: 0.9607,Test auc: 0.9754
2024-05-09 13:23:09.555 | INFO     | __main__:<module>:95 - Epoch: 64, Loss: 0.1231, Train Acc: 0.9576,  Test_Loss: 0.2094,Test Acc: 0.9702,Test F1: 0.9561,Test auc: 0.9710
2024-05-09 13:23:09.582 | INFO     | __main__:<module>:95 - Epoch: 65, Loss: 0.1267, Train Acc: 0.9628,  Test_Loss: 0.2121,Test Acc: 0.9732,Test F1: 0.9607,Test auc: 0.9754
2024-05-09 13:23:09.601 | INFO     | __main__:<module>:95 - Epoch: 66, Loss: 0.1299, Train Acc: 0.9673,  Test_Loss: 0.2066,Test Acc: 0.9702,Test F1: 0.9565,Test auc: 0.9732
2024-05-09 13:23:09.623 | INFO     | __main__:<module>:95 - Epoch: 67, Loss: 0.1450, Train Acc: 0.9583,  Test_Loss: 0.1991,Test Acc: 0.9732,Test F1: 0.9607,Test auc: 0.9754
2024-05-09 13:23:09.650 | INFO     | __main__:<module>:95 - Epoch: 68, Loss: 0.1295, Train Acc: 0.9628,  Test_Loss: 0.2011,Test Acc: 0.9702,Test F1: 0.9565,Test auc: 0.9732
2024-05-09 13:23:09.676 | INFO     | __main__:<module>:95 - Epoch: 69, Loss: 0.1270, Train Acc: 0.9621,  Test_Loss: 0.2070,Test Acc: 0.9673,Test F1: 0.9520,Test auc: 0.9688
2024-05-09 13:23:09.704 | INFO     | __main__:<module>:95 - Epoch: 70, Loss: 0.1305, Train Acc: 0.9606,  Test_Loss: 0.2068,Test Acc: 0.9673,Test F1: 0.9520,Test auc: 0.9688
2024-05-09 13:23:09.732 | INFO     | __main__:<module>:95 - Epoch: 71, Loss: 0.1443, Train Acc: 0.9561,  Test_Loss: 0.2112,Test Acc: 0.9673,Test F1: 0.9520,Test auc: 0.9688
2024-05-09 13:23:09.762 | INFO     | __main__:<module>:95 - Epoch: 72, Loss: 0.1264, Train Acc: 0.9658,  Test_Loss: 0.2044,Test Acc: 0.9673,Test F1: 0.9520,Test auc: 0.9688
2024-05-09 13:23:09.763 | INFO     | __main__:<module>:113 - 1.6046671867370605
2024-05-09 13:23:11.150 | INFO     | __main__:<module>:74 - Namespace(dataset='ca-hepph', model='GCN', learning_rate=0.01, epochs=9999, hidden_units=16, dropout=0.4, weight_decay=0.01, weight_decay1=0.01, weight_decay2=0.0005, early_stopping=30, residual=True, seed=824, type='Binary', DEVICE='cuda', theta=0.5, layers=64, alpha=0.1, feature_type='x_65', CGCN=0)
2024-05-09 13:23:11.151 | INFO     | __main__:<module>:75 - Data(edge_index=[2, 235238], num_nodes=11204, x=[11204, 10], train_mask=[11204], test_mask=[11204], label=[11204])
2024-05-09 13:23:11.179 | INFO     | __main__:<module>:95 - Epoch: 00, Loss: 33.6004, Train Acc: 0.6600,  Test_Loss: 1.7963,Test Acc: 0.4583,Test F1: 0.5517,Test auc: 0.5938
2024-05-09 13:23:11.200 | INFO     | __main__:<module>:95 - Epoch: 01, Loss: 5.3274, Train Acc: 0.4955,  Test_Loss: 2.8873,Test Acc: 0.4256,Test F1: 0.5372,Test auc: 0.5692
2024-05-09 13:23:11.224 | INFO     | __main__:<module>:95 - Epoch: 02, Loss: 5.7115, Train Acc: 0.5052,  Test_Loss: 2.6341,Test Acc: 0.4435,Test F1: 0.5450,Test auc: 0.5826
2024-05-09 13:23:11.251 | INFO     | __main__:<module>:95 - Epoch: 03, Loss: 6.5268, Train Acc: 0.4918,  Test_Loss: 2.5351,Test Acc: 0.4554,Test F1: 0.5504,Test auc: 0.5915
2024-05-09 13:23:11.275 | INFO     | __main__:<module>:95 - Epoch: 04, Loss: 6.1553, Train Acc: 0.4985,  Test_Loss: 2.4028,Test Acc: 0.4881,Test F1: 0.5657,Test auc: 0.6161
2024-05-09 13:23:11.304 | INFO     | __main__:<module>:95 - Epoch: 05, Loss: 6.0667, Train Acc: 0.4918,  Test_Loss: 2.3935,Test Acc: 0.5000,Test F1: 0.5714,Test auc: 0.6250
2024-05-09 13:23:11.325 | INFO     | __main__:<module>:95 - Epoch: 06, Loss: 5.9648, Train Acc: 0.5231,  Test_Loss: 2.3115,Test Acc: 0.5179,Test F1: 0.5803,Test auc: 0.6384
2024-05-09 13:23:11.343 | INFO     | __main__:<module>:95 - Epoch: 07, Loss: 5.3374, Train Acc: 0.4903,  Test_Loss: 2.2645,Test Acc: 0.5238,Test F1: 0.5833,Test auc: 0.6429
2024-05-09 13:23:11.368 | INFO     | __main__:<module>:95 - Epoch: 08, Loss: 5.7829, Train Acc: 0.4881,  Test_Loss: 2.2486,Test Acc: 0.5238,Test F1: 0.5833,Test auc: 0.6429
2024-05-09 13:23:11.395 | INFO     | __main__:<module>:95 - Epoch: 09, Loss: 7.4719, Train Acc: 0.4762,  Test_Loss: 2.2458,Test Acc: 0.5327,Test F1: 0.5879,Test auc: 0.6496
2024-05-09 13:23:11.425 | INFO     | __main__:<module>:95 - Epoch: 10, Loss: 5.3496, Train Acc: 0.4933,  Test_Loss: 2.2088,Test Acc: 0.5506,Test F1: 0.5973,Test auc: 0.6629
2024-05-09 13:23:11.451 | INFO     | __main__:<module>:95 - Epoch: 11, Loss: 6.0527, Train Acc: 0.4903,  Test_Loss: 2.1761,Test Acc: 0.5625,Test F1: 0.6038,Test auc: 0.6719
2024-05-09 13:23:11.476 | INFO     | __main__:<module>:95 - Epoch: 12, Loss: 4.6317, Train Acc: 0.4970,  Test_Loss: 2.1178,Test Acc: 0.5774,Test F1: 0.6120,Test auc: 0.6830
2024-05-09 13:23:11.504 | INFO     | __main__:<module>:95 - Epoch: 13, Loss: 6.5758, Train Acc: 0.4978,  Test_Loss: 2.1128,Test Acc: 0.5774,Test F1: 0.6120,Test auc: 0.6830
2024-05-09 13:23:11.525 | INFO     | __main__:<module>:95 - Epoch: 14, Loss: 5.3021, Train Acc: 0.5179,  Test_Loss: 2.0730,Test Acc: 0.5863,Test F1: 0.6171,Test auc: 0.6897
2024-05-09 13:23:11.543 | INFO     | __main__:<module>:95 - Epoch: 15, Loss: 6.6900, Train Acc: 0.5045,  Test_Loss: 2.0857,Test Acc: 0.5833,Test F1: 0.6154,Test auc: 0.6875
2024-05-09 13:23:11.565 | INFO     | __main__:<module>:95 - Epoch: 16, Loss: 6.2698, Train Acc: 0.5030,  Test_Loss: 2.0600,Test Acc: 0.5863,Test F1: 0.6171,Test auc: 0.6897
2024-05-09 13:23:11.591 | INFO     | __main__:<module>:95 - Epoch: 17, Loss: 5.3386, Train Acc: 0.5022,  Test_Loss: 2.0726,Test Acc: 0.5863,Test F1: 0.6171,Test auc: 0.6897
2024-05-09 13:23:11.619 | INFO     | __main__:<module>:95 - Epoch: 18, Loss: 5.5402, Train Acc: 0.5015,  Test_Loss: 2.0234,Test Acc: 0.5982,Test F1: 0.6240,Test auc: 0.6987
2024-05-09 13:23:11.650 | INFO     | __main__:<module>:95 - Epoch: 19, Loss: 6.0266, Train Acc: 0.4903,  Test_Loss: 2.0546,Test Acc: 0.5923,Test F1: 0.6205,Test auc: 0.6942
2024-05-09 13:23:11.679 | INFO     | __main__:<module>:95 - Epoch: 20, Loss: 4.8274, Train Acc: 0.5126,  Test_Loss: 1.9903,Test Acc: 0.6071,Test F1: 0.6292,Test auc: 0.7054
2024-05-09 13:23:11.706 | INFO     | __main__:<module>:95 - Epoch: 21, Loss: 7.3105, Train Acc: 0.4821,  Test_Loss: 2.0775,Test Acc: 0.5863,Test F1: 0.6171,Test auc: 0.6897
2024-05-09 13:23:11.727 | INFO     | __main__:<module>:95 - Epoch: 22, Loss: 5.3092, Train Acc: 0.4963,  Test_Loss: 2.0531,Test Acc: 0.5923,Test F1: 0.6205,Test auc: 0.6942
2024-05-09 13:23:11.745 | INFO     | __main__:<module>:95 - Epoch: 23, Loss: 6.5428, Train Acc: 0.4948,  Test_Loss: 2.0634,Test Acc: 0.5923,Test F1: 0.6205,Test auc: 0.6942
2024-05-09 13:23:11.765 | INFO     | __main__:<module>:95 - Epoch: 24, Loss: 5.4250, Train Acc: 0.4985,  Test_Loss: 2.0657,Test Acc: 0.5952,Test F1: 0.6222,Test auc: 0.6964
2024-05-09 13:23:11.789 | INFO     | __main__:<module>:95 - Epoch: 25, Loss: 4.6027, Train Acc: 0.5067,  Test_Loss: 2.0605,Test Acc: 0.6012,Test F1: 0.6257,Test auc: 0.7009
2024-05-09 13:23:11.820 | INFO     | __main__:<module>:95 - Epoch: 26, Loss: 4.7806, Train Acc: 0.5216,  Test_Loss: 2.0234,Test Acc: 0.6042,Test F1: 0.6275,Test auc: 0.7031
2024-05-09 13:23:11.853 | INFO     | __main__:<module>:95 - Epoch: 27, Loss: 6.9514, Train Acc: 0.5067,  Test_Loss: 2.0364,Test Acc: 0.6042,Test F1: 0.6275,Test auc: 0.7031
2024-05-09 13:23:11.893 | INFO     | __main__:<module>:95 - Epoch: 28, Loss: 6.6047, Train Acc: 0.4821,  Test_Loss: 2.0650,Test Acc: 0.6012,Test F1: 0.6257,Test auc: 0.7009
2024-05-09 13:23:11.923 | INFO     | __main__:<module>:95 - Epoch: 29, Loss: 6.8205, Train Acc: 0.4978,  Test_Loss: 2.0804,Test Acc: 0.6042,Test F1: 0.6275,Test auc: 0.7031
2024-05-09 13:23:11.949 | INFO     | __main__:<module>:95 - Epoch: 30, Loss: 4.5660, Train Acc: 0.4874,  Test_Loss: 2.0756,Test Acc: 0.6101,Test F1: 0.6310,Test auc: 0.7076
2024-05-09 13:23:11.950 | INFO     | __main__:<module>:113 - 0.650982141494751
