2024-05-09 13:24:12.077 | INFO     | __main__:<module>:74 - Namespace(dataset='ca-hepth', model='GCN', learning_rate=0.01, epochs=9999, hidden_units=16, dropout=0.4, weight_decay=0.01, weight_decay1=0.01, weight_decay2=0.0005, early_stopping=30, residual=True, seed=824, type='Binary', DEVICE='cuda', theta=0.5, layers=64, alpha=0.1, feature_type='x_65', CGCN=0)
2024-05-09 13:24:12.078 | INFO     | __main__:<module>:75 - Data(edge_index=[2, 49612], weight=[49612], num_nodes=8638, x=[8638, 8], train_mask=[8638], test_mask=[8638], label=[8638])
2024-05-09 13:24:12.108 | INFO     | __main__:<module>:95 - Epoch: 00, Loss: 0.9288, Train Acc: 0.8035,  Test_Loss: 0.6609,Test Acc: 0.8436,Test F1: 0.7645,Test auc: 0.8231
2024-05-09 13:24:12.136 | INFO     | __main__:<module>:95 - Epoch: 01, Loss: 0.6484, Train Acc: 0.8377,  Test_Loss: 0.4887,Test Acc: 0.8769,Test F1: 0.8442,Test auc: 0.9077
2024-05-09 13:24:12.168 | INFO     | __main__:<module>:95 - Epoch: 02, Loss: 0.5237, Train Acc: 0.8510,  Test_Loss: 0.4603,Test Acc: 0.8769,Test F1: 0.8442,Test auc: 0.9077
2024-05-09 13:24:12.195 | INFO     | __main__:<module>:95 - Epoch: 03, Loss: 0.4911, Train Acc: 0.8543,  Test_Loss: 0.4443,Test Acc: 0.8949,Test F1: 0.8638,Test auc: 0.9212
2024-05-09 13:24:12.229 | INFO     | __main__:<module>:95 - Epoch: 04, Loss: 0.4701, Train Acc: 0.8786,  Test_Loss: 0.4236,Test Acc: 0.9256,Test F1: 0.8997,Test auc: 0.9442
2024-05-09 13:24:12.258 | INFO     | __main__:<module>:95 - Epoch: 05, Loss: 0.4541, Train Acc: 0.8863,  Test_Loss: 0.4033,Test Acc: 0.9308,Test F1: 0.9018,Test auc: 0.9365
2024-05-09 13:24:12.301 | INFO     | __main__:<module>:95 - Epoch: 06, Loss: 0.4366, Train Acc: 0.9128,  Test_Loss: 0.3857,Test Acc: 0.9179,Test F1: 0.8797,Test auc: 0.9135
2024-05-09 13:24:12.346 | INFO     | __main__:<module>:95 - Epoch: 07, Loss: 0.4421, Train Acc: 0.9007,  Test_Loss: 0.3714,Test Acc: 0.9256,Test F1: 0.8880,Test auc: 0.9154
2024-05-09 13:24:12.390 | INFO     | __main__:<module>:95 - Epoch: 08, Loss: 0.4128, Train Acc: 0.8929,  Test_Loss: 0.3583,Test Acc: 0.9282,Test F1: 0.8915,Test auc: 0.9173
2024-05-09 13:24:12.434 | INFO     | __main__:<module>:95 - Epoch: 09, Loss: 0.3816, Train Acc: 0.9095,  Test_Loss: 0.3455,Test Acc: 0.9282,Test F1: 0.8915,Test auc: 0.9173
2024-05-09 13:24:12.477 | INFO     | __main__:<module>:95 - Epoch: 10, Loss: 0.3671, Train Acc: 0.9084,  Test_Loss: 0.3338,Test Acc: 0.9256,Test F1: 0.8889,Test auc: 0.9173
2024-05-09 13:24:12.528 | INFO     | __main__:<module>:95 - Epoch: 11, Loss: 0.3605, Train Acc: 0.9150,  Test_Loss: 0.3243,Test Acc: 0.9231,Test F1: 0.8864,Test auc: 0.9173
2024-05-09 13:24:12.576 | INFO     | __main__:<module>:95 - Epoch: 12, Loss: 0.3649, Train Acc: 0.9139,  Test_Loss: 0.3156,Test Acc: 0.9231,Test F1: 0.8872,Test auc: 0.9192
2024-05-09 13:24:12.616 | INFO     | __main__:<module>:95 - Epoch: 13, Loss: 0.3441, Train Acc: 0.9183,  Test_Loss: 0.3066,Test Acc: 0.9256,Test F1: 0.8906,Test auc: 0.9212
2024-05-09 13:24:12.649 | INFO     | __main__:<module>:95 - Epoch: 14, Loss: 0.3222, Train Acc: 0.9194,  Test_Loss: 0.2970,Test Acc: 0.9282,Test F1: 0.8939,Test auc: 0.9231
2024-05-09 13:24:12.685 | INFO     | __main__:<module>:95 - Epoch: 15, Loss: 0.3404, Train Acc: 0.9117,  Test_Loss: 0.2863,Test Acc: 0.9231,Test F1: 0.8846,Test auc: 0.9135
2024-05-09 13:24:12.718 | INFO     | __main__:<module>:95 - Epoch: 16, Loss: 0.3056, Train Acc: 0.9194,  Test_Loss: 0.2778,Test Acc: 0.9282,Test F1: 0.8906,Test auc: 0.9154
2024-05-09 13:24:12.768 | INFO     | __main__:<module>:95 - Epoch: 17, Loss: 0.2989, Train Acc: 0.9073,  Test_Loss: 0.2724,Test Acc: 0.9256,Test F1: 0.8863,Test auc: 0.9115
2024-05-09 13:24:12.810 | INFO     | __main__:<module>:95 - Epoch: 18, Loss: 0.3037, Train Acc: 0.9073,  Test_Loss: 0.2668,Test Acc: 0.9282,Test F1: 0.8906,Test auc: 0.9154
2024-05-09 13:24:12.855 | INFO     | __main__:<module>:95 - Epoch: 19, Loss: 0.3165, Train Acc: 0.9018,  Test_Loss: 0.2608,Test Acc: 0.9308,Test F1: 0.8949,Test auc: 0.9192
2024-05-09 13:24:12.897 | INFO     | __main__:<module>:95 - Epoch: 20, Loss: 0.2669, Train Acc: 0.9238,  Test_Loss: 0.2545,Test Acc: 0.9308,Test F1: 0.8958,Test auc: 0.9212
2024-05-09 13:24:12.936 | INFO     | __main__:<module>:95 - Epoch: 21, Loss: 0.2875, Train Acc: 0.9216,  Test_Loss: 0.2435,Test Acc: 0.9410,Test F1: 0.9132,Test auc: 0.9385
2024-05-09 13:24:12.976 | INFO     | __main__:<module>:95 - Epoch: 22, Loss: 0.2812, Train Acc: 0.9172,  Test_Loss: 0.2307,Test Acc: 0.9436,Test F1: 0.9173,Test auc: 0.9423
2024-05-09 13:24:13.029 | INFO     | __main__:<module>:95 - Epoch: 23, Loss: 0.2549, Train Acc: 0.9249,  Test_Loss: 0.2203,Test Acc: 0.9436,Test F1: 0.9173,Test auc: 0.9423
2024-05-09 13:24:13.068 | INFO     | __main__:<module>:95 - Epoch: 24, Loss: 0.2734, Train Acc: 0.9260,  Test_Loss: 0.2090,Test Acc: 0.9436,Test F1: 0.9160,Test auc: 0.9385
2024-05-09 13:24:13.116 | INFO     | __main__:<module>:95 - Epoch: 25, Loss: 0.2375, Train Acc: 0.9338,  Test_Loss: 0.2006,Test Acc: 0.9385,Test F1: 0.9077,Test auc: 0.9308
2024-05-09 13:24:13.165 | INFO     | __main__:<module>:95 - Epoch: 26, Loss: 0.2331, Train Acc: 0.9305,  Test_Loss: 0.1938,Test Acc: 0.9359,Test F1: 0.9035,Test auc: 0.9269
2024-05-09 13:24:13.209 | INFO     | __main__:<module>:95 - Epoch: 27, Loss: 0.2396, Train Acc: 0.9283,  Test_Loss: 0.1866,Test Acc: 0.9385,Test F1: 0.9077,Test auc: 0.9308
2024-05-09 13:24:13.257 | INFO     | __main__:<module>:95 - Epoch: 28, Loss: 0.2277, Train Acc: 0.9260,  Test_Loss: 0.1798,Test Acc: 0.9436,Test F1: 0.9160,Test auc: 0.9385
2024-05-09 13:24:13.295 | INFO     | __main__:<module>:95 - Epoch: 29, Loss: 0.2284, Train Acc: 0.9272,  Test_Loss: 0.1744,Test Acc: 0.9487,Test F1: 0.9242,Test auc: 0.9462
2024-05-09 13:24:13.339 | INFO     | __main__:<module>:95 - Epoch: 30, Loss: 0.2367, Train Acc: 0.9272,  Test_Loss: 0.1699,Test Acc: 0.9590,Test F1: 0.9403,Test auc: 0.9615
2024-05-09 13:24:13.378 | INFO     | __main__:<module>:95 - Epoch: 31, Loss: 0.2234, Train Acc: 0.9316,  Test_Loss: 0.1647,Test Acc: 0.9564,Test F1: 0.9363,Test auc: 0.9577
2024-05-09 13:24:13.418 | INFO     | __main__:<module>:95 - Epoch: 32, Loss: 0.2137, Train Acc: 0.9338,  Test_Loss: 0.1592,Test Acc: 0.9487,Test F1: 0.9242,Test auc: 0.9462
2024-05-09 13:24:13.457 | INFO     | __main__:<module>:95 - Epoch: 33, Loss: 0.2179, Train Acc: 0.9360,  Test_Loss: 0.1554,Test Acc: 0.9436,Test F1: 0.9154,Test auc: 0.9365
2024-05-09 13:24:13.497 | INFO     | __main__:<module>:95 - Epoch: 34, Loss: 0.2075, Train Acc: 0.9349,  Test_Loss: 0.1524,Test Acc: 0.9436,Test F1: 0.9154,Test auc: 0.9365
2024-05-09 13:24:13.539 | INFO     | __main__:<module>:95 - Epoch: 35, Loss: 0.2098, Train Acc: 0.9260,  Test_Loss: 0.1481,Test Acc: 0.9513,Test F1: 0.9278,Test auc: 0.9481
2024-05-09 13:24:13.574 | INFO     | __main__:<module>:95 - Epoch: 36, Loss: 0.2213, Train Acc: 0.9238,  Test_Loss: 0.1451,Test Acc: 0.9564,Test F1: 0.9363,Test auc: 0.9577
2024-05-09 13:24:13.620 | INFO     | __main__:<module>:95 - Epoch: 37, Loss: 0.2038, Train Acc: 0.9249,  Test_Loss: 0.1422,Test Acc: 0.9564,Test F1: 0.9363,Test auc: 0.9577
2024-05-09 13:24:13.665 | INFO     | __main__:<module>:95 - Epoch: 38, Loss: 0.1798, Train Acc: 0.9360,  Test_Loss: 0.1396,Test Acc: 0.9564,Test F1: 0.9363,Test auc: 0.9577
2024-05-09 13:24:13.705 | INFO     | __main__:<module>:95 - Epoch: 39, Loss: 0.2051, Train Acc: 0.9349,  Test_Loss: 0.1371,Test Acc: 0.9564,Test F1: 0.9363,Test auc: 0.9577
2024-05-09 13:24:13.742 | INFO     | __main__:<module>:95 - Epoch: 40, Loss: 0.1927, Train Acc: 0.9437,  Test_Loss: 0.1349,Test Acc: 0.9538,Test F1: 0.9318,Test auc: 0.9519
2024-05-09 13:24:13.789 | INFO     | __main__:<module>:95 - Epoch: 41, Loss: 0.1910, Train Acc: 0.9415,  Test_Loss: 0.1331,Test Acc: 0.9513,Test F1: 0.9278,Test auc: 0.9481
2024-05-09 13:24:13.838 | INFO     | __main__:<module>:95 - Epoch: 42, Loss: 0.1891, Train Acc: 0.9349,  Test_Loss: 0.1319,Test Acc: 0.9436,Test F1: 0.9154,Test auc: 0.9365
2024-05-09 13:24:13.892 | INFO     | __main__:<module>:95 - Epoch: 43, Loss: 0.1898, Train Acc: 0.9426,  Test_Loss: 0.1305,Test Acc: 0.9513,Test F1: 0.9278,Test auc: 0.9481
2024-05-09 13:24:13.937 | INFO     | __main__:<module>:95 - Epoch: 44, Loss: 0.1957, Train Acc: 0.9272,  Test_Loss: 0.1297,Test Acc: 0.9564,Test F1: 0.9363,Test auc: 0.9577
2024-05-09 13:24:13.978 | INFO     | __main__:<module>:95 - Epoch: 45, Loss: 0.1699, Train Acc: 0.9481,  Test_Loss: 0.1287,Test Acc: 0.9564,Test F1: 0.9363,Test auc: 0.9577
2024-05-09 13:24:14.028 | INFO     | __main__:<module>:95 - Epoch: 46, Loss: 0.1765, Train Acc: 0.9470,  Test_Loss: 0.1280,Test Acc: 0.9590,Test F1: 0.9403,Test auc: 0.9615
2024-05-09 13:24:14.078 | INFO     | __main__:<module>:95 - Epoch: 47, Loss: 0.1593, Train Acc: 0.9437,  Test_Loss: 0.1260,Test Acc: 0.9590,Test F1: 0.9403,Test auc: 0.9615
2024-05-09 13:24:14.110 | INFO     | __main__:<module>:95 - Epoch: 48, Loss: 0.1674, Train Acc: 0.9349,  Test_Loss: 0.1232,Test Acc: 0.9590,Test F1: 0.9398,Test auc: 0.9596
2024-05-09 13:24:14.150 | INFO     | __main__:<module>:95 - Epoch: 49, Loss: 0.1567, Train Acc: 0.9525,  Test_Loss: 0.1215,Test Acc: 0.9538,Test F1: 0.9318,Test auc: 0.9519
2024-05-09 13:24:14.177 | INFO     | __main__:<module>:95 - Epoch: 50, Loss: 0.1718, Train Acc: 0.9360,  Test_Loss: 0.1208,Test Acc: 0.9436,Test F1: 0.9154,Test auc: 0.9365
2024-05-09 13:24:14.224 | INFO     | __main__:<module>:95 - Epoch: 51, Loss: 0.1645, Train Acc: 0.9426,  Test_Loss: 0.1173,Test Acc: 0.9564,Test F1: 0.9358,Test auc: 0.9558
2024-05-09 13:24:14.276 | INFO     | __main__:<module>:95 - Epoch: 52, Loss: 0.1613, Train Acc: 0.9514,  Test_Loss: 0.1154,Test Acc: 0.9590,Test F1: 0.9398,Test auc: 0.9596
2024-05-09 13:24:14.318 | INFO     | __main__:<module>:95 - Epoch: 53, Loss: 0.1548, Train Acc: 0.9503,  Test_Loss: 0.1148,Test Acc: 0.9615,Test F1: 0.9438,Test auc: 0.9635
2024-05-09 13:24:14.342 | INFO     | __main__:<module>:95 - Epoch: 54, Loss: 0.1740, Train Acc: 0.9305,  Test_Loss: 0.1126,Test Acc: 0.9615,Test F1: 0.9438,Test auc: 0.9635
2024-05-09 13:24:14.370 | INFO     | __main__:<module>:95 - Epoch: 55, Loss: 0.1590, Train Acc: 0.9426,  Test_Loss: 0.1105,Test Acc: 0.9615,Test F1: 0.9438,Test auc: 0.9635
2024-05-09 13:24:14.395 | INFO     | __main__:<module>:95 - Epoch: 56, Loss: 0.1603, Train Acc: 0.9426,  Test_Loss: 0.1086,Test Acc: 0.9590,Test F1: 0.9398,Test auc: 0.9596
2024-05-09 13:24:14.439 | INFO     | __main__:<module>:95 - Epoch: 57, Loss: 0.1477, Train Acc: 0.9503,  Test_Loss: 0.1071,Test Acc: 0.9615,Test F1: 0.9434,Test auc: 0.9615
2024-05-09 13:24:14.475 | INFO     | __main__:<module>:95 - Epoch: 58, Loss: 0.1707, Train Acc: 0.9426,  Test_Loss: 0.1064,Test Acc: 0.9615,Test F1: 0.9438,Test auc: 0.9635
2024-05-09 13:24:14.505 | INFO     | __main__:<module>:95 - Epoch: 59, Loss: 0.1513, Train Acc: 0.9481,  Test_Loss: 0.1067,Test Acc: 0.9641,Test F1: 0.9478,Test auc: 0.9673
2024-05-09 13:24:14.541 | INFO     | __main__:<module>:95 - Epoch: 60, Loss: 0.1470, Train Acc: 0.9503,  Test_Loss: 0.1063,Test Acc: 0.9641,Test F1: 0.9478,Test auc: 0.9673
2024-05-09 13:24:14.571 | INFO     | __main__:<module>:95 - Epoch: 61, Loss: 0.1454, Train Acc: 0.9492,  Test_Loss: 0.1058,Test Acc: 0.9641,Test F1: 0.9478,Test auc: 0.9673
2024-05-09 13:24:14.599 | INFO     | __main__:<module>:95 - Epoch: 62, Loss: 0.1542, Train Acc: 0.9547,  Test_Loss: 0.1031,Test Acc: 0.9641,Test F1: 0.9474,Test auc: 0.9654
2024-05-09 13:24:14.642 | INFO     | __main__:<module>:95 - Epoch: 63, Loss: 0.1394, Train Acc: 0.9581,  Test_Loss: 0.1018,Test Acc: 0.9667,Test F1: 0.9506,Test auc: 0.9654
2024-05-09 13:24:14.687 | INFO     | __main__:<module>:95 - Epoch: 64, Loss: 0.1448, Train Acc: 0.9470,  Test_Loss: 0.1013,Test Acc: 0.9667,Test F1: 0.9506,Test auc: 0.9654
2024-05-09 13:24:14.730 | INFO     | __main__:<module>:95 - Epoch: 65, Loss: 0.1469, Train Acc: 0.9459,  Test_Loss: 0.1005,Test Acc: 0.9667,Test F1: 0.9506,Test auc: 0.9654
2024-05-09 13:24:14.760 | INFO     | __main__:<module>:95 - Epoch: 66, Loss: 0.1360, Train Acc: 0.9570,  Test_Loss: 0.1010,Test Acc: 0.9667,Test F1: 0.9502,Test auc: 0.9635
2024-05-09 13:24:14.787 | INFO     | __main__:<module>:95 - Epoch: 67, Loss: 0.1558, Train Acc: 0.9404,  Test_Loss: 0.0998,Test Acc: 0.9667,Test F1: 0.9506,Test auc: 0.9654
2024-05-09 13:24:14.822 | INFO     | __main__:<module>:95 - Epoch: 68, Loss: 0.1549, Train Acc: 0.9448,  Test_Loss: 0.0993,Test Acc: 0.9667,Test F1: 0.9506,Test auc: 0.9654
2024-05-09 13:24:14.856 | INFO     | __main__:<module>:95 - Epoch: 69, Loss: 0.1471, Train Acc: 0.9514,  Test_Loss: 0.0996,Test Acc: 0.9641,Test F1: 0.9466,Test auc: 0.9615
2024-05-09 13:24:14.888 | INFO     | __main__:<module>:95 - Epoch: 70, Loss: 0.1405, Train Acc: 0.9492,  Test_Loss: 0.1001,Test Acc: 0.9667,Test F1: 0.9502,Test auc: 0.9635
2024-05-09 13:24:14.918 | INFO     | __main__:<module>:95 - Epoch: 71, Loss: 0.1629, Train Acc: 0.9382,  Test_Loss: 0.0995,Test Acc: 0.9667,Test F1: 0.9506,Test auc: 0.9654
2024-05-09 13:24:14.946 | INFO     | __main__:<module>:95 - Epoch: 72, Loss: 0.1413, Train Acc: 0.9525,  Test_Loss: 0.1012,Test Acc: 0.9667,Test F1: 0.9517,Test auc: 0.9712
2024-05-09 13:24:14.973 | INFO     | __main__:<module>:95 - Epoch: 73, Loss: 0.1507, Train Acc: 0.9459,  Test_Loss: 0.1059,Test Acc: 0.9641,Test F1: 0.9481,Test auc: 0.9692
2024-05-09 13:24:14.991 | INFO     | __main__:<module>:95 - Epoch: 74, Loss: 0.1431, Train Acc: 0.9570,  Test_Loss: 0.1074,Test Acc: 0.9590,Test F1: 0.9412,Test auc: 0.9654
2024-05-09 13:24:15.010 | INFO     | __main__:<module>:95 - Epoch: 75, Loss: 0.1445, Train Acc: 0.9492,  Test_Loss: 0.1083,Test Acc: 0.9590,Test F1: 0.9412,Test auc: 0.9654
2024-05-09 13:24:15.034 | INFO     | __main__:<module>:95 - Epoch: 76, Loss: 0.1411, Train Acc: 0.9514,  Test_Loss: 0.1080,Test Acc: 0.9590,Test F1: 0.9412,Test auc: 0.9654
2024-05-09 13:24:15.063 | INFO     | __main__:<module>:95 - Epoch: 77, Loss: 0.1433, Train Acc: 0.9514,  Test_Loss: 0.1076,Test Acc: 0.9590,Test F1: 0.9412,Test auc: 0.9654
2024-05-09 13:24:15.099 | INFO     | __main__:<module>:95 - Epoch: 78, Loss: 0.1401, Train Acc: 0.9470,  Test_Loss: 0.1098,Test Acc: 0.9615,Test F1: 0.9451,Test auc: 0.9692
2024-05-09 13:24:15.128 | INFO     | __main__:<module>:95 - Epoch: 79, Loss: 0.1351, Train Acc: 0.9536,  Test_Loss: 0.1102,Test Acc: 0.9615,Test F1: 0.9451,Test auc: 0.9692
2024-05-09 13:24:15.155 | INFO     | __main__:<module>:95 - Epoch: 80, Loss: 0.1495, Train Acc: 0.9459,  Test_Loss: 0.1063,Test Acc: 0.9641,Test F1: 0.9481,Test auc: 0.9692
2024-05-09 13:24:15.179 | INFO     | __main__:<module>:95 - Epoch: 81, Loss: 0.1343, Train Acc: 0.9503,  Test_Loss: 0.1073,Test Acc: 0.9590,Test F1: 0.9412,Test auc: 0.9654
2024-05-09 13:24:15.197 | INFO     | __main__:<module>:95 - Epoch: 82, Loss: 0.1545, Train Acc: 0.9393,  Test_Loss: 0.1060,Test Acc: 0.9641,Test F1: 0.9481,Test auc: 0.9692
2024-05-09 13:24:15.222 | INFO     | __main__:<module>:95 - Epoch: 83, Loss: 0.1480, Train Acc: 0.9459,  Test_Loss: 0.1084,Test Acc: 0.9590,Test F1: 0.9412,Test auc: 0.9654
2024-05-09 13:24:15.247 | INFO     | __main__:<module>:95 - Epoch: 84, Loss: 0.1361, Train Acc: 0.9547,  Test_Loss: 0.1102,Test Acc: 0.9615,Test F1: 0.9451,Test auc: 0.9692
2024-05-09 13:24:15.277 | INFO     | __main__:<module>:95 - Epoch: 85, Loss: 0.1175, Train Acc: 0.9614,  Test_Loss: 0.1112,Test Acc: 0.9615,Test F1: 0.9451,Test auc: 0.9692
2024-05-09 13:24:15.305 | INFO     | __main__:<module>:95 - Epoch: 86, Loss: 0.1323, Train Acc: 0.9503,  Test_Loss: 0.1085,Test Acc: 0.9590,Test F1: 0.9412,Test auc: 0.9654
2024-05-09 13:24:15.336 | INFO     | __main__:<module>:95 - Epoch: 87, Loss: 0.1425, Train Acc: 0.9514,  Test_Loss: 0.1102,Test Acc: 0.9615,Test F1: 0.9451,Test auc: 0.9692
2024-05-09 13:24:15.363 | INFO     | __main__:<module>:95 - Epoch: 88, Loss: 0.1387, Train Acc: 0.9481,  Test_Loss: 0.1092,Test Acc: 0.9615,Test F1: 0.9451,Test auc: 0.9692
2024-05-09 13:24:15.386 | INFO     | __main__:<module>:95 - Epoch: 89, Loss: 0.1396, Train Acc: 0.9570,  Test_Loss: 0.1079,Test Acc: 0.9590,Test F1: 0.9412,Test auc: 0.9654
2024-05-09 13:24:15.405 | INFO     | __main__:<module>:95 - Epoch: 90, Loss: 0.1427, Train Acc: 0.9525,  Test_Loss: 0.1073,Test Acc: 0.9590,Test F1: 0.9412,Test auc: 0.9654
2024-05-09 13:24:15.427 | INFO     | __main__:<module>:95 - Epoch: 91, Loss: 0.1363, Train Acc: 0.9492,  Test_Loss: 0.1073,Test Acc: 0.9641,Test F1: 0.9481,Test auc: 0.9692
2024-05-09 13:24:15.451 | INFO     | __main__:<module>:95 - Epoch: 92, Loss: 0.1371, Train Acc: 0.9581,  Test_Loss: 0.1062,Test Acc: 0.9641,Test F1: 0.9481,Test auc: 0.9692
2024-05-09 13:24:15.481 | INFO     | __main__:<module>:95 - Epoch: 93, Loss: 0.1425, Train Acc: 0.9581,  Test_Loss: 0.1058,Test Acc: 0.9641,Test F1: 0.9481,Test auc: 0.9692
2024-05-09 13:24:15.514 | INFO     | __main__:<module>:95 - Epoch: 94, Loss: 0.1510, Train Acc: 0.9492,  Test_Loss: 0.1079,Test Acc: 0.9590,Test F1: 0.9412,Test auc: 0.9654
2024-05-09 13:24:15.543 | INFO     | __main__:<module>:95 - Epoch: 95, Loss: 0.1409, Train Acc: 0.9536,  Test_Loss: 0.1069,Test Acc: 0.9641,Test F1: 0.9481,Test auc: 0.9692
2024-05-09 13:24:15.572 | INFO     | __main__:<module>:95 - Epoch: 96, Loss: 0.1338, Train Acc: 0.9547,  Test_Loss: 0.1065,Test Acc: 0.9641,Test F1: 0.9481,Test auc: 0.9692
2024-05-09 13:24:15.595 | INFO     | __main__:<module>:95 - Epoch: 97, Loss: 0.1545, Train Acc: 0.9492,  Test_Loss: 0.1079,Test Acc: 0.9615,Test F1: 0.9446,Test auc: 0.9673
2024-05-09 13:24:15.622 | INFO     | __main__:<module>:95 - Epoch: 98, Loss: 0.1561, Train Acc: 0.9404,  Test_Loss: 0.1057,Test Acc: 0.9641,Test F1: 0.9481,Test auc: 0.9692
2024-05-09 13:24:15.623 | INFO     | __main__:<module>:113 - 2.219024419784546
2024-05-09 13:24:16.107 | INFO     | __main__:<module>:74 - Namespace(dataset='ca-hepth', model='GCN', learning_rate=0.01, epochs=9999, hidden_units=16, dropout=0.4, weight_decay=0.01, weight_decay1=0.01, weight_decay2=0.0005, early_stopping=30, residual=True, seed=824, type='Binary', DEVICE='cuda', theta=0.5, layers=64, alpha=0.1, feature_type='x_65', CGCN=0)
2024-05-09 13:24:16.108 | INFO     | __main__:<module>:75 - Data(edge_index=[2, 49612], weight=[49612], num_nodes=8638, x=[8638, 9], train_mask=[8638], test_mask=[8638], label=[8638])
2024-05-09 13:24:16.137 | INFO     | __main__:<module>:95 - Epoch: 00, Loss: 0.8172, Train Acc: 0.2792,  Test_Loss: 0.6402,Test Acc: 0.3308,Test F1: 0.4971,Test auc: 0.4962
2024-05-09 13:24:16.179 | INFO     | __main__:<module>:95 - Epoch: 01, Loss: 0.7055, Train Acc: 0.3234,  Test_Loss: 0.6119,Test Acc: 0.3795,Test F1: 0.5061,Test auc: 0.5231
2024-05-09 13:24:16.213 | INFO     | __main__:<module>:95 - Epoch: 02, Loss: 0.6614, Train Acc: 0.4073,  Test_Loss: 0.5883,Test Acc: 0.4821,Test F1: 0.5471,Test auc: 0.5962
2024-05-09 13:24:16.245 | INFO     | __main__:<module>:95 - Epoch: 03, Loss: 0.6117, Train Acc: 0.4912,  Test_Loss: 0.5629,Test Acc: 0.6103,Test F1: 0.6181,Test auc: 0.6942
2024-05-09 13:24:16.274 | INFO     | __main__:<module>:95 - Epoch: 04, Loss: 0.6131, Train Acc: 0.5938,  Test_Loss: 0.5363,Test Acc: 0.7667,Test F1: 0.7300,Test auc: 0.8115
2024-05-09 13:24:16.307 | INFO     | __main__:<module>:95 - Epoch: 05, Loss: 0.5933, Train Acc: 0.6777,  Test_Loss: 0.5096,Test Acc: 0.8897,Test F1: 0.8522,Test auc: 0.9058
2024-05-09 13:24:16.347 | INFO     | __main__:<module>:95 - Epoch: 06, Loss: 0.5511, Train Acc: 0.7506,  Test_Loss: 0.4819,Test Acc: 0.9000,Test F1: 0.8622,Test auc: 0.9096
2024-05-09 13:24:16.390 | INFO     | __main__:<module>:95 - Epoch: 07, Loss: 0.5418, Train Acc: 0.7914,  Test_Loss: 0.4530,Test Acc: 0.9128,Test F1: 0.8741,Test auc: 0.9115
2024-05-09 13:24:16.437 | INFO     | __main__:<module>:95 - Epoch: 08, Loss: 0.5408, Train Acc: 0.8598,  Test_Loss: 0.4254,Test Acc: 0.9179,Test F1: 0.8779,Test auc: 0.9096
2024-05-09 13:24:16.469 | INFO     | __main__:<module>:95 - Epoch: 09, Loss: 0.5207, Train Acc: 0.8576,  Test_Loss: 0.4009,Test Acc: 0.9154,Test F1: 0.8716,Test auc: 0.9019
2024-05-09 13:24:16.507 | INFO     | __main__:<module>:95 - Epoch: 10, Loss: 0.4666, Train Acc: 0.8797,  Test_Loss: 0.3752,Test Acc: 0.9154,Test F1: 0.8716,Test auc: 0.9019
2024-05-09 13:24:16.545 | INFO     | __main__:<module>:95 - Epoch: 11, Loss: 0.4247, Train Acc: 0.9073,  Test_Loss: 0.3475,Test Acc: 0.9282,Test F1: 0.8923,Test auc: 0.9192
2024-05-09 13:24:16.579 | INFO     | __main__:<module>:95 - Epoch: 12, Loss: 0.4225, Train Acc: 0.9029,  Test_Loss: 0.3238,Test Acc: 0.9359,Test F1: 0.9057,Test auc: 0.9327
2024-05-09 13:24:16.633 | INFO     | __main__:<module>:95 - Epoch: 13, Loss: 0.4059, Train Acc: 0.9007,  Test_Loss: 0.3045,Test Acc: 0.9436,Test F1: 0.9191,Test auc: 0.9481
2024-05-09 13:24:16.665 | INFO     | __main__:<module>:95 - Epoch: 14, Loss: 0.3708, Train Acc: 0.9194,  Test_Loss: 0.2854,Test Acc: 0.9462,Test F1: 0.9231,Test auc: 0.9519
2024-05-09 13:24:16.702 | INFO     | __main__:<module>:95 - Epoch: 15, Loss: 0.3377, Train Acc: 0.9095,  Test_Loss: 0.2662,Test Acc: 0.9333,Test F1: 0.9023,Test auc: 0.9308
2024-05-09 13:24:16.733 | INFO     | __main__:<module>:95 - Epoch: 16, Loss: 0.3446, Train Acc: 0.9139,  Test_Loss: 0.2540,Test Acc: 0.9308,Test F1: 0.8966,Test auc: 0.9231
2024-05-09 13:24:16.778 | INFO     | __main__:<module>:95 - Epoch: 17, Loss: 0.3078, Train Acc: 0.9150,  Test_Loss: 0.2462,Test Acc: 0.9282,Test F1: 0.8931,Test auc: 0.9212
2024-05-09 13:24:16.824 | INFO     | __main__:<module>:95 - Epoch: 18, Loss: 0.3045, Train Acc: 0.9128,  Test_Loss: 0.2431,Test Acc: 0.9333,Test F1: 0.9015,Test auc: 0.9288
2024-05-09 13:24:16.865 | INFO     | __main__:<module>:95 - Epoch: 19, Loss: 0.3050, Train Acc: 0.9007,  Test_Loss: 0.2358,Test Acc: 0.9462,Test F1: 0.9225,Test auc: 0.9500
2024-05-09 13:24:16.907 | INFO     | __main__:<module>:95 - Epoch: 20, Loss: 0.2693, Train Acc: 0.9249,  Test_Loss: 0.2222,Test Acc: 0.9462,Test F1: 0.9225,Test auc: 0.9500
2024-05-09 13:24:16.937 | INFO     | __main__:<module>:95 - Epoch: 21, Loss: 0.2532, Train Acc: 0.9272,  Test_Loss: 0.2075,Test Acc: 0.9410,Test F1: 0.9145,Test auc: 0.9423
2024-05-09 13:24:16.970 | INFO     | __main__:<module>:95 - Epoch: 22, Loss: 0.2664, Train Acc: 0.9183,  Test_Loss: 0.1959,Test Acc: 0.9359,Test F1: 0.9057,Test auc: 0.9327
2024-05-09 13:24:17.013 | INFO     | __main__:<module>:95 - Epoch: 23, Loss: 0.2566, Train Acc: 0.9294,  Test_Loss: 0.1862,Test Acc: 0.9385,Test F1: 0.9091,Test auc: 0.9346
2024-05-09 13:24:17.051 | INFO     | __main__:<module>:95 - Epoch: 24, Loss: 0.2593, Train Acc: 0.9194,  Test_Loss: 0.1782,Test Acc: 0.9359,Test F1: 0.9057,Test auc: 0.9327
2024-05-09 13:24:17.087 | INFO     | __main__:<module>:95 - Epoch: 25, Loss: 0.2222, Train Acc: 0.9415,  Test_Loss: 0.1711,Test Acc: 0.9385,Test F1: 0.9098,Test auc: 0.9365
2024-05-09 13:24:17.116 | INFO     | __main__:<module>:95 - Epoch: 26, Loss: 0.2311, Train Acc: 0.9205,  Test_Loss: 0.1650,Test Acc: 0.9410,Test F1: 0.9139,Test auc: 0.9404
2024-05-09 13:24:17.150 | INFO     | __main__:<module>:95 - Epoch: 27, Loss: 0.2154, Train Acc: 0.9327,  Test_Loss: 0.1610,Test Acc: 0.9513,Test F1: 0.9299,Test auc: 0.9558
2024-05-09 13:24:17.199 | INFO     | __main__:<module>:95 - Epoch: 28, Loss: 0.2219, Train Acc: 0.9327,  Test_Loss: 0.1560,Test Acc: 0.9513,Test F1: 0.9299,Test auc: 0.9558
2024-05-09 13:24:17.240 | INFO     | __main__:<module>:95 - Epoch: 29, Loss: 0.2286, Train Acc: 0.9172,  Test_Loss: 0.1516,Test Acc: 0.9513,Test F1: 0.9299,Test auc: 0.9558
2024-05-09 13:24:17.276 | INFO     | __main__:<module>:95 - Epoch: 30, Loss: 0.2635, Train Acc: 0.9238,  Test_Loss: 0.1456,Test Acc: 0.9513,Test F1: 0.9299,Test auc: 0.9558
2024-05-09 13:24:17.310 | INFO     | __main__:<module>:95 - Epoch: 31, Loss: 0.2177, Train Acc: 0.9183,  Test_Loss: 0.1395,Test Acc: 0.9436,Test F1: 0.9179,Test auc: 0.9442
2024-05-09 13:24:17.339 | INFO     | __main__:<module>:95 - Epoch: 32, Loss: 0.2058, Train Acc: 0.9393,  Test_Loss: 0.1367,Test Acc: 0.9538,Test F1: 0.9338,Test auc: 0.9596
2024-05-09 13:24:17.366 | INFO     | __main__:<module>:95 - Epoch: 33, Loss: 0.1869, Train Acc: 0.9437,  Test_Loss: 0.1321,Test Acc: 0.9538,Test F1: 0.9333,Test auc: 0.9577
2024-05-09 13:24:17.398 | INFO     | __main__:<module>:95 - Epoch: 34, Loss: 0.2228, Train Acc: 0.9249,  Test_Loss: 0.1268,Test Acc: 0.9538,Test F1: 0.9333,Test auc: 0.9577
2024-05-09 13:24:17.439 | INFO     | __main__:<module>:95 - Epoch: 35, Loss: 0.2030, Train Acc: 0.9371,  Test_Loss: 0.1228,Test Acc: 0.9538,Test F1: 0.9333,Test auc: 0.9577
2024-05-09 13:24:17.486 | INFO     | __main__:<module>:95 - Epoch: 36, Loss: 0.1837, Train Acc: 0.9426,  Test_Loss: 0.1185,Test Acc: 0.9513,Test F1: 0.9288,Test auc: 0.9519
2024-05-09 13:24:17.529 | INFO     | __main__:<module>:95 - Epoch: 37, Loss: 0.1666, Train Acc: 0.9459,  Test_Loss: 0.1145,Test Acc: 0.9487,Test F1: 0.9248,Test auc: 0.9481
2024-05-09 13:24:17.562 | INFO     | __main__:<module>:95 - Epoch: 38, Loss: 0.1789, Train Acc: 0.9227,  Test_Loss: 0.1129,Test Acc: 0.9667,Test F1: 0.9524,Test auc: 0.9750
2024-05-09 13:24:17.579 | INFO     | __main__:<module>:95 - Epoch: 39, Loss: 0.1897, Train Acc: 0.9349,  Test_Loss: 0.1137,Test Acc: 0.9641,Test F1: 0.9489,Test auc: 0.9731
2024-05-09 13:24:17.595 | INFO     | __main__:<module>:95 - Epoch: 40, Loss: 0.1862, Train Acc: 0.9305,  Test_Loss: 0.1131,Test Acc: 0.9641,Test F1: 0.9489,Test auc: 0.9731
2024-05-09 13:24:17.633 | INFO     | __main__:<module>:95 - Epoch: 41, Loss: 0.2019, Train Acc: 0.9272,  Test_Loss: 0.1107,Test Acc: 0.9667,Test F1: 0.9524,Test auc: 0.9750
2024-05-09 13:24:17.662 | INFO     | __main__:<module>:95 - Epoch: 42, Loss: 0.1805, Train Acc: 0.9327,  Test_Loss: 0.1115,Test Acc: 0.9667,Test F1: 0.9524,Test auc: 0.9750
2024-05-09 13:24:17.702 | INFO     | __main__:<module>:95 - Epoch: 43, Loss: 0.1884, Train Acc: 0.9382,  Test_Loss: 0.1107,Test Acc: 0.9667,Test F1: 0.9524,Test auc: 0.9750
2024-05-09 13:24:17.741 | INFO     | __main__:<module>:95 - Epoch: 44, Loss: 0.1943, Train Acc: 0.9316,  Test_Loss: 0.1069,Test Acc: 0.9615,Test F1: 0.9442,Test auc: 0.9654
2024-05-09 13:24:17.777 | INFO     | __main__:<module>:95 - Epoch: 45, Loss: 0.2066, Train Acc: 0.9338,  Test_Loss: 0.1060,Test Acc: 0.9538,Test F1: 0.9313,Test auc: 0.9500
2024-05-09 13:24:17.808 | INFO     | __main__:<module>:95 - Epoch: 46, Loss: 0.1816, Train Acc: 0.9260,  Test_Loss: 0.1048,Test Acc: 0.9564,Test F1: 0.9363,Test auc: 0.9577
2024-05-09 13:24:17.842 | INFO     | __main__:<module>:95 - Epoch: 47, Loss: 0.1858, Train Acc: 0.9338,  Test_Loss: 0.1068,Test Acc: 0.9667,Test F1: 0.9520,Test auc: 0.9731
2024-05-09 13:24:17.875 | INFO     | __main__:<module>:95 - Epoch: 48, Loss: 0.1828, Train Acc: 0.9360,  Test_Loss: 0.1067,Test Acc: 0.9667,Test F1: 0.9520,Test auc: 0.9731
2024-05-09 13:24:17.897 | INFO     | __main__:<module>:95 - Epoch: 49, Loss: 0.1732, Train Acc: 0.9470,  Test_Loss: 0.1063,Test Acc: 0.9667,Test F1: 0.9520,Test auc: 0.9731
2024-05-09 13:24:17.927 | INFO     | __main__:<module>:95 - Epoch: 50, Loss: 0.1508, Train Acc: 0.9459,  Test_Loss: 0.1058,Test Acc: 0.9667,Test F1: 0.9520,Test auc: 0.9731
2024-05-09 13:24:17.950 | INFO     | __main__:<module>:95 - Epoch: 51, Loss: 0.1542, Train Acc: 0.9448,  Test_Loss: 0.1057,Test Acc: 0.9667,Test F1: 0.9520,Test auc: 0.9731
2024-05-09 13:24:17.973 | INFO     | __main__:<module>:95 - Epoch: 52, Loss: 0.1904, Train Acc: 0.9415,  Test_Loss: 0.1063,Test Acc: 0.9667,Test F1: 0.9520,Test auc: 0.9731
2024-05-09 13:24:17.992 | INFO     | __main__:<module>:95 - Epoch: 53, Loss: 0.1819, Train Acc: 0.9382,  Test_Loss: 0.1053,Test Acc: 0.9667,Test F1: 0.9520,Test auc: 0.9731
2024-05-09 13:24:18.014 | INFO     | __main__:<module>:95 - Epoch: 54, Loss: 0.1972, Train Acc: 0.9260,  Test_Loss: 0.1072,Test Acc: 0.9667,Test F1: 0.9520,Test auc: 0.9731
2024-05-09 13:24:18.038 | INFO     | __main__:<module>:95 - Epoch: 55, Loss: 0.1843, Train Acc: 0.9371,  Test_Loss: 0.1082,Test Acc: 0.9667,Test F1: 0.9524,Test auc: 0.9750
2024-05-09 13:24:18.063 | INFO     | __main__:<module>:95 - Epoch: 56, Loss: 0.1636, Train Acc: 0.9415,  Test_Loss: 0.1093,Test Acc: 0.9667,Test F1: 0.9524,Test auc: 0.9750
2024-05-09 13:24:18.092 | INFO     | __main__:<module>:95 - Epoch: 57, Loss: 0.1741, Train Acc: 0.9272,  Test_Loss: 0.1058,Test Acc: 0.9667,Test F1: 0.9520,Test auc: 0.9731
2024-05-09 13:24:18.113 | INFO     | __main__:<module>:95 - Epoch: 58, Loss: 0.1689, Train Acc: 0.9437,  Test_Loss: 0.1065,Test Acc: 0.9667,Test F1: 0.9520,Test auc: 0.9731
2024-05-09 13:24:18.136 | INFO     | __main__:<module>:95 - Epoch: 59, Loss: 0.1702, Train Acc: 0.9415,  Test_Loss: 0.1097,Test Acc: 0.9667,Test F1: 0.9524,Test auc: 0.9750
2024-05-09 13:24:18.160 | INFO     | __main__:<module>:95 - Epoch: 60, Loss: 0.1874, Train Acc: 0.9426,  Test_Loss: 0.1137,Test Acc: 0.9667,Test F1: 0.9524,Test auc: 0.9750
2024-05-09 13:24:18.180 | INFO     | __main__:<module>:95 - Epoch: 61, Loss: 0.1868, Train Acc: 0.9393,  Test_Loss: 0.1147,Test Acc: 0.9667,Test F1: 0.9524,Test auc: 0.9750
2024-05-09 13:24:18.197 | INFO     | __main__:<module>:95 - Epoch: 62, Loss: 0.1533, Train Acc: 0.9470,  Test_Loss: 0.1215,Test Acc: 0.9615,Test F1: 0.9455,Test auc: 0.9712
2024-05-09 13:24:18.225 | INFO     | __main__:<module>:95 - Epoch: 63, Loss: 0.1727, Train Acc: 0.9437,  Test_Loss: 0.1197,Test Acc: 0.9615,Test F1: 0.9455,Test auc: 0.9712
2024-05-09 13:24:18.246 | INFO     | __main__:<module>:95 - Epoch: 64, Loss: 0.1896, Train Acc: 0.9360,  Test_Loss: 0.1154,Test Acc: 0.9667,Test F1: 0.9524,Test auc: 0.9750
2024-05-09 13:24:18.274 | INFO     | __main__:<module>:95 - Epoch: 65, Loss: 0.2066, Train Acc: 0.9283,  Test_Loss: 0.1251,Test Acc: 0.9615,Test F1: 0.9455,Test auc: 0.9712
2024-05-09 13:24:18.300 | INFO     | __main__:<module>:95 - Epoch: 66, Loss: 0.1910, Train Acc: 0.9238,  Test_Loss: 0.1255,Test Acc: 0.9615,Test F1: 0.9455,Test auc: 0.9712
2024-05-09 13:24:18.331 | INFO     | __main__:<module>:95 - Epoch: 67, Loss: 0.1792, Train Acc: 0.9382,  Test_Loss: 0.1306,Test Acc: 0.9590,Test F1: 0.9420,Test auc: 0.9692
2024-05-09 13:24:18.361 | INFO     | __main__:<module>:95 - Epoch: 68, Loss: 0.1831, Train Acc: 0.9283,  Test_Loss: 0.1365,Test Acc: 0.9513,Test F1: 0.9319,Test auc: 0.9635
2024-05-09 13:24:18.382 | INFO     | __main__:<module>:95 - Epoch: 69, Loss: 0.1958, Train Acc: 0.9294,  Test_Loss: 0.1288,Test Acc: 0.9615,Test F1: 0.9455,Test auc: 0.9712
2024-05-09 13:24:18.400 | INFO     | __main__:<module>:95 - Epoch: 70, Loss: 0.1768, Train Acc: 0.9338,  Test_Loss: 0.1302,Test Acc: 0.9615,Test F1: 0.9455,Test auc: 0.9712
2024-05-09 13:24:18.421 | INFO     | __main__:<module>:95 - Epoch: 71, Loss: 0.1636, Train Acc: 0.9382,  Test_Loss: 0.1270,Test Acc: 0.9615,Test F1: 0.9455,Test auc: 0.9712
2024-05-09 13:24:18.446 | INFO     | __main__:<module>:95 - Epoch: 72, Loss: 0.1950, Train Acc: 0.9249,  Test_Loss: 0.1254,Test Acc: 0.9615,Test F1: 0.9455,Test auc: 0.9712
2024-05-09 13:24:18.467 | INFO     | __main__:<module>:95 - Epoch: 73, Loss: 0.1959, Train Acc: 0.9283,  Test_Loss: 0.1231,Test Acc: 0.9615,Test F1: 0.9455,Test auc: 0.9712
2024-05-09 13:24:18.501 | INFO     | __main__:<module>:95 - Epoch: 74, Loss: 0.1853, Train Acc: 0.9327,  Test_Loss: 0.1189,Test Acc: 0.9615,Test F1: 0.9455,Test auc: 0.9712
2024-05-09 13:24:18.534 | INFO     | __main__:<module>:95 - Epoch: 75, Loss: 0.1993, Train Acc: 0.9238,  Test_Loss: 0.1269,Test Acc: 0.9615,Test F1: 0.9455,Test auc: 0.9712
2024-05-09 13:24:18.554 | INFO     | __main__:<module>:95 - Epoch: 76, Loss: 0.1652, Train Acc: 0.9437,  Test_Loss: 0.1275,Test Acc: 0.9615,Test F1: 0.9455,Test auc: 0.9712
2024-05-09 13:24:18.555 | INFO     | __main__:<module>:113 - 1.5811679363250732
2024-05-09 13:24:19.156 | INFO     | __main__:<module>:74 - Namespace(dataset='ca-hepth', model='GCN', learning_rate=0.01, epochs=9999, hidden_units=16, dropout=0.4, weight_decay=0.01, weight_decay1=0.01, weight_decay2=0.0005, early_stopping=30, residual=True, seed=824, type='Binary', DEVICE='cuda', theta=0.5, layers=64, alpha=0.1, feature_type='x_65', CGCN=0)
2024-05-09 13:24:19.157 | INFO     | __main__:<module>:75 - Data(edge_index=[2, 49612], weight=[49612], num_nodes=8638, x=[8638, 10], train_mask=[8638], test_mask=[8638], label=[8638])
2024-05-09 13:24:19.183 | INFO     | __main__:<module>:95 - Epoch: 00, Loss: 0.8027, Train Acc: 0.6788,  Test_Loss: 0.5610,Test Acc: 0.8513,Test F1: 0.7883,Test auc: 0.8462
2024-05-09 13:24:19.217 | INFO     | __main__:<module>:95 - Epoch: 01, Loss: 0.6409, Train Acc: 0.8091,  Test_Loss: 0.5003,Test Acc: 0.8897,Test F1: 0.8425,Test auc: 0.8885
2024-05-09 13:24:19.248 | INFO     | __main__:<module>:95 - Epoch: 02, Loss: 0.5705, Train Acc: 0.8488,  Test_Loss: 0.4723,Test Acc: 0.8897,Test F1: 0.8352,Test auc: 0.8769
2024-05-09 13:24:19.283 | INFO     | __main__:<module>:95 - Epoch: 03, Loss: 0.5318, Train Acc: 0.8333,  Test_Loss: 0.4609,Test Acc: 0.8974,Test F1: 0.8450,Test auc: 0.8827
2024-05-09 13:24:19.314 | INFO     | __main__:<module>:95 - Epoch: 04, Loss: 0.5058, Train Acc: 0.8532,  Test_Loss: 0.4355,Test Acc: 0.9051,Test F1: 0.8571,Test auc: 0.8923
2024-05-09 13:24:19.350 | INFO     | __main__:<module>:95 - Epoch: 05, Loss: 0.4891, Train Acc: 0.8521,  Test_Loss: 0.4116,Test Acc: 0.9179,Test F1: 0.8779,Test auc: 0.9096
2024-05-09 13:24:19.393 | INFO     | __main__:<module>:95 - Epoch: 06, Loss: 0.4525, Train Acc: 0.8863,  Test_Loss: 0.3911,Test Acc: 0.9179,Test F1: 0.8779,Test auc: 0.9096
2024-05-09 13:24:19.435 | INFO     | __main__:<module>:95 - Epoch: 07, Loss: 0.4421, Train Acc: 0.8786,  Test_Loss: 0.3713,Test Acc: 0.9205,Test F1: 0.8812,Test auc: 0.9115
2024-05-09 13:24:19.473 | INFO     | __main__:<module>:95 - Epoch: 08, Loss: 0.4014, Train Acc: 0.9018,  Test_Loss: 0.3520,Test Acc: 0.9256,Test F1: 0.8897,Test auc: 0.9192
2024-05-09 13:24:19.511 | INFO     | __main__:<module>:95 - Epoch: 09, Loss: 0.3839, Train Acc: 0.9117,  Test_Loss: 0.3339,Test Acc: 0.9282,Test F1: 0.8931,Test auc: 0.9212
2024-05-09 13:24:19.553 | INFO     | __main__:<module>:95 - Epoch: 10, Loss: 0.3958, Train Acc: 0.8863,  Test_Loss: 0.3161,Test Acc: 0.9308,Test F1: 0.8966,Test auc: 0.9231
2024-05-09 13:24:19.592 | INFO     | __main__:<module>:95 - Epoch: 11, Loss: 0.3649, Train Acc: 0.9029,  Test_Loss: 0.2996,Test Acc: 0.9282,Test F1: 0.8915,Test auc: 0.9173
2024-05-09 13:24:19.633 | INFO     | __main__:<module>:95 - Epoch: 12, Loss: 0.3253, Train Acc: 0.9172,  Test_Loss: 0.2840,Test Acc: 0.9256,Test F1: 0.8880,Test auc: 0.9154
2024-05-09 13:24:19.676 | INFO     | __main__:<module>:95 - Epoch: 13, Loss: 0.3403, Train Acc: 0.9051,  Test_Loss: 0.2684,Test Acc: 0.9333,Test F1: 0.9008,Test auc: 0.9269
2024-05-09 13:24:19.716 | INFO     | __main__:<module>:95 - Epoch: 14, Loss: 0.3240, Train Acc: 0.8996,  Test_Loss: 0.2571,Test Acc: 0.9359,Test F1: 0.9049,Test auc: 0.9308
2024-05-09 13:24:19.752 | INFO     | __main__:<module>:95 - Epoch: 15, Loss: 0.2961, Train Acc: 0.9150,  Test_Loss: 0.2462,Test Acc: 0.9333,Test F1: 0.9023,Test auc: 0.9308
2024-05-09 13:24:19.793 | INFO     | __main__:<module>:95 - Epoch: 16, Loss: 0.2838, Train Acc: 0.9018,  Test_Loss: 0.2358,Test Acc: 0.9333,Test F1: 0.9023,Test auc: 0.9308
2024-05-09 13:24:19.841 | INFO     | __main__:<module>:95 - Epoch: 17, Loss: 0.3008, Train Acc: 0.9128,  Test_Loss: 0.2225,Test Acc: 0.9333,Test F1: 0.9023,Test auc: 0.9308
2024-05-09 13:24:19.882 | INFO     | __main__:<module>:95 - Epoch: 18, Loss: 0.2886, Train Acc: 0.9040,  Test_Loss: 0.2096,Test Acc: 0.9385,Test F1: 0.9091,Test auc: 0.9346
2024-05-09 13:24:19.916 | INFO     | __main__:<module>:95 - Epoch: 19, Loss: 0.2977, Train Acc: 0.9029,  Test_Loss: 0.1932,Test Acc: 0.9410,Test F1: 0.9125,Test auc: 0.9365
2024-05-09 13:24:19.957 | INFO     | __main__:<module>:95 - Epoch: 20, Loss: 0.2677, Train Acc: 0.9216,  Test_Loss: 0.1786,Test Acc: 0.9410,Test F1: 0.9125,Test auc: 0.9365
2024-05-09 13:24:19.990 | INFO     | __main__:<module>:95 - Epoch: 21, Loss: 0.2877, Train Acc: 0.9007,  Test_Loss: 0.1668,Test Acc: 0.9385,Test F1: 0.9104,Test auc: 0.9385
2024-05-09 13:24:20.033 | INFO     | __main__:<module>:95 - Epoch: 22, Loss: 0.2478, Train Acc: 0.9084,  Test_Loss: 0.1592,Test Acc: 0.9462,Test F1: 0.9231,Test auc: 0.9519
2024-05-09 13:24:20.084 | INFO     | __main__:<module>:95 - Epoch: 23, Loss: 0.2660, Train Acc: 0.9205,  Test_Loss: 0.1505,Test Acc: 0.9436,Test F1: 0.9179,Test auc: 0.9442
2024-05-09 13:24:20.125 | INFO     | __main__:<module>:95 - Epoch: 24, Loss: 0.2538, Train Acc: 0.9205,  Test_Loss: 0.1440,Test Acc: 0.9462,Test F1: 0.9208,Test auc: 0.9442
2024-05-09 13:24:20.167 | INFO     | __main__:<module>:95 - Epoch: 25, Loss: 0.2386, Train Acc: 0.9227,  Test_Loss: 0.1397,Test Acc: 0.9487,Test F1: 0.9242,Test auc: 0.9462
2024-05-09 13:24:20.205 | INFO     | __main__:<module>:95 - Epoch: 26, Loss: 0.2436, Train Acc: 0.9128,  Test_Loss: 0.1352,Test Acc: 0.9513,Test F1: 0.9283,Test auc: 0.9500
2024-05-09 13:24:20.245 | INFO     | __main__:<module>:95 - Epoch: 27, Loss: 0.2241, Train Acc: 0.9216,  Test_Loss: 0.1341,Test Acc: 0.9487,Test F1: 0.9265,Test auc: 0.9538
2024-05-09 13:24:20.266 | INFO     | __main__:<module>:95 - Epoch: 28, Loss: 0.2313, Train Acc: 0.9294,  Test_Loss: 0.1342,Test Acc: 0.9410,Test F1: 0.9164,Test auc: 0.9481
2024-05-09 13:24:20.300 | INFO     | __main__:<module>:95 - Epoch: 29, Loss: 0.2183, Train Acc: 0.9272,  Test_Loss: 0.1315,Test Acc: 0.9436,Test F1: 0.9197,Test auc: 0.9500
2024-05-09 13:24:20.348 | INFO     | __main__:<module>:95 - Epoch: 30, Loss: 0.2161, Train Acc: 0.9249,  Test_Loss: 0.1296,Test Acc: 0.9487,Test F1: 0.9265,Test auc: 0.9538
2024-05-09 13:24:20.377 | INFO     | __main__:<module>:95 - Epoch: 31, Loss: 0.1960, Train Acc: 0.9260,  Test_Loss: 0.1275,Test Acc: 0.9436,Test F1: 0.9179,Test auc: 0.9442
2024-05-09 13:24:20.408 | INFO     | __main__:<module>:95 - Epoch: 32, Loss: 0.2023, Train Acc: 0.9338,  Test_Loss: 0.1273,Test Acc: 0.9487,Test F1: 0.9248,Test auc: 0.9481
2024-05-09 13:24:20.438 | INFO     | __main__:<module>:95 - Epoch: 33, Loss: 0.1724, Train Acc: 0.9481,  Test_Loss: 0.1281,Test Acc: 0.9513,Test F1: 0.9299,Test auc: 0.9558
2024-05-09 13:24:20.465 | INFO     | __main__:<module>:95 - Epoch: 34, Loss: 0.2273, Train Acc: 0.9249,  Test_Loss: 0.1280,Test Acc: 0.9487,Test F1: 0.9265,Test auc: 0.9538
2024-05-09 13:24:20.503 | INFO     | __main__:<module>:95 - Epoch: 35, Loss: 0.1951, Train Acc: 0.9327,  Test_Loss: 0.1273,Test Acc: 0.9487,Test F1: 0.9265,Test auc: 0.9538
2024-05-09 13:24:20.539 | INFO     | __main__:<module>:95 - Epoch: 36, Loss: 0.1986, Train Acc: 0.9260,  Test_Loss: 0.1294,Test Acc: 0.9487,Test F1: 0.9265,Test auc: 0.9538
2024-05-09 13:24:20.567 | INFO     | __main__:<module>:95 - Epoch: 37, Loss: 0.2044, Train Acc: 0.9294,  Test_Loss: 0.1315,Test Acc: 0.9462,Test F1: 0.9236,Test auc: 0.9538
2024-05-09 13:24:20.589 | INFO     | __main__:<module>:95 - Epoch: 38, Loss: 0.2092, Train Acc: 0.9238,  Test_Loss: 0.1316,Test Acc: 0.9462,Test F1: 0.9236,Test auc: 0.9538
2024-05-09 13:24:20.617 | INFO     | __main__:<module>:95 - Epoch: 39, Loss: 0.2151, Train Acc: 0.9393,  Test_Loss: 0.1336,Test Acc: 0.9538,Test F1: 0.9353,Test auc: 0.9654
2024-05-09 13:24:20.640 | INFO     | __main__:<module>:95 - Epoch: 40, Loss: 0.1808, Train Acc: 0.9426,  Test_Loss: 0.1324,Test Acc: 0.9513,Test F1: 0.9314,Test auc: 0.9615
2024-05-09 13:24:20.668 | INFO     | __main__:<module>:95 - Epoch: 41, Loss: 0.2103, Train Acc: 0.9249,  Test_Loss: 0.1304,Test Acc: 0.9462,Test F1: 0.9231,Test auc: 0.9519
2024-05-09 13:24:20.702 | INFO     | __main__:<module>:95 - Epoch: 42, Loss: 0.1786, Train Acc: 0.9448,  Test_Loss: 0.1289,Test Acc: 0.9487,Test F1: 0.9265,Test auc: 0.9538
2024-05-09 13:24:20.732 | INFO     | __main__:<module>:95 - Epoch: 43, Loss: 0.2017, Train Acc: 0.9404,  Test_Loss: 0.1275,Test Acc: 0.9538,Test F1: 0.9333,Test auc: 0.9577
2024-05-09 13:24:20.767 | INFO     | __main__:<module>:95 - Epoch: 44, Loss: 0.1767, Train Acc: 0.9448,  Test_Loss: 0.1278,Test Acc: 0.9487,Test F1: 0.9248,Test auc: 0.9481
2024-05-09 13:24:20.807 | INFO     | __main__:<module>:95 - Epoch: 45, Loss: 0.2183, Train Acc: 0.9238,  Test_Loss: 0.1262,Test Acc: 0.9513,Test F1: 0.9299,Test auc: 0.9558
2024-05-09 13:24:20.848 | INFO     | __main__:<module>:95 - Epoch: 46, Loss: 0.1928, Train Acc: 0.9294,  Test_Loss: 0.1254,Test Acc: 0.9513,Test F1: 0.9283,Test auc: 0.9500
2024-05-09 13:24:20.891 | INFO     | __main__:<module>:95 - Epoch: 47, Loss: 0.2152, Train Acc: 0.9216,  Test_Loss: 0.1246,Test Acc: 0.9590,Test F1: 0.9403,Test auc: 0.9615
2024-05-09 13:24:20.941 | INFO     | __main__:<module>:95 - Epoch: 48, Loss: 0.1814, Train Acc: 0.9404,  Test_Loss: 0.1234,Test Acc: 0.9590,Test F1: 0.9403,Test auc: 0.9615
2024-05-09 13:24:20.990 | INFO     | __main__:<module>:95 - Epoch: 49, Loss: 0.1992, Train Acc: 0.9327,  Test_Loss: 0.1227,Test Acc: 0.9590,Test F1: 0.9403,Test auc: 0.9615
2024-05-09 13:24:21.039 | INFO     | __main__:<module>:95 - Epoch: 50, Loss: 0.1880, Train Acc: 0.9316,  Test_Loss: 0.1211,Test Acc: 0.9590,Test F1: 0.9403,Test auc: 0.9615
2024-05-09 13:24:21.083 | INFO     | __main__:<module>:95 - Epoch: 51, Loss: 0.1787, Train Acc: 0.9338,  Test_Loss: 0.1203,Test Acc: 0.9590,Test F1: 0.9403,Test auc: 0.9615
2024-05-09 13:24:21.129 | INFO     | __main__:<module>:95 - Epoch: 52, Loss: 0.1935, Train Acc: 0.9371,  Test_Loss: 0.1193,Test Acc: 0.9564,Test F1: 0.9368,Test auc: 0.9596
2024-05-09 13:24:21.165 | INFO     | __main__:<module>:95 - Epoch: 53, Loss: 0.2109, Train Acc: 0.9283,  Test_Loss: 0.1189,Test Acc: 0.9538,Test F1: 0.9333,Test auc: 0.9577
2024-05-09 13:24:21.206 | INFO     | __main__:<module>:95 - Epoch: 54, Loss: 0.2070, Train Acc: 0.9283,  Test_Loss: 0.1183,Test Acc: 0.9513,Test F1: 0.9299,Test auc: 0.9558
2024-05-09 13:24:21.244 | INFO     | __main__:<module>:95 - Epoch: 55, Loss: 0.1844, Train Acc: 0.9360,  Test_Loss: 0.1167,Test Acc: 0.9538,Test F1: 0.9333,Test auc: 0.9577
2024-05-09 13:24:21.277 | INFO     | __main__:<module>:95 - Epoch: 56, Loss: 0.2017, Train Acc: 0.9260,  Test_Loss: 0.1153,Test Acc: 0.9615,Test F1: 0.9438,Test auc: 0.9635
2024-05-09 13:24:21.309 | INFO     | __main__:<module>:95 - Epoch: 57, Loss: 0.1724, Train Acc: 0.9316,  Test_Loss: 0.1154,Test Acc: 0.9564,Test F1: 0.9354,Test auc: 0.9538
2024-05-09 13:24:21.344 | INFO     | __main__:<module>:95 - Epoch: 58, Loss: 0.1984, Train Acc: 0.9227,  Test_Loss: 0.1153,Test Acc: 0.9538,Test F1: 0.9318,Test auc: 0.9519
2024-05-09 13:24:21.372 | INFO     | __main__:<module>:95 - Epoch: 59, Loss: 0.1754, Train Acc: 0.9393,  Test_Loss: 0.1175,Test Acc: 0.9487,Test F1: 0.9265,Test auc: 0.9538
2024-05-09 13:24:21.390 | INFO     | __main__:<module>:95 - Epoch: 60, Loss: 0.1785, Train Acc: 0.9316,  Test_Loss: 0.1186,Test Acc: 0.9487,Test F1: 0.9265,Test auc: 0.9538
2024-05-09 13:24:21.417 | INFO     | __main__:<module>:95 - Epoch: 61, Loss: 0.1846, Train Acc: 0.9260,  Test_Loss: 0.1201,Test Acc: 0.9513,Test F1: 0.9304,Test auc: 0.9577
2024-05-09 13:24:21.443 | INFO     | __main__:<module>:95 - Epoch: 62, Loss: 0.1862, Train Acc: 0.9371,  Test_Loss: 0.1205,Test Acc: 0.9513,Test F1: 0.9304,Test auc: 0.9577
2024-05-09 13:24:21.466 | INFO     | __main__:<module>:95 - Epoch: 63, Loss: 0.1820, Train Acc: 0.9305,  Test_Loss: 0.1188,Test Acc: 0.9487,Test F1: 0.9265,Test auc: 0.9538
2024-05-09 13:24:21.491 | INFO     | __main__:<module>:95 - Epoch: 64, Loss: 0.1798, Train Acc: 0.9382,  Test_Loss: 0.1222,Test Acc: 0.9590,Test F1: 0.9420,Test auc: 0.9692
2024-05-09 13:24:21.521 | INFO     | __main__:<module>:95 - Epoch: 65, Loss: 0.1642, Train Acc: 0.9404,  Test_Loss: 0.1207,Test Acc: 0.9564,Test F1: 0.9382,Test auc: 0.9654
2024-05-09 13:24:21.563 | INFO     | __main__:<module>:95 - Epoch: 66, Loss: 0.1699, Train Acc: 0.9481,  Test_Loss: 0.1179,Test Acc: 0.9487,Test F1: 0.9265,Test auc: 0.9538
2024-05-09 13:24:21.594 | INFO     | __main__:<module>:95 - Epoch: 67, Loss: 0.1721, Train Acc: 0.9360,  Test_Loss: 0.1213,Test Acc: 0.9590,Test F1: 0.9420,Test auc: 0.9692
2024-05-09 13:24:21.630 | INFO     | __main__:<module>:95 - Epoch: 68, Loss: 0.1739, Train Acc: 0.9404,  Test_Loss: 0.1245,Test Acc: 0.9590,Test F1: 0.9420,Test auc: 0.9692
2024-05-09 13:24:21.654 | INFO     | __main__:<module>:95 - Epoch: 69, Loss: 0.1737, Train Acc: 0.9415,  Test_Loss: 0.1224,Test Acc: 0.9590,Test F1: 0.9420,Test auc: 0.9692
2024-05-09 13:24:21.680 | INFO     | __main__:<module>:95 - Epoch: 70, Loss: 0.1833, Train Acc: 0.9294,  Test_Loss: 0.1246,Test Acc: 0.9590,Test F1: 0.9420,Test auc: 0.9692
2024-05-09 13:24:21.712 | INFO     | __main__:<module>:95 - Epoch: 71, Loss: 0.1598, Train Acc: 0.9514,  Test_Loss: 0.1254,Test Acc: 0.9538,Test F1: 0.9353,Test auc: 0.9654
2024-05-09 13:24:21.740 | INFO     | __main__:<module>:95 - Epoch: 72, Loss: 0.1744, Train Acc: 0.9437,  Test_Loss: 0.1232,Test Acc: 0.9590,Test F1: 0.9420,Test auc: 0.9692
2024-05-09 13:24:21.771 | INFO     | __main__:<module>:95 - Epoch: 73, Loss: 0.1933, Train Acc: 0.9349,  Test_Loss: 0.1254,Test Acc: 0.9564,Test F1: 0.9386,Test auc: 0.9673
2024-05-09 13:24:21.803 | INFO     | __main__:<module>:95 - Epoch: 74, Loss: 0.1962, Train Acc: 0.9360,  Test_Loss: 0.1234,Test Acc: 0.9590,Test F1: 0.9420,Test auc: 0.9692
2024-05-09 13:24:21.828 | INFO     | __main__:<module>:95 - Epoch: 75, Loss: 0.1858, Train Acc: 0.9305,  Test_Loss: 0.1196,Test Acc: 0.9590,Test F1: 0.9420,Test auc: 0.9692
2024-05-09 13:24:21.851 | INFO     | __main__:<module>:95 - Epoch: 76, Loss: 0.1729, Train Acc: 0.9382,  Test_Loss: 0.1168,Test Acc: 0.9513,Test F1: 0.9299,Test auc: 0.9558
2024-05-09 13:24:21.877 | INFO     | __main__:<module>:95 - Epoch: 77, Loss: 0.1748, Train Acc: 0.9404,  Test_Loss: 0.1180,Test Acc: 0.9538,Test F1: 0.9338,Test auc: 0.9596
2024-05-09 13:24:21.902 | INFO     | __main__:<module>:95 - Epoch: 78, Loss: 0.1846, Train Acc: 0.9349,  Test_Loss: 0.1177,Test Acc: 0.9513,Test F1: 0.9299,Test auc: 0.9558
2024-05-09 13:24:21.928 | INFO     | __main__:<module>:95 - Epoch: 79, Loss: 0.1556, Train Acc: 0.9503,  Test_Loss: 0.1175,Test Acc: 0.9513,Test F1: 0.9299,Test auc: 0.9558
2024-05-09 13:24:21.962 | INFO     | __main__:<module>:95 - Epoch: 80, Loss: 0.1679, Train Acc: 0.9415,  Test_Loss: 0.1181,Test Acc: 0.9513,Test F1: 0.9299,Test auc: 0.9558
2024-05-09 13:24:21.985 | INFO     | __main__:<module>:95 - Epoch: 81, Loss: 0.1722, Train Acc: 0.9393,  Test_Loss: 0.1211,Test Acc: 0.9590,Test F1: 0.9420,Test auc: 0.9692
2024-05-09 13:24:22.017 | INFO     | __main__:<module>:95 - Epoch: 82, Loss: 0.1542, Train Acc: 0.9525,  Test_Loss: 0.1165,Test Acc: 0.9538,Test F1: 0.9333,Test auc: 0.9577
2024-05-09 13:24:22.055 | INFO     | __main__:<module>:95 - Epoch: 83, Loss: 0.1463, Train Acc: 0.9426,  Test_Loss: 0.1150,Test Acc: 0.9538,Test F1: 0.9333,Test auc: 0.9577
2024-05-09 13:24:22.078 | INFO     | __main__:<module>:95 - Epoch: 84, Loss: 0.1633, Train Acc: 0.9503,  Test_Loss: 0.1156,Test Acc: 0.9513,Test F1: 0.9299,Test auc: 0.9558
2024-05-09 13:24:22.114 | INFO     | __main__:<module>:95 - Epoch: 85, Loss: 0.1698, Train Acc: 0.9360,  Test_Loss: 0.1150,Test Acc: 0.9513,Test F1: 0.9299,Test auc: 0.9558
2024-05-09 13:24:22.166 | INFO     | __main__:<module>:95 - Epoch: 86, Loss: 0.1522, Train Acc: 0.9525,  Test_Loss: 0.1137,Test Acc: 0.9513,Test F1: 0.9299,Test auc: 0.9558
2024-05-09 13:24:22.207 | INFO     | __main__:<module>:95 - Epoch: 87, Loss: 0.1729, Train Acc: 0.9481,  Test_Loss: 0.1100,Test Acc: 0.9564,Test F1: 0.9368,Test auc: 0.9596
2024-05-09 13:24:22.252 | INFO     | __main__:<module>:95 - Epoch: 88, Loss: 0.1706, Train Acc: 0.9404,  Test_Loss: 0.1068,Test Acc: 0.9615,Test F1: 0.9438,Test auc: 0.9635
2024-05-09 13:24:22.294 | INFO     | __main__:<module>:95 - Epoch: 89, Loss: 0.1791, Train Acc: 0.9349,  Test_Loss: 0.1062,Test Acc: 0.9615,Test F1: 0.9438,Test auc: 0.9635
2024-05-09 13:24:22.326 | INFO     | __main__:<module>:95 - Epoch: 90, Loss: 0.1605, Train Acc: 0.9404,  Test_Loss: 0.1061,Test Acc: 0.9564,Test F1: 0.9368,Test auc: 0.9596
2024-05-09 13:24:22.354 | INFO     | __main__:<module>:95 - Epoch: 91, Loss: 0.1742, Train Acc: 0.9404,  Test_Loss: 0.1065,Test Acc: 0.9513,Test F1: 0.9299,Test auc: 0.9558
2024-05-09 13:24:22.401 | INFO     | __main__:<module>:95 - Epoch: 92, Loss: 0.1679, Train Acc: 0.9404,  Test_Loss: 0.1060,Test Acc: 0.9513,Test F1: 0.9299,Test auc: 0.9558
2024-05-09 13:24:22.435 | INFO     | __main__:<module>:95 - Epoch: 93, Loss: 0.1582, Train Acc: 0.9404,  Test_Loss: 0.1042,Test Acc: 0.9615,Test F1: 0.9434,Test auc: 0.9615
2024-05-09 13:24:22.464 | INFO     | __main__:<module>:95 - Epoch: 94, Loss: 0.1790, Train Acc: 0.9382,  Test_Loss: 0.1048,Test Acc: 0.9590,Test F1: 0.9389,Test auc: 0.9558
2024-05-09 13:24:22.491 | INFO     | __main__:<module>:95 - Epoch: 95, Loss: 0.1688, Train Acc: 0.9382,  Test_Loss: 0.1061,Test Acc: 0.9513,Test F1: 0.9299,Test auc: 0.9558
2024-05-09 13:24:22.519 | INFO     | __main__:<module>:95 - Epoch: 96, Loss: 0.1546, Train Acc: 0.9448,  Test_Loss: 0.1081,Test Acc: 0.9590,Test F1: 0.9416,Test auc: 0.9673
2024-05-09 13:24:22.553 | INFO     | __main__:<module>:95 - Epoch: 97, Loss: 0.1621, Train Acc: 0.9426,  Test_Loss: 0.1133,Test Acc: 0.9615,Test F1: 0.9455,Test auc: 0.9712
2024-05-09 13:24:22.582 | INFO     | __main__:<module>:95 - Epoch: 98, Loss: 0.1678, Train Acc: 0.9360,  Test_Loss: 0.1115,Test Acc: 0.9615,Test F1: 0.9455,Test auc: 0.9712
2024-05-09 13:24:22.615 | INFO     | __main__:<module>:95 - Epoch: 99, Loss: 0.1849, Train Acc: 0.9305,  Test_Loss: 0.1202,Test Acc: 0.9538,Test F1: 0.9353,Test auc: 0.9654
2024-05-09 13:24:22.648 | INFO     | __main__:<module>:95 - Epoch: 100, Loss: 0.1759, Train Acc: 0.9316,  Test_Loss: 0.1218,Test Acc: 0.9513,Test F1: 0.9319,Test auc: 0.9635
2024-05-09 13:24:22.665 | INFO     | __main__:<module>:95 - Epoch: 101, Loss: 0.1453, Train Acc: 0.9470,  Test_Loss: 0.1328,Test Acc: 0.9462,Test F1: 0.9253,Test auc: 0.9596
2024-05-09 13:24:22.691 | INFO     | __main__:<module>:95 - Epoch: 102, Loss: 0.1695, Train Acc: 0.9415,  Test_Loss: 0.1410,Test Acc: 0.9462,Test F1: 0.9253,Test auc: 0.9596
2024-05-09 13:24:22.721 | INFO     | __main__:<module>:95 - Epoch: 103, Loss: 0.1770, Train Acc: 0.9316,  Test_Loss: 0.1569,Test Acc: 0.9436,Test F1: 0.9220,Test auc: 0.9577
2024-05-09 13:24:22.756 | INFO     | __main__:<module>:95 - Epoch: 104, Loss: 0.1639, Train Acc: 0.9393,  Test_Loss: 0.1651,Test Acc: 0.9436,Test F1: 0.9220,Test auc: 0.9577
2024-05-09 13:24:22.796 | INFO     | __main__:<module>:95 - Epoch: 105, Loss: 0.1549, Train Acc: 0.9481,  Test_Loss: 0.1654,Test Acc: 0.9436,Test F1: 0.9220,Test auc: 0.9577
2024-05-09 13:24:22.824 | INFO     | __main__:<module>:95 - Epoch: 106, Loss: 0.1727, Train Acc: 0.9382,  Test_Loss: 0.1706,Test Acc: 0.9410,Test F1: 0.9187,Test auc: 0.9558
2024-05-09 13:24:22.853 | INFO     | __main__:<module>:95 - Epoch: 107, Loss: 0.1589, Train Acc: 0.9393,  Test_Loss: 0.1722,Test Acc: 0.9410,Test F1: 0.9187,Test auc: 0.9558
2024-05-09 13:24:22.883 | INFO     | __main__:<module>:95 - Epoch: 108, Loss: 0.1490, Train Acc: 0.9481,  Test_Loss: 0.1613,Test Acc: 0.9436,Test F1: 0.9220,Test auc: 0.9577
2024-05-09 13:24:22.913 | INFO     | __main__:<module>:95 - Epoch: 109, Loss: 0.1695, Train Acc: 0.9426,  Test_Loss: 0.1658,Test Acc: 0.9436,Test F1: 0.9220,Test auc: 0.9577
2024-05-09 13:24:22.935 | INFO     | __main__:<module>:95 - Epoch: 110, Loss: 0.1564, Train Acc: 0.9371,  Test_Loss: 0.1641,Test Acc: 0.9436,Test F1: 0.9220,Test auc: 0.9577
2024-05-09 13:24:22.966 | INFO     | __main__:<module>:95 - Epoch: 111, Loss: 0.1559, Train Acc: 0.9470,  Test_Loss: 0.1621,Test Acc: 0.9436,Test F1: 0.9220,Test auc: 0.9577
2024-05-09 13:24:22.997 | INFO     | __main__:<module>:95 - Epoch: 112, Loss: 0.1633, Train Acc: 0.9393,  Test_Loss: 0.1777,Test Acc: 0.9410,Test F1: 0.9187,Test auc: 0.9558
2024-05-09 13:24:23.033 | INFO     | __main__:<module>:95 - Epoch: 113, Loss: 0.1668, Train Acc: 0.9371,  Test_Loss: 0.1716,Test Acc: 0.9410,Test F1: 0.9187,Test auc: 0.9558
2024-05-09 13:24:23.051 | INFO     | __main__:<module>:95 - Epoch: 114, Loss: 0.1629, Train Acc: 0.9470,  Test_Loss: 0.1817,Test Acc: 0.9410,Test F1: 0.9187,Test auc: 0.9558
2024-05-09 13:24:23.082 | INFO     | __main__:<module>:95 - Epoch: 115, Loss: 0.1841, Train Acc: 0.9272,  Test_Loss: 0.1861,Test Acc: 0.9410,Test F1: 0.9187,Test auc: 0.9558
2024-05-09 13:24:23.105 | INFO     | __main__:<module>:95 - Epoch: 116, Loss: 0.1427, Train Acc: 0.9558,  Test_Loss: 0.1837,Test Acc: 0.9410,Test F1: 0.9187,Test auc: 0.9558
2024-05-09 13:24:23.134 | INFO     | __main__:<module>:95 - Epoch: 117, Loss: 0.1688, Train Acc: 0.9448,  Test_Loss: 0.1790,Test Acc: 0.9410,Test F1: 0.9187,Test auc: 0.9558
2024-05-09 13:24:23.166 | INFO     | __main__:<module>:95 - Epoch: 118, Loss: 0.1802, Train Acc: 0.9338,  Test_Loss: 0.1739,Test Acc: 0.9410,Test F1: 0.9187,Test auc: 0.9558
2024-05-09 13:24:23.208 | INFO     | __main__:<module>:95 - Epoch: 119, Loss: 0.1604, Train Acc: 0.9426,  Test_Loss: 0.1726,Test Acc: 0.9410,Test F1: 0.9187,Test auc: 0.9558
2024-05-09 13:24:23.234 | INFO     | __main__:<module>:95 - Epoch: 120, Loss: 0.1698, Train Acc: 0.9371,  Test_Loss: 0.1861,Test Acc: 0.9410,Test F1: 0.9187,Test auc: 0.9558
2024-05-09 13:24:23.267 | INFO     | __main__:<module>:95 - Epoch: 121, Loss: 0.1578, Train Acc: 0.9459,  Test_Loss: 0.1856,Test Acc: 0.9410,Test F1: 0.9187,Test auc: 0.9558
2024-05-09 13:24:23.300 | INFO     | __main__:<module>:95 - Epoch: 122, Loss: 0.1607, Train Acc: 0.9371,  Test_Loss: 0.1922,Test Acc: 0.9385,Test F1: 0.9155,Test auc: 0.9538
2024-05-09 13:24:23.340 | INFO     | __main__:<module>:95 - Epoch: 123, Loss: 0.1729, Train Acc: 0.9426,  Test_Loss: 0.1834,Test Acc: 0.9410,Test F1: 0.9187,Test auc: 0.9558
2024-05-09 13:24:23.342 | INFO     | __main__:<module>:113 - 2.887542724609375
