2024-05-09 13:14:15.157 | INFO     | __main__:<module>:79 - Namespace(dataset='ca-hepph', model='GCN', learning_rate=0.01, epochs=9999, hidden_units=16, dropout=0.4, weight_decay=0.01, weight_decay1=0.01, weight_decay2=0.0005, early_stopping=30, residual=True, seed=824, type='Binary', DEVICE='cuda', theta=0.5, layers=64, alpha=0.1, feature_type='x_55', CGCN=0)
2024-05-09 13:14:15.158 | INFO     | __main__:<module>:80 - Data(edge_index=[2, 235238], num_nodes=11204, x=[11204, 4], train_mask=[11204], test_mask=[11204], label=[11204])
2024-05-09 13:14:15.190 | INFO     | __main__:<module>:100 - Epoch: 00, Loss: 81.0702, Train Acc: 0.5729,  Test_Loss: 9.4328,Test Acc: 0.1696,Test F1: 0.1571,Test auc: 0.1853
2024-05-09 13:14:15.215 | INFO     | __main__:<module>:100 - Epoch: 01, Loss: 24.3493, Train Acc: 0.2753,  Test_Loss: 4.0139,Test Acc: 0.1756,Test F1: 0.2952,Test auc: 0.2612
2024-05-09 13:14:15.243 | INFO     | __main__:<module>:100 - Epoch: 02, Loss: 10.1819, Train Acc: 0.3490,  Test_Loss: 1.9763,Test Acc: 0.3988,Test F1: 0.5258,Test auc: 0.5491
2024-05-09 13:14:15.266 | INFO     | __main__:<module>:100 - Epoch: 03, Loss: 4.2638, Train Acc: 0.4464,  Test_Loss: 2.3429,Test Acc: 0.5625,Test F1: 0.6038,Test auc: 0.6719
2024-05-09 13:14:15.288 | INFO     | __main__:<module>:100 - Epoch: 04, Loss: 4.7565, Train Acc: 0.4330,  Test_Loss: 2.2385,Test Acc: 0.5804,Test F1: 0.6137,Test auc: 0.6853
2024-05-09 13:14:15.308 | INFO     | __main__:<module>:100 - Epoch: 05, Loss: 4.6688, Train Acc: 0.4375,  Test_Loss: 2.1565,Test Acc: 0.5982,Test F1: 0.6240,Test auc: 0.6987
2024-05-09 13:14:15.330 | INFO     | __main__:<module>:100 - Epoch: 06, Loss: 4.6963, Train Acc: 0.4308,  Test_Loss: 2.0881,Test Acc: 0.6071,Test F1: 0.6292,Test auc: 0.7054
2024-05-09 13:14:15.350 | INFO     | __main__:<module>:100 - Epoch: 07, Loss: 4.6840, Train Acc: 0.4286,  Test_Loss: 2.0388,Test Acc: 0.6101,Test F1: 0.6310,Test auc: 0.7076
2024-05-09 13:14:15.374 | INFO     | __main__:<module>:100 - Epoch: 08, Loss: 4.3802, Train Acc: 0.4457,  Test_Loss: 2.0070,Test Acc: 0.6131,Test F1: 0.6328,Test auc: 0.7098
2024-05-09 13:14:15.410 | INFO     | __main__:<module>:100 - Epoch: 09, Loss: 4.8070, Train Acc: 0.4204,  Test_Loss: 1.9831,Test Acc: 0.6131,Test F1: 0.6328,Test auc: 0.7098
2024-05-09 13:14:15.460 | INFO     | __main__:<module>:100 - Epoch: 10, Loss: 4.9760, Train Acc: 0.4516,  Test_Loss: 1.9498,Test Acc: 0.6161,Test F1: 0.6346,Test auc: 0.7121
2024-05-09 13:14:15.494 | INFO     | __main__:<module>:100 - Epoch: 11, Loss: 4.4769, Train Acc: 0.5885,  Test_Loss: 1.8779,Test Acc: 0.6905,Test F1: 0.6829,Test auc: 0.7679
2024-05-09 13:14:15.522 | INFO     | __main__:<module>:100 - Epoch: 12, Loss: 3.2088, Train Acc: 0.6890,  Test_Loss: 1.7617,Test Acc: 0.7440,Test F1: 0.7226,Test auc: 0.8080
2024-05-09 13:14:15.546 | INFO     | __main__:<module>:100 - Epoch: 13, Loss: 2.5170, Train Acc: 0.7552,  Test_Loss: 1.6066,Test Acc: 0.7827,Test F1: 0.7542,Test auc: 0.8371
2024-05-09 13:14:15.572 | INFO     | __main__:<module>:100 - Epoch: 14, Loss: 2.1959, Train Acc: 0.7939,  Test_Loss: 1.4161,Test Acc: 0.8036,Test F1: 0.7724,Test auc: 0.8527
2024-05-09 13:14:15.612 | INFO     | __main__:<module>:100 - Epoch: 15, Loss: 1.9859, Train Acc: 0.8423,  Test_Loss: 1.2175,Test Acc: 0.8244,Test F1: 0.7870,Test auc: 0.8616
2024-05-09 13:14:15.645 | INFO     | __main__:<module>:100 - Epoch: 16, Loss: 1.6301, Train Acc: 0.8363,  Test_Loss: 1.4476,Test Acc: 0.7113,Test F1: 0.5650,Test auc: 0.6741
2024-05-09 13:14:15.672 | INFO     | __main__:<module>:100 - Epoch: 17, Loss: 1.3683, Train Acc: 0.8646,  Test_Loss: 1.5373,Test Acc: 0.7054,Test F1: 0.5520,Test auc: 0.6652
2024-05-09 13:14:15.694 | INFO     | __main__:<module>:100 - Epoch: 18, Loss: 1.3793, Train Acc: 0.8482,  Test_Loss: 1.4151,Test Acc: 0.7143,Test F1: 0.5714,Test auc: 0.6786
2024-05-09 13:14:15.717 | INFO     | __main__:<module>:100 - Epoch: 19, Loss: 1.2752, Train Acc: 0.8534,  Test_Loss: 1.4767,Test Acc: 0.7083,Test F1: 0.5586,Test auc: 0.6696
2024-05-09 13:14:15.736 | INFO     | __main__:<module>:100 - Epoch: 20, Loss: 1.4758, Train Acc: 0.8400,  Test_Loss: 1.2253,Test Acc: 0.7173,Test F1: 0.5815,Test auc: 0.6853
2024-05-09 13:14:15.755 | INFO     | __main__:<module>:100 - Epoch: 21, Loss: 1.5061, Train Acc: 0.8519,  Test_Loss: 1.2512,Test Acc: 0.7173,Test F1: 0.5778,Test auc: 0.6830
2024-05-09 13:14:15.782 | INFO     | __main__:<module>:100 - Epoch: 22, Loss: 1.7676, Train Acc: 0.8385,  Test_Loss: 1.1144,Test Acc: 0.8125,Test F1: 0.7586,Test auc: 0.8304
2024-05-09 13:14:15.808 | INFO     | __main__:<module>:100 - Epoch: 23, Loss: 1.1994, Train Acc: 0.8624,  Test_Loss: 1.1433,Test Acc: 0.7262,Test F1: 0.5818,Test auc: 0.6875
2024-05-09 13:14:15.847 | INFO     | __main__:<module>:100 - Epoch: 24, Loss: 1.4844, Train Acc: 0.8527,  Test_Loss: 1.0100,Test Acc: 0.7351,Test F1: 0.6009,Test auc: 0.7009
2024-05-09 13:14:15.889 | INFO     | __main__:<module>:100 - Epoch: 25, Loss: 1.0267, Train Acc: 0.8519,  Test_Loss: 0.9346,Test Acc: 0.7530,Test F1: 0.6066,Test auc: 0.7076
2024-05-09 13:14:15.924 | INFO     | __main__:<module>:100 - Epoch: 26, Loss: 1.2229, Train Acc: 0.8586,  Test_Loss: 0.7780,Test Acc: 0.8363,Test F1: 0.7679,Test auc: 0.8304
2024-05-09 13:14:15.948 | INFO     | __main__:<module>:100 - Epoch: 27, Loss: 1.1882, Train Acc: 0.8899,  Test_Loss: 0.6328,Test Acc: 0.8929,Test F1: 0.8583,Test auc: 0.9129
2024-05-09 13:14:15.972 | INFO     | __main__:<module>:100 - Epoch: 28, Loss: 0.7833, Train Acc: 0.8981,  Test_Loss: 0.5840,Test Acc: 0.8958,Test F1: 0.8617,Test auc: 0.9152
2024-05-09 13:14:16.000 | INFO     | __main__:<module>:100 - Epoch: 29, Loss: 0.8261, Train Acc: 0.8921,  Test_Loss: 0.5530,Test Acc: 0.9048,Test F1: 0.8740,Test auc: 0.9263
2024-05-09 13:14:16.037 | INFO     | __main__:<module>:100 - Epoch: 30, Loss: 0.6640, Train Acc: 0.9182,  Test_Loss: 0.5252,Test Acc: 0.9048,Test F1: 0.8740,Test auc: 0.9263
2024-05-09 13:14:16.071 | INFO     | __main__:<module>:100 - Epoch: 31, Loss: 0.6852, Train Acc: 0.9062,  Test_Loss: 0.4925,Test Acc: 0.9107,Test F1: 0.8810,Test auc: 0.9308
2024-05-09 13:14:16.110 | INFO     | __main__:<module>:100 - Epoch: 32, Loss: 0.7724, Train Acc: 0.9152,  Test_Loss: 0.4565,Test Acc: 0.9167,Test F1: 0.8880,Test auc: 0.9353
2024-05-09 13:14:16.140 | INFO     | __main__:<module>:100 - Epoch: 33, Loss: 0.4782, Train Acc: 0.9226,  Test_Loss: 0.4244,Test Acc: 0.9226,Test F1: 0.8952,Test auc: 0.9397
2024-05-09 13:14:16.164 | INFO     | __main__:<module>:100 - Epoch: 34, Loss: 0.5286, Train Acc: 0.9204,  Test_Loss: 0.3971,Test Acc: 0.9286,Test F1: 0.9024,Test auc: 0.9442
2024-05-09 13:14:16.191 | INFO     | __main__:<module>:100 - Epoch: 35, Loss: 0.4661, Train Acc: 0.9315,  Test_Loss: 0.3762,Test Acc: 0.9226,Test F1: 0.8934,Test auc: 0.9353
2024-05-09 13:14:16.221 | INFO     | __main__:<module>:100 - Epoch: 36, Loss: 0.5217, Train Acc: 0.9167,  Test_Loss: 0.3598,Test Acc: 0.9226,Test F1: 0.8926,Test auc: 0.9330
2024-05-09 13:14:16.263 | INFO     | __main__:<module>:100 - Epoch: 37, Loss: 0.4260, Train Acc: 0.9286,  Test_Loss: 0.3487,Test Acc: 0.9226,Test F1: 0.8926,Test auc: 0.9330
2024-05-09 13:14:16.304 | INFO     | __main__:<module>:100 - Epoch: 38, Loss: 0.3991, Train Acc: 0.9345,  Test_Loss: 0.3401,Test Acc: 0.9286,Test F1: 0.9000,Test auc: 0.9375
2024-05-09 13:14:16.339 | INFO     | __main__:<module>:100 - Epoch: 39, Loss: 0.4163, Train Acc: 0.9263,  Test_Loss: 0.3299,Test Acc: 0.9315,Test F1: 0.9038,Test auc: 0.9397
2024-05-09 13:14:16.371 | INFO     | __main__:<module>:100 - Epoch: 40, Loss: 0.3491, Train Acc: 0.9412,  Test_Loss: 0.3206,Test Acc: 0.9405,Test F1: 0.9145,Test auc: 0.9442
2024-05-09 13:14:16.395 | INFO     | __main__:<module>:100 - Epoch: 41, Loss: 0.3107, Train Acc: 0.9330,  Test_Loss: 0.3072,Test Acc: 0.9435,Test F1: 0.9185,Test auc: 0.9464
2024-05-09 13:14:16.432 | INFO     | __main__:<module>:100 - Epoch: 42, Loss: 0.3690, Train Acc: 0.9353,  Test_Loss: 0.2905,Test Acc: 0.9464,Test F1: 0.9224,Test auc: 0.9487
2024-05-09 13:14:16.482 | INFO     | __main__:<module>:100 - Epoch: 43, Loss: 0.2832, Train Acc: 0.9360,  Test_Loss: 0.2717,Test Acc: 0.9524,Test F1: 0.9304,Test auc: 0.9531
2024-05-09 13:14:16.517 | INFO     | __main__:<module>:100 - Epoch: 44, Loss: 0.3299, Train Acc: 0.9382,  Test_Loss: 0.2517,Test Acc: 0.9554,Test F1: 0.9351,Test auc: 0.9576
2024-05-09 13:14:16.543 | INFO     | __main__:<module>:100 - Epoch: 45, Loss: 0.2798, Train Acc: 0.9449,  Test_Loss: 0.2318,Test Acc: 0.9583,Test F1: 0.9391,Test auc: 0.9598
2024-05-09 13:14:16.564 | INFO     | __main__:<module>:100 - Epoch: 46, Loss: 0.2954, Train Acc: 0.9390,  Test_Loss: 0.2131,Test Acc: 0.9583,Test F1: 0.9391,Test auc: 0.9598
2024-05-09 13:14:16.589 | INFO     | __main__:<module>:100 - Epoch: 47, Loss: 0.2250, Train Acc: 0.9487,  Test_Loss: 0.1965,Test Acc: 0.9643,Test F1: 0.9474,Test auc: 0.9643
2024-05-09 13:14:16.624 | INFO     | __main__:<module>:100 - Epoch: 48, Loss: 0.2386, Train Acc: 0.9494,  Test_Loss: 0.1780,Test Acc: 0.9643,Test F1: 0.9474,Test auc: 0.9643
2024-05-09 13:14:16.658 | INFO     | __main__:<module>:100 - Epoch: 49, Loss: 0.1655, Train Acc: 0.9606,  Test_Loss: 0.1633,Test Acc: 0.9673,Test F1: 0.9520,Test auc: 0.9688
2024-05-09 13:14:16.699 | INFO     | __main__:<module>:100 - Epoch: 50, Loss: 0.1997, Train Acc: 0.9464,  Test_Loss: 0.1534,Test Acc: 0.9702,Test F1: 0.9561,Test auc: 0.9710
2024-05-09 13:14:16.730 | INFO     | __main__:<module>:100 - Epoch: 51, Loss: 0.2556, Train Acc: 0.9442,  Test_Loss: 0.1446,Test Acc: 0.9702,Test F1: 0.9561,Test auc: 0.9710
2024-05-09 13:14:16.757 | INFO     | __main__:<module>:100 - Epoch: 52, Loss: 0.1998, Train Acc: 0.9576,  Test_Loss: 0.1391,Test Acc: 0.9762,Test F1: 0.9649,Test auc: 0.9777
2024-05-09 13:14:16.781 | INFO     | __main__:<module>:100 - Epoch: 53, Loss: 0.1910, Train Acc: 0.9546,  Test_Loss: 0.1350,Test Acc: 0.9762,Test F1: 0.9649,Test auc: 0.9777
2024-05-09 13:14:16.806 | INFO     | __main__:<module>:100 - Epoch: 54, Loss: 0.1977, Train Acc: 0.9621,  Test_Loss: 0.1330,Test Acc: 0.9792,Test F1: 0.9692,Test auc: 0.9799
2024-05-09 13:14:16.831 | INFO     | __main__:<module>:100 - Epoch: 55, Loss: 0.1829, Train Acc: 0.9583,  Test_Loss: 0.1309,Test Acc: 0.9792,Test F1: 0.9694,Test auc: 0.9821
2024-05-09 13:14:16.862 | INFO     | __main__:<module>:100 - Epoch: 56, Loss: 0.1454, Train Acc: 0.9643,  Test_Loss: 0.1287,Test Acc: 0.9792,Test F1: 0.9694,Test auc: 0.9821
2024-05-09 13:14:16.897 | INFO     | __main__:<module>:100 - Epoch: 57, Loss: 0.1703, Train Acc: 0.9583,  Test_Loss: 0.1280,Test Acc: 0.9792,Test F1: 0.9694,Test auc: 0.9821
2024-05-09 13:14:16.927 | INFO     | __main__:<module>:100 - Epoch: 58, Loss: 0.1795, Train Acc: 0.9621,  Test_Loss: 0.1287,Test Acc: 0.9762,Test F1: 0.9649,Test auc: 0.9777
2024-05-09 13:14:16.954 | INFO     | __main__:<module>:100 - Epoch: 59, Loss: 0.1742, Train Acc: 0.9561,  Test_Loss: 0.1301,Test Acc: 0.9732,Test F1: 0.9604,Test auc: 0.9732
2024-05-09 13:14:16.974 | INFO     | __main__:<module>:100 - Epoch: 60, Loss: 0.1719, Train Acc: 0.9531,  Test_Loss: 0.1308,Test Acc: 0.9732,Test F1: 0.9604,Test auc: 0.9732
2024-05-09 13:14:16.999 | INFO     | __main__:<module>:100 - Epoch: 61, Loss: 0.1927, Train Acc: 0.9479,  Test_Loss: 0.1317,Test Acc: 0.9732,Test F1: 0.9604,Test auc: 0.9732
2024-05-09 13:14:17.020 | INFO     | __main__:<module>:100 - Epoch: 62, Loss: 0.1512, Train Acc: 0.9568,  Test_Loss: 0.1314,Test Acc: 0.9732,Test F1: 0.9604,Test auc: 0.9732
2024-05-09 13:14:17.038 | INFO     | __main__:<module>:100 - Epoch: 63, Loss: 0.1851, Train Acc: 0.9554,  Test_Loss: 0.1315,Test Acc: 0.9732,Test F1: 0.9604,Test auc: 0.9732
2024-05-09 13:14:17.069 | INFO     | __main__:<module>:100 - Epoch: 64, Loss: 0.1654, Train Acc: 0.9501,  Test_Loss: 0.1310,Test Acc: 0.9762,Test F1: 0.9649,Test auc: 0.9777
2024-05-09 13:14:17.098 | INFO     | __main__:<module>:100 - Epoch: 65, Loss: 0.1457, Train Acc: 0.9606,  Test_Loss: 0.1307,Test Acc: 0.9732,Test F1: 0.9604,Test auc: 0.9732
2024-05-09 13:14:17.130 | INFO     | __main__:<module>:100 - Epoch: 66, Loss: 0.1779, Train Acc: 0.9576,  Test_Loss: 0.1319,Test Acc: 0.9702,Test F1: 0.9558,Test auc: 0.9688
2024-05-09 13:14:17.163 | INFO     | __main__:<module>:100 - Epoch: 67, Loss: 0.1614, Train Acc: 0.9606,  Test_Loss: 0.1319,Test Acc: 0.9702,Test F1: 0.9558,Test auc: 0.9688
2024-05-09 13:14:17.187 | INFO     | __main__:<module>:100 - Epoch: 68, Loss: 0.1496, Train Acc: 0.9576,  Test_Loss: 0.1313,Test Acc: 0.9702,Test F1: 0.9558,Test auc: 0.9688
2024-05-09 13:14:17.206 | INFO     | __main__:<module>:100 - Epoch: 69, Loss: 0.1796, Train Acc: 0.9524,  Test_Loss: 0.1314,Test Acc: 0.9702,Test F1: 0.9558,Test auc: 0.9688
2024-05-09 13:14:17.224 | INFO     | __main__:<module>:100 - Epoch: 70, Loss: 0.1410, Train Acc: 0.9598,  Test_Loss: 0.1319,Test Acc: 0.9702,Test F1: 0.9558,Test auc: 0.9688
2024-05-09 13:14:17.242 | INFO     | __main__:<module>:100 - Epoch: 71, Loss: 0.1624, Train Acc: 0.9554,  Test_Loss: 0.1314,Test Acc: 0.9732,Test F1: 0.9604,Test auc: 0.9732
2024-05-09 13:14:17.267 | INFO     | __main__:<module>:100 - Epoch: 72, Loss: 0.1876, Train Acc: 0.9472,  Test_Loss: 0.1324,Test Acc: 0.9702,Test F1: 0.9558,Test auc: 0.9688
2024-05-09 13:14:17.295 | INFO     | __main__:<module>:100 - Epoch: 73, Loss: 0.1846, Train Acc: 0.9561,  Test_Loss: 0.1328,Test Acc: 0.9702,Test F1: 0.9558,Test auc: 0.9688
2024-05-09 13:14:17.327 | INFO     | __main__:<module>:100 - Epoch: 74, Loss: 0.1553, Train Acc: 0.9576,  Test_Loss: 0.1320,Test Acc: 0.9702,Test F1: 0.9558,Test auc: 0.9688
2024-05-09 13:14:17.360 | INFO     | __main__:<module>:100 - Epoch: 75, Loss: 0.1589, Train Acc: 0.9568,  Test_Loss: 0.1316,Test Acc: 0.9732,Test F1: 0.9604,Test auc: 0.9732
2024-05-09 13:14:17.387 | INFO     | __main__:<module>:100 - Epoch: 76, Loss: 0.1658, Train Acc: 0.9531,  Test_Loss: 0.1315,Test Acc: 0.9702,Test F1: 0.9558,Test auc: 0.9688
2024-05-09 13:14:17.407 | INFO     | __main__:<module>:100 - Epoch: 77, Loss: 0.1544, Train Acc: 0.9606,  Test_Loss: 0.1308,Test Acc: 0.9732,Test F1: 0.9604,Test auc: 0.9732
2024-05-09 13:14:17.426 | INFO     | __main__:<module>:100 - Epoch: 78, Loss: 0.1785, Train Acc: 0.9591,  Test_Loss: 0.1308,Test Acc: 0.9732,Test F1: 0.9604,Test auc: 0.9732
2024-05-09 13:14:17.443 | INFO     | __main__:<module>:100 - Epoch: 79, Loss: 0.1617, Train Acc: 0.9576,  Test_Loss: 0.1312,Test Acc: 0.9732,Test F1: 0.9604,Test auc: 0.9732
2024-05-09 13:14:17.462 | INFO     | __main__:<module>:100 - Epoch: 80, Loss: 0.1691, Train Acc: 0.9524,  Test_Loss: 0.1313,Test Acc: 0.9762,Test F1: 0.9649,Test auc: 0.9777
2024-05-09 13:14:17.488 | INFO     | __main__:<module>:100 - Epoch: 81, Loss: 0.1993, Train Acc: 0.9449,  Test_Loss: 0.1306,Test Acc: 0.9762,Test F1: 0.9649,Test auc: 0.9777
2024-05-09 13:14:17.511 | INFO     | __main__:<module>:100 - Epoch: 82, Loss: 0.1725, Train Acc: 0.9591,  Test_Loss: 0.1314,Test Acc: 0.9732,Test F1: 0.9604,Test auc: 0.9732
2024-05-09 13:14:17.544 | INFO     | __main__:<module>:100 - Epoch: 83, Loss: 0.1724, Train Acc: 0.9494,  Test_Loss: 0.1324,Test Acc: 0.9732,Test F1: 0.9604,Test auc: 0.9732
2024-05-09 13:14:17.575 | INFO     | __main__:<module>:100 - Epoch: 84, Loss: 0.1532, Train Acc: 0.9554,  Test_Loss: 0.1320,Test Acc: 0.9732,Test F1: 0.9604,Test auc: 0.9732
2024-05-09 13:14:17.603 | INFO     | __main__:<module>:100 - Epoch: 85, Loss: 0.1688, Train Acc: 0.9561,  Test_Loss: 0.1323,Test Acc: 0.9732,Test F1: 0.9604,Test auc: 0.9732
2024-05-09 13:14:17.623 | INFO     | __main__:<module>:100 - Epoch: 86, Loss: 0.1885, Train Acc: 0.9524,  Test_Loss: 0.1325,Test Acc: 0.9762,Test F1: 0.9649,Test auc: 0.9777
2024-05-09 13:14:17.641 | INFO     | __main__:<module>:100 - Epoch: 87, Loss: 0.1714, Train Acc: 0.9487,  Test_Loss: 0.1321,Test Acc: 0.9762,Test F1: 0.9649,Test auc: 0.9777
2024-05-09 13:14:17.641 | INFO     | __main__:<module>:118 - 1.8078889846801758
2024-05-09 13:14:19.145 | INFO     | __main__:<module>:79 - Namespace(dataset='ca-hepph', model='GCN', learning_rate=0.01, epochs=9999, hidden_units=16, dropout=0.4, weight_decay=0.01, weight_decay1=0.01, weight_decay2=0.0005, early_stopping=30, residual=True, seed=824, type='Binary', DEVICE='cuda', theta=0.5, layers=64, alpha=0.1, feature_type='x_55', CGCN=0)
2024-05-09 13:14:19.145 | INFO     | __main__:<module>:80 - Data(edge_index=[2, 235238], num_nodes=11204, x=[11204, 5], train_mask=[11204], test_mask=[11204], label=[11204])
2024-05-09 13:14:19.169 | INFO     | __main__:<module>:100 - Epoch: 00, Loss: 2.8175, Train Acc: 0.3668,  Test_Loss: 1.3642,Test Acc: 0.7262,Test F1: 0.7089,Test auc: 0.7946
2024-05-09 13:14:19.196 | INFO     | __main__:<module>:100 - Epoch: 01, Loss: 1.5754, Train Acc: 0.7143,  Test_Loss: 0.9922,Test Acc: 0.8482,Test F1: 0.8132,Test auc: 0.8839
2024-05-09 13:14:19.221 | INFO     | __main__:<module>:100 - Epoch: 02, Loss: 1.0608, Train Acc: 0.8266,  Test_Loss: 0.8431,Test Acc: 0.8839,Test F1: 0.8506,Test auc: 0.9107
2024-05-09 13:14:19.248 | INFO     | __main__:<module>:100 - Epoch: 03, Loss: 0.9755, Train Acc: 0.8661,  Test_Loss: 0.7126,Test Acc: 0.8899,Test F1: 0.8549,Test auc: 0.9107
2024-05-09 13:14:19.277 | INFO     | __main__:<module>:100 - Epoch: 04, Loss: 0.7873, Train Acc: 0.9025,  Test_Loss: 0.6901,Test Acc: 0.9077,Test F1: 0.8724,Test auc: 0.9174
2024-05-09 13:14:19.298 | INFO     | __main__:<module>:100 - Epoch: 05, Loss: 0.7429, Train Acc: 0.9003,  Test_Loss: 1.0048,Test Acc: 0.7768,Test F1: 0.5856,Test auc: 0.7009
2024-05-09 13:14:19.328 | INFO     | __main__:<module>:100 - Epoch: 06, Loss: 0.7628, Train Acc: 0.8973,  Test_Loss: 0.5893,Test Acc: 0.9226,Test F1: 0.8908,Test auc: 0.9286
2024-05-09 13:14:19.359 | INFO     | __main__:<module>:100 - Epoch: 07, Loss: 0.5749, Train Acc: 0.9159,  Test_Loss: 0.4609,Test Acc: 0.9405,Test F1: 0.9138,Test auc: 0.9420
2024-05-09 13:14:19.399 | INFO     | __main__:<module>:100 - Epoch: 08, Loss: 0.4548, Train Acc: 0.9241,  Test_Loss: 0.3586,Test Acc: 0.9524,Test F1: 0.9310,Test auc: 0.9554
2024-05-09 13:14:19.435 | INFO     | __main__:<module>:100 - Epoch: 09, Loss: 0.4120, Train Acc: 0.9144,  Test_Loss: 0.3108,Test Acc: 0.9702,Test F1: 0.9561,Test auc: 0.9710
2024-05-09 13:14:19.467 | INFO     | __main__:<module>:100 - Epoch: 10, Loss: 0.3177, Train Acc: 0.9301,  Test_Loss: 0.2907,Test Acc: 0.9821,Test F1: 0.9737,Test auc: 0.9844
2024-05-09 13:14:19.488 | INFO     | __main__:<module>:100 - Epoch: 11, Loss: 0.3269, Train Acc: 0.9249,  Test_Loss: 0.2907,Test Acc: 0.9673,Test F1: 0.9502,Test auc: 0.9598
2024-05-09 13:14:19.507 | INFO     | __main__:<module>:100 - Epoch: 12, Loss: 0.3524, Train Acc: 0.8981,  Test_Loss: 0.2931,Test Acc: 0.9643,Test F1: 0.9450,Test auc: 0.9531
2024-05-09 13:14:19.532 | INFO     | __main__:<module>:100 - Epoch: 13, Loss: 0.2908, Train Acc: 0.9345,  Test_Loss: 0.2903,Test Acc: 0.9643,Test F1: 0.9444,Test auc: 0.9509
2024-05-09 13:14:19.553 | INFO     | __main__:<module>:100 - Epoch: 14, Loss: 0.3183, Train Acc: 0.9182,  Test_Loss: 0.2983,Test Acc: 0.9554,Test F1: 0.9296,Test auc: 0.9375
2024-05-09 13:14:19.577 | INFO     | __main__:<module>:100 - Epoch: 15, Loss: 0.3242, Train Acc: 0.9196,  Test_Loss: 0.2981,Test Acc: 0.9554,Test F1: 0.9296,Test auc: 0.9375
2024-05-09 13:14:19.606 | INFO     | __main__:<module>:100 - Epoch: 16, Loss: 0.3332, Train Acc: 0.9211,  Test_Loss: 0.2904,Test Acc: 0.9554,Test F1: 0.9296,Test auc: 0.9375
2024-05-09 13:14:19.634 | INFO     | __main__:<module>:100 - Epoch: 17, Loss: 0.3014, Train Acc: 0.9129,  Test_Loss: 0.2913,Test Acc: 0.9554,Test F1: 0.9296,Test auc: 0.9375
2024-05-09 13:14:19.663 | INFO     | __main__:<module>:100 - Epoch: 18, Loss: 0.3157, Train Acc: 0.9040,  Test_Loss: 0.2939,Test Acc: 0.9524,Test F1: 0.9252,Test auc: 0.9353
2024-05-09 13:14:19.687 | INFO     | __main__:<module>:100 - Epoch: 19, Loss: 0.3119, Train Acc: 0.9159,  Test_Loss: 0.2922,Test Acc: 0.9554,Test F1: 0.9296,Test auc: 0.9375
2024-05-09 13:14:19.708 | INFO     | __main__:<module>:100 - Epoch: 20, Loss: 0.3235, Train Acc: 0.9062,  Test_Loss: 0.2941,Test Acc: 0.9494,Test F1: 0.9202,Test auc: 0.9308
2024-05-09 13:14:19.728 | INFO     | __main__:<module>:100 - Epoch: 21, Loss: 0.3558, Train Acc: 0.9122,  Test_Loss: 0.2912,Test Acc: 0.9494,Test F1: 0.9202,Test auc: 0.9308
2024-05-09 13:14:19.744 | INFO     | __main__:<module>:100 - Epoch: 22, Loss: 0.3402, Train Acc: 0.9144,  Test_Loss: 0.2918,Test Acc: 0.9494,Test F1: 0.9202,Test auc: 0.9308
2024-05-09 13:14:19.762 | INFO     | __main__:<module>:100 - Epoch: 23, Loss: 0.3146, Train Acc: 0.9085,  Test_Loss: 0.2921,Test Acc: 0.9494,Test F1: 0.9202,Test auc: 0.9308
2024-05-09 13:14:19.789 | INFO     | __main__:<module>:100 - Epoch: 24, Loss: 0.3212, Train Acc: 0.9249,  Test_Loss: 0.2901,Test Acc: 0.9524,Test F1: 0.9252,Test auc: 0.9353
2024-05-09 13:14:19.835 | INFO     | __main__:<module>:100 - Epoch: 25, Loss: 0.2846, Train Acc: 0.9315,  Test_Loss: 0.2835,Test Acc: 0.9464,Test F1: 0.9174,Test auc: 0.9330
2024-05-09 13:14:19.868 | INFO     | __main__:<module>:100 - Epoch: 26, Loss: 0.3010, Train Acc: 0.9204,  Test_Loss: 0.2722,Test Acc: 0.9554,Test F1: 0.9327,Test auc: 0.9487
2024-05-09 13:14:19.890 | INFO     | __main__:<module>:100 - Epoch: 27, Loss: 0.2911, Train Acc: 0.9271,  Test_Loss: 0.2724,Test Acc: 0.9554,Test F1: 0.9345,Test auc: 0.9554
2024-05-09 13:14:19.910 | INFO     | __main__:<module>:100 - Epoch: 28, Loss: 0.2542, Train Acc: 0.9241,  Test_Loss: 0.2731,Test Acc: 0.9554,Test F1: 0.9345,Test auc: 0.9554
2024-05-09 13:14:19.934 | INFO     | __main__:<module>:100 - Epoch: 29, Loss: 0.2624, Train Acc: 0.9278,  Test_Loss: 0.2738,Test Acc: 0.9583,Test F1: 0.9386,Test auc: 0.9576
2024-05-09 13:14:19.960 | INFO     | __main__:<module>:100 - Epoch: 30, Loss: 0.2819, Train Acc: 0.9360,  Test_Loss: 0.2685,Test Acc: 0.9583,Test F1: 0.9386,Test auc: 0.9576
2024-05-09 13:14:19.977 | INFO     | __main__:<module>:100 - Epoch: 31, Loss: 0.2508, Train Acc: 0.9256,  Test_Loss: 0.2725,Test Acc: 0.9554,Test F1: 0.9345,Test auc: 0.9554
2024-05-09 13:14:20.016 | INFO     | __main__:<module>:100 - Epoch: 32, Loss: 0.2695, Train Acc: 0.9196,  Test_Loss: 0.2632,Test Acc: 0.9583,Test F1: 0.9386,Test auc: 0.9576
2024-05-09 13:14:20.058 | INFO     | __main__:<module>:100 - Epoch: 33, Loss: 0.2276, Train Acc: 0.9345,  Test_Loss: 0.2566,Test Acc: 0.9583,Test F1: 0.9391,Test auc: 0.9598
2024-05-09 13:14:20.098 | INFO     | __main__:<module>:100 - Epoch: 34, Loss: 0.2141, Train Acc: 0.9368,  Test_Loss: 0.2415,Test Acc: 0.9583,Test F1: 0.9391,Test auc: 0.9598
2024-05-09 13:14:20.127 | INFO     | __main__:<module>:100 - Epoch: 35, Loss: 0.1997, Train Acc: 0.9442,  Test_Loss: 0.2272,Test Acc: 0.9613,Test F1: 0.9432,Test auc: 0.9621
2024-05-09 13:14:20.158 | INFO     | __main__:<module>:100 - Epoch: 36, Loss: 0.2000, Train Acc: 0.9427,  Test_Loss: 0.2217,Test Acc: 0.9613,Test F1: 0.9432,Test auc: 0.9621
2024-05-09 13:14:20.185 | INFO     | __main__:<module>:100 - Epoch: 37, Loss: 0.1940, Train Acc: 0.9487,  Test_Loss: 0.2291,Test Acc: 0.9613,Test F1: 0.9427,Test auc: 0.9598
2024-05-09 13:14:20.216 | INFO     | __main__:<module>:100 - Epoch: 38, Loss: 0.2078, Train Acc: 0.9375,  Test_Loss: 0.2014,Test Acc: 0.9643,Test F1: 0.9474,Test auc: 0.9643
2024-05-09 13:14:20.253 | INFO     | __main__:<module>:100 - Epoch: 39, Loss: 0.1908, Train Acc: 0.9487,  Test_Loss: 0.1731,Test Acc: 0.9613,Test F1: 0.9422,Test auc: 0.9576
2024-05-09 13:14:20.287 | INFO     | __main__:<module>:100 - Epoch: 40, Loss: 0.1650, Train Acc: 0.9457,  Test_Loss: 0.1588,Test Acc: 0.9673,Test F1: 0.9507,Test auc: 0.9621
2024-05-09 13:14:20.318 | INFO     | __main__:<module>:100 - Epoch: 41, Loss: 0.1507, Train Acc: 0.9427,  Test_Loss: 0.1500,Test Acc: 0.9702,Test F1: 0.9550,Test auc: 0.9643
2024-05-09 13:14:20.345 | INFO     | __main__:<module>:100 - Epoch: 42, Loss: 0.1524, Train Acc: 0.9457,  Test_Loss: 0.1437,Test Acc: 0.9554,Test F1: 0.9302,Test auc: 0.9397
2024-05-09 13:14:20.365 | INFO     | __main__:<module>:100 - Epoch: 43, Loss: 0.1738, Train Acc: 0.9353,  Test_Loss: 0.1379,Test Acc: 0.9613,Test F1: 0.9395,Test auc: 0.9464
2024-05-09 13:14:20.391 | INFO     | __main__:<module>:100 - Epoch: 44, Loss: 0.1614, Train Acc: 0.9501,  Test_Loss: 0.1336,Test Acc: 0.9613,Test F1: 0.9395,Test auc: 0.9464
2024-05-09 13:14:20.419 | INFO     | __main__:<module>:100 - Epoch: 45, Loss: 0.1760, Train Acc: 0.9375,  Test_Loss: 0.1308,Test Acc: 0.9732,Test F1: 0.9596,Test auc: 0.9687
2024-05-09 13:14:20.446 | INFO     | __main__:<module>:100 - Epoch: 46, Loss: 0.1378, Train Acc: 0.9435,  Test_Loss: 0.1326,Test Acc: 0.9821,Test F1: 0.9735,Test auc: 0.9821
2024-05-09 13:14:20.476 | INFO     | __main__:<module>:100 - Epoch: 47, Loss: 0.1372, Train Acc: 0.9583,  Test_Loss: 0.1315,Test Acc: 0.9792,Test F1: 0.9692,Test auc: 0.9799
2024-05-09 13:14:20.510 | INFO     | __main__:<module>:100 - Epoch: 48, Loss: 0.1492, Train Acc: 0.9479,  Test_Loss: 0.1317,Test Acc: 0.9792,Test F1: 0.9692,Test auc: 0.9799
2024-05-09 13:14:20.535 | INFO     | __main__:<module>:100 - Epoch: 49, Loss: 0.1483, Train Acc: 0.9405,  Test_Loss: 0.1315,Test Acc: 0.9792,Test F1: 0.9692,Test auc: 0.9799
2024-05-09 13:14:20.555 | INFO     | __main__:<module>:100 - Epoch: 50, Loss: 0.1360, Train Acc: 0.9509,  Test_Loss: 0.1321,Test Acc: 0.9792,Test F1: 0.9692,Test auc: 0.9799
2024-05-09 13:14:20.574 | INFO     | __main__:<module>:100 - Epoch: 51, Loss: 0.1424, Train Acc: 0.9479,  Test_Loss: 0.1315,Test Acc: 0.9792,Test F1: 0.9692,Test auc: 0.9799
2024-05-09 13:14:20.593 | INFO     | __main__:<module>:100 - Epoch: 52, Loss: 0.1317, Train Acc: 0.9487,  Test_Loss: 0.1333,Test Acc: 0.9792,Test F1: 0.9692,Test auc: 0.9799
2024-05-09 13:14:20.620 | INFO     | __main__:<module>:100 - Epoch: 53, Loss: 0.1411, Train Acc: 0.9516,  Test_Loss: 0.1369,Test Acc: 0.9792,Test F1: 0.9692,Test auc: 0.9799
2024-05-09 13:14:20.649 | INFO     | __main__:<module>:100 - Epoch: 54, Loss: 0.1425, Train Acc: 0.9509,  Test_Loss: 0.1369,Test Acc: 0.9792,Test F1: 0.9692,Test auc: 0.9799
2024-05-09 13:14:20.682 | INFO     | __main__:<module>:100 - Epoch: 55, Loss: 0.1467, Train Acc: 0.9494,  Test_Loss: 0.1405,Test Acc: 0.9792,Test F1: 0.9692,Test auc: 0.9799
2024-05-09 13:14:20.713 | INFO     | __main__:<module>:100 - Epoch: 56, Loss: 0.1346, Train Acc: 0.9516,  Test_Loss: 0.1408,Test Acc: 0.9792,Test F1: 0.9692,Test auc: 0.9799
2024-05-09 13:14:20.738 | INFO     | __main__:<module>:100 - Epoch: 57, Loss: 0.1327, Train Acc: 0.9591,  Test_Loss: 0.1392,Test Acc: 0.9792,Test F1: 0.9692,Test auc: 0.9799
2024-05-09 13:14:20.758 | INFO     | __main__:<module>:100 - Epoch: 58, Loss: 0.1434, Train Acc: 0.9449,  Test_Loss: 0.1401,Test Acc: 0.9792,Test F1: 0.9692,Test auc: 0.9799
2024-05-09 13:14:20.775 | INFO     | __main__:<module>:100 - Epoch: 59, Loss: 0.1646, Train Acc: 0.9382,  Test_Loss: 0.1417,Test Acc: 0.9792,Test F1: 0.9692,Test auc: 0.9799
2024-05-09 13:14:20.793 | INFO     | __main__:<module>:100 - Epoch: 60, Loss: 0.1418, Train Acc: 0.9435,  Test_Loss: 0.1400,Test Acc: 0.9792,Test F1: 0.9692,Test auc: 0.9799
2024-05-09 13:14:20.818 | INFO     | __main__:<module>:100 - Epoch: 61, Loss: 0.1447, Train Acc: 0.9457,  Test_Loss: 0.1407,Test Acc: 0.9792,Test F1: 0.9692,Test auc: 0.9799
2024-05-09 13:14:20.845 | INFO     | __main__:<module>:100 - Epoch: 62, Loss: 0.1458, Train Acc: 0.9397,  Test_Loss: 0.1421,Test Acc: 0.9792,Test F1: 0.9692,Test auc: 0.9799
2024-05-09 13:14:20.878 | INFO     | __main__:<module>:100 - Epoch: 63, Loss: 0.1399, Train Acc: 0.9442,  Test_Loss: 0.1414,Test Acc: 0.9792,Test F1: 0.9692,Test auc: 0.9799
2024-05-09 13:14:20.911 | INFO     | __main__:<module>:100 - Epoch: 64, Loss: 0.1398, Train Acc: 0.9464,  Test_Loss: 0.1410,Test Acc: 0.9762,Test F1: 0.9649,Test auc: 0.9777
2024-05-09 13:14:20.937 | INFO     | __main__:<module>:100 - Epoch: 65, Loss: 0.1520, Train Acc: 0.9382,  Test_Loss: 0.1385,Test Acc: 0.9762,Test F1: 0.9649,Test auc: 0.9777
2024-05-09 13:14:20.957 | INFO     | __main__:<module>:100 - Epoch: 66, Loss: 0.1540, Train Acc: 0.9487,  Test_Loss: 0.1392,Test Acc: 0.9762,Test F1: 0.9649,Test auc: 0.9777
2024-05-09 13:14:20.975 | INFO     | __main__:<module>:100 - Epoch: 67, Loss: 0.1628, Train Acc: 0.9449,  Test_Loss: 0.1417,Test Acc: 0.9762,Test F1: 0.9649,Test auc: 0.9777
2024-05-09 13:14:20.994 | INFO     | __main__:<module>:100 - Epoch: 68, Loss: 0.1540, Train Acc: 0.9397,  Test_Loss: 0.1424,Test Acc: 0.9762,Test F1: 0.9649,Test auc: 0.9777
2024-05-09 13:14:21.013 | INFO     | __main__:<module>:100 - Epoch: 69, Loss: 0.1437, Train Acc: 0.9494,  Test_Loss: 0.1425,Test Acc: 0.9762,Test F1: 0.9649,Test auc: 0.9777
2024-05-09 13:14:21.039 | INFO     | __main__:<module>:100 - Epoch: 70, Loss: 0.1369, Train Acc: 0.9472,  Test_Loss: 0.1449,Test Acc: 0.9762,Test F1: 0.9649,Test auc: 0.9777
2024-05-09 13:14:21.072 | INFO     | __main__:<module>:100 - Epoch: 71, Loss: 0.1290, Train Acc: 0.9546,  Test_Loss: 0.1452,Test Acc: 0.9792,Test F1: 0.9692,Test auc: 0.9799
2024-05-09 13:14:21.100 | INFO     | __main__:<module>:100 - Epoch: 72, Loss: 0.1347, Train Acc: 0.9472,  Test_Loss: 0.1432,Test Acc: 0.9762,Test F1: 0.9649,Test auc: 0.9777
2024-05-09 13:14:21.125 | INFO     | __main__:<module>:100 - Epoch: 73, Loss: 0.1442, Train Acc: 0.9435,  Test_Loss: 0.1407,Test Acc: 0.9762,Test F1: 0.9649,Test auc: 0.9777
2024-05-09 13:14:21.147 | INFO     | __main__:<module>:100 - Epoch: 74, Loss: 0.1539, Train Acc: 0.9449,  Test_Loss: 0.1395,Test Acc: 0.9792,Test F1: 0.9692,Test auc: 0.9799
2024-05-09 13:14:21.169 | INFO     | __main__:<module>:100 - Epoch: 75, Loss: 0.1372, Train Acc: 0.9509,  Test_Loss: 0.1386,Test Acc: 0.9762,Test F1: 0.9649,Test auc: 0.9777
2024-05-09 13:14:21.169 | INFO     | __main__:<module>:118 - 1.5315089225769043
2024-05-09 13:14:22.660 | INFO     | __main__:<module>:79 - Namespace(dataset='ca-hepph', model='GCN', learning_rate=0.01, epochs=9999, hidden_units=16, dropout=0.4, weight_decay=0.01, weight_decay1=0.01, weight_decay2=0.0005, early_stopping=30, residual=True, seed=824, type='Binary', DEVICE='cuda', theta=0.5, layers=64, alpha=0.1, feature_type='x_55', CGCN=0)
2024-05-09 13:14:22.660 | INFO     | __main__:<module>:80 - Data(edge_index=[2, 235238], num_nodes=11204, x=[11204, 6], train_mask=[11204], test_mask=[11204], label=[11204])
2024-05-09 13:14:22.684 | INFO     | __main__:<module>:100 - Epoch: 00, Loss: 57.9255, Train Acc: 0.4353,  Test_Loss: 1.0845,Test Acc: 0.3839,Test F1: 0.5197,Test auc: 0.5379
2024-05-09 13:14:22.703 | INFO     | __main__:<module>:100 - Epoch: 01, Loss: 16.3798, Train Acc: 0.4137,  Test_Loss: 2.1985,Test Acc: 0.4077,Test F1: 0.5296,Test auc: 0.5558
2024-05-09 13:14:22.725 | INFO     | __main__:<module>:100 - Epoch: 02, Loss: 15.7088, Train Acc: 0.4144,  Test_Loss: 2.0872,Test Acc: 0.4107,Test F1: 0.5308,Test auc: 0.5580
2024-05-09 13:14:22.745 | INFO     | __main__:<module>:100 - Epoch: 03, Loss: 16.1278, Train Acc: 0.4182,  Test_Loss: 2.0517,Test Acc: 0.4315,Test F1: 0.5398,Test auc: 0.5737
2024-05-09 13:14:22.770 | INFO     | __main__:<module>:100 - Epoch: 04, Loss: 16.1826, Train Acc: 0.3929,  Test_Loss: 2.0384,Test Acc: 0.4494,Test F1: 0.5477,Test auc: 0.5871
2024-05-09 13:14:22.792 | INFO     | __main__:<module>:100 - Epoch: 05, Loss: 19.5531, Train Acc: 0.4115,  Test_Loss: 2.0809,Test Acc: 0.4554,Test F1: 0.5504,Test auc: 0.5915
2024-05-09 13:14:22.813 | INFO     | __main__:<module>:100 - Epoch: 06, Loss: 23.5112, Train Acc: 0.4144,  Test_Loss: 2.1043,Test Acc: 0.4494,Test F1: 0.5477,Test auc: 0.5871
2024-05-09 13:14:22.834 | INFO     | __main__:<module>:100 - Epoch: 07, Loss: 16.3094, Train Acc: 0.4263,  Test_Loss: 2.1054,Test Acc: 0.4524,Test F1: 0.5490,Test auc: 0.5893
2024-05-09 13:14:22.854 | INFO     | __main__:<module>:100 - Epoch: 08, Loss: 22.8071, Train Acc: 0.4122,  Test_Loss: 2.1200,Test Acc: 0.4554,Test F1: 0.5504,Test auc: 0.5915
2024-05-09 13:14:22.876 | INFO     | __main__:<module>:100 - Epoch: 09, Loss: 15.9955, Train Acc: 0.4196,  Test_Loss: 2.0840,Test Acc: 0.4643,Test F1: 0.5545,Test auc: 0.5982
2024-05-09 13:14:22.905 | INFO     | __main__:<module>:100 - Epoch: 10, Loss: 17.4654, Train Acc: 0.4263,  Test_Loss: 2.0747,Test Acc: 0.4732,Test F1: 0.5586,Test auc: 0.6049
2024-05-09 13:14:22.931 | INFO     | __main__:<module>:100 - Epoch: 11, Loss: 17.6739, Train Acc: 0.4077,  Test_Loss: 2.0828,Test Acc: 0.4762,Test F1: 0.5600,Test auc: 0.6071
2024-05-09 13:14:22.961 | INFO     | __main__:<module>:100 - Epoch: 12, Loss: 21.6815, Train Acc: 0.4182,  Test_Loss: 2.0993,Test Acc: 0.4851,Test F1: 0.5642,Test auc: 0.6138
2024-05-09 13:14:22.992 | INFO     | __main__:<module>:100 - Epoch: 13, Loss: 18.6787, Train Acc: 0.4085,  Test_Loss: 2.0859,Test Acc: 0.4881,Test F1: 0.5657,Test auc: 0.6161
2024-05-09 13:14:23.013 | INFO     | __main__:<module>:100 - Epoch: 14, Loss: 18.8646, Train Acc: 0.4315,  Test_Loss: 2.0832,Test Acc: 0.4881,Test F1: 0.5657,Test auc: 0.6161
2024-05-09 13:14:23.035 | INFO     | __main__:<module>:100 - Epoch: 15, Loss: 20.1277, Train Acc: 0.4263,  Test_Loss: 2.0972,Test Acc: 0.4851,Test F1: 0.5642,Test auc: 0.6138
2024-05-09 13:14:23.056 | INFO     | __main__:<module>:100 - Epoch: 16, Loss: 17.5896, Train Acc: 0.3891,  Test_Loss: 2.0969,Test Acc: 0.4911,Test F1: 0.5671,Test auc: 0.6183
2024-05-09 13:14:23.079 | INFO     | __main__:<module>:100 - Epoch: 17, Loss: 22.2973, Train Acc: 0.3921,  Test_Loss: 2.1367,Test Acc: 0.4881,Test F1: 0.5657,Test auc: 0.6161
2024-05-09 13:14:23.101 | INFO     | __main__:<module>:100 - Epoch: 18, Loss: 16.8352, Train Acc: 0.4100,  Test_Loss: 2.1380,Test Acc: 0.4881,Test F1: 0.5657,Test auc: 0.6161
2024-05-09 13:14:23.129 | INFO     | __main__:<module>:100 - Epoch: 19, Loss: 18.7532, Train Acc: 0.4204,  Test_Loss: 2.1369,Test Acc: 0.4851,Test F1: 0.5642,Test auc: 0.6138
2024-05-09 13:14:23.162 | INFO     | __main__:<module>:100 - Epoch: 20, Loss: 22.3652, Train Acc: 0.4100,  Test_Loss: 2.1626,Test Acc: 0.4851,Test F1: 0.5642,Test auc: 0.6138
2024-05-09 13:14:23.188 | INFO     | __main__:<module>:100 - Epoch: 21, Loss: 20.4690, Train Acc: 0.4055,  Test_Loss: 2.1621,Test Acc: 0.4881,Test F1: 0.5657,Test auc: 0.6161
2024-05-09 13:14:23.211 | INFO     | __main__:<module>:100 - Epoch: 22, Loss: 15.5617, Train Acc: 0.4204,  Test_Loss: 2.1546,Test Acc: 0.4940,Test F1: 0.5685,Test auc: 0.6205
2024-05-09 13:14:23.232 | INFO     | __main__:<module>:100 - Epoch: 23, Loss: 14.3625, Train Acc: 0.4182,  Test_Loss: 2.1341,Test Acc: 0.5149,Test F1: 0.5788,Test auc: 0.6362
2024-05-09 13:14:23.255 | INFO     | __main__:<module>:100 - Epoch: 24, Loss: 16.3639, Train Acc: 0.4129,  Test_Loss: 2.1665,Test Acc: 0.5000,Test F1: 0.5714,Test auc: 0.6250
2024-05-09 13:14:23.276 | INFO     | __main__:<module>:100 - Epoch: 25, Loss: 20.6245, Train Acc: 0.4077,  Test_Loss: 2.1638,Test Acc: 0.5119,Test F1: 0.5773,Test auc: 0.6339
2024-05-09 13:14:23.306 | INFO     | __main__:<module>:100 - Epoch: 26, Loss: 20.8479, Train Acc: 0.4249,  Test_Loss: 2.1724,Test Acc: 0.5149,Test F1: 0.5788,Test auc: 0.6362
2024-05-09 13:14:23.336 | INFO     | __main__:<module>:100 - Epoch: 27, Loss: 16.9800, Train Acc: 0.4085,  Test_Loss: 2.1714,Test Acc: 0.5149,Test F1: 0.5788,Test auc: 0.6362
2024-05-09 13:14:23.368 | INFO     | __main__:<module>:100 - Epoch: 28, Loss: 19.0972, Train Acc: 0.4025,  Test_Loss: 2.1818,Test Acc: 0.5089,Test F1: 0.5758,Test auc: 0.6317
2024-05-09 13:14:23.395 | INFO     | __main__:<module>:100 - Epoch: 29, Loss: 16.8894, Train Acc: 0.4129,  Test_Loss: 2.1855,Test Acc: 0.5119,Test F1: 0.5773,Test auc: 0.6339
2024-05-09 13:14:23.417 | INFO     | __main__:<module>:100 - Epoch: 30, Loss: 18.7553, Train Acc: 0.4167,  Test_Loss: 2.1986,Test Acc: 0.5089,Test F1: 0.5758,Test auc: 0.6317
2024-05-09 13:14:23.417 | INFO     | __main__:<module>:118 - 0.6440422534942627
2024-05-09 13:14:24.702 | INFO     | __main__:<module>:79 - Namespace(dataset='ca-hepph', model='GCN', learning_rate=0.01, epochs=9999, hidden_units=16, dropout=0.4, weight_decay=0.01, weight_decay1=0.01, weight_decay2=0.0005, early_stopping=30, residual=True, seed=824, type='Binary', DEVICE='cuda', theta=0.5, layers=64, alpha=0.1, feature_type='x_55', CGCN=0)
2024-05-09 13:14:24.702 | INFO     | __main__:<module>:80 - Data(edge_index=[2, 235238], num_nodes=11204, x=[11204, 7], train_mask=[11204], test_mask=[11204], label=[11204])
2024-05-09 13:14:24.730 | INFO     | __main__:<module>:100 - Epoch: 00, Loss: 2.3083, Train Acc: 0.7009,  Test_Loss: 1.6689,Test Acc: 0.7619,Test F1: 0.7368,Test auc: 0.8214
2024-05-09 13:14:24.754 | INFO     | __main__:<module>:100 - Epoch: 01, Loss: 1.6680, Train Acc: 0.7887,  Test_Loss: 1.1017,Test Acc: 0.8304,Test F1: 0.7972,Test auc: 0.8728
2024-05-09 13:14:24.781 | INFO     | __main__:<module>:100 - Epoch: 02, Loss: 1.1949, Train Acc: 0.8237,  Test_Loss: 0.6956,Test Acc: 0.8839,Test F1: 0.8494,Test auc: 0.9085
2024-05-09 13:14:24.808 | INFO     | __main__:<module>:100 - Epoch: 03, Loss: 0.6608, Train Acc: 0.8542,  Test_Loss: 0.4485,Test Acc: 0.9375,Test F1: 0.9129,Test auc: 0.9487
2024-05-09 13:14:24.828 | INFO     | __main__:<module>:100 - Epoch: 04, Loss: 0.5242, Train Acc: 0.8817,  Test_Loss: 0.5191,Test Acc: 0.8720,Test F1: 0.7676,Test auc: 0.8125
2024-05-09 13:14:24.847 | INFO     | __main__:<module>:100 - Epoch: 05, Loss: 0.4394, Train Acc: 0.8765,  Test_Loss: 0.5144,Test Acc: 0.8720,Test F1: 0.7676,Test auc: 0.8125
2024-05-09 13:14:24.878 | INFO     | __main__:<module>:100 - Epoch: 06, Loss: 0.4851, Train Acc: 0.8817,  Test_Loss: 0.4267,Test Acc: 0.9464,Test F1: 0.9143,Test auc: 0.9241
2024-05-09 13:14:24.905 | INFO     | __main__:<module>:100 - Epoch: 07, Loss: 0.9324, Train Acc: 0.8534,  Test_Loss: 0.4830,Test Acc: 0.8423,Test F1: 0.6936,Test auc: 0.7656
2024-05-09 13:14:24.940 | INFO     | __main__:<module>:100 - Epoch: 08, Loss: 1.3478, Train Acc: 0.8326,  Test_Loss: 0.4258,Test Acc: 0.9375,Test F1: 0.9023,Test auc: 0.9196
2024-05-09 13:14:24.973 | INFO     | __main__:<module>:100 - Epoch: 09, Loss: 0.3774, Train Acc: 0.8906,  Test_Loss: 0.4074,Test Acc: 0.9554,Test F1: 0.9351,Test auc: 0.9576
2024-05-09 13:14:25.006 | INFO     | __main__:<module>:100 - Epoch: 10, Loss: 0.4073, Train Acc: 0.8720,  Test_Loss: 0.3824,Test Acc: 0.9435,Test F1: 0.9198,Test auc: 0.9509
2024-05-09 13:14:25.031 | INFO     | __main__:<module>:100 - Epoch: 11, Loss: 0.3964, Train Acc: 0.8966,  Test_Loss: 0.3847,Test Acc: 0.9315,Test F1: 0.9046,Test auc: 0.9420
2024-05-09 13:14:25.061 | INFO     | __main__:<module>:100 - Epoch: 12, Loss: 0.3667, Train Acc: 0.8936,  Test_Loss: 0.3747,Test Acc: 0.9345,Test F1: 0.9083,Test auc: 0.9442
2024-05-09 13:14:25.086 | INFO     | __main__:<module>:100 - Epoch: 13, Loss: 0.3927, Train Acc: 0.9152,  Test_Loss: 0.3725,Test Acc: 0.9256,Test F1: 0.8971,Test auc: 0.9375
2024-05-09 13:14:25.104 | INFO     | __main__:<module>:100 - Epoch: 14, Loss: 0.3372, Train Acc: 0.9196,  Test_Loss: 0.3742,Test Acc: 0.9256,Test F1: 0.8963,Test auc: 0.9353
2024-05-09 13:14:25.139 | INFO     | __main__:<module>:100 - Epoch: 15, Loss: 0.3410, Train Acc: 0.9278,  Test_Loss: 0.3576,Test Acc: 0.9345,Test F1: 0.9076,Test auc: 0.9420
2024-05-09 13:14:25.174 | INFO     | __main__:<module>:100 - Epoch: 16, Loss: 0.3074, Train Acc: 0.9226,  Test_Loss: 0.3488,Test Acc: 0.9405,Test F1: 0.9153,Test auc: 0.9464
2024-05-09 13:14:25.223 | INFO     | __main__:<module>:100 - Epoch: 17, Loss: 0.3226, Train Acc: 0.9189,  Test_Loss: 0.3376,Test Acc: 0.9494,Test F1: 0.9277,Test auc: 0.9554
2024-05-09 13:14:25.255 | INFO     | __main__:<module>:100 - Epoch: 18, Loss: 0.3008, Train Acc: 0.9397,  Test_Loss: 0.3196,Test Acc: 0.9554,Test F1: 0.9362,Test auc: 0.9621
2024-05-09 13:14:25.281 | INFO     | __main__:<module>:100 - Epoch: 19, Loss: 0.2473, Train Acc: 0.9427,  Test_Loss: 0.2942,Test Acc: 0.9554,Test F1: 0.9362,Test auc: 0.9621
2024-05-09 13:14:25.307 | INFO     | __main__:<module>:100 - Epoch: 20, Loss: 0.2552, Train Acc: 0.9315,  Test_Loss: 0.2720,Test Acc: 0.9643,Test F1: 0.9483,Test auc: 0.9688
2024-05-09 13:14:25.341 | INFO     | __main__:<module>:100 - Epoch: 21, Loss: 0.2382, Train Acc: 0.9249,  Test_Loss: 0.2449,Test Acc: 0.9643,Test F1: 0.9483,Test auc: 0.9688
2024-05-09 13:14:25.378 | INFO     | __main__:<module>:100 - Epoch: 22, Loss: 0.2172, Train Acc: 0.9301,  Test_Loss: 0.2122,Test Acc: 0.9673,Test F1: 0.9520,Test auc: 0.9688
2024-05-09 13:14:25.421 | INFO     | __main__:<module>:100 - Epoch: 23, Loss: 0.1802, Train Acc: 0.9323,  Test_Loss: 0.1917,Test Acc: 0.9702,Test F1: 0.9561,Test auc: 0.9710
2024-05-09 13:14:25.452 | INFO     | __main__:<module>:100 - Epoch: 24, Loss: 0.1753, Train Acc: 0.9449,  Test_Loss: 0.1880,Test Acc: 0.9673,Test F1: 0.9511,Test auc: 0.9643
2024-05-09 13:14:25.483 | INFO     | __main__:<module>:100 - Epoch: 25, Loss: 0.1947, Train Acc: 0.9293,  Test_Loss: 0.1840,Test Acc: 0.9643,Test F1: 0.9469,Test auc: 0.9621
2024-05-09 13:14:25.511 | INFO     | __main__:<module>:100 - Epoch: 26, Loss: 0.1741, Train Acc: 0.9405,  Test_Loss: 0.1692,Test Acc: 0.9702,Test F1: 0.9561,Test auc: 0.9710
2024-05-09 13:14:25.538 | INFO     | __main__:<module>:100 - Epoch: 27, Loss: 0.1875, Train Acc: 0.9420,  Test_Loss: 0.1586,Test Acc: 0.9702,Test F1: 0.9561,Test auc: 0.9710
2024-05-09 13:14:25.571 | INFO     | __main__:<module>:100 - Epoch: 28, Loss: 0.1829, Train Acc: 0.9472,  Test_Loss: 0.1514,Test Acc: 0.9702,Test F1: 0.9561,Test auc: 0.9710
2024-05-09 13:14:25.604 | INFO     | __main__:<module>:100 - Epoch: 29, Loss: 0.1620, Train Acc: 0.9368,  Test_Loss: 0.1636,Test Acc: 0.9732,Test F1: 0.9604,Test auc: 0.9732
2024-05-09 13:14:25.635 | INFO     | __main__:<module>:100 - Epoch: 30, Loss: 0.1734, Train Acc: 0.9286,  Test_Loss: 0.1734,Test Acc: 0.9732,Test F1: 0.9604,Test auc: 0.9732
2024-05-09 13:14:25.659 | INFO     | __main__:<module>:100 - Epoch: 31, Loss: 0.1885, Train Acc: 0.9315,  Test_Loss: 0.1940,Test Acc: 0.9732,Test F1: 0.9600,Test auc: 0.9710
2024-05-09 13:14:25.679 | INFO     | __main__:<module>:100 - Epoch: 32, Loss: 0.1767, Train Acc: 0.9345,  Test_Loss: 0.2164,Test Acc: 0.9583,Test F1: 0.9358,Test auc: 0.9464
2024-05-09 13:14:25.696 | INFO     | __main__:<module>:100 - Epoch: 33, Loss: 0.1811, Train Acc: 0.9353,  Test_Loss: 0.2402,Test Acc: 0.9435,Test F1: 0.9108,Test auc: 0.9241
2024-05-09 13:14:25.720 | INFO     | __main__:<module>:100 - Epoch: 34, Loss: 0.1789, Train Acc: 0.9338,  Test_Loss: 0.2488,Test Acc: 0.9435,Test F1: 0.9091,Test auc: 0.9196
2024-05-09 13:14:25.747 | INFO     | __main__:<module>:100 - Epoch: 35, Loss: 0.1774, Train Acc: 0.9412,  Test_Loss: 0.2644,Test Acc: 0.9345,Test F1: 0.8932,Test auc: 0.9063
2024-05-09 13:14:25.779 | INFO     | __main__:<module>:100 - Epoch: 36, Loss: 0.1570, Train Acc: 0.9427,  Test_Loss: 0.2654,Test Acc: 0.9345,Test F1: 0.8932,Test auc: 0.9063
2024-05-09 13:14:25.803 | INFO     | __main__:<module>:100 - Epoch: 37, Loss: 0.1893, Train Acc: 0.9338,  Test_Loss: 0.3075,Test Acc: 0.8750,Test F1: 0.7717,Test auc: 0.8147
2024-05-09 13:14:25.831 | INFO     | __main__:<module>:100 - Epoch: 38, Loss: 0.1686, Train Acc: 0.9427,  Test_Loss: 0.3254,Test Acc: 0.8393,Test F1: 0.6860,Test auc: 0.7612
2024-05-09 13:14:25.852 | INFO     | __main__:<module>:100 - Epoch: 39, Loss: 0.1558, Train Acc: 0.9427,  Test_Loss: 0.3418,Test Acc: 0.8274,Test F1: 0.6548,Test auc: 0.7433
2024-05-09 13:14:25.873 | INFO     | __main__:<module>:100 - Epoch: 40, Loss: 0.1895, Train Acc: 0.9301,  Test_Loss: 0.3941,Test Acc: 0.7440,Test F1: 0.3768,Test auc: 0.6161
2024-05-09 13:14:25.893 | INFO     | __main__:<module>:100 - Epoch: 41, Loss: 0.1841, Train Acc: 0.9382,  Test_Loss: 0.4101,Test Acc: 0.7411,Test F1: 0.3650,Test auc: 0.6116
2024-05-09 13:14:25.913 | INFO     | __main__:<module>:100 - Epoch: 42, Loss: 0.1793, Train Acc: 0.9397,  Test_Loss: 0.4623,Test Acc: 0.7411,Test F1: 0.3650,Test auc: 0.6116
2024-05-09 13:14:25.937 | INFO     | __main__:<module>:100 - Epoch: 43, Loss: 0.1993, Train Acc: 0.9278,  Test_Loss: 0.4841,Test Acc: 0.7411,Test F1: 0.3650,Test auc: 0.6116
2024-05-09 13:14:25.960 | INFO     | __main__:<module>:100 - Epoch: 44, Loss: 0.1641, Train Acc: 0.9464,  Test_Loss: 0.5009,Test Acc: 0.7411,Test F1: 0.3650,Test auc: 0.6116
2024-05-09 13:14:25.984 | INFO     | __main__:<module>:100 - Epoch: 45, Loss: 0.1666, Train Acc: 0.9479,  Test_Loss: 0.4485,Test Acc: 0.7411,Test F1: 0.3650,Test auc: 0.6116
2024-05-09 13:14:26.014 | INFO     | __main__:<module>:100 - Epoch: 46, Loss: 0.1516, Train Acc: 0.9494,  Test_Loss: 0.4555,Test Acc: 0.7411,Test F1: 0.3650,Test auc: 0.6116
2024-05-09 13:14:26.041 | INFO     | __main__:<module>:100 - Epoch: 47, Loss: 0.1701, Train Acc: 0.9368,  Test_Loss: 0.4018,Test Acc: 0.7411,Test F1: 0.3650,Test auc: 0.6116
2024-05-09 13:14:26.072 | INFO     | __main__:<module>:100 - Epoch: 48, Loss: 0.1802, Train Acc: 0.9330,  Test_Loss: 0.4317,Test Acc: 0.7411,Test F1: 0.3650,Test auc: 0.6116
2024-05-09 13:14:26.094 | INFO     | __main__:<module>:100 - Epoch: 49, Loss: 0.1630, Train Acc: 0.9382,  Test_Loss: 0.4548,Test Acc: 0.7411,Test F1: 0.3650,Test auc: 0.6116
2024-05-09 13:14:26.113 | INFO     | __main__:<module>:100 - Epoch: 50, Loss: 0.1750, Train Acc: 0.9315,  Test_Loss: 0.4963,Test Acc: 0.7411,Test F1: 0.3650,Test auc: 0.6116
2024-05-09 13:14:26.131 | INFO     | __main__:<module>:100 - Epoch: 51, Loss: 0.1806, Train Acc: 0.9338,  Test_Loss: 0.4991,Test Acc: 0.7411,Test F1: 0.3650,Test auc: 0.6116
2024-05-09 13:14:26.155 | INFO     | __main__:<module>:100 - Epoch: 52, Loss: 0.1657, Train Acc: 0.9375,  Test_Loss: 0.4974,Test Acc: 0.7381,Test F1: 0.3529,Test auc: 0.6071
2024-05-09 13:14:26.176 | INFO     | __main__:<module>:100 - Epoch: 53, Loss: 0.1799, Train Acc: 0.9345,  Test_Loss: 0.5310,Test Acc: 0.7351,Test F1: 0.3407,Test auc: 0.6027
2024-05-09 13:14:26.210 | INFO     | __main__:<module>:100 - Epoch: 54, Loss: 0.1803, Train Acc: 0.9360,  Test_Loss: 0.5433,Test Acc: 0.7351,Test F1: 0.3407,Test auc: 0.6027
2024-05-09 13:14:26.241 | INFO     | __main__:<module>:100 - Epoch: 55, Loss: 0.1650, Train Acc: 0.9382,  Test_Loss: 0.5252,Test Acc: 0.7351,Test F1: 0.3407,Test auc: 0.6027
2024-05-09 13:14:26.276 | INFO     | __main__:<module>:100 - Epoch: 56, Loss: 0.1745, Train Acc: 0.9405,  Test_Loss: 0.5338,Test Acc: 0.7351,Test F1: 0.3407,Test auc: 0.6027
2024-05-09 13:14:26.306 | INFO     | __main__:<module>:100 - Epoch: 57, Loss: 0.1926, Train Acc: 0.9256,  Test_Loss: 0.4979,Test Acc: 0.7381,Test F1: 0.3529,Test auc: 0.6071
2024-05-09 13:14:26.327 | INFO     | __main__:<module>:100 - Epoch: 58, Loss: 0.1834, Train Acc: 0.9353,  Test_Loss: 0.4794,Test Acc: 0.7411,Test F1: 0.3650,Test auc: 0.6116
2024-05-09 13:14:26.327 | INFO     | __main__:<module>:118 - 1.209653377532959
2024-05-09 13:14:27.892 | INFO     | __main__:<module>:79 - Namespace(dataset='ca-hepph', model='GCN', learning_rate=0.01, epochs=9999, hidden_units=16, dropout=0.4, weight_decay=0.01, weight_decay1=0.01, weight_decay2=0.0005, early_stopping=30, residual=True, seed=824, type='Binary', DEVICE='cuda', theta=0.5, layers=64, alpha=0.1, feature_type='x_55', CGCN=0)
2024-05-09 13:14:27.892 | INFO     | __main__:<module>:80 - Data(edge_index=[2, 235238], num_nodes=11204, x=[11204, 8], train_mask=[11204], test_mask=[11204], label=[11204])
2024-05-09 13:14:27.919 | INFO     | __main__:<module>:100 - Epoch: 00, Loss: 16.0932, Train Acc: 0.7046,  Test_Loss: 1.2712,Test Acc: 0.6637,Test F1: 0.6647,Test auc: 0.7478
2024-05-09 13:14:27.939 | INFO     | __main__:<module>:100 - Epoch: 01, Loss: 3.7310, Train Acc: 0.7016,  Test_Loss: 1.7551,Test Acc: 0.6875,Test F1: 0.6769,Test auc: 0.7612
2024-05-09 13:14:27.959 | INFO     | __main__:<module>:100 - Epoch: 02, Loss: 3.1172, Train Acc: 0.6942,  Test_Loss: 1.6419,Test Acc: 0.6994,Test F1: 0.6854,Test auc: 0.7701
2024-05-09 13:14:27.979 | INFO     | __main__:<module>:100 - Epoch: 03, Loss: 3.3056, Train Acc: 0.7016,  Test_Loss: 1.5665,Test Acc: 0.6220,Test F1: 0.5636,Test auc: 0.6496
2024-05-09 13:14:28.003 | INFO     | __main__:<module>:100 - Epoch: 04, Loss: 3.2971, Train Acc: 0.6890,  Test_Loss: 1.5501,Test Acc: 0.7024,Test F1: 0.6875,Test auc: 0.7723
2024-05-09 13:14:28.023 | INFO     | __main__:<module>:100 - Epoch: 05, Loss: 2.5577, Train Acc: 0.7039,  Test_Loss: 1.4706,Test Acc: 0.7173,Test F1: 0.7022,Test auc: 0.7879
2024-05-09 13:14:28.043 | INFO     | __main__:<module>:100 - Epoch: 06, Loss: 3.1006, Train Acc: 0.7001,  Test_Loss: 1.4396,Test Acc: 0.7202,Test F1: 0.7044,Test auc: 0.7902
2024-05-09 13:14:28.063 | INFO     | __main__:<module>:100 - Epoch: 07, Loss: 2.2041, Train Acc: 0.7054,  Test_Loss: 1.3882,Test Acc: 0.7262,Test F1: 0.7089,Test auc: 0.7946
2024-05-09 13:14:28.086 | INFO     | __main__:<module>:100 - Epoch: 08, Loss: 2.4050, Train Acc: 0.7046,  Test_Loss: 1.3729,Test Acc: 0.7321,Test F1: 0.7134,Test auc: 0.7991
2024-05-09 13:14:28.109 | INFO     | __main__:<module>:100 - Epoch: 09, Loss: 4.1552, Train Acc: 0.7068,  Test_Loss: 1.3949,Test Acc: 0.7262,Test F1: 0.7089,Test auc: 0.7946
2024-05-09 13:14:28.146 | INFO     | __main__:<module>:100 - Epoch: 10, Loss: 2.9564, Train Acc: 0.6935,  Test_Loss: 1.3889,Test Acc: 0.7351,Test F1: 0.7157,Test auc: 0.8013
2024-05-09 13:14:28.181 | INFO     | __main__:<module>:100 - Epoch: 11, Loss: 3.4438, Train Acc: 0.6964,  Test_Loss: 1.3976,Test Acc: 0.7351,Test F1: 0.7157,Test auc: 0.8013
2024-05-09 13:14:28.210 | INFO     | __main__:<module>:100 - Epoch: 12, Loss: 3.2746, Train Acc: 0.6979,  Test_Loss: 1.4079,Test Acc: 0.7262,Test F1: 0.7051,Test auc: 0.7902
2024-05-09 13:14:28.232 | INFO     | __main__:<module>:100 - Epoch: 13, Loss: 3.6556, Train Acc: 0.6949,  Test_Loss: 1.4126,Test Acc: 0.7262,Test F1: 0.7051,Test auc: 0.7902
2024-05-09 13:14:28.255 | INFO     | __main__:<module>:100 - Epoch: 14, Loss: 3.3785, Train Acc: 0.7091,  Test_Loss: 1.4380,Test Acc: 0.7262,Test F1: 0.7051,Test auc: 0.7902
2024-05-09 13:14:28.275 | INFO     | __main__:<module>:100 - Epoch: 15, Loss: 3.1939, Train Acc: 0.6942,  Test_Loss: 1.4031,Test Acc: 0.7292,Test F1: 0.7074,Test auc: 0.7924
2024-05-09 13:14:28.294 | INFO     | __main__:<module>:100 - Epoch: 16, Loss: 2.7760, Train Acc: 0.7001,  Test_Loss: 1.4101,Test Acc: 0.7292,Test F1: 0.7074,Test auc: 0.7924
2024-05-09 13:14:28.316 | INFO     | __main__:<module>:100 - Epoch: 17, Loss: 2.6235, Train Acc: 0.7135,  Test_Loss: 1.3977,Test Acc: 0.7292,Test F1: 0.7074,Test auc: 0.7924
2024-05-09 13:14:28.343 | INFO     | __main__:<module>:100 - Epoch: 18, Loss: 2.8289, Train Acc: 0.7039,  Test_Loss: 1.3858,Test Acc: 0.7292,Test F1: 0.7074,Test auc: 0.7924
2024-05-09 13:14:28.367 | INFO     | __main__:<module>:100 - Epoch: 19, Loss: 3.6734, Train Acc: 0.6920,  Test_Loss: 1.3489,Test Acc: 0.7351,Test F1: 0.7157,Test auc: 0.8013
2024-05-09 13:14:28.398 | INFO     | __main__:<module>:100 - Epoch: 20, Loss: 3.9410, Train Acc: 0.6987,  Test_Loss: 1.3725,Test Acc: 0.7262,Test F1: 0.7051,Test auc: 0.7902
2024-05-09 13:14:28.432 | INFO     | __main__:<module>:100 - Epoch: 21, Loss: 2.8423, Train Acc: 0.7165,  Test_Loss: 1.3822,Test Acc: 0.7262,Test F1: 0.7051,Test auc: 0.7902
2024-05-09 13:14:28.463 | INFO     | __main__:<module>:100 - Epoch: 22, Loss: 3.4863, Train Acc: 0.7016,  Test_Loss: 1.3809,Test Acc: 0.7262,Test F1: 0.7051,Test auc: 0.7902
2024-05-09 13:14:28.482 | INFO     | __main__:<module>:100 - Epoch: 23, Loss: 3.5094, Train Acc: 0.7113,  Test_Loss: 1.3799,Test Acc: 0.7262,Test F1: 0.7051,Test auc: 0.7902
2024-05-09 13:14:28.499 | INFO     | __main__:<module>:100 - Epoch: 24, Loss: 3.0053, Train Acc: 0.7001,  Test_Loss: 1.3890,Test Acc: 0.7292,Test F1: 0.7074,Test auc: 0.7924
2024-05-09 13:14:28.526 | INFO     | __main__:<module>:100 - Epoch: 25, Loss: 3.3951, Train Acc: 0.7016,  Test_Loss: 1.3936,Test Acc: 0.6458,Test F1: 0.5735,Test auc: 0.6629
2024-05-09 13:14:28.554 | INFO     | __main__:<module>:100 - Epoch: 26, Loss: 2.9902, Train Acc: 0.7083,  Test_Loss: 1.3908,Test Acc: 0.6488,Test F1: 0.5786,Test auc: 0.6674
2024-05-09 13:14:28.584 | INFO     | __main__:<module>:100 - Epoch: 27, Loss: 3.0863, Train Acc: 0.7135,  Test_Loss: 1.4215,Test Acc: 0.6399,Test F1: 0.5663,Test auc: 0.6563
2024-05-09 13:14:28.622 | INFO     | __main__:<module>:100 - Epoch: 28, Loss: 2.8817, Train Acc: 0.7024,  Test_Loss: 1.4315,Test Acc: 0.6369,Test F1: 0.5612,Test auc: 0.6518
2024-05-09 13:14:28.645 | INFO     | __main__:<module>:100 - Epoch: 29, Loss: 2.7998, Train Acc: 0.7202,  Test_Loss: 1.3625,Test Acc: 0.7262,Test F1: 0.7051,Test auc: 0.7902
2024-05-09 13:14:28.666 | INFO     | __main__:<module>:100 - Epoch: 30, Loss: 2.4540, Train Acc: 0.7113,  Test_Loss: 1.3645,Test Acc: 0.7262,Test F1: 0.7051,Test auc: 0.7902
2024-05-09 13:14:28.667 | INFO     | __main__:<module>:118 - 0.6460165977478027
2024-05-09 13:14:30.270 | INFO     | __main__:<module>:79 - Namespace(dataset='ca-hepph', model='GCN', learning_rate=0.01, epochs=9999, hidden_units=16, dropout=0.4, weight_decay=0.01, weight_decay1=0.01, weight_decay2=0.0005, early_stopping=30, residual=True, seed=824, type='Binary', DEVICE='cuda', theta=0.5, layers=64, alpha=0.1, feature_type='x_55', CGCN=0)
2024-05-09 13:14:30.271 | INFO     | __main__:<module>:80 - Data(edge_index=[2, 235238], num_nodes=11204, x=[11204, 9], train_mask=[11204], test_mask=[11204], label=[11204])
2024-05-09 13:14:30.296 | INFO     | __main__:<module>:100 - Epoch: 00, Loss: 3.0352, Train Acc: 0.3542,  Test_Loss: 1.9628,Test Acc: 0.4018,Test F1: 0.5271,Test auc: 0.5513
2024-05-09 13:14:30.329 | INFO     | __main__:<module>:100 - Epoch: 01, Loss: 2.0292, Train Acc: 0.4159,  Test_Loss: 0.9737,Test Acc: 0.6131,Test F1: 0.6328,Test auc: 0.7098
2024-05-09 13:14:30.352 | INFO     | __main__:<module>:100 - Epoch: 02, Loss: 1.2564, Train Acc: 0.5588,  Test_Loss: 0.9813,Test Acc: 0.6935,Test F1: 0.5796,Test auc: 0.6786
2024-05-09 13:14:30.380 | INFO     | __main__:<module>:100 - Epoch: 03, Loss: 1.3577, Train Acc: 0.5580,  Test_Loss: 0.8253,Test Acc: 0.7351,Test F1: 0.6877,Test auc: 0.7701
2024-05-09 13:14:30.411 | INFO     | __main__:<module>:100 - Epoch: 04, Loss: 1.0349, Train Acc: 0.6860,  Test_Loss: 0.8135,Test Acc: 0.8155,Test F1: 0.7578,Test auc: 0.8281
2024-05-09 13:14:30.439 | INFO     | __main__:<module>:100 - Epoch: 05, Loss: 0.7601, Train Acc: 0.7902,  Test_Loss: 0.7322,Test Acc: 0.8690,Test F1: 0.8120,Test auc: 0.8638
2024-05-09 13:14:30.472 | INFO     | __main__:<module>:100 - Epoch: 06, Loss: 0.7244, Train Acc: 0.8475,  Test_Loss: 0.6515,Test Acc: 0.8690,Test F1: 0.8087,Test auc: 0.8594
2024-05-09 13:14:30.510 | INFO     | __main__:<module>:100 - Epoch: 07, Loss: 0.6382, Train Acc: 0.8646,  Test_Loss: 0.5534,Test Acc: 0.8839,Test F1: 0.8354,Test auc: 0.8839
2024-05-09 13:14:30.566 | INFO     | __main__:<module>:100 - Epoch: 08, Loss: 0.5654, Train Acc: 0.8891,  Test_Loss: 0.4947,Test Acc: 0.9018,Test F1: 0.8675,Test auc: 0.9174
2024-05-09 13:14:30.606 | INFO     | __main__:<module>:100 - Epoch: 09, Loss: 0.4851, Train Acc: 0.8951,  Test_Loss: 0.4450,Test Acc: 0.9048,Test F1: 0.8720,Test auc: 0.9219
2024-05-09 13:14:30.633 | INFO     | __main__:<module>:100 - Epoch: 10, Loss: 0.4245, Train Acc: 0.9182,  Test_Loss: 0.4005,Test Acc: 0.9167,Test F1: 0.8862,Test auc: 0.9308
2024-05-09 13:14:30.663 | INFO     | __main__:<module>:100 - Epoch: 11, Loss: 0.3756, Train Acc: 0.9182,  Test_Loss: 0.3625,Test Acc: 0.9137,Test F1: 0.8826,Test auc: 0.9286
2024-05-09 13:14:30.698 | INFO     | __main__:<module>:100 - Epoch: 12, Loss: 0.3806, Train Acc: 0.9241,  Test_Loss: 0.3313,Test Acc: 0.9286,Test F1: 0.9016,Test auc: 0.9420
2024-05-09 13:14:30.737 | INFO     | __main__:<module>:100 - Epoch: 13, Loss: 0.3611, Train Acc: 0.9249,  Test_Loss: 0.3087,Test Acc: 0.9375,Test F1: 0.9129,Test auc: 0.9487
2024-05-09 13:14:30.782 | INFO     | __main__:<module>:100 - Epoch: 14, Loss: 0.3122, Train Acc: 0.9271,  Test_Loss: 0.2935,Test Acc: 0.9673,Test F1: 0.9524,Test auc: 0.9710
2024-05-09 13:14:30.819 | INFO     | __main__:<module>:100 - Epoch: 15, Loss: 0.2860, Train Acc: 0.9487,  Test_Loss: 0.2869,Test Acc: 0.9732,Test F1: 0.9600,Test auc: 0.9710
2024-05-09 13:14:30.847 | INFO     | __main__:<module>:100 - Epoch: 16, Loss: 0.2625, Train Acc: 0.9464,  Test_Loss: 0.2863,Test Acc: 0.9673,Test F1: 0.9507,Test auc: 0.9621
2024-05-09 13:14:30.871 | INFO     | __main__:<module>:100 - Epoch: 17, Loss: 0.2641, Train Acc: 0.9368,  Test_Loss: 0.2866,Test Acc: 0.9643,Test F1: 0.9450,Test auc: 0.9531
2024-05-09 13:14:30.904 | INFO     | __main__:<module>:100 - Epoch: 18, Loss: 0.2481, Train Acc: 0.9435,  Test_Loss: 0.2830,Test Acc: 0.9643,Test F1: 0.9455,Test auc: 0.9554
2024-05-09 13:14:30.941 | INFO     | __main__:<module>:100 - Epoch: 19, Loss: 0.2352, Train Acc: 0.9479,  Test_Loss: 0.2796,Test Acc: 0.9762,Test F1: 0.9640,Test auc: 0.9710
2024-05-09 13:14:30.991 | INFO     | __main__:<module>:100 - Epoch: 20, Loss: 0.2427, Train Acc: 0.9382,  Test_Loss: 0.2773,Test Acc: 0.9821,Test F1: 0.9732,Test auc: 0.9799
2024-05-09 13:14:31.019 | INFO     | __main__:<module>:100 - Epoch: 21, Loss: 0.2082, Train Acc: 0.9606,  Test_Loss: 0.2729,Test Acc: 0.9792,Test F1: 0.9689,Test auc: 0.9777
2024-05-09 13:14:31.039 | INFO     | __main__:<module>:100 - Epoch: 22, Loss: 0.2083, Train Acc: 0.9442,  Test_Loss: 0.2737,Test Acc: 0.9792,Test F1: 0.9689,Test auc: 0.9777
2024-05-09 13:14:31.060 | INFO     | __main__:<module>:100 - Epoch: 23, Loss: 0.2192, Train Acc: 0.9501,  Test_Loss: 0.2829,Test Acc: 0.9792,Test F1: 0.9689,Test auc: 0.9777
2024-05-09 13:14:31.090 | INFO     | __main__:<module>:100 - Epoch: 24, Loss: 0.2315, Train Acc: 0.9464,  Test_Loss: 0.2692,Test Acc: 0.9792,Test F1: 0.9689,Test auc: 0.9777
2024-05-09 13:14:31.126 | INFO     | __main__:<module>:100 - Epoch: 25, Loss: 0.1988, Train Acc: 0.9487,  Test_Loss: 0.2557,Test Acc: 0.9702,Test F1: 0.9561,Test auc: 0.9710
2024-05-09 13:14:31.164 | INFO     | __main__:<module>:100 - Epoch: 26, Loss: 0.1839, Train Acc: 0.9554,  Test_Loss: 0.2441,Test Acc: 0.9702,Test F1: 0.9561,Test auc: 0.9710
2024-05-09 13:14:31.206 | INFO     | __main__:<module>:100 - Epoch: 27, Loss: 0.1749, Train Acc: 0.9576,  Test_Loss: 0.2221,Test Acc: 0.9702,Test F1: 0.9561,Test auc: 0.9710
2024-05-09 13:14:31.234 | INFO     | __main__:<module>:100 - Epoch: 28, Loss: 0.1779, Train Acc: 0.9524,  Test_Loss: 0.2087,Test Acc: 0.9673,Test F1: 0.9524,Test auc: 0.9710
2024-05-09 13:14:31.262 | INFO     | __main__:<module>:100 - Epoch: 29, Loss: 0.1662, Train Acc: 0.9591,  Test_Loss: 0.1991,Test Acc: 0.9673,Test F1: 0.9524,Test auc: 0.9710
2024-05-09 13:14:31.289 | INFO     | __main__:<module>:100 - Epoch: 30, Loss: 0.1826, Train Acc: 0.9546,  Test_Loss: 0.1935,Test Acc: 0.9702,Test F1: 0.9565,Test auc: 0.9732
2024-05-09 13:14:31.324 | INFO     | __main__:<module>:100 - Epoch: 31, Loss: 0.1614, Train Acc: 0.9546,  Test_Loss: 0.1923,Test Acc: 0.9702,Test F1: 0.9565,Test auc: 0.9732
2024-05-09 13:14:31.352 | INFO     | __main__:<module>:100 - Epoch: 32, Loss: 0.1633, Train Acc: 0.9501,  Test_Loss: 0.1953,Test Acc: 0.9732,Test F1: 0.9607,Test auc: 0.9754
2024-05-09 13:14:31.383 | INFO     | __main__:<module>:100 - Epoch: 33, Loss: 0.1466, Train Acc: 0.9621,  Test_Loss: 0.1962,Test Acc: 0.9732,Test F1: 0.9607,Test auc: 0.9754
2024-05-09 13:14:31.407 | INFO     | __main__:<module>:100 - Epoch: 34, Loss: 0.1475, Train Acc: 0.9531,  Test_Loss: 0.1971,Test Acc: 0.9732,Test F1: 0.9607,Test auc: 0.9754
2024-05-09 13:14:31.434 | INFO     | __main__:<module>:100 - Epoch: 35, Loss: 0.1671, Train Acc: 0.9591,  Test_Loss: 0.1900,Test Acc: 0.9732,Test F1: 0.9607,Test auc: 0.9754
2024-05-09 13:14:31.463 | INFO     | __main__:<module>:100 - Epoch: 36, Loss: 0.1290, Train Acc: 0.9613,  Test_Loss: 0.1898,Test Acc: 0.9792,Test F1: 0.9692,Test auc: 0.9799
2024-05-09 13:14:31.487 | INFO     | __main__:<module>:100 - Epoch: 37, Loss: 0.1368, Train Acc: 0.9583,  Test_Loss: 0.1950,Test Acc: 0.9792,Test F1: 0.9692,Test auc: 0.9799
2024-05-09 13:14:31.512 | INFO     | __main__:<module>:100 - Epoch: 38, Loss: 0.1406, Train Acc: 0.9531,  Test_Loss: 0.1941,Test Acc: 0.9792,Test F1: 0.9692,Test auc: 0.9799
2024-05-09 13:14:31.540 | INFO     | __main__:<module>:100 - Epoch: 39, Loss: 0.1379, Train Acc: 0.9568,  Test_Loss: 0.1985,Test Acc: 0.9792,Test F1: 0.9692,Test auc: 0.9799
2024-05-09 13:14:31.563 | INFO     | __main__:<module>:100 - Epoch: 40, Loss: 0.1280, Train Acc: 0.9643,  Test_Loss: 0.1962,Test Acc: 0.9792,Test F1: 0.9692,Test auc: 0.9799
2024-05-09 13:14:31.591 | INFO     | __main__:<module>:100 - Epoch: 41, Loss: 0.1397, Train Acc: 0.9598,  Test_Loss: 0.1946,Test Acc: 0.9792,Test F1: 0.9692,Test auc: 0.9799
2024-05-09 13:14:31.620 | INFO     | __main__:<module>:100 - Epoch: 42, Loss: 0.1488, Train Acc: 0.9583,  Test_Loss: 0.1892,Test Acc: 0.9792,Test F1: 0.9692,Test auc: 0.9799
2024-05-09 13:14:31.642 | INFO     | __main__:<module>:100 - Epoch: 43, Loss: 0.1286, Train Acc: 0.9546,  Test_Loss: 0.1913,Test Acc: 0.9732,Test F1: 0.9604,Test auc: 0.9732
2024-05-09 13:14:31.663 | INFO     | __main__:<module>:100 - Epoch: 44, Loss: 0.1370, Train Acc: 0.9598,  Test_Loss: 0.1917,Test Acc: 0.9732,Test F1: 0.9604,Test auc: 0.9732
2024-05-09 13:14:31.682 | INFO     | __main__:<module>:100 - Epoch: 45, Loss: 0.1255, Train Acc: 0.9628,  Test_Loss: 0.1921,Test Acc: 0.9732,Test F1: 0.9604,Test auc: 0.9732
2024-05-09 13:14:31.700 | INFO     | __main__:<module>:100 - Epoch: 46, Loss: 0.1383, Train Acc: 0.9583,  Test_Loss: 0.1923,Test Acc: 0.9732,Test F1: 0.9607,Test auc: 0.9754
2024-05-09 13:14:31.725 | INFO     | __main__:<module>:100 - Epoch: 47, Loss: 0.1359, Train Acc: 0.9613,  Test_Loss: 0.1931,Test Acc: 0.9732,Test F1: 0.9607,Test auc: 0.9754
2024-05-09 13:14:31.750 | INFO     | __main__:<module>:100 - Epoch: 48, Loss: 0.1217, Train Acc: 0.9665,  Test_Loss: 0.1952,Test Acc: 0.9732,Test F1: 0.9607,Test auc: 0.9754
2024-05-09 13:14:31.781 | INFO     | __main__:<module>:100 - Epoch: 49, Loss: 0.1260, Train Acc: 0.9606,  Test_Loss: 0.2009,Test Acc: 0.9732,Test F1: 0.9607,Test auc: 0.9754
2024-05-09 13:14:31.813 | INFO     | __main__:<module>:100 - Epoch: 50, Loss: 0.1333, Train Acc: 0.9591,  Test_Loss: 0.2031,Test Acc: 0.9702,Test F1: 0.9561,Test auc: 0.9710
2024-05-09 13:14:31.839 | INFO     | __main__:<module>:100 - Epoch: 51, Loss: 0.1252, Train Acc: 0.9658,  Test_Loss: 0.2061,Test Acc: 0.9702,Test F1: 0.9561,Test auc: 0.9710
2024-05-09 13:14:31.860 | INFO     | __main__:<module>:100 - Epoch: 52, Loss: 0.1359, Train Acc: 0.9628,  Test_Loss: 0.2078,Test Acc: 0.9702,Test F1: 0.9561,Test auc: 0.9710
2024-05-09 13:14:31.881 | INFO     | __main__:<module>:100 - Epoch: 53, Loss: 0.1318, Train Acc: 0.9665,  Test_Loss: 0.2139,Test Acc: 0.9702,Test F1: 0.9561,Test auc: 0.9710
2024-05-09 13:14:31.898 | INFO     | __main__:<module>:100 - Epoch: 54, Loss: 0.1285, Train Acc: 0.9583,  Test_Loss: 0.2156,Test Acc: 0.9702,Test F1: 0.9561,Test auc: 0.9710
2024-05-09 13:14:31.923 | INFO     | __main__:<module>:100 - Epoch: 55, Loss: 0.1294, Train Acc: 0.9583,  Test_Loss: 0.2191,Test Acc: 0.9702,Test F1: 0.9561,Test auc: 0.9710
2024-05-09 13:14:31.952 | INFO     | __main__:<module>:100 - Epoch: 56, Loss: 0.1154, Train Acc: 0.9680,  Test_Loss: 0.2300,Test Acc: 0.9702,Test F1: 0.9561,Test auc: 0.9710
2024-05-09 13:14:31.982 | INFO     | __main__:<module>:100 - Epoch: 57, Loss: 0.1275, Train Acc: 0.9650,  Test_Loss: 0.2249,Test Acc: 0.9702,Test F1: 0.9561,Test auc: 0.9710
2024-05-09 13:14:32.013 | INFO     | __main__:<module>:100 - Epoch: 58, Loss: 0.1290, Train Acc: 0.9583,  Test_Loss: 0.2193,Test Acc: 0.9702,Test F1: 0.9561,Test auc: 0.9710
2024-05-09 13:14:32.040 | INFO     | __main__:<module>:100 - Epoch: 59, Loss: 0.1297, Train Acc: 0.9658,  Test_Loss: 0.2203,Test Acc: 0.9702,Test F1: 0.9561,Test auc: 0.9710
2024-05-09 13:14:32.061 | INFO     | __main__:<module>:100 - Epoch: 60, Loss: 0.1255, Train Acc: 0.9628,  Test_Loss: 0.2117,Test Acc: 0.9702,Test F1: 0.9565,Test auc: 0.9732
2024-05-09 13:14:32.081 | INFO     | __main__:<module>:100 - Epoch: 61, Loss: 0.1279, Train Acc: 0.9591,  Test_Loss: 0.2052,Test Acc: 0.9702,Test F1: 0.9565,Test auc: 0.9732
2024-05-09 13:14:32.102 | INFO     | __main__:<module>:100 - Epoch: 62, Loss: 0.1371, Train Acc: 0.9606,  Test_Loss: 0.2068,Test Acc: 0.9702,Test F1: 0.9565,Test auc: 0.9732
2024-05-09 13:14:32.123 | INFO     | __main__:<module>:100 - Epoch: 63, Loss: 0.1310, Train Acc: 0.9643,  Test_Loss: 0.2087,Test Acc: 0.9702,Test F1: 0.9561,Test auc: 0.9710
2024-05-09 13:14:32.149 | INFO     | __main__:<module>:100 - Epoch: 64, Loss: 0.1232, Train Acc: 0.9576,  Test_Loss: 0.2097,Test Acc: 0.9702,Test F1: 0.9561,Test auc: 0.9710
2024-05-09 13:14:32.181 | INFO     | __main__:<module>:100 - Epoch: 65, Loss: 0.1266, Train Acc: 0.9628,  Test_Loss: 0.2124,Test Acc: 0.9732,Test F1: 0.9607,Test auc: 0.9754
2024-05-09 13:14:32.215 | INFO     | __main__:<module>:100 - Epoch: 66, Loss: 0.1299, Train Acc: 0.9673,  Test_Loss: 0.2068,Test Acc: 0.9702,Test F1: 0.9565,Test auc: 0.9732
2024-05-09 13:14:32.245 | INFO     | __main__:<module>:100 - Epoch: 67, Loss: 0.1450, Train Acc: 0.9583,  Test_Loss: 0.1994,Test Acc: 0.9732,Test F1: 0.9607,Test auc: 0.9754
2024-05-09 13:14:32.266 | INFO     | __main__:<module>:100 - Epoch: 68, Loss: 0.1294, Train Acc: 0.9628,  Test_Loss: 0.2013,Test Acc: 0.9702,Test F1: 0.9565,Test auc: 0.9732
2024-05-09 13:14:32.290 | INFO     | __main__:<module>:100 - Epoch: 69, Loss: 0.1270, Train Acc: 0.9613,  Test_Loss: 0.2072,Test Acc: 0.9673,Test F1: 0.9520,Test auc: 0.9688
2024-05-09 13:14:32.312 | INFO     | __main__:<module>:100 - Epoch: 70, Loss: 0.1304, Train Acc: 0.9606,  Test_Loss: 0.2069,Test Acc: 0.9673,Test F1: 0.9520,Test auc: 0.9688
2024-05-09 13:14:32.335 | INFO     | __main__:<module>:100 - Epoch: 71, Loss: 0.1443, Train Acc: 0.9561,  Test_Loss: 0.2113,Test Acc: 0.9673,Test F1: 0.9520,Test auc: 0.9688
2024-05-09 13:14:32.363 | INFO     | __main__:<module>:100 - Epoch: 72, Loss: 0.1264, Train Acc: 0.9658,  Test_Loss: 0.2045,Test Acc: 0.9673,Test F1: 0.9520,Test auc: 0.9688
2024-05-09 13:14:32.364 | INFO     | __main__:<module>:118 - 1.524484634399414
2024-05-09 13:14:33.781 | INFO     | __main__:<module>:79 - Namespace(dataset='ca-hepph', model='GCN', learning_rate=0.01, epochs=9999, hidden_units=16, dropout=0.4, weight_decay=0.01, weight_decay1=0.01, weight_decay2=0.0005, early_stopping=30, residual=True, seed=824, type='Binary', DEVICE='cuda', theta=0.5, layers=64, alpha=0.1, feature_type='x_55', CGCN=0)
2024-05-09 13:14:33.781 | INFO     | __main__:<module>:80 - Data(edge_index=[2, 235238], num_nodes=11204, x=[11204, 10], train_mask=[11204], test_mask=[11204], label=[11204])
2024-05-09 13:14:33.815 | INFO     | __main__:<module>:100 - Epoch: 00, Loss: 33.6004, Train Acc: 0.6600,  Test_Loss: 1.7963,Test Acc: 0.4583,Test F1: 0.5517,Test auc: 0.5938
2024-05-09 13:14:33.839 | INFO     | __main__:<module>:100 - Epoch: 01, Loss: 5.3274, Train Acc: 0.4955,  Test_Loss: 2.8873,Test Acc: 0.4256,Test F1: 0.5372,Test auc: 0.5692
2024-05-09 13:14:33.861 | INFO     | __main__:<module>:100 - Epoch: 02, Loss: 5.7115, Train Acc: 0.5052,  Test_Loss: 2.6341,Test Acc: 0.4435,Test F1: 0.5450,Test auc: 0.5826
2024-05-09 13:14:33.886 | INFO     | __main__:<module>:100 - Epoch: 03, Loss: 6.5268, Train Acc: 0.4918,  Test_Loss: 2.5351,Test Acc: 0.4554,Test F1: 0.5504,Test auc: 0.5915
2024-05-09 13:14:33.913 | INFO     | __main__:<module>:100 - Epoch: 04, Loss: 6.1553, Train Acc: 0.4985,  Test_Loss: 2.4028,Test Acc: 0.4881,Test F1: 0.5657,Test auc: 0.6161
2024-05-09 13:14:33.932 | INFO     | __main__:<module>:100 - Epoch: 05, Loss: 6.0667, Train Acc: 0.4918,  Test_Loss: 2.3935,Test Acc: 0.5000,Test F1: 0.5714,Test auc: 0.6250
2024-05-09 13:14:33.957 | INFO     | __main__:<module>:100 - Epoch: 06, Loss: 5.9648, Train Acc: 0.5231,  Test_Loss: 2.3115,Test Acc: 0.5179,Test F1: 0.5803,Test auc: 0.6384
2024-05-09 13:14:33.979 | INFO     | __main__:<module>:100 - Epoch: 07, Loss: 5.3374, Train Acc: 0.4903,  Test_Loss: 2.2645,Test Acc: 0.5238,Test F1: 0.5833,Test auc: 0.6429
2024-05-09 13:14:33.999 | INFO     | __main__:<module>:100 - Epoch: 08, Loss: 5.7829, Train Acc: 0.4881,  Test_Loss: 2.2486,Test Acc: 0.5238,Test F1: 0.5833,Test auc: 0.6429
2024-05-09 13:14:34.027 | INFO     | __main__:<module>:100 - Epoch: 09, Loss: 7.4719, Train Acc: 0.4762,  Test_Loss: 2.2458,Test Acc: 0.5327,Test F1: 0.5879,Test auc: 0.6496
2024-05-09 13:14:34.055 | INFO     | __main__:<module>:100 - Epoch: 10, Loss: 5.3496, Train Acc: 0.4933,  Test_Loss: 2.2088,Test Acc: 0.5506,Test F1: 0.5973,Test auc: 0.6629
2024-05-09 13:14:34.082 | INFO     | __main__:<module>:100 - Epoch: 11, Loss: 6.0527, Train Acc: 0.4903,  Test_Loss: 2.1761,Test Acc: 0.5625,Test F1: 0.6038,Test auc: 0.6719
2024-05-09 13:14:34.111 | INFO     | __main__:<module>:100 - Epoch: 12, Loss: 4.6317, Train Acc: 0.4970,  Test_Loss: 2.1178,Test Acc: 0.5774,Test F1: 0.6120,Test auc: 0.6830
2024-05-09 13:14:34.131 | INFO     | __main__:<module>:100 - Epoch: 13, Loss: 6.5758, Train Acc: 0.4978,  Test_Loss: 2.1128,Test Acc: 0.5774,Test F1: 0.6120,Test auc: 0.6830
2024-05-09 13:14:34.157 | INFO     | __main__:<module>:100 - Epoch: 14, Loss: 5.3021, Train Acc: 0.5179,  Test_Loss: 2.0730,Test Acc: 0.5863,Test F1: 0.6171,Test auc: 0.6897
2024-05-09 13:14:34.179 | INFO     | __main__:<module>:100 - Epoch: 15, Loss: 6.6900, Train Acc: 0.5045,  Test_Loss: 2.0857,Test Acc: 0.5833,Test F1: 0.6154,Test auc: 0.6875
2024-05-09 13:14:34.198 | INFO     | __main__:<module>:100 - Epoch: 16, Loss: 6.2698, Train Acc: 0.5030,  Test_Loss: 2.0600,Test Acc: 0.5863,Test F1: 0.6171,Test auc: 0.6897
2024-05-09 13:14:34.225 | INFO     | __main__:<module>:100 - Epoch: 17, Loss: 5.3386, Train Acc: 0.5022,  Test_Loss: 2.0726,Test Acc: 0.5863,Test F1: 0.6171,Test auc: 0.6897
2024-05-09 13:14:34.255 | INFO     | __main__:<module>:100 - Epoch: 18, Loss: 5.5402, Train Acc: 0.5015,  Test_Loss: 2.0234,Test Acc: 0.5982,Test F1: 0.6240,Test auc: 0.6987
2024-05-09 13:14:34.282 | INFO     | __main__:<module>:100 - Epoch: 19, Loss: 6.0266, Train Acc: 0.4903,  Test_Loss: 2.0546,Test Acc: 0.5923,Test F1: 0.6205,Test auc: 0.6942
2024-05-09 13:14:34.312 | INFO     | __main__:<module>:100 - Epoch: 20, Loss: 4.8274, Train Acc: 0.5126,  Test_Loss: 1.9903,Test Acc: 0.6071,Test F1: 0.6292,Test auc: 0.7054
2024-05-09 13:14:34.340 | INFO     | __main__:<module>:100 - Epoch: 21, Loss: 7.3105, Train Acc: 0.4821,  Test_Loss: 2.0775,Test Acc: 0.5863,Test F1: 0.6171,Test auc: 0.6897
2024-05-09 13:14:34.362 | INFO     | __main__:<module>:100 - Epoch: 22, Loss: 5.3092, Train Acc: 0.4963,  Test_Loss: 2.0531,Test Acc: 0.5923,Test F1: 0.6205,Test auc: 0.6942
2024-05-09 13:14:34.382 | INFO     | __main__:<module>:100 - Epoch: 23, Loss: 6.5428, Train Acc: 0.4948,  Test_Loss: 2.0634,Test Acc: 0.5923,Test F1: 0.6205,Test auc: 0.6942
2024-05-09 13:14:34.407 | INFO     | __main__:<module>:100 - Epoch: 24, Loss: 5.4250, Train Acc: 0.4985,  Test_Loss: 2.0657,Test Acc: 0.5952,Test F1: 0.6222,Test auc: 0.6964
2024-05-09 13:14:34.428 | INFO     | __main__:<module>:100 - Epoch: 25, Loss: 4.6027, Train Acc: 0.5067,  Test_Loss: 2.0605,Test Acc: 0.6012,Test F1: 0.6257,Test auc: 0.7009
2024-05-09 13:14:34.458 | INFO     | __main__:<module>:100 - Epoch: 26, Loss: 4.7806, Train Acc: 0.5216,  Test_Loss: 2.0234,Test Acc: 0.6042,Test F1: 0.6275,Test auc: 0.7031
2024-05-09 13:14:34.493 | INFO     | __main__:<module>:100 - Epoch: 27, Loss: 6.9514, Train Acc: 0.5067,  Test_Loss: 2.0364,Test Acc: 0.6042,Test F1: 0.6275,Test auc: 0.7031
2024-05-09 13:14:34.529 | INFO     | __main__:<module>:100 - Epoch: 28, Loss: 6.6047, Train Acc: 0.4821,  Test_Loss: 2.0650,Test Acc: 0.6012,Test F1: 0.6257,Test auc: 0.7009
2024-05-09 13:14:34.557 | INFO     | __main__:<module>:100 - Epoch: 29, Loss: 6.8205, Train Acc: 0.4978,  Test_Loss: 2.0804,Test Acc: 0.6042,Test F1: 0.6275,Test auc: 0.7031
2024-05-09 13:14:34.579 | INFO     | __main__:<module>:100 - Epoch: 30, Loss: 4.5660, Train Acc: 0.4874,  Test_Loss: 2.0756,Test Acc: 0.6101,Test F1: 0.6310,Test auc: 0.7076
2024-05-09 13:14:34.580 | INFO     | __main__:<module>:118 - 0.6719381809234619
