2024-05-09 13:17:05.729 | INFO     | __main__:<module>:79 - Namespace(dataset='hamster', model='GCN', learning_rate=0.01, epochs=9999, hidden_units=16, dropout=0.4, weight_decay=0.01, weight_decay1=0.01, weight_decay2=0.0005, early_stopping=30, residual=True, seed=824, type='Binary', DEVICE='cuda', theta=0.5, layers=64, alpha=0.1, feature_type='x_55', CGCN=0)
2024-05-09 13:17:05.731 | INFO     | __main__:<module>:80 - Data(edge_index=[2, 24952], weight=[24952], num_nodes=1788, x=[1788, 7], train_mask=[1788], test_mask=[1788], label=[1788])
2024-05-09 13:17:05.754 | INFO     | __main__:<module>:100 - Epoch: 00, Loss: 1.6846, Train Acc: 0.5591,  Test_Loss: 0.4966,Test Acc: 0.8148,Test F1: 0.7826,Test auc: 0.8611
2024-05-09 13:17:05.787 | INFO     | __main__:<module>:100 - Epoch: 01, Loss: 1.0051, Train Acc: 0.6613,  Test_Loss: 0.3921,Test Acc: 0.8765,Test F1: 0.7917,Test auc: 0.8333
2024-05-09 13:17:05.812 | INFO     | __main__:<module>:100 - Epoch: 02, Loss: 0.6101, Train Acc: 0.7903,  Test_Loss: 0.2365,Test Acc: 0.9630,Test F1: 0.9455,Test auc: 0.9630
2024-05-09 13:17:05.831 | INFO     | __main__:<module>:100 - Epoch: 03, Loss: 0.7561, Train Acc: 0.8548,  Test_Loss: 0.3202,Test Acc: 0.9136,Test F1: 0.8852,Test auc: 0.9352
2024-05-09 13:17:05.849 | INFO     | __main__:<module>:100 - Epoch: 04, Loss: 0.6554, Train Acc: 0.8226,  Test_Loss: 0.3499,Test Acc: 0.8765,Test F1: 0.8437,Test auc: 0.9074
2024-05-09 13:17:05.864 | INFO     | __main__:<module>:100 - Epoch: 05, Loss: 0.5299, Train Acc: 0.8172,  Test_Loss: 0.3695,Test Acc: 0.8765,Test F1: 0.8437,Test auc: 0.9074
2024-05-09 13:17:05.880 | INFO     | __main__:<module>:100 - Epoch: 06, Loss: 0.7079, Train Acc: 0.8226,  Test_Loss: 0.3875,Test Acc: 0.8765,Test F1: 0.8437,Test auc: 0.9074
2024-05-09 13:17:05.897 | INFO     | __main__:<module>:100 - Epoch: 07, Loss: 0.7064, Train Acc: 0.8280,  Test_Loss: 0.3562,Test Acc: 0.8765,Test F1: 0.8437,Test auc: 0.9074
2024-05-09 13:17:05.913 | INFO     | __main__:<module>:100 - Epoch: 08, Loss: 0.3820, Train Acc: 0.9140,  Test_Loss: 0.3646,Test Acc: 0.8765,Test F1: 0.8437,Test auc: 0.9074
2024-05-09 13:17:05.932 | INFO     | __main__:<module>:100 - Epoch: 09, Loss: 0.4974, Train Acc: 0.8333,  Test_Loss: 0.3790,Test Acc: 0.8765,Test F1: 0.8437,Test auc: 0.9074
2024-05-09 13:17:05.953 | INFO     | __main__:<module>:100 - Epoch: 10, Loss: 0.6436, Train Acc: 0.8441,  Test_Loss: 0.3772,Test Acc: 0.8765,Test F1: 0.8437,Test auc: 0.9074
2024-05-09 13:17:05.983 | INFO     | __main__:<module>:100 - Epoch: 11, Loss: 0.6785, Train Acc: 0.8065,  Test_Loss: 0.3452,Test Acc: 0.8765,Test F1: 0.8437,Test auc: 0.9074
2024-05-09 13:17:06.008 | INFO     | __main__:<module>:100 - Epoch: 12, Loss: 0.6383, Train Acc: 0.8441,  Test_Loss: 0.3199,Test Acc: 0.9012,Test F1: 0.8710,Test auc: 0.9259
2024-05-09 13:17:06.035 | INFO     | __main__:<module>:100 - Epoch: 13, Loss: 0.5744, Train Acc: 0.7688,  Test_Loss: 0.3253,Test Acc: 0.9012,Test F1: 0.8710,Test auc: 0.9259
2024-05-09 13:17:06.058 | INFO     | __main__:<module>:100 - Epoch: 14, Loss: 0.6780, Train Acc: 0.7688,  Test_Loss: 0.3218,Test Acc: 0.9136,Test F1: 0.8852,Test auc: 0.9352
2024-05-09 13:17:06.084 | INFO     | __main__:<module>:100 - Epoch: 15, Loss: 0.6777, Train Acc: 0.7957,  Test_Loss: 0.3400,Test Acc: 0.8765,Test F1: 0.8437,Test auc: 0.9074
2024-05-09 13:17:06.098 | INFO     | __main__:<module>:100 - Epoch: 16, Loss: 0.7317, Train Acc: 0.8065,  Test_Loss: 0.3374,Test Acc: 0.8765,Test F1: 0.8437,Test auc: 0.9074
2024-05-09 13:17:06.119 | INFO     | __main__:<module>:100 - Epoch: 17, Loss: 0.8986, Train Acc: 0.7473,  Test_Loss: 0.3395,Test Acc: 0.8765,Test F1: 0.8437,Test auc: 0.9074
2024-05-09 13:17:06.140 | INFO     | __main__:<module>:100 - Epoch: 18, Loss: 0.5622, Train Acc: 0.8495,  Test_Loss: 0.3336,Test Acc: 0.8889,Test F1: 0.8571,Test auc: 0.9167
2024-05-09 13:17:06.165 | INFO     | __main__:<module>:100 - Epoch: 19, Loss: 0.4945, Train Acc: 0.8441,  Test_Loss: 0.3353,Test Acc: 0.8765,Test F1: 0.8437,Test auc: 0.9074
2024-05-09 13:17:06.194 | INFO     | __main__:<module>:100 - Epoch: 20, Loss: 0.6147, Train Acc: 0.8333,  Test_Loss: 0.3335,Test Acc: 0.8765,Test F1: 0.8437,Test auc: 0.9074
2024-05-09 13:17:06.222 | INFO     | __main__:<module>:100 - Epoch: 21, Loss: 0.6045, Train Acc: 0.8387,  Test_Loss: 0.3228,Test Acc: 0.9012,Test F1: 0.8710,Test auc: 0.9259
2024-05-09 13:17:06.253 | INFO     | __main__:<module>:100 - Epoch: 22, Loss: 0.6958, Train Acc: 0.8226,  Test_Loss: 0.3255,Test Acc: 0.9012,Test F1: 0.8710,Test auc: 0.9259
2024-05-09 13:17:06.275 | INFO     | __main__:<module>:100 - Epoch: 23, Loss: 0.6114, Train Acc: 0.8118,  Test_Loss: 0.3320,Test Acc: 0.9012,Test F1: 0.8710,Test auc: 0.9259
2024-05-09 13:17:06.295 | INFO     | __main__:<module>:100 - Epoch: 24, Loss: 0.7722, Train Acc: 0.8011,  Test_Loss: 0.3390,Test Acc: 0.8765,Test F1: 0.8437,Test auc: 0.9074
2024-05-09 13:17:06.311 | INFO     | __main__:<module>:100 - Epoch: 25, Loss: 0.5103, Train Acc: 0.8172,  Test_Loss: 0.3259,Test Acc: 0.9012,Test F1: 0.8710,Test auc: 0.9259
2024-05-09 13:17:06.326 | INFO     | __main__:<module>:100 - Epoch: 26, Loss: 0.7517, Train Acc: 0.8280,  Test_Loss: 0.3341,Test Acc: 0.9012,Test F1: 0.8710,Test auc: 0.9259
2024-05-09 13:17:06.342 | INFO     | __main__:<module>:100 - Epoch: 27, Loss: 0.5160, Train Acc: 0.8118,  Test_Loss: 0.3456,Test Acc: 0.8889,Test F1: 0.8571,Test auc: 0.9167
2024-05-09 13:17:06.364 | INFO     | __main__:<module>:100 - Epoch: 28, Loss: 0.5802, Train Acc: 0.7796,  Test_Loss: 0.3797,Test Acc: 0.8765,Test F1: 0.8437,Test auc: 0.9074
2024-05-09 13:17:06.393 | INFO     | __main__:<module>:100 - Epoch: 29, Loss: 0.5996, Train Acc: 0.8280,  Test_Loss: 0.3895,Test Acc: 0.8765,Test F1: 0.8437,Test auc: 0.9074
2024-05-09 13:17:06.417 | INFO     | __main__:<module>:100 - Epoch: 30, Loss: 0.4901, Train Acc: 0.8387,  Test_Loss: 0.3879,Test Acc: 0.8765,Test F1: 0.8437,Test auc: 0.9074
2024-05-09 13:17:06.445 | INFO     | __main__:<module>:100 - Epoch: 31, Loss: 0.4868, Train Acc: 0.8226,  Test_Loss: 0.3757,Test Acc: 0.8765,Test F1: 0.8437,Test auc: 0.9074
2024-05-09 13:17:06.473 | INFO     | __main__:<module>:100 - Epoch: 32, Loss: 0.5099, Train Acc: 0.8387,  Test_Loss: 0.3841,Test Acc: 0.8765,Test F1: 0.8437,Test auc: 0.9074
2024-05-09 13:17:06.474 | INFO     | __main__:<module>:118 - 0.5785415172576904
2024-05-09 13:17:06.678 | INFO     | __main__:<module>:79 - Namespace(dataset='hamster', model='GCN', learning_rate=0.01, epochs=9999, hidden_units=16, dropout=0.4, weight_decay=0.01, weight_decay1=0.01, weight_decay2=0.0005, early_stopping=30, residual=True, seed=824, type='Binary', DEVICE='cuda', theta=0.5, layers=64, alpha=0.1, feature_type='x_55', CGCN=0)
2024-05-09 13:17:06.679 | INFO     | __main__:<module>:80 - Data(edge_index=[2, 24952], weight=[24952], num_nodes=1788, x=[1788, 8], train_mask=[1788], test_mask=[1788], label=[1788])
2024-05-09 13:17:06.700 | INFO     | __main__:<module>:100 - Epoch: 00, Loss: 4.5053, Train Acc: 0.5753,  Test_Loss: 1.3307,Test Acc: 0.4938,Test F1: 0.5684,Test auc: 0.6204
2024-05-09 13:17:06.722 | INFO     | __main__:<module>:100 - Epoch: 01, Loss: 1.5036, Train Acc: 0.5914,  Test_Loss: 1.8163,Test Acc: 0.4691,Test F1: 0.5567,Test auc: 0.6019
2024-05-09 13:17:06.744 | INFO     | __main__:<module>:100 - Epoch: 02, Loss: 2.0506, Train Acc: 0.4731,  Test_Loss: 1.5050,Test Acc: 0.4938,Test F1: 0.5684,Test auc: 0.6204
2024-05-09 13:17:06.767 | INFO     | __main__:<module>:100 - Epoch: 03, Loss: 2.4458, Train Acc: 0.4677,  Test_Loss: 1.3531,Test Acc: 0.5062,Test F1: 0.5745,Test auc: 0.6296
2024-05-09 13:17:06.791 | INFO     | __main__:<module>:100 - Epoch: 04, Loss: 1.9428, Train Acc: 0.5161,  Test_Loss: 1.3172,Test Acc: 0.5185,Test F1: 0.5806,Test auc: 0.6389
2024-05-09 13:17:06.816 | INFO     | __main__:<module>:100 - Epoch: 05, Loss: 1.3221, Train Acc: 0.5538,  Test_Loss: 1.1267,Test Acc: 0.5432,Test F1: 0.5934,Test auc: 0.6574
2024-05-09 13:17:06.839 | INFO     | __main__:<module>:100 - Epoch: 06, Loss: 1.0904, Train Acc: 0.6075,  Test_Loss: 0.8054,Test Acc: 0.6296,Test F1: 0.6429,Test auc: 0.7222
2024-05-09 13:17:06.863 | INFO     | __main__:<module>:100 - Epoch: 07, Loss: 0.8391, Train Acc: 0.6290,  Test_Loss: 0.4932,Test Acc: 0.7531,Test F1: 0.7297,Test auc: 0.8148
2024-05-09 13:17:06.884 | INFO     | __main__:<module>:100 - Epoch: 08, Loss: 0.7292, Train Acc: 0.7366,  Test_Loss: 0.3965,Test Acc: 0.9136,Test F1: 0.8852,Test auc: 0.9352
2024-05-09 13:17:06.916 | INFO     | __main__:<module>:100 - Epoch: 09, Loss: 0.8514, Train Acc: 0.7419,  Test_Loss: 0.3824,Test Acc: 0.9259,Test F1: 0.9000,Test auc: 0.9444
2024-05-09 13:17:06.949 | INFO     | __main__:<module>:100 - Epoch: 10, Loss: 0.6636, Train Acc: 0.7581,  Test_Loss: 0.3679,Test Acc: 0.9259,Test F1: 0.8966,Test auc: 0.9352
2024-05-09 13:17:06.985 | INFO     | __main__:<module>:100 - Epoch: 11, Loss: 0.5549, Train Acc: 0.8495,  Test_Loss: 0.3537,Test Acc: 0.9383,Test F1: 0.9153,Test auc: 0.9537
2024-05-09 13:17:07.012 | INFO     | __main__:<module>:100 - Epoch: 12, Loss: 0.5483, Train Acc: 0.8333,  Test_Loss: 0.3465,Test Acc: 0.9383,Test F1: 0.9153,Test auc: 0.9537
2024-05-09 13:17:07.033 | INFO     | __main__:<module>:100 - Epoch: 13, Loss: 0.4018, Train Acc: 0.8656,  Test_Loss: 0.3394,Test Acc: 0.9383,Test F1: 0.9153,Test auc: 0.9537
2024-05-09 13:17:07.053 | INFO     | __main__:<module>:100 - Epoch: 14, Loss: 0.4020, Train Acc: 0.8978,  Test_Loss: 0.3305,Test Acc: 0.9383,Test F1: 0.9153,Test auc: 0.9537
2024-05-09 13:17:07.075 | INFO     | __main__:<module>:100 - Epoch: 15, Loss: 0.3924, Train Acc: 0.8871,  Test_Loss: 0.3200,Test Acc: 0.9383,Test F1: 0.9153,Test auc: 0.9537
2024-05-09 13:17:07.111 | INFO     | __main__:<module>:100 - Epoch: 16, Loss: 0.4248, Train Acc: 0.8656,  Test_Loss: 0.3088,Test Acc: 0.9383,Test F1: 0.9153,Test auc: 0.9537
2024-05-09 13:17:07.149 | INFO     | __main__:<module>:100 - Epoch: 17, Loss: 0.4177, Train Acc: 0.8548,  Test_Loss: 0.2974,Test Acc: 0.9506,Test F1: 0.9310,Test auc: 0.9630
2024-05-09 13:17:07.186 | INFO     | __main__:<module>:100 - Epoch: 18, Loss: 0.3803, Train Acc: 0.8817,  Test_Loss: 0.2870,Test Acc: 0.9506,Test F1: 0.9286,Test auc: 0.9537
2024-05-09 13:17:07.213 | INFO     | __main__:<module>:100 - Epoch: 19, Loss: 0.3746, Train Acc: 0.8817,  Test_Loss: 0.2784,Test Acc: 0.9506,Test F1: 0.9286,Test auc: 0.9537
2024-05-09 13:17:07.234 | INFO     | __main__:<module>:100 - Epoch: 20, Loss: 0.3660, Train Acc: 0.9140,  Test_Loss: 0.2703,Test Acc: 0.9506,Test F1: 0.9286,Test auc: 0.9537
2024-05-09 13:17:07.257 | INFO     | __main__:<module>:100 - Epoch: 21, Loss: 0.3401, Train Acc: 0.9301,  Test_Loss: 0.2631,Test Acc: 0.9506,Test F1: 0.9286,Test auc: 0.9537
2024-05-09 13:17:07.279 | INFO     | __main__:<module>:100 - Epoch: 22, Loss: 0.3695, Train Acc: 0.8710,  Test_Loss: 0.2562,Test Acc: 0.9506,Test F1: 0.9286,Test auc: 0.9537
2024-05-09 13:17:07.303 | INFO     | __main__:<module>:100 - Epoch: 23, Loss: 0.3423, Train Acc: 0.8817,  Test_Loss: 0.2495,Test Acc: 0.9506,Test F1: 0.9286,Test auc: 0.9537
2024-05-09 13:17:07.337 | INFO     | __main__:<module>:100 - Epoch: 24, Loss: 0.3577, Train Acc: 0.8763,  Test_Loss: 0.2429,Test Acc: 0.9506,Test F1: 0.9286,Test auc: 0.9537
2024-05-09 13:17:07.382 | INFO     | __main__:<module>:100 - Epoch: 25, Loss: 0.2930, Train Acc: 0.9194,  Test_Loss: 0.2374,Test Acc: 0.9506,Test F1: 0.9286,Test auc: 0.9537
2024-05-09 13:17:07.413 | INFO     | __main__:<module>:100 - Epoch: 26, Loss: 0.3648, Train Acc: 0.8978,  Test_Loss: 0.2320,Test Acc: 0.9506,Test F1: 0.9286,Test auc: 0.9537
2024-05-09 13:17:07.437 | INFO     | __main__:<module>:100 - Epoch: 27, Loss: 0.2897, Train Acc: 0.9247,  Test_Loss: 0.2282,Test Acc: 0.9630,Test F1: 0.9474,Test auc: 0.9722
2024-05-09 13:17:07.455 | INFO     | __main__:<module>:100 - Epoch: 28, Loss: 0.2812, Train Acc: 0.9247,  Test_Loss: 0.2242,Test Acc: 0.9630,Test F1: 0.9474,Test auc: 0.9722
2024-05-09 13:17:07.486 | INFO     | __main__:<module>:100 - Epoch: 29, Loss: 0.2779, Train Acc: 0.9247,  Test_Loss: 0.2205,Test Acc: 0.9630,Test F1: 0.9474,Test auc: 0.9722
2024-05-09 13:17:07.520 | INFO     | __main__:<module>:100 - Epoch: 30, Loss: 0.2555, Train Acc: 0.9624,  Test_Loss: 0.2164,Test Acc: 0.9630,Test F1: 0.9474,Test auc: 0.9722
2024-05-09 13:17:07.564 | INFO     | __main__:<module>:100 - Epoch: 31, Loss: 0.3153, Train Acc: 0.9086,  Test_Loss: 0.2115,Test Acc: 0.9630,Test F1: 0.9474,Test auc: 0.9722
2024-05-09 13:17:07.608 | INFO     | __main__:<module>:100 - Epoch: 32, Loss: 0.2474, Train Acc: 0.9247,  Test_Loss: 0.2046,Test Acc: 0.9630,Test F1: 0.9474,Test auc: 0.9722
2024-05-09 13:17:07.637 | INFO     | __main__:<module>:100 - Epoch: 33, Loss: 0.2740, Train Acc: 0.9194,  Test_Loss: 0.1969,Test Acc: 0.9753,Test F1: 0.9643,Test auc: 0.9815
2024-05-09 13:17:07.659 | INFO     | __main__:<module>:100 - Epoch: 34, Loss: 0.2977, Train Acc: 0.8763,  Test_Loss: 0.1902,Test Acc: 0.9753,Test F1: 0.9643,Test auc: 0.9815
2024-05-09 13:17:07.685 | INFO     | __main__:<module>:100 - Epoch: 35, Loss: 0.2706, Train Acc: 0.9247,  Test_Loss: 0.1850,Test Acc: 0.9753,Test F1: 0.9643,Test auc: 0.9815
2024-05-09 13:17:07.709 | INFO     | __main__:<module>:100 - Epoch: 36, Loss: 0.2551, Train Acc: 0.9462,  Test_Loss: 0.1797,Test Acc: 0.9753,Test F1: 0.9643,Test auc: 0.9815
2024-05-09 13:17:07.756 | INFO     | __main__:<module>:100 - Epoch: 37, Loss: 0.2987, Train Acc: 0.9140,  Test_Loss: 0.1750,Test Acc: 0.9753,Test F1: 0.9643,Test auc: 0.9815
2024-05-09 13:17:07.792 | INFO     | __main__:<module>:100 - Epoch: 38, Loss: 0.2836, Train Acc: 0.9086,  Test_Loss: 0.1697,Test Acc: 0.9753,Test F1: 0.9643,Test auc: 0.9815
2024-05-09 13:17:07.823 | INFO     | __main__:<module>:100 - Epoch: 39, Loss: 0.2892, Train Acc: 0.9247,  Test_Loss: 0.1651,Test Acc: 0.9877,Test F1: 0.9818,Test auc: 0.9907
2024-05-09 13:17:07.846 | INFO     | __main__:<module>:100 - Epoch: 40, Loss: 0.2418, Train Acc: 0.9247,  Test_Loss: 0.1618,Test Acc: 0.9877,Test F1: 0.9818,Test auc: 0.9907
2024-05-09 13:17:07.876 | INFO     | __main__:<module>:100 - Epoch: 41, Loss: 0.2319, Train Acc: 0.9355,  Test_Loss: 0.1587,Test Acc: 0.9877,Test F1: 0.9818,Test auc: 0.9907
2024-05-09 13:17:07.902 | INFO     | __main__:<module>:100 - Epoch: 42, Loss: 0.2427, Train Acc: 0.9247,  Test_Loss: 0.1559,Test Acc: 0.9877,Test F1: 0.9818,Test auc: 0.9907
2024-05-09 13:17:07.942 | INFO     | __main__:<module>:100 - Epoch: 43, Loss: 0.2645, Train Acc: 0.9140,  Test_Loss: 0.1533,Test Acc: 0.9877,Test F1: 0.9818,Test auc: 0.9907
2024-05-09 13:17:07.982 | INFO     | __main__:<module>:100 - Epoch: 44, Loss: 0.1984, Train Acc: 0.9516,  Test_Loss: 0.1510,Test Acc: 0.9877,Test F1: 0.9818,Test auc: 0.9907
2024-05-09 13:17:08.013 | INFO     | __main__:<module>:100 - Epoch: 45, Loss: 0.2470, Train Acc: 0.9140,  Test_Loss: 0.1510,Test Acc: 0.9753,Test F1: 0.9643,Test auc: 0.9815
2024-05-09 13:17:08.033 | INFO     | __main__:<module>:100 - Epoch: 46, Loss: 0.2576, Train Acc: 0.9140,  Test_Loss: 0.1535,Test Acc: 0.9753,Test F1: 0.9643,Test auc: 0.9815
2024-05-09 13:17:08.047 | INFO     | __main__:<module>:100 - Epoch: 47, Loss: 0.2386, Train Acc: 0.9409,  Test_Loss: 0.1536,Test Acc: 0.9753,Test F1: 0.9643,Test auc: 0.9815
2024-05-09 13:17:08.067 | INFO     | __main__:<module>:100 - Epoch: 48, Loss: 0.2125, Train Acc: 0.9516,  Test_Loss: 0.1540,Test Acc: 0.9753,Test F1: 0.9643,Test auc: 0.9815
2024-05-09 13:17:08.093 | INFO     | __main__:<module>:100 - Epoch: 49, Loss: 0.2370, Train Acc: 0.9355,  Test_Loss: 0.1534,Test Acc: 0.9753,Test F1: 0.9643,Test auc: 0.9815
2024-05-09 13:17:08.146 | INFO     | __main__:<module>:100 - Epoch: 50, Loss: 0.3169, Train Acc: 0.9086,  Test_Loss: 0.1505,Test Acc: 0.9753,Test F1: 0.9643,Test auc: 0.9815
2024-05-09 13:17:08.183 | INFO     | __main__:<module>:100 - Epoch: 51, Loss: 0.2165, Train Acc: 0.9355,  Test_Loss: 0.1504,Test Acc: 0.9753,Test F1: 0.9643,Test auc: 0.9815
2024-05-09 13:17:08.237 | INFO     | __main__:<module>:100 - Epoch: 52, Loss: 0.2217, Train Acc: 0.9355,  Test_Loss: 0.1500,Test Acc: 0.9753,Test F1: 0.9643,Test auc: 0.9815
2024-05-09 13:17:08.274 | INFO     | __main__:<module>:100 - Epoch: 53, Loss: 0.2722, Train Acc: 0.9140,  Test_Loss: 0.1481,Test Acc: 0.9753,Test F1: 0.9643,Test auc: 0.9815
2024-05-09 13:17:08.303 | INFO     | __main__:<module>:100 - Epoch: 54, Loss: 0.2570, Train Acc: 0.9301,  Test_Loss: 0.1460,Test Acc: 0.9753,Test F1: 0.9643,Test auc: 0.9815
2024-05-09 13:17:08.330 | INFO     | __main__:<module>:100 - Epoch: 55, Loss: 0.2411, Train Acc: 0.9247,  Test_Loss: 0.1426,Test Acc: 0.9753,Test F1: 0.9643,Test auc: 0.9815
2024-05-09 13:17:08.370 | INFO     | __main__:<module>:100 - Epoch: 56, Loss: 0.2736, Train Acc: 0.9086,  Test_Loss: 0.1388,Test Acc: 0.9753,Test F1: 0.9643,Test auc: 0.9815
2024-05-09 13:17:08.421 | INFO     | __main__:<module>:100 - Epoch: 57, Loss: 0.2514, Train Acc: 0.9140,  Test_Loss: 0.1340,Test Acc: 0.9753,Test F1: 0.9643,Test auc: 0.9815
2024-05-09 13:17:08.457 | INFO     | __main__:<module>:100 - Epoch: 58, Loss: 0.1975, Train Acc: 0.9462,  Test_Loss: 0.1304,Test Acc: 0.9877,Test F1: 0.9818,Test auc: 0.9907
2024-05-09 13:17:08.489 | INFO     | __main__:<module>:100 - Epoch: 59, Loss: 0.2438, Train Acc: 0.9516,  Test_Loss: 0.1266,Test Acc: 0.9877,Test F1: 0.9818,Test auc: 0.9907
2024-05-09 13:17:08.511 | INFO     | __main__:<module>:100 - Epoch: 60, Loss: 0.2715, Train Acc: 0.9140,  Test_Loss: 0.1244,Test Acc: 0.9877,Test F1: 0.9818,Test auc: 0.9907
2024-05-09 13:17:08.531 | INFO     | __main__:<module>:100 - Epoch: 61, Loss: 0.2205, Train Acc: 0.9247,  Test_Loss: 0.1226,Test Acc: 0.9877,Test F1: 0.9818,Test auc: 0.9907
2024-05-09 13:17:08.564 | INFO     | __main__:<module>:100 - Epoch: 62, Loss: 0.2425, Train Acc: 0.9247,  Test_Loss: 0.1212,Test Acc: 0.9877,Test F1: 0.9818,Test auc: 0.9907
2024-05-09 13:17:08.611 | INFO     | __main__:<module>:100 - Epoch: 63, Loss: 0.2090, Train Acc: 0.9301,  Test_Loss: 0.1200,Test Acc: 0.9877,Test F1: 0.9818,Test auc: 0.9907
2024-05-09 13:17:08.651 | INFO     | __main__:<module>:100 - Epoch: 64, Loss: 0.1806, Train Acc: 0.9462,  Test_Loss: 0.1183,Test Acc: 0.9877,Test F1: 0.9818,Test auc: 0.9907
2024-05-09 13:17:08.684 | INFO     | __main__:<module>:100 - Epoch: 65, Loss: 0.2437, Train Acc: 0.9355,  Test_Loss: 0.1169,Test Acc: 0.9877,Test F1: 0.9818,Test auc: 0.9907
2024-05-09 13:17:08.708 | INFO     | __main__:<module>:100 - Epoch: 66, Loss: 0.2211, Train Acc: 0.9355,  Test_Loss: 0.1157,Test Acc: 0.9877,Test F1: 0.9818,Test auc: 0.9907
2024-05-09 13:17:08.726 | INFO     | __main__:<module>:100 - Epoch: 67, Loss: 0.2465, Train Acc: 0.9140,  Test_Loss: 0.1160,Test Acc: 0.9877,Test F1: 0.9818,Test auc: 0.9907
2024-05-09 13:17:08.757 | INFO     | __main__:<module>:100 - Epoch: 68, Loss: 0.2211, Train Acc: 0.9355,  Test_Loss: 0.1163,Test Acc: 0.9877,Test F1: 0.9818,Test auc: 0.9907
2024-05-09 13:17:08.792 | INFO     | __main__:<module>:100 - Epoch: 69, Loss: 0.2592, Train Acc: 0.9194,  Test_Loss: 0.1163,Test Acc: 0.9877,Test F1: 0.9818,Test auc: 0.9907
2024-05-09 13:17:08.818 | INFO     | __main__:<module>:100 - Epoch: 70, Loss: 0.2211, Train Acc: 0.9301,  Test_Loss: 0.1174,Test Acc: 0.9877,Test F1: 0.9818,Test auc: 0.9907
2024-05-09 13:17:08.844 | INFO     | __main__:<module>:100 - Epoch: 71, Loss: 0.2188, Train Acc: 0.9194,  Test_Loss: 0.1188,Test Acc: 0.9877,Test F1: 0.9818,Test auc: 0.9907
2024-05-09 13:17:08.870 | INFO     | __main__:<module>:100 - Epoch: 72, Loss: 0.2145, Train Acc: 0.9301,  Test_Loss: 0.1193,Test Acc: 0.9877,Test F1: 0.9818,Test auc: 0.9907
2024-05-09 13:17:08.894 | INFO     | __main__:<module>:100 - Epoch: 73, Loss: 0.2112, Train Acc: 0.9355,  Test_Loss: 0.1191,Test Acc: 0.9877,Test F1: 0.9818,Test auc: 0.9907
2024-05-09 13:17:08.917 | INFO     | __main__:<module>:100 - Epoch: 74, Loss: 0.1944, Train Acc: 0.9409,  Test_Loss: 0.1205,Test Acc: 0.9877,Test F1: 0.9818,Test auc: 0.9907
2024-05-09 13:17:08.929 | INFO     | __main__:<module>:100 - Epoch: 75, Loss: 0.2241, Train Acc: 0.9247,  Test_Loss: 0.1200,Test Acc: 0.9877,Test F1: 0.9818,Test auc: 0.9907
2024-05-09 13:17:08.953 | INFO     | __main__:<module>:100 - Epoch: 76, Loss: 0.2251, Train Acc: 0.9086,  Test_Loss: 0.1189,Test Acc: 0.9877,Test F1: 0.9818,Test auc: 0.9907
2024-05-09 13:17:08.974 | INFO     | __main__:<module>:100 - Epoch: 77, Loss: 0.2293, Train Acc: 0.9301,  Test_Loss: 0.1179,Test Acc: 0.9877,Test F1: 0.9818,Test auc: 0.9907
2024-05-09 13:17:09.009 | INFO     | __main__:<module>:100 - Epoch: 78, Loss: 0.1827, Train Acc: 0.9516,  Test_Loss: 0.1178,Test Acc: 0.9877,Test F1: 0.9818,Test auc: 0.9907
2024-05-09 13:17:09.040 | INFO     | __main__:<module>:100 - Epoch: 79, Loss: 0.1918, Train Acc: 0.9462,  Test_Loss: 0.1186,Test Acc: 0.9877,Test F1: 0.9818,Test auc: 0.9907
2024-05-09 13:17:09.063 | INFO     | __main__:<module>:100 - Epoch: 80, Loss: 0.1876, Train Acc: 0.9355,  Test_Loss: 0.1205,Test Acc: 0.9877,Test F1: 0.9818,Test auc: 0.9907
2024-05-09 13:17:09.081 | INFO     | __main__:<module>:100 - Epoch: 81, Loss: 0.1932, Train Acc: 0.9355,  Test_Loss: 0.1210,Test Acc: 0.9877,Test F1: 0.9818,Test auc: 0.9907
2024-05-09 13:17:09.098 | INFO     | __main__:<module>:100 - Epoch: 82, Loss: 0.2461, Train Acc: 0.9140,  Test_Loss: 0.1192,Test Acc: 0.9877,Test F1: 0.9818,Test auc: 0.9907
2024-05-09 13:17:09.112 | INFO     | __main__:<module>:100 - Epoch: 83, Loss: 0.1818, Train Acc: 0.9516,  Test_Loss: 0.1192,Test Acc: 0.9877,Test F1: 0.9818,Test auc: 0.9907
2024-05-09 13:17:09.128 | INFO     | __main__:<module>:100 - Epoch: 84, Loss: 0.1586, Train Acc: 0.9624,  Test_Loss: 0.1181,Test Acc: 0.9877,Test F1: 0.9818,Test auc: 0.9907
2024-05-09 13:17:09.145 | INFO     | __main__:<module>:100 - Epoch: 85, Loss: 0.2117, Train Acc: 0.9516,  Test_Loss: 0.1173,Test Acc: 0.9877,Test F1: 0.9818,Test auc: 0.9907
2024-05-09 13:17:09.167 | INFO     | __main__:<module>:100 - Epoch: 86, Loss: 0.2656, Train Acc: 0.9086,  Test_Loss: 0.1180,Test Acc: 0.9877,Test F1: 0.9818,Test auc: 0.9907
2024-05-09 13:17:09.194 | INFO     | __main__:<module>:100 - Epoch: 87, Loss: 0.2068, Train Acc: 0.9247,  Test_Loss: 0.1189,Test Acc: 0.9877,Test F1: 0.9818,Test auc: 0.9907
2024-05-09 13:17:09.219 | INFO     | __main__:<module>:100 - Epoch: 88, Loss: 0.2140, Train Acc: 0.9409,  Test_Loss: 0.1184,Test Acc: 0.9877,Test F1: 0.9818,Test auc: 0.9907
2024-05-09 13:17:09.242 | INFO     | __main__:<module>:100 - Epoch: 89, Loss: 0.2271, Train Acc: 0.9462,  Test_Loss: 0.1181,Test Acc: 0.9877,Test F1: 0.9818,Test auc: 0.9907
2024-05-09 13:17:09.271 | INFO     | __main__:<module>:100 - Epoch: 90, Loss: 0.2034, Train Acc: 0.9409,  Test_Loss: 0.1169,Test Acc: 0.9877,Test F1: 0.9818,Test auc: 0.9907
2024-05-09 13:17:09.292 | INFO     | __main__:<module>:100 - Epoch: 91, Loss: 0.2322, Train Acc: 0.9355,  Test_Loss: 0.1178,Test Acc: 0.9877,Test F1: 0.9818,Test auc: 0.9907
2024-05-09 13:17:09.308 | INFO     | __main__:<module>:100 - Epoch: 92, Loss: 0.2091, Train Acc: 0.9247,  Test_Loss: 0.1183,Test Acc: 0.9877,Test F1: 0.9818,Test auc: 0.9907
2024-05-09 13:17:09.324 | INFO     | __main__:<module>:100 - Epoch: 93, Loss: 0.2226, Train Acc: 0.9194,  Test_Loss: 0.1178,Test Acc: 0.9877,Test F1: 0.9818,Test auc: 0.9907
2024-05-09 13:17:09.342 | INFO     | __main__:<module>:100 - Epoch: 94, Loss: 0.2322, Train Acc: 0.9355,  Test_Loss: 0.1193,Test Acc: 0.9877,Test F1: 0.9818,Test auc: 0.9907
2024-05-09 13:17:09.363 | INFO     | __main__:<module>:100 - Epoch: 95, Loss: 0.2011, Train Acc: 0.9570,  Test_Loss: 0.1189,Test Acc: 0.9877,Test F1: 0.9818,Test auc: 0.9907
2024-05-09 13:17:09.389 | INFO     | __main__:<module>:100 - Epoch: 96, Loss: 0.2167, Train Acc: 0.9194,  Test_Loss: 0.1180,Test Acc: 0.9877,Test F1: 0.9818,Test auc: 0.9907
2024-05-09 13:17:09.390 | INFO     | __main__:<module>:118 - 1.7035188674926758
2024-05-09 13:17:09.819 | INFO     | __main__:<module>:79 - Namespace(dataset='hamster', model='GCN', learning_rate=0.01, epochs=9999, hidden_units=16, dropout=0.4, weight_decay=0.01, weight_decay1=0.01, weight_decay2=0.0005, early_stopping=30, residual=True, seed=824, type='Binary', DEVICE='cuda', theta=0.5, layers=64, alpha=0.1, feature_type='x_55', CGCN=0)
2024-05-09 13:17:09.820 | INFO     | __main__:<module>:80 - Data(edge_index=[2, 24952], weight=[24952], num_nodes=1788, x=[1788, 9], train_mask=[1788], test_mask=[1788], label=[1788])
2024-05-09 13:17:09.844 | INFO     | __main__:<module>:100 - Epoch: 00, Loss: 3.0161, Train Acc: 0.3441,  Test_Loss: 1.5118,Test Acc: 0.3457,Test F1: 0.5047,Test auc: 0.5093
2024-05-09 13:17:09.866 | INFO     | __main__:<module>:100 - Epoch: 01, Loss: 1.5631, Train Acc: 0.3978,  Test_Loss: 0.7580,Test Acc: 0.4074,Test F1: 0.5102,Test auc: 0.5370
2024-05-09 13:17:09.911 | INFO     | __main__:<module>:100 - Epoch: 02, Loss: 1.1816, Train Acc: 0.4892,  Test_Loss: 0.6834,Test Acc: 0.6049,Test F1: 0.5556,Test auc: 0.6389
2024-05-09 13:17:09.936 | INFO     | __main__:<module>:100 - Epoch: 03, Loss: 1.0403, Train Acc: 0.5591,  Test_Loss: 0.5748,Test Acc: 0.6296,Test F1: 0.6250,Test auc: 0.7037
2024-05-09 13:17:09.962 | INFO     | __main__:<module>:100 - Epoch: 04, Loss: 0.9189, Train Acc: 0.5484,  Test_Loss: 0.5410,Test Acc: 0.6420,Test F1: 0.6506,Test auc: 0.7315
2024-05-09 13:17:09.990 | INFO     | __main__:<module>:100 - Epoch: 05, Loss: 0.6934, Train Acc: 0.5645,  Test_Loss: 0.5354,Test Acc: 0.6420,Test F1: 0.6506,Test auc: 0.7315
2024-05-09 13:17:10.014 | INFO     | __main__:<module>:100 - Epoch: 06, Loss: 0.7329, Train Acc: 0.5484,  Test_Loss: 0.5257,Test Acc: 0.6543,Test F1: 0.6585,Test auc: 0.7407
2024-05-09 13:17:10.045 | INFO     | __main__:<module>:100 - Epoch: 07, Loss: 0.5881, Train Acc: 0.6452,  Test_Loss: 0.4933,Test Acc: 0.6790,Test F1: 0.6750,Test auc: 0.7593
2024-05-09 13:17:10.084 | INFO     | __main__:<module>:100 - Epoch: 08, Loss: 0.5799, Train Acc: 0.6774,  Test_Loss: 0.4632,Test Acc: 0.7407,Test F1: 0.7200,Test auc: 0.8056
2024-05-09 13:17:10.119 | INFO     | __main__:<module>:100 - Epoch: 09, Loss: 0.5950, Train Acc: 0.6774,  Test_Loss: 0.4346,Test Acc: 0.7901,Test F1: 0.7606,Test auc: 0.8426
2024-05-09 13:17:10.153 | INFO     | __main__:<module>:100 - Epoch: 10, Loss: 0.5216, Train Acc: 0.7312,  Test_Loss: 0.4121,Test Acc: 0.8395,Test F1: 0.8060,Test auc: 0.8796
2024-05-09 13:17:10.190 | INFO     | __main__:<module>:100 - Epoch: 11, Loss: 0.5034, Train Acc: 0.8226,  Test_Loss: 0.3958,Test Acc: 0.8889,Test F1: 0.8571,Test auc: 0.9167
2024-05-09 13:17:10.226 | INFO     | __main__:<module>:100 - Epoch: 12, Loss: 0.5007, Train Acc: 0.7957,  Test_Loss: 0.3796,Test Acc: 0.9136,Test F1: 0.8852,Test auc: 0.9352
2024-05-09 13:17:10.262 | INFO     | __main__:<module>:100 - Epoch: 13, Loss: 0.5077, Train Acc: 0.8172,  Test_Loss: 0.3643,Test Acc: 0.9506,Test F1: 0.9310,Test auc: 0.9630
2024-05-09 13:17:10.308 | INFO     | __main__:<module>:100 - Epoch: 14, Loss: 0.4674, Train Acc: 0.8441,  Test_Loss: 0.3490,Test Acc: 0.9630,Test F1: 0.9474,Test auc: 0.9722
2024-05-09 13:17:10.344 | INFO     | __main__:<module>:100 - Epoch: 15, Loss: 0.4572, Train Acc: 0.8602,  Test_Loss: 0.3346,Test Acc: 0.9753,Test F1: 0.9643,Test auc: 0.9815
2024-05-09 13:17:10.376 | INFO     | __main__:<module>:100 - Epoch: 16, Loss: 0.4376, Train Acc: 0.8978,  Test_Loss: 0.3189,Test Acc: 0.9753,Test F1: 0.9643,Test auc: 0.9815
2024-05-09 13:17:10.400 | INFO     | __main__:<module>:100 - Epoch: 17, Loss: 0.4085, Train Acc: 0.8710,  Test_Loss: 0.3023,Test Acc: 0.9753,Test F1: 0.9643,Test auc: 0.9815
2024-05-09 13:17:10.430 | INFO     | __main__:<module>:100 - Epoch: 18, Loss: 0.4069, Train Acc: 0.8925,  Test_Loss: 0.2872,Test Acc: 0.9506,Test F1: 0.9310,Test auc: 0.9630
2024-05-09 13:17:10.459 | INFO     | __main__:<module>:100 - Epoch: 19, Loss: 0.4118, Train Acc: 0.8925,  Test_Loss: 0.2774,Test Acc: 0.9506,Test F1: 0.9310,Test auc: 0.9630
2024-05-09 13:17:10.509 | INFO     | __main__:<module>:100 - Epoch: 20, Loss: 0.3837, Train Acc: 0.8925,  Test_Loss: 0.2664,Test Acc: 0.9506,Test F1: 0.9310,Test auc: 0.9630
2024-05-09 13:17:10.551 | INFO     | __main__:<module>:100 - Epoch: 21, Loss: 0.4034, Train Acc: 0.8710,  Test_Loss: 0.2574,Test Acc: 0.9506,Test F1: 0.9310,Test auc: 0.9630
2024-05-09 13:17:10.580 | INFO     | __main__:<module>:100 - Epoch: 22, Loss: 0.3558, Train Acc: 0.8978,  Test_Loss: 0.2474,Test Acc: 0.9630,Test F1: 0.9474,Test auc: 0.9722
2024-05-09 13:17:10.612 | INFO     | __main__:<module>:100 - Epoch: 23, Loss: 0.3617, Train Acc: 0.8656,  Test_Loss: 0.2371,Test Acc: 0.9630,Test F1: 0.9474,Test auc: 0.9722
2024-05-09 13:17:10.635 | INFO     | __main__:<module>:100 - Epoch: 24, Loss: 0.3450, Train Acc: 0.8817,  Test_Loss: 0.2259,Test Acc: 0.9753,Test F1: 0.9643,Test auc: 0.9815
2024-05-09 13:17:10.665 | INFO     | __main__:<module>:100 - Epoch: 25, Loss: 0.3144, Train Acc: 0.9247,  Test_Loss: 0.2160,Test Acc: 0.9753,Test F1: 0.9643,Test auc: 0.9815
2024-05-09 13:17:10.707 | INFO     | __main__:<module>:100 - Epoch: 26, Loss: 0.3147, Train Acc: 0.9032,  Test_Loss: 0.2065,Test Acc: 0.9753,Test F1: 0.9643,Test auc: 0.9815
2024-05-09 13:17:10.742 | INFO     | __main__:<module>:100 - Epoch: 27, Loss: 0.2756, Train Acc: 0.9194,  Test_Loss: 0.1981,Test Acc: 0.9877,Test F1: 0.9818,Test auc: 0.9907
2024-05-09 13:17:10.781 | INFO     | __main__:<module>:100 - Epoch: 28, Loss: 0.3239, Train Acc: 0.8925,  Test_Loss: 0.1910,Test Acc: 0.9877,Test F1: 0.9818,Test auc: 0.9907
2024-05-09 13:17:10.802 | INFO     | __main__:<module>:100 - Epoch: 29, Loss: 0.2841, Train Acc: 0.9086,  Test_Loss: 0.1848,Test Acc: 0.9877,Test F1: 0.9818,Test auc: 0.9907
2024-05-09 13:17:10.832 | INFO     | __main__:<module>:100 - Epoch: 30, Loss: 0.2776, Train Acc: 0.9086,  Test_Loss: 0.1793,Test Acc: 0.9877,Test F1: 0.9818,Test auc: 0.9907
2024-05-09 13:17:10.851 | INFO     | __main__:<module>:100 - Epoch: 31, Loss: 0.2684, Train Acc: 0.9140,  Test_Loss: 0.1734,Test Acc: 0.9753,Test F1: 0.9643,Test auc: 0.9815
2024-05-09 13:17:10.875 | INFO     | __main__:<module>:100 - Epoch: 32, Loss: 0.3516, Train Acc: 0.8656,  Test_Loss: 0.1682,Test Acc: 0.9753,Test F1: 0.9643,Test auc: 0.9815
2024-05-09 13:17:10.910 | INFO     | __main__:<module>:100 - Epoch: 33, Loss: 0.3340, Train Acc: 0.8710,  Test_Loss: 0.1625,Test Acc: 0.9877,Test F1: 0.9818,Test auc: 0.9907
2024-05-09 13:17:10.952 | INFO     | __main__:<module>:100 - Epoch: 34, Loss: 0.2775, Train Acc: 0.9032,  Test_Loss: 0.1569,Test Acc: 0.9753,Test F1: 0.9630,Test auc: 0.9722
2024-05-09 13:17:10.983 | INFO     | __main__:<module>:100 - Epoch: 35, Loss: 0.2948, Train Acc: 0.9032,  Test_Loss: 0.1521,Test Acc: 0.9753,Test F1: 0.9630,Test auc: 0.9722
2024-05-09 13:17:11.010 | INFO     | __main__:<module>:100 - Epoch: 36, Loss: 0.3115, Train Acc: 0.8978,  Test_Loss: 0.1474,Test Acc: 0.9753,Test F1: 0.9630,Test auc: 0.9722
2024-05-09 13:17:11.033 | INFO     | __main__:<module>:100 - Epoch: 37, Loss: 0.2085, Train Acc: 0.9516,  Test_Loss: 0.1426,Test Acc: 0.9877,Test F1: 0.9818,Test auc: 0.9907
2024-05-09 13:17:11.053 | INFO     | __main__:<module>:100 - Epoch: 38, Loss: 0.2473, Train Acc: 0.9194,  Test_Loss: 0.1394,Test Acc: 0.9877,Test F1: 0.9818,Test auc: 0.9907
2024-05-09 13:17:11.079 | INFO     | __main__:<module>:100 - Epoch: 39, Loss: 0.2903, Train Acc: 0.9086,  Test_Loss: 0.1365,Test Acc: 0.9877,Test F1: 0.9818,Test auc: 0.9907
2024-05-09 13:17:11.121 | INFO     | __main__:<module>:100 - Epoch: 40, Loss: 0.2707, Train Acc: 0.9140,  Test_Loss: 0.1330,Test Acc: 0.9877,Test F1: 0.9818,Test auc: 0.9907
2024-05-09 13:17:11.165 | INFO     | __main__:<module>:100 - Epoch: 41, Loss: 0.2569, Train Acc: 0.9409,  Test_Loss: 0.1295,Test Acc: 0.9877,Test F1: 0.9818,Test auc: 0.9907
2024-05-09 13:17:11.198 | INFO     | __main__:<module>:100 - Epoch: 42, Loss: 0.2345, Train Acc: 0.9194,  Test_Loss: 0.1255,Test Acc: 0.9877,Test F1: 0.9818,Test auc: 0.9907
2024-05-09 13:17:11.227 | INFO     | __main__:<module>:100 - Epoch: 43, Loss: 0.2462, Train Acc: 0.9140,  Test_Loss: 0.1233,Test Acc: 0.9877,Test F1: 0.9818,Test auc: 0.9907
2024-05-09 13:17:11.250 | INFO     | __main__:<module>:100 - Epoch: 44, Loss: 0.2327, Train Acc: 0.9301,  Test_Loss: 0.1216,Test Acc: 0.9877,Test F1: 0.9818,Test auc: 0.9907
2024-05-09 13:17:11.273 | INFO     | __main__:<module>:100 - Epoch: 45, Loss: 0.2846, Train Acc: 0.8978,  Test_Loss: 0.1211,Test Acc: 0.9877,Test F1: 0.9818,Test auc: 0.9907
2024-05-09 13:17:11.299 | INFO     | __main__:<module>:100 - Epoch: 46, Loss: 0.2797, Train Acc: 0.9140,  Test_Loss: 0.1205,Test Acc: 0.9877,Test F1: 0.9818,Test auc: 0.9907
2024-05-09 13:17:11.325 | INFO     | __main__:<module>:100 - Epoch: 47, Loss: 0.2455, Train Acc: 0.9194,  Test_Loss: 0.1209,Test Acc: 0.9877,Test F1: 0.9818,Test auc: 0.9907
2024-05-09 13:17:11.348 | INFO     | __main__:<module>:100 - Epoch: 48, Loss: 0.2734, Train Acc: 0.9140,  Test_Loss: 0.1233,Test Acc: 0.9877,Test F1: 0.9818,Test auc: 0.9907
2024-05-09 13:17:11.375 | INFO     | __main__:<module>:100 - Epoch: 49, Loss: 0.2134, Train Acc: 0.9194,  Test_Loss: 0.1235,Test Acc: 0.9877,Test F1: 0.9818,Test auc: 0.9907
2024-05-09 13:17:11.396 | INFO     | __main__:<module>:100 - Epoch: 50, Loss: 0.2305, Train Acc: 0.9086,  Test_Loss: 0.1222,Test Acc: 0.9877,Test F1: 0.9818,Test auc: 0.9907
2024-05-09 13:17:11.416 | INFO     | __main__:<module>:100 - Epoch: 51, Loss: 0.2274, Train Acc: 0.9194,  Test_Loss: 0.1220,Test Acc: 0.9877,Test F1: 0.9818,Test auc: 0.9907
2024-05-09 13:17:11.431 | INFO     | __main__:<module>:100 - Epoch: 52, Loss: 0.2833, Train Acc: 0.9032,  Test_Loss: 0.1222,Test Acc: 0.9877,Test F1: 0.9818,Test auc: 0.9907
2024-05-09 13:17:11.445 | INFO     | __main__:<module>:100 - Epoch: 53, Loss: 0.2221, Train Acc: 0.9462,  Test_Loss: 0.1237,Test Acc: 0.9877,Test F1: 0.9818,Test auc: 0.9907
2024-05-09 13:17:11.462 | INFO     | __main__:<module>:100 - Epoch: 54, Loss: 0.1565, Train Acc: 0.9677,  Test_Loss: 0.1250,Test Acc: 0.9753,Test F1: 0.9643,Test auc: 0.9815
2024-05-09 13:17:11.481 | INFO     | __main__:<module>:100 - Epoch: 55, Loss: 0.2072, Train Acc: 0.9247,  Test_Loss: 0.1250,Test Acc: 0.9753,Test F1: 0.9643,Test auc: 0.9815
2024-05-09 13:17:11.498 | INFO     | __main__:<module>:100 - Epoch: 56, Loss: 0.2143, Train Acc: 0.9032,  Test_Loss: 0.1236,Test Acc: 0.9877,Test F1: 0.9818,Test auc: 0.9907
2024-05-09 13:17:11.517 | INFO     | __main__:<module>:100 - Epoch: 57, Loss: 0.2170, Train Acc: 0.9086,  Test_Loss: 0.1249,Test Acc: 0.9753,Test F1: 0.9643,Test auc: 0.9815
2024-05-09 13:17:11.547 | INFO     | __main__:<module>:100 - Epoch: 58, Loss: 0.2728, Train Acc: 0.9032,  Test_Loss: 0.1305,Test Acc: 0.9753,Test F1: 0.9643,Test auc: 0.9815
2024-05-09 13:17:11.578 | INFO     | __main__:<module>:100 - Epoch: 59, Loss: 0.2212, Train Acc: 0.9247,  Test_Loss: 0.1279,Test Acc: 0.9753,Test F1: 0.9643,Test auc: 0.9815
2024-05-09 13:17:11.608 | INFO     | __main__:<module>:100 - Epoch: 60, Loss: 0.2180, Train Acc: 0.9355,  Test_Loss: 0.1261,Test Acc: 0.9753,Test F1: 0.9643,Test auc: 0.9815
2024-05-09 13:17:11.630 | INFO     | __main__:<module>:100 - Epoch: 61, Loss: 0.1887, Train Acc: 0.9409,  Test_Loss: 0.1232,Test Acc: 0.9877,Test F1: 0.9818,Test auc: 0.9907
2024-05-09 13:17:11.648 | INFO     | __main__:<module>:100 - Epoch: 62, Loss: 0.1649, Train Acc: 0.9516,  Test_Loss: 0.1219,Test Acc: 0.9877,Test F1: 0.9818,Test auc: 0.9907
2024-05-09 13:17:11.670 | INFO     | __main__:<module>:100 - Epoch: 63, Loss: 0.2581, Train Acc: 0.9032,  Test_Loss: 0.1230,Test Acc: 0.9877,Test F1: 0.9818,Test auc: 0.9907
2024-05-09 13:17:11.689 | INFO     | __main__:<module>:100 - Epoch: 64, Loss: 0.2754, Train Acc: 0.8978,  Test_Loss: 0.1209,Test Acc: 0.9877,Test F1: 0.9818,Test auc: 0.9907
2024-05-09 13:17:11.706 | INFO     | __main__:<module>:100 - Epoch: 65, Loss: 0.1867, Train Acc: 0.9570,  Test_Loss: 0.1206,Test Acc: 0.9877,Test F1: 0.9818,Test auc: 0.9907
2024-05-09 13:17:11.741 | INFO     | __main__:<module>:100 - Epoch: 66, Loss: 0.2564, Train Acc: 0.9247,  Test_Loss: 0.1200,Test Acc: 0.9877,Test F1: 0.9818,Test auc: 0.9907
2024-05-09 13:17:11.774 | INFO     | __main__:<module>:100 - Epoch: 67, Loss: 0.2049, Train Acc: 0.9247,  Test_Loss: 0.1210,Test Acc: 0.9877,Test F1: 0.9818,Test auc: 0.9907
2024-05-09 13:17:11.813 | INFO     | __main__:<module>:100 - Epoch: 68, Loss: 0.2052, Train Acc: 0.9409,  Test_Loss: 0.1211,Test Acc: 0.9877,Test F1: 0.9818,Test auc: 0.9907
2024-05-09 13:17:11.840 | INFO     | __main__:<module>:100 - Epoch: 69, Loss: 0.2358, Train Acc: 0.9301,  Test_Loss: 0.1215,Test Acc: 0.9877,Test F1: 0.9818,Test auc: 0.9907
2024-05-09 13:17:11.862 | INFO     | __main__:<module>:100 - Epoch: 70, Loss: 0.2544, Train Acc: 0.9247,  Test_Loss: 0.1215,Test Acc: 0.9877,Test F1: 0.9818,Test auc: 0.9907
2024-05-09 13:17:11.878 | INFO     | __main__:<module>:100 - Epoch: 71, Loss: 0.2492, Train Acc: 0.9194,  Test_Loss: 0.1219,Test Acc: 0.9877,Test F1: 0.9818,Test auc: 0.9907
2024-05-09 13:17:11.895 | INFO     | __main__:<module>:100 - Epoch: 72, Loss: 0.2317, Train Acc: 0.8978,  Test_Loss: 0.1204,Test Acc: 0.9877,Test F1: 0.9818,Test auc: 0.9907
2024-05-09 13:17:11.916 | INFO     | __main__:<module>:100 - Epoch: 73, Loss: 0.1962, Train Acc: 0.9355,  Test_Loss: 0.1197,Test Acc: 0.9877,Test F1: 0.9818,Test auc: 0.9907
2024-05-09 13:17:11.939 | INFO     | __main__:<module>:100 - Epoch: 74, Loss: 0.2173, Train Acc: 0.9247,  Test_Loss: 0.1201,Test Acc: 0.9877,Test F1: 0.9818,Test auc: 0.9907
2024-05-09 13:17:11.975 | INFO     | __main__:<module>:100 - Epoch: 75, Loss: 0.1882, Train Acc: 0.9409,  Test_Loss: 0.1175,Test Acc: 0.9877,Test F1: 0.9818,Test auc: 0.9907
2024-05-09 13:17:12.016 | INFO     | __main__:<module>:100 - Epoch: 76, Loss: 0.2628, Train Acc: 0.9247,  Test_Loss: 0.1154,Test Acc: 0.9877,Test F1: 0.9818,Test auc: 0.9907
2024-05-09 13:17:12.049 | INFO     | __main__:<module>:100 - Epoch: 77, Loss: 0.2092, Train Acc: 0.9462,  Test_Loss: 0.1129,Test Acc: 0.9877,Test F1: 0.9818,Test auc: 0.9907
2024-05-09 13:17:12.068 | INFO     | __main__:<module>:100 - Epoch: 78, Loss: 0.2119, Train Acc: 0.9409,  Test_Loss: 0.1148,Test Acc: 0.9877,Test F1: 0.9818,Test auc: 0.9907
2024-05-09 13:17:12.083 | INFO     | __main__:<module>:100 - Epoch: 79, Loss: 0.2525, Train Acc: 0.9086,  Test_Loss: 0.1147,Test Acc: 0.9877,Test F1: 0.9818,Test auc: 0.9907
2024-05-09 13:17:12.100 | INFO     | __main__:<module>:100 - Epoch: 80, Loss: 0.1847, Train Acc: 0.9301,  Test_Loss: 0.1139,Test Acc: 0.9877,Test F1: 0.9818,Test auc: 0.9907
2024-05-09 13:17:12.116 | INFO     | __main__:<module>:100 - Epoch: 81, Loss: 0.3061, Train Acc: 0.8871,  Test_Loss: 0.1168,Test Acc: 0.9877,Test F1: 0.9818,Test auc: 0.9907
2024-05-09 13:17:12.134 | INFO     | __main__:<module>:100 - Epoch: 82, Loss: 0.1859, Train Acc: 0.9409,  Test_Loss: 0.1177,Test Acc: 0.9877,Test F1: 0.9818,Test auc: 0.9907
2024-05-09 13:17:12.166 | INFO     | __main__:<module>:100 - Epoch: 83, Loss: 0.2271, Train Acc: 0.9516,  Test_Loss: 0.1184,Test Acc: 0.9877,Test F1: 0.9818,Test auc: 0.9907
2024-05-09 13:17:12.196 | INFO     | __main__:<module>:100 - Epoch: 84, Loss: 0.2154, Train Acc: 0.9355,  Test_Loss: 0.1206,Test Acc: 0.9753,Test F1: 0.9643,Test auc: 0.9815
2024-05-09 13:17:12.221 | INFO     | __main__:<module>:100 - Epoch: 85, Loss: 0.2502, Train Acc: 0.9032,  Test_Loss: 0.1217,Test Acc: 0.9753,Test F1: 0.9643,Test auc: 0.9815
2024-05-09 13:17:12.244 | INFO     | __main__:<module>:100 - Epoch: 86, Loss: 0.2648, Train Acc: 0.9247,  Test_Loss: 0.1202,Test Acc: 0.9877,Test F1: 0.9818,Test auc: 0.9907
2024-05-09 13:17:12.263 | INFO     | __main__:<module>:100 - Epoch: 87, Loss: 0.2005, Train Acc: 0.9301,  Test_Loss: 0.1209,Test Acc: 0.9753,Test F1: 0.9643,Test auc: 0.9815
2024-05-09 13:17:12.290 | INFO     | __main__:<module>:100 - Epoch: 88, Loss: 0.2294, Train Acc: 0.9086,  Test_Loss: 0.1192,Test Acc: 0.9877,Test F1: 0.9818,Test auc: 0.9907
2024-05-09 13:17:12.311 | INFO     | __main__:<module>:100 - Epoch: 89, Loss: 0.1959, Train Acc: 0.9247,  Test_Loss: 0.1191,Test Acc: 0.9877,Test F1: 0.9818,Test auc: 0.9907
2024-05-09 13:17:12.333 | INFO     | __main__:<module>:100 - Epoch: 90, Loss: 0.2050, Train Acc: 0.9301,  Test_Loss: 0.1204,Test Acc: 0.9753,Test F1: 0.9643,Test auc: 0.9815
2024-05-09 13:17:12.366 | INFO     | __main__:<module>:100 - Epoch: 91, Loss: 0.2299, Train Acc: 0.9140,  Test_Loss: 0.1237,Test Acc: 0.9753,Test F1: 0.9643,Test auc: 0.9815
2024-05-09 13:17:12.393 | INFO     | __main__:<module>:100 - Epoch: 92, Loss: 0.2604, Train Acc: 0.9194,  Test_Loss: 0.1178,Test Acc: 0.9877,Test F1: 0.9818,Test auc: 0.9907
2024-05-09 13:17:12.419 | INFO     | __main__:<module>:100 - Epoch: 93, Loss: 0.2245, Train Acc: 0.9086,  Test_Loss: 0.1181,Test Acc: 0.9877,Test F1: 0.9818,Test auc: 0.9907
2024-05-09 13:17:12.443 | INFO     | __main__:<module>:100 - Epoch: 94, Loss: 0.2263, Train Acc: 0.9301,  Test_Loss: 0.1164,Test Acc: 0.9877,Test F1: 0.9818,Test auc: 0.9907
2024-05-09 13:17:12.459 | INFO     | __main__:<module>:100 - Epoch: 95, Loss: 0.2260, Train Acc: 0.9032,  Test_Loss: 0.1165,Test Acc: 0.9877,Test F1: 0.9818,Test auc: 0.9907
2024-05-09 13:17:12.477 | INFO     | __main__:<module>:100 - Epoch: 96, Loss: 0.2624, Train Acc: 0.9194,  Test_Loss: 0.1169,Test Acc: 0.9877,Test F1: 0.9818,Test auc: 0.9907
2024-05-09 13:17:12.495 | INFO     | __main__:<module>:100 - Epoch: 97, Loss: 0.2414, Train Acc: 0.8978,  Test_Loss: 0.1221,Test Acc: 0.9753,Test F1: 0.9643,Test auc: 0.9815
2024-05-09 13:17:12.511 | INFO     | __main__:<module>:100 - Epoch: 98, Loss: 0.2772, Train Acc: 0.9140,  Test_Loss: 0.1221,Test Acc: 0.9753,Test F1: 0.9643,Test auc: 0.9815
2024-05-09 13:17:12.528 | INFO     | __main__:<module>:100 - Epoch: 99, Loss: 0.2371, Train Acc: 0.9194,  Test_Loss: 0.1189,Test Acc: 0.9877,Test F1: 0.9818,Test auc: 0.9907
2024-05-09 13:17:12.548 | INFO     | __main__:<module>:100 - Epoch: 100, Loss: 0.2195, Train Acc: 0.9355,  Test_Loss: 0.1186,Test Acc: 0.9877,Test F1: 0.9818,Test auc: 0.9907
2024-05-09 13:17:12.571 | INFO     | __main__:<module>:100 - Epoch: 101, Loss: 0.2103, Train Acc: 0.9301,  Test_Loss: 0.1199,Test Acc: 0.9877,Test F1: 0.9818,Test auc: 0.9907
2024-05-09 13:17:12.599 | INFO     | __main__:<module>:100 - Epoch: 102, Loss: 0.2011, Train Acc: 0.9462,  Test_Loss: 0.1173,Test Acc: 0.9877,Test F1: 0.9818,Test auc: 0.9907
2024-05-09 13:17:12.634 | INFO     | __main__:<module>:100 - Epoch: 103, Loss: 0.2756, Train Acc: 0.9032,  Test_Loss: 0.1189,Test Acc: 0.9877,Test F1: 0.9818,Test auc: 0.9907
2024-05-09 13:17:12.661 | INFO     | __main__:<module>:100 - Epoch: 104, Loss: 0.2304, Train Acc: 0.9301,  Test_Loss: 0.1198,Test Acc: 0.9877,Test F1: 0.9818,Test auc: 0.9907
2024-05-09 13:17:12.684 | INFO     | __main__:<module>:100 - Epoch: 105, Loss: 0.1827, Train Acc: 0.9516,  Test_Loss: 0.1194,Test Acc: 0.9877,Test F1: 0.9818,Test auc: 0.9907
2024-05-09 13:17:12.701 | INFO     | __main__:<module>:100 - Epoch: 106, Loss: 0.2495, Train Acc: 0.9086,  Test_Loss: 0.1225,Test Acc: 0.9753,Test F1: 0.9643,Test auc: 0.9815
2024-05-09 13:17:12.717 | INFO     | __main__:<module>:100 - Epoch: 107, Loss: 0.1850, Train Acc: 0.9301,  Test_Loss: 0.1247,Test Acc: 0.9753,Test F1: 0.9643,Test auc: 0.9815
2024-05-09 13:17:12.718 | INFO     | __main__:<module>:118 - 1.9189579486846924
2024-05-09 13:17:12.900 | INFO     | __main__:<module>:79 - Namespace(dataset='hamster', model='GCN', learning_rate=0.01, epochs=9999, hidden_units=16, dropout=0.4, weight_decay=0.01, weight_decay1=0.01, weight_decay2=0.0005, early_stopping=30, residual=True, seed=824, type='Binary', DEVICE='cuda', theta=0.5, layers=64, alpha=0.1, feature_type='x_55', CGCN=0)
2024-05-09 13:17:12.901 | INFO     | __main__:<module>:80 - Data(edge_index=[2, 24952], weight=[24952], num_nodes=1788, x=[1788, 10], train_mask=[1788], test_mask=[1788], label=[1788])
2024-05-09 13:17:12.919 | INFO     | __main__:<module>:100 - Epoch: 00, Loss: 2.8042, Train Acc: 0.5645,  Test_Loss: 1.6615,Test Acc: 0.5556,Test F1: 0.6000,Test auc: 0.6667
2024-05-09 13:17:12.943 | INFO     | __main__:<module>:100 - Epoch: 01, Loss: 1.9808, Train Acc: 0.5054,  Test_Loss: 1.8977,Test Acc: 0.5432,Test F1: 0.5934,Test auc: 0.6574
2024-05-09 13:17:12.967 | INFO     | __main__:<module>:100 - Epoch: 02, Loss: 1.5427, Train Acc: 0.5914,  Test_Loss: 1.5232,Test Acc: 0.6049,Test F1: 0.6279,Test auc: 0.7037
2024-05-09 13:17:12.988 | INFO     | __main__:<module>:100 - Epoch: 03, Loss: 1.2499, Train Acc: 0.6022,  Test_Loss: 1.1768,Test Acc: 0.6420,Test F1: 0.6506,Test auc: 0.7315
2024-05-09 13:17:13.012 | INFO     | __main__:<module>:100 - Epoch: 04, Loss: 1.1558, Train Acc: 0.7151,  Test_Loss: 0.8357,Test Acc: 0.7037,Test F1: 0.6923,Test auc: 0.7778
2024-05-09 13:17:13.032 | INFO     | __main__:<module>:100 - Epoch: 05, Loss: 0.7661, Train Acc: 0.7258,  Test_Loss: 0.5740,Test Acc: 0.7901,Test F1: 0.7606,Test auc: 0.8426
2024-05-09 13:17:13.058 | INFO     | __main__:<module>:100 - Epoch: 06, Loss: 0.5425, Train Acc: 0.8011,  Test_Loss: 0.4126,Test Acc: 0.8765,Test F1: 0.8437,Test auc: 0.9074
2024-05-09 13:17:13.082 | INFO     | __main__:<module>:100 - Epoch: 07, Loss: 0.8169, Train Acc: 0.7849,  Test_Loss: 0.3414,Test Acc: 0.9012,Test F1: 0.8667,Test auc: 0.9167
2024-05-09 13:17:13.104 | INFO     | __main__:<module>:100 - Epoch: 08, Loss: 0.5354, Train Acc: 0.7903,  Test_Loss: 0.3247,Test Acc: 0.9506,Test F1: 0.9286,Test auc: 0.9537
2024-05-09 13:17:13.120 | INFO     | __main__:<module>:100 - Epoch: 09, Loss: 0.4223, Train Acc: 0.8548,  Test_Loss: 0.3370,Test Acc: 0.9259,Test F1: 0.8889,Test auc: 0.9167
2024-05-09 13:17:13.150 | INFO     | __main__:<module>:100 - Epoch: 10, Loss: 0.5256, Train Acc: 0.8172,  Test_Loss: 0.3271,Test Acc: 0.9383,Test F1: 0.9091,Test auc: 0.9352
2024-05-09 13:17:13.177 | INFO     | __main__:<module>:100 - Epoch: 11, Loss: 0.4955, Train Acc: 0.8118,  Test_Loss: 0.3339,Test Acc: 0.9383,Test F1: 0.9091,Test auc: 0.9352
2024-05-09 13:17:13.197 | INFO     | __main__:<module>:100 - Epoch: 12, Loss: 0.5187, Train Acc: 0.8333,  Test_Loss: 0.3275,Test Acc: 0.9383,Test F1: 0.9091,Test auc: 0.9352
2024-05-09 13:17:13.227 | INFO     | __main__:<module>:100 - Epoch: 13, Loss: 0.5007, Train Acc: 0.8065,  Test_Loss: 0.3190,Test Acc: 0.9383,Test F1: 0.9091,Test auc: 0.9352
2024-05-09 13:17:13.246 | INFO     | __main__:<module>:100 - Epoch: 14, Loss: 0.3596, Train Acc: 0.8871,  Test_Loss: 0.3076,Test Acc: 0.9383,Test F1: 0.9091,Test auc: 0.9352
2024-05-09 13:17:13.267 | INFO     | __main__:<module>:100 - Epoch: 15, Loss: 0.3592, Train Acc: 0.8763,  Test_Loss: 0.2941,Test Acc: 0.9259,Test F1: 0.8966,Test auc: 0.9352
2024-05-09 13:17:13.292 | INFO     | __main__:<module>:100 - Epoch: 16, Loss: 0.3313, Train Acc: 0.9086,  Test_Loss: 0.2882,Test Acc: 0.9383,Test F1: 0.9153,Test auc: 0.9537
2024-05-09 13:17:13.303 | INFO     | __main__:<module>:100 - Epoch: 17, Loss: 0.3902, Train Acc: 0.8226,  Test_Loss: 0.2886,Test Acc: 0.9383,Test F1: 0.9153,Test auc: 0.9537
2024-05-09 13:17:13.338 | INFO     | __main__:<module>:100 - Epoch: 18, Loss: 0.3824, Train Acc: 0.8763,  Test_Loss: 0.2799,Test Acc: 0.9383,Test F1: 0.9153,Test auc: 0.9537
2024-05-09 13:17:13.370 | INFO     | __main__:<module>:100 - Epoch: 19, Loss: 0.3807, Train Acc: 0.8602,  Test_Loss: 0.2697,Test Acc: 0.9383,Test F1: 0.9153,Test auc: 0.9537
2024-05-09 13:17:13.409 | INFO     | __main__:<module>:100 - Epoch: 20, Loss: 0.3290, Train Acc: 0.8925,  Test_Loss: 0.2554,Test Acc: 0.9630,Test F1: 0.9474,Test auc: 0.9722
2024-05-09 13:17:13.441 | INFO     | __main__:<module>:100 - Epoch: 21, Loss: 0.3227, Train Acc: 0.9032,  Test_Loss: 0.2349,Test Acc: 0.9630,Test F1: 0.9474,Test auc: 0.9722
2024-05-09 13:17:13.461 | INFO     | __main__:<module>:100 - Epoch: 22, Loss: 0.3174, Train Acc: 0.8925,  Test_Loss: 0.2160,Test Acc: 0.9506,Test F1: 0.9286,Test auc: 0.9537
2024-05-09 13:17:13.481 | INFO     | __main__:<module>:100 - Epoch: 23, Loss: 0.3726, Train Acc: 0.8602,  Test_Loss: 0.2047,Test Acc: 0.9506,Test F1: 0.9286,Test auc: 0.9537
2024-05-09 13:17:13.503 | INFO     | __main__:<module>:100 - Epoch: 24, Loss: 0.2802, Train Acc: 0.9086,  Test_Loss: 0.1984,Test Acc: 0.9753,Test F1: 0.9630,Test auc: 0.9722
2024-05-09 13:17:13.530 | INFO     | __main__:<module>:100 - Epoch: 25, Loss: 0.3033, Train Acc: 0.8817,  Test_Loss: 0.1925,Test Acc: 0.9753,Test F1: 0.9630,Test auc: 0.9722
2024-05-09 13:17:13.565 | INFO     | __main__:<module>:100 - Epoch: 26, Loss: 0.3170, Train Acc: 0.8763,  Test_Loss: 0.1801,Test Acc: 0.9753,Test F1: 0.9630,Test auc: 0.9722
2024-05-09 13:17:13.599 | INFO     | __main__:<module>:100 - Epoch: 27, Loss: 0.2781, Train Acc: 0.9032,  Test_Loss: 0.1695,Test Acc: 0.9753,Test F1: 0.9630,Test auc: 0.9722
2024-05-09 13:17:13.631 | INFO     | __main__:<module>:100 - Epoch: 28, Loss: 0.2938, Train Acc: 0.8925,  Test_Loss: 0.1621,Test Acc: 0.9630,Test F1: 0.9455,Test auc: 0.9630
2024-05-09 13:17:13.657 | INFO     | __main__:<module>:100 - Epoch: 29, Loss: 0.2682, Train Acc: 0.9140,  Test_Loss: 0.1578,Test Acc: 0.9630,Test F1: 0.9474,Test auc: 0.9722
2024-05-09 13:17:13.679 | INFO     | __main__:<module>:100 - Epoch: 30, Loss: 0.2847, Train Acc: 0.8978,  Test_Loss: 0.1555,Test Acc: 0.9630,Test F1: 0.9474,Test auc: 0.9722
2024-05-09 13:17:13.702 | INFO     | __main__:<module>:100 - Epoch: 31, Loss: 0.2954, Train Acc: 0.9086,  Test_Loss: 0.1531,Test Acc: 0.9630,Test F1: 0.9474,Test auc: 0.9722
2024-05-09 13:17:13.726 | INFO     | __main__:<module>:100 - Epoch: 32, Loss: 0.1954, Train Acc: 0.9516,  Test_Loss: 0.1469,Test Acc: 0.9630,Test F1: 0.9474,Test auc: 0.9722
2024-05-09 13:17:13.750 | INFO     | __main__:<module>:100 - Epoch: 33, Loss: 0.2780, Train Acc: 0.9140,  Test_Loss: 0.1385,Test Acc: 0.9753,Test F1: 0.9643,Test auc: 0.9815
2024-05-09 13:17:13.783 | INFO     | __main__:<module>:100 - Epoch: 34, Loss: 0.2371, Train Acc: 0.9247,  Test_Loss: 0.1317,Test Acc: 0.9753,Test F1: 0.9643,Test auc: 0.9815
2024-05-09 13:17:13.831 | INFO     | __main__:<module>:100 - Epoch: 35, Loss: 0.2162, Train Acc: 0.9355,  Test_Loss: 0.1258,Test Acc: 0.9877,Test F1: 0.9818,Test auc: 0.9907
2024-05-09 13:17:13.863 | INFO     | __main__:<module>:100 - Epoch: 36, Loss: 0.3373, Train Acc: 0.8925,  Test_Loss: 0.1213,Test Acc: 0.9877,Test F1: 0.9818,Test auc: 0.9907
2024-05-09 13:17:13.893 | INFO     | __main__:<module>:100 - Epoch: 37, Loss: 0.2496, Train Acc: 0.9032,  Test_Loss: 0.1183,Test Acc: 0.9877,Test F1: 0.9818,Test auc: 0.9907
2024-05-09 13:17:13.917 | INFO     | __main__:<module>:100 - Epoch: 38, Loss: 0.2589, Train Acc: 0.9032,  Test_Loss: 0.1150,Test Acc: 0.9877,Test F1: 0.9818,Test auc: 0.9907
2024-05-09 13:17:13.942 | INFO     | __main__:<module>:100 - Epoch: 39, Loss: 0.2545, Train Acc: 0.9140,  Test_Loss: 0.1125,Test Acc: 0.9877,Test F1: 0.9818,Test auc: 0.9907
2024-05-09 13:17:13.970 | INFO     | __main__:<module>:100 - Epoch: 40, Loss: 0.2325, Train Acc: 0.9301,  Test_Loss: 0.1106,Test Acc: 0.9877,Test F1: 0.9818,Test auc: 0.9907
2024-05-09 13:17:13.991 | INFO     | __main__:<module>:100 - Epoch: 41, Loss: 0.2191, Train Acc: 0.9355,  Test_Loss: 0.1107,Test Acc: 0.9877,Test F1: 0.9818,Test auc: 0.9907
2024-05-09 13:17:14.027 | INFO     | __main__:<module>:100 - Epoch: 42, Loss: 0.2373, Train Acc: 0.9140,  Test_Loss: 0.1097,Test Acc: 0.9877,Test F1: 0.9818,Test auc: 0.9907
2024-05-09 13:17:14.063 | INFO     | __main__:<module>:100 - Epoch: 43, Loss: 0.2256, Train Acc: 0.9140,  Test_Loss: 0.1082,Test Acc: 0.9877,Test F1: 0.9818,Test auc: 0.9907
2024-05-09 13:17:14.084 | INFO     | __main__:<module>:100 - Epoch: 44, Loss: 0.2214, Train Acc: 0.9355,  Test_Loss: 0.1070,Test Acc: 0.9877,Test F1: 0.9818,Test auc: 0.9907
2024-05-09 13:17:14.105 | INFO     | __main__:<module>:100 - Epoch: 45, Loss: 0.2611, Train Acc: 0.9194,  Test_Loss: 0.1051,Test Acc: 0.9877,Test F1: 0.9818,Test auc: 0.9907
2024-05-09 13:17:14.129 | INFO     | __main__:<module>:100 - Epoch: 46, Loss: 0.2290, Train Acc: 0.9032,  Test_Loss: 0.1044,Test Acc: 0.9877,Test F1: 0.9818,Test auc: 0.9907
2024-05-09 13:17:14.149 | INFO     | __main__:<module>:100 - Epoch: 47, Loss: 0.1897, Train Acc: 0.9301,  Test_Loss: 0.1043,Test Acc: 0.9877,Test F1: 0.9818,Test auc: 0.9907
2024-05-09 13:17:14.180 | INFO     | __main__:<module>:100 - Epoch: 48, Loss: 0.1856, Train Acc: 0.9355,  Test_Loss: 0.1024,Test Acc: 0.9877,Test F1: 0.9818,Test auc: 0.9907
2024-05-09 13:17:14.210 | INFO     | __main__:<module>:100 - Epoch: 49, Loss: 0.2369, Train Acc: 0.9247,  Test_Loss: 0.1014,Test Acc: 0.9877,Test F1: 0.9818,Test auc: 0.9907
2024-05-09 13:17:14.241 | INFO     | __main__:<module>:100 - Epoch: 50, Loss: 0.1921, Train Acc: 0.9409,  Test_Loss: 0.1017,Test Acc: 0.9877,Test F1: 0.9818,Test auc: 0.9907
2024-05-09 13:17:14.272 | INFO     | __main__:<module>:100 - Epoch: 51, Loss: 0.1985, Train Acc: 0.9247,  Test_Loss: 0.1018,Test Acc: 0.9877,Test F1: 0.9818,Test auc: 0.9907
2024-05-09 13:17:14.291 | INFO     | __main__:<module>:100 - Epoch: 52, Loss: 0.1461, Train Acc: 0.9677,  Test_Loss: 0.1019,Test Acc: 0.9877,Test F1: 0.9818,Test auc: 0.9907
2024-05-09 13:17:14.319 | INFO     | __main__:<module>:100 - Epoch: 53, Loss: 0.2570, Train Acc: 0.9247,  Test_Loss: 0.1006,Test Acc: 0.9877,Test F1: 0.9818,Test auc: 0.9907
2024-05-09 13:17:14.336 | INFO     | __main__:<module>:100 - Epoch: 54, Loss: 0.2102, Train Acc: 0.9355,  Test_Loss: 0.1007,Test Acc: 0.9877,Test F1: 0.9818,Test auc: 0.9907
2024-05-09 13:17:14.353 | INFO     | __main__:<module>:100 - Epoch: 55, Loss: 0.2007, Train Acc: 0.9409,  Test_Loss: 0.1009,Test Acc: 0.9877,Test F1: 0.9818,Test auc: 0.9907
2024-05-09 13:17:14.371 | INFO     | __main__:<module>:100 - Epoch: 56, Loss: 0.1970, Train Acc: 0.9247,  Test_Loss: 0.1022,Test Acc: 0.9877,Test F1: 0.9818,Test auc: 0.9907
2024-05-09 13:17:14.397 | INFO     | __main__:<module>:100 - Epoch: 57, Loss: 0.2699, Train Acc: 0.9301,  Test_Loss: 0.1020,Test Acc: 0.9877,Test F1: 0.9818,Test auc: 0.9907
2024-05-09 13:17:14.425 | INFO     | __main__:<module>:100 - Epoch: 58, Loss: 0.2445, Train Acc: 0.9032,  Test_Loss: 0.1041,Test Acc: 0.9753,Test F1: 0.9643,Test auc: 0.9815
2024-05-09 13:17:14.455 | INFO     | __main__:<module>:100 - Epoch: 59, Loss: 0.2342, Train Acc: 0.9355,  Test_Loss: 0.1035,Test Acc: 0.9753,Test F1: 0.9643,Test auc: 0.9815
2024-05-09 13:17:14.482 | INFO     | __main__:<module>:100 - Epoch: 60, Loss: 0.1875, Train Acc: 0.9247,  Test_Loss: 0.1023,Test Acc: 0.9877,Test F1: 0.9818,Test auc: 0.9907
2024-05-09 13:17:14.501 | INFO     | __main__:<module>:100 - Epoch: 61, Loss: 0.2569, Train Acc: 0.8817,  Test_Loss: 0.1017,Test Acc: 0.9877,Test F1: 0.9818,Test auc: 0.9907
2024-05-09 13:17:14.525 | INFO     | __main__:<module>:100 - Epoch: 62, Loss: 0.1709, Train Acc: 0.9624,  Test_Loss: 0.0992,Test Acc: 0.9877,Test F1: 0.9818,Test auc: 0.9907
2024-05-09 13:17:14.548 | INFO     | __main__:<module>:100 - Epoch: 63, Loss: 0.2214, Train Acc: 0.9409,  Test_Loss: 0.0968,Test Acc: 0.9877,Test F1: 0.9818,Test auc: 0.9907
2024-05-09 13:17:14.571 | INFO     | __main__:<module>:100 - Epoch: 64, Loss: 0.2214, Train Acc: 0.9086,  Test_Loss: 0.0951,Test Acc: 0.9877,Test F1: 0.9818,Test auc: 0.9907
2024-05-09 13:17:14.600 | INFO     | __main__:<module>:100 - Epoch: 65, Loss: 0.1769, Train Acc: 0.9409,  Test_Loss: 0.0936,Test Acc: 0.9877,Test F1: 0.9818,Test auc: 0.9907
2024-05-09 13:17:14.637 | INFO     | __main__:<module>:100 - Epoch: 66, Loss: 0.2407, Train Acc: 0.8978,  Test_Loss: 0.0926,Test Acc: 0.9877,Test F1: 0.9818,Test auc: 0.9907
2024-05-09 13:17:14.674 | INFO     | __main__:<module>:100 - Epoch: 67, Loss: 0.2511, Train Acc: 0.9086,  Test_Loss: 0.0921,Test Acc: 0.9877,Test F1: 0.9818,Test auc: 0.9907
2024-05-09 13:17:14.700 | INFO     | __main__:<module>:100 - Epoch: 68, Loss: 0.1831, Train Acc: 0.9355,  Test_Loss: 0.0938,Test Acc: 0.9877,Test F1: 0.9818,Test auc: 0.9907
2024-05-09 13:17:14.718 | INFO     | __main__:<module>:100 - Epoch: 69, Loss: 0.2261, Train Acc: 0.9086,  Test_Loss: 0.0948,Test Acc: 0.9877,Test F1: 0.9818,Test auc: 0.9907
2024-05-09 13:17:14.734 | INFO     | __main__:<module>:100 - Epoch: 70, Loss: 0.2345, Train Acc: 0.9247,  Test_Loss: 0.0934,Test Acc: 0.9877,Test F1: 0.9818,Test auc: 0.9907
2024-05-09 13:17:14.752 | INFO     | __main__:<module>:100 - Epoch: 71, Loss: 0.2568, Train Acc: 0.9086,  Test_Loss: 0.0931,Test Acc: 0.9877,Test F1: 0.9818,Test auc: 0.9907
2024-05-09 13:17:14.766 | INFO     | __main__:<module>:100 - Epoch: 72, Loss: 0.2636, Train Acc: 0.8871,  Test_Loss: 0.0951,Test Acc: 0.9877,Test F1: 0.9818,Test auc: 0.9907
2024-05-09 13:17:14.782 | INFO     | __main__:<module>:100 - Epoch: 73, Loss: 0.2297, Train Acc: 0.9301,  Test_Loss: 0.0960,Test Acc: 0.9877,Test F1: 0.9818,Test auc: 0.9907
2024-05-09 13:17:14.802 | INFO     | __main__:<module>:100 - Epoch: 74, Loss: 0.2046, Train Acc: 0.9355,  Test_Loss: 0.0948,Test Acc: 0.9877,Test F1: 0.9818,Test auc: 0.9907
2024-05-09 13:17:14.823 | INFO     | __main__:<module>:100 - Epoch: 75, Loss: 0.1988, Train Acc: 0.9301,  Test_Loss: 0.0958,Test Acc: 0.9877,Test F1: 0.9818,Test auc: 0.9907
2024-05-09 13:17:14.847 | INFO     | __main__:<module>:100 - Epoch: 76, Loss: 0.1910, Train Acc: 0.9247,  Test_Loss: 0.0996,Test Acc: 0.9877,Test F1: 0.9818,Test auc: 0.9907
2024-05-09 13:17:14.869 | INFO     | __main__:<module>:100 - Epoch: 77, Loss: 0.1681, Train Acc: 0.9516,  Test_Loss: 0.0994,Test Acc: 0.9877,Test F1: 0.9818,Test auc: 0.9907
2024-05-09 13:17:14.894 | INFO     | __main__:<module>:100 - Epoch: 78, Loss: 0.1952, Train Acc: 0.9355,  Test_Loss: 0.1033,Test Acc: 0.9753,Test F1: 0.9643,Test auc: 0.9815
2024-05-09 13:17:14.917 | INFO     | __main__:<module>:100 - Epoch: 79, Loss: 0.1927, Train Acc: 0.9301,  Test_Loss: 0.1031,Test Acc: 0.9753,Test F1: 0.9643,Test auc: 0.9815
2024-05-09 13:17:14.936 | INFO     | __main__:<module>:100 - Epoch: 80, Loss: 0.2207, Train Acc: 0.9301,  Test_Loss: 0.1009,Test Acc: 0.9877,Test F1: 0.9818,Test auc: 0.9907
2024-05-09 13:17:14.952 | INFO     | __main__:<module>:100 - Epoch: 81, Loss: 0.2330, Train Acc: 0.9086,  Test_Loss: 0.1015,Test Acc: 0.9877,Test F1: 0.9818,Test auc: 0.9907
2024-05-09 13:17:14.967 | INFO     | __main__:<module>:100 - Epoch: 82, Loss: 0.1488, Train Acc: 0.9570,  Test_Loss: 0.1006,Test Acc: 0.9877,Test F1: 0.9818,Test auc: 0.9907
2024-05-09 13:17:14.983 | INFO     | __main__:<module>:100 - Epoch: 83, Loss: 0.2313, Train Acc: 0.9247,  Test_Loss: 0.1004,Test Acc: 0.9877,Test F1: 0.9818,Test auc: 0.9907
2024-05-09 13:17:15.001 | INFO     | __main__:<module>:100 - Epoch: 84, Loss: 0.1565, Train Acc: 0.9516,  Test_Loss: 0.1003,Test Acc: 0.9877,Test F1: 0.9818,Test auc: 0.9907
2024-05-09 13:17:15.024 | INFO     | __main__:<module>:100 - Epoch: 85, Loss: 0.2513, Train Acc: 0.9140,  Test_Loss: 0.1005,Test Acc: 0.9877,Test F1: 0.9818,Test auc: 0.9907
2024-05-09 13:17:15.047 | INFO     | __main__:<module>:100 - Epoch: 86, Loss: 0.2117, Train Acc: 0.9194,  Test_Loss: 0.1042,Test Acc: 0.9753,Test F1: 0.9643,Test auc: 0.9815
2024-05-09 13:17:15.072 | INFO     | __main__:<module>:100 - Epoch: 87, Loss: 0.2282, Train Acc: 0.9301,  Test_Loss: 0.1006,Test Acc: 0.9877,Test F1: 0.9818,Test auc: 0.9907
2024-05-09 13:17:15.095 | INFO     | __main__:<module>:100 - Epoch: 88, Loss: 0.1897, Train Acc: 0.9301,  Test_Loss: 0.1049,Test Acc: 0.9753,Test F1: 0.9643,Test auc: 0.9815
2024-05-09 13:17:15.117 | INFO     | __main__:<module>:100 - Epoch: 89, Loss: 0.2502, Train Acc: 0.9194,  Test_Loss: 0.1030,Test Acc: 0.9753,Test F1: 0.9643,Test auc: 0.9815
2024-05-09 13:17:15.138 | INFO     | __main__:<module>:100 - Epoch: 90, Loss: 0.2118, Train Acc: 0.9140,  Test_Loss: 0.1043,Test Acc: 0.9753,Test F1: 0.9643,Test auc: 0.9815
2024-05-09 13:17:15.158 | INFO     | __main__:<module>:100 - Epoch: 91, Loss: 0.2308, Train Acc: 0.9194,  Test_Loss: 0.1012,Test Acc: 0.9877,Test F1: 0.9818,Test auc: 0.9907
2024-05-09 13:17:15.176 | INFO     | __main__:<module>:100 - Epoch: 92, Loss: 0.1679, Train Acc: 0.9516,  Test_Loss: 0.0994,Test Acc: 0.9877,Test F1: 0.9818,Test auc: 0.9907
2024-05-09 13:17:15.194 | INFO     | __main__:<module>:100 - Epoch: 93, Loss: 0.2390, Train Acc: 0.9247,  Test_Loss: 0.0985,Test Acc: 0.9877,Test F1: 0.9818,Test auc: 0.9907
2024-05-09 13:17:15.219 | INFO     | __main__:<module>:100 - Epoch: 94, Loss: 0.1680, Train Acc: 0.9516,  Test_Loss: 0.0982,Test Acc: 0.9877,Test F1: 0.9818,Test auc: 0.9907
2024-05-09 13:17:15.245 | INFO     | __main__:<module>:100 - Epoch: 95, Loss: 0.2122, Train Acc: 0.9194,  Test_Loss: 0.0991,Test Acc: 0.9877,Test F1: 0.9818,Test auc: 0.9907
2024-05-09 13:17:15.274 | INFO     | __main__:<module>:100 - Epoch: 96, Loss: 0.1779, Train Acc: 0.9516,  Test_Loss: 0.1011,Test Acc: 0.9877,Test F1: 0.9818,Test auc: 0.9907
2024-05-09 13:17:15.304 | INFO     | __main__:<module>:100 - Epoch: 97, Loss: 0.2043, Train Acc: 0.9462,  Test_Loss: 0.0998,Test Acc: 0.9877,Test F1: 0.9818,Test auc: 0.9907
2024-05-09 13:17:15.305 | INFO     | __main__:<module>:118 - 1.614952564239502
