2024-05-09 13:24:56.324 | INFO     | __main__:<module>:74 - Namespace(dataset='hamster', model='GCN', learning_rate=0.01, epochs=9999, hidden_units=16, dropout=0.4, weight_decay=0.01, weight_decay1=0.01, weight_decay2=0.0005, early_stopping=30, residual=True, seed=824, type='Binary', DEVICE='cuda', theta=0.5, layers=64, alpha=0.1, feature_type='x_65', CGCN=0)
2024-05-09 13:24:56.324 | INFO     | __main__:<module>:75 - Data(edge_index=[2, 24952], weight=[24952], num_nodes=1788, x=[1788, 8], train_mask=[1788], test_mask=[1788], label=[1788])
2024-05-09 13:24:56.363 | INFO     | __main__:<module>:95 - Epoch: 00, Loss: 4.3037, Train Acc: 0.5591,  Test_Loss: 1.0225,Test Acc: 0.6667,Test F1: 0.6667,Test auc: 0.7500
2024-05-09 13:24:56.387 | INFO     | __main__:<module>:95 - Epoch: 01, Loss: 1.7246, Train Acc: 0.6022,  Test_Loss: 1.3530,Test Acc: 0.6543,Test F1: 0.6585,Test auc: 0.7407
2024-05-09 13:24:56.408 | INFO     | __main__:<module>:95 - Epoch: 02, Loss: 2.0131, Train Acc: 0.5323,  Test_Loss: 1.3787,Test Acc: 0.6296,Test F1: 0.6429,Test auc: 0.7222
2024-05-09 13:24:56.427 | INFO     | __main__:<module>:95 - Epoch: 03, Loss: 1.9143, Train Acc: 0.5914,  Test_Loss: 1.2947,Test Acc: 0.6543,Test F1: 0.6585,Test auc: 0.7407
2024-05-09 13:24:56.453 | INFO     | __main__:<module>:95 - Epoch: 04, Loss: 2.1746, Train Acc: 0.5699,  Test_Loss: 1.2798,Test Acc: 0.6420,Test F1: 0.6506,Test auc: 0.7315
2024-05-09 13:24:56.473 | INFO     | __main__:<module>:95 - Epoch: 05, Loss: 1.7701, Train Acc: 0.5968,  Test_Loss: 1.2094,Test Acc: 0.6543,Test F1: 0.6585,Test auc: 0.7407
2024-05-09 13:24:56.491 | INFO     | __main__:<module>:95 - Epoch: 06, Loss: 2.1486, Train Acc: 0.6290,  Test_Loss: 1.1344,Test Acc: 0.6543,Test F1: 0.6585,Test auc: 0.7407
2024-05-09 13:24:56.512 | INFO     | __main__:<module>:95 - Epoch: 07, Loss: 1.5122, Train Acc: 0.5968,  Test_Loss: 1.1064,Test Acc: 0.6543,Test F1: 0.6585,Test auc: 0.7407
2024-05-09 13:24:56.559 | INFO     | __main__:<module>:95 - Epoch: 08, Loss: 1.6294, Train Acc: 0.6022,  Test_Loss: 1.0138,Test Acc: 0.6667,Test F1: 0.6667,Test auc: 0.7500
2024-05-09 13:24:56.603 | INFO     | __main__:<module>:95 - Epoch: 09, Loss: 1.2725, Train Acc: 0.5968,  Test_Loss: 0.8659,Test Acc: 0.6790,Test F1: 0.6750,Test auc: 0.7593
2024-05-09 13:24:56.647 | INFO     | __main__:<module>:95 - Epoch: 10, Loss: 1.2673, Train Acc: 0.6344,  Test_Loss: 0.6798,Test Acc: 0.7037,Test F1: 0.6923,Test auc: 0.7778
2024-05-09 13:24:56.679 | INFO     | __main__:<module>:95 - Epoch: 11, Loss: 0.9723, Train Acc: 0.6882,  Test_Loss: 0.4780,Test Acc: 0.7531,Test F1: 0.7297,Test auc: 0.8148
2024-05-09 13:24:56.708 | INFO     | __main__:<module>:95 - Epoch: 12, Loss: 0.8804, Train Acc: 0.7043,  Test_Loss: 0.3994,Test Acc: 0.8519,Test F1: 0.8182,Test auc: 0.8889
2024-05-09 13:24:56.739 | INFO     | __main__:<module>:95 - Epoch: 13, Loss: 0.8352, Train Acc: 0.7366,  Test_Loss: 0.3717,Test Acc: 0.8889,Test F1: 0.8571,Test auc: 0.9167
2024-05-09 13:24:56.759 | INFO     | __main__:<module>:95 - Epoch: 14, Loss: 0.7460, Train Acc: 0.7366,  Test_Loss: 0.3725,Test Acc: 0.8889,Test F1: 0.8571,Test auc: 0.9167
2024-05-09 13:24:56.785 | INFO     | __main__:<module>:95 - Epoch: 15, Loss: 0.6872, Train Acc: 0.7688,  Test_Loss: 0.4015,Test Acc: 0.8642,Test F1: 0.8308,Test auc: 0.8981
2024-05-09 13:24:56.815 | INFO     | __main__:<module>:95 - Epoch: 16, Loss: 0.5755, Train Acc: 0.7581,  Test_Loss: 0.4039,Test Acc: 0.8642,Test F1: 0.8308,Test auc: 0.8981
2024-05-09 13:24:56.846 | INFO     | __main__:<module>:95 - Epoch: 17, Loss: 0.6747, Train Acc: 0.7527,  Test_Loss: 0.4292,Test Acc: 0.8395,Test F1: 0.8060,Test auc: 0.8796
2024-05-09 13:24:56.874 | INFO     | __main__:<module>:95 - Epoch: 18, Loss: 0.5582, Train Acc: 0.7903,  Test_Loss: 0.4419,Test Acc: 0.8395,Test F1: 0.8060,Test auc: 0.8796
2024-05-09 13:24:56.900 | INFO     | __main__:<module>:95 - Epoch: 19, Loss: 0.6724, Train Acc: 0.7634,  Test_Loss: 0.4706,Test Acc: 0.8272,Test F1: 0.7941,Test auc: 0.8704
2024-05-09 13:24:56.920 | INFO     | __main__:<module>:95 - Epoch: 20, Loss: 0.6052, Train Acc: 0.7473,  Test_Loss: 0.4742,Test Acc: 0.8272,Test F1: 0.7941,Test auc: 0.8704
2024-05-09 13:24:56.935 | INFO     | __main__:<module>:95 - Epoch: 21, Loss: 0.6524, Train Acc: 0.7742,  Test_Loss: 0.4757,Test Acc: 0.8272,Test F1: 0.7941,Test auc: 0.8704
2024-05-09 13:24:56.956 | INFO     | __main__:<module>:95 - Epoch: 22, Loss: 0.6438, Train Acc: 0.7796,  Test_Loss: 0.4766,Test Acc: 0.8272,Test F1: 0.7941,Test auc: 0.8704
2024-05-09 13:24:56.986 | INFO     | __main__:<module>:95 - Epoch: 23, Loss: 0.7649, Train Acc: 0.7581,  Test_Loss: 0.5217,Test Acc: 0.7778,Test F1: 0.7500,Test auc: 0.8333
2024-05-09 13:24:57.010 | INFO     | __main__:<module>:95 - Epoch: 24, Loss: 0.8869, Train Acc: 0.7258,  Test_Loss: 0.5651,Test Acc: 0.7531,Test F1: 0.7297,Test auc: 0.8148
2024-05-09 13:24:57.043 | INFO     | __main__:<module>:95 - Epoch: 25, Loss: 0.9252, Train Acc: 0.7419,  Test_Loss: 0.5872,Test Acc: 0.7531,Test F1: 0.7297,Test auc: 0.8148
2024-05-09 13:24:57.076 | INFO     | __main__:<module>:95 - Epoch: 26, Loss: 0.9194, Train Acc: 0.7312,  Test_Loss: 0.6151,Test Acc: 0.7531,Test F1: 0.7297,Test auc: 0.8148
2024-05-09 13:24:57.102 | INFO     | __main__:<module>:95 - Epoch: 27, Loss: 0.9366, Train Acc: 0.7419,  Test_Loss: 0.6412,Test Acc: 0.7407,Test F1: 0.7200,Test auc: 0.8056
2024-05-09 13:24:57.120 | INFO     | __main__:<module>:95 - Epoch: 28, Loss: 0.6511, Train Acc: 0.7634,  Test_Loss: 0.6285,Test Acc: 0.7407,Test F1: 0.7200,Test auc: 0.8056
2024-05-09 13:24:57.139 | INFO     | __main__:<module>:95 - Epoch: 29, Loss: 0.5902, Train Acc: 0.7742,  Test_Loss: 0.6092,Test Acc: 0.7531,Test F1: 0.7297,Test auc: 0.8148
2024-05-09 13:24:57.168 | INFO     | __main__:<module>:95 - Epoch: 30, Loss: 0.6578, Train Acc: 0.7527,  Test_Loss: 0.5951,Test Acc: 0.7531,Test F1: 0.7297,Test auc: 0.8148
2024-05-09 13:24:57.189 | INFO     | __main__:<module>:95 - Epoch: 31, Loss: 0.8635, Train Acc: 0.7473,  Test_Loss: 0.6150,Test Acc: 0.7407,Test F1: 0.7200,Test auc: 0.8056
2024-05-09 13:24:57.218 | INFO     | __main__:<module>:95 - Epoch: 32, Loss: 0.6857, Train Acc: 0.7366,  Test_Loss: 0.6212,Test Acc: 0.7407,Test F1: 0.7200,Test auc: 0.8056
2024-05-09 13:24:57.240 | INFO     | __main__:<module>:95 - Epoch: 33, Loss: 0.9242, Train Acc: 0.7258,  Test_Loss: 0.6260,Test Acc: 0.7407,Test F1: 0.7200,Test auc: 0.8056
2024-05-09 13:24:57.267 | INFO     | __main__:<module>:95 - Epoch: 34, Loss: 0.6473, Train Acc: 0.7849,  Test_Loss: 0.6134,Test Acc: 0.7407,Test F1: 0.7200,Test auc: 0.8056
2024-05-09 13:24:57.291 | INFO     | __main__:<module>:95 - Epoch: 35, Loss: 0.6037, Train Acc: 0.7903,  Test_Loss: 0.6304,Test Acc: 0.7407,Test F1: 0.7200,Test auc: 0.8056
2024-05-09 13:24:57.317 | INFO     | __main__:<module>:95 - Epoch: 36, Loss: 0.8896, Train Acc: 0.7151,  Test_Loss: 0.6560,Test Acc: 0.7407,Test F1: 0.7200,Test auc: 0.8056
2024-05-09 13:24:57.337 | INFO     | __main__:<module>:95 - Epoch: 37, Loss: 0.7845, Train Acc: 0.7366,  Test_Loss: 0.6697,Test Acc: 0.7407,Test F1: 0.7200,Test auc: 0.8056
2024-05-09 13:24:57.355 | INFO     | __main__:<module>:95 - Epoch: 38, Loss: 0.7880, Train Acc: 0.7204,  Test_Loss: 0.6595,Test Acc: 0.7407,Test F1: 0.7200,Test auc: 0.8056
2024-05-09 13:24:57.382 | INFO     | __main__:<module>:95 - Epoch: 39, Loss: 1.0639, Train Acc: 0.6989,  Test_Loss: 0.6783,Test Acc: 0.7407,Test F1: 0.7200,Test auc: 0.8056
2024-05-09 13:24:57.406 | INFO     | __main__:<module>:95 - Epoch: 40, Loss: 0.7146, Train Acc: 0.7151,  Test_Loss: 0.6724,Test Acc: 0.7407,Test F1: 0.7200,Test auc: 0.8056
2024-05-09 13:24:57.435 | INFO     | __main__:<module>:95 - Epoch: 41, Loss: 0.7749, Train Acc: 0.7312,  Test_Loss: 0.6845,Test Acc: 0.7407,Test F1: 0.7200,Test auc: 0.8056
2024-05-09 13:24:57.453 | INFO     | __main__:<module>:95 - Epoch: 42, Loss: 0.5687, Train Acc: 0.8065,  Test_Loss: 0.6810,Test Acc: 0.7407,Test F1: 0.7200,Test auc: 0.8056
2024-05-09 13:24:57.484 | INFO     | __main__:<module>:95 - Epoch: 43, Loss: 0.6596, Train Acc: 0.8172,  Test_Loss: 0.6780,Test Acc: 0.7407,Test F1: 0.7200,Test auc: 0.8056
2024-05-09 13:24:57.485 | INFO     | __main__:<module>:113 - 0.9164741039276123
2024-05-09 13:24:57.913 | INFO     | __main__:<module>:74 - Namespace(dataset='hamster', model='GCN', learning_rate=0.01, epochs=9999, hidden_units=16, dropout=0.4, weight_decay=0.01, weight_decay1=0.01, weight_decay2=0.0005, early_stopping=30, residual=True, seed=824, type='Binary', DEVICE='cuda', theta=0.5, layers=64, alpha=0.1, feature_type='x_65', CGCN=0)
2024-05-09 13:24:57.914 | INFO     | __main__:<module>:75 - Data(edge_index=[2, 24952], weight=[24952], num_nodes=1788, x=[1788, 9], train_mask=[1788], test_mask=[1788], label=[1788])
2024-05-09 13:24:57.941 | INFO     | __main__:<module>:95 - Epoch: 00, Loss: 2.4874, Train Acc: 0.3441,  Test_Loss: 1.2184,Test Acc: 0.3704,Test F1: 0.5143,Test auc: 0.5278
2024-05-09 13:24:57.973 | INFO     | __main__:<module>:95 - Epoch: 01, Loss: 1.3778, Train Acc: 0.4086,  Test_Loss: 0.6943,Test Acc: 0.4568,Test F1: 0.5217,Test auc: 0.5648
2024-05-09 13:24:57.991 | INFO     | __main__:<module>:95 - Epoch: 02, Loss: 1.0636, Train Acc: 0.5054,  Test_Loss: 1.0199,Test Acc: 0.4691,Test F1: 0.2951,Test auc: 0.4352
2024-05-09 13:24:58.025 | INFO     | __main__:<module>:95 - Epoch: 03, Loss: 1.0694, Train Acc: 0.4516,  Test_Loss: 0.6278,Test Acc: 0.5556,Test F1: 0.5714,Test auc: 0.6389
2024-05-09 13:24:58.059 | INFO     | __main__:<module>:95 - Epoch: 04, Loss: 0.9989, Train Acc: 0.4785,  Test_Loss: 0.5680,Test Acc: 0.5926,Test F1: 0.6118,Test auc: 0.6852
2024-05-09 13:24:58.093 | INFO     | __main__:<module>:95 - Epoch: 05, Loss: 0.7801, Train Acc: 0.5376,  Test_Loss: 0.5421,Test Acc: 0.5802,Test F1: 0.6136,Test auc: 0.6852
2024-05-09 13:24:58.109 | INFO     | __main__:<module>:95 - Epoch: 06, Loss: 0.7193, Train Acc: 0.6022,  Test_Loss: 0.5454,Test Acc: 0.6173,Test F1: 0.6353,Test auc: 0.7130
2024-05-09 13:24:58.142 | INFO     | __main__:<module>:95 - Epoch: 07, Loss: 0.7296, Train Acc: 0.5215,  Test_Loss: 0.5358,Test Acc: 0.6667,Test F1: 0.6667,Test auc: 0.7500
2024-05-09 13:24:58.193 | INFO     | __main__:<module>:95 - Epoch: 08, Loss: 0.7043, Train Acc: 0.5806,  Test_Loss: 0.5164,Test Acc: 0.7284,Test F1: 0.7105,Test auc: 0.7963
2024-05-09 13:24:58.240 | INFO     | __main__:<module>:95 - Epoch: 09, Loss: 0.6128, Train Acc: 0.6344,  Test_Loss: 0.4800,Test Acc: 0.8395,Test F1: 0.8060,Test auc: 0.8796
2024-05-09 13:24:58.274 | INFO     | __main__:<module>:95 - Epoch: 10, Loss: 0.6315, Train Acc: 0.6882,  Test_Loss: 0.4531,Test Acc: 0.9136,Test F1: 0.8852,Test auc: 0.9352
2024-05-09 13:24:58.302 | INFO     | __main__:<module>:95 - Epoch: 11, Loss: 0.5697, Train Acc: 0.7634,  Test_Loss: 0.4469,Test Acc: 0.9012,Test F1: 0.8571,Test auc: 0.8981
2024-05-09 13:24:58.319 | INFO     | __main__:<module>:95 - Epoch: 12, Loss: 0.5434, Train Acc: 0.7527,  Test_Loss: 0.4530,Test Acc: 0.9012,Test F1: 0.8519,Test auc: 0.8889
2024-05-09 13:24:58.353 | INFO     | __main__:<module>:95 - Epoch: 13, Loss: 0.5151, Train Acc: 0.7903,  Test_Loss: 0.4366,Test Acc: 0.9136,Test F1: 0.8727,Test auc: 0.9074
2024-05-09 13:24:58.389 | INFO     | __main__:<module>:95 - Epoch: 14, Loss: 0.4842, Train Acc: 0.8387,  Test_Loss: 0.4014,Test Acc: 0.9259,Test F1: 0.8929,Test auc: 0.9259
2024-05-09 13:24:58.434 | INFO     | __main__:<module>:95 - Epoch: 15, Loss: 0.4908, Train Acc: 0.8172,  Test_Loss: 0.3642,Test Acc: 0.9383,Test F1: 0.9123,Test auc: 0.9444
2024-05-09 13:24:58.470 | INFO     | __main__:<module>:95 - Epoch: 16, Loss: 0.4256, Train Acc: 0.8925,  Test_Loss: 0.3439,Test Acc: 0.9259,Test F1: 0.9000,Test auc: 0.9444
2024-05-09 13:24:58.511 | INFO     | __main__:<module>:95 - Epoch: 17, Loss: 0.4243, Train Acc: 0.8656,  Test_Loss: 0.3316,Test Acc: 0.9259,Test F1: 0.9000,Test auc: 0.9444
2024-05-09 13:24:58.565 | INFO     | __main__:<module>:95 - Epoch: 18, Loss: 0.4159, Train Acc: 0.8817,  Test_Loss: 0.3162,Test Acc: 0.9259,Test F1: 0.9000,Test auc: 0.9444
2024-05-09 13:24:58.608 | INFO     | __main__:<module>:95 - Epoch: 19, Loss: 0.3405, Train Acc: 0.9301,  Test_Loss: 0.2968,Test Acc: 0.9383,Test F1: 0.9153,Test auc: 0.9537
2024-05-09 13:24:58.650 | INFO     | __main__:<module>:95 - Epoch: 20, Loss: 0.3569, Train Acc: 0.8925,  Test_Loss: 0.2739,Test Acc: 0.9630,Test F1: 0.9474,Test auc: 0.9722
2024-05-09 13:24:58.687 | INFO     | __main__:<module>:95 - Epoch: 21, Loss: 0.3140, Train Acc: 0.9516,  Test_Loss: 0.2551,Test Acc: 0.9630,Test F1: 0.9474,Test auc: 0.9722
2024-05-09 13:24:58.714 | INFO     | __main__:<module>:95 - Epoch: 22, Loss: 0.3353, Train Acc: 0.8925,  Test_Loss: 0.2400,Test Acc: 0.9753,Test F1: 0.9643,Test auc: 0.9815
2024-05-09 13:24:58.762 | INFO     | __main__:<module>:95 - Epoch: 23, Loss: 0.3382, Train Acc: 0.9032,  Test_Loss: 0.2277,Test Acc: 0.9753,Test F1: 0.9630,Test auc: 0.9722
2024-05-09 13:24:58.807 | INFO     | __main__:<module>:95 - Epoch: 24, Loss: 0.3392, Train Acc: 0.9409,  Test_Loss: 0.2200,Test Acc: 0.9753,Test F1: 0.9630,Test auc: 0.9722
2024-05-09 13:24:58.850 | INFO     | __main__:<module>:95 - Epoch: 25, Loss: 0.3508, Train Acc: 0.8817,  Test_Loss: 0.2130,Test Acc: 0.9753,Test F1: 0.9630,Test auc: 0.9722
2024-05-09 13:24:58.886 | INFO     | __main__:<module>:95 - Epoch: 26, Loss: 0.2742, Train Acc: 0.9247,  Test_Loss: 0.1989,Test Acc: 0.9753,Test F1: 0.9630,Test auc: 0.9722
2024-05-09 13:24:58.920 | INFO     | __main__:<module>:95 - Epoch: 27, Loss: 0.3212, Train Acc: 0.9032,  Test_Loss: 0.1890,Test Acc: 0.9753,Test F1: 0.9643,Test auc: 0.9815
2024-05-09 13:24:58.949 | INFO     | __main__:<module>:95 - Epoch: 28, Loss: 0.2944, Train Acc: 0.9032,  Test_Loss: 0.1839,Test Acc: 0.9753,Test F1: 0.9643,Test auc: 0.9815
2024-05-09 13:24:58.988 | INFO     | __main__:<module>:95 - Epoch: 29, Loss: 0.3105, Train Acc: 0.9247,  Test_Loss: 0.1805,Test Acc: 0.9753,Test F1: 0.9643,Test auc: 0.9815
2024-05-09 13:24:59.027 | INFO     | __main__:<module>:95 - Epoch: 30, Loss: 0.2720, Train Acc: 0.9301,  Test_Loss: 0.1733,Test Acc: 0.9753,Test F1: 0.9643,Test auc: 0.9815
2024-05-09 13:24:59.069 | INFO     | __main__:<module>:95 - Epoch: 31, Loss: 0.2871, Train Acc: 0.9301,  Test_Loss: 0.1604,Test Acc: 0.9753,Test F1: 0.9643,Test auc: 0.9815
2024-05-09 13:24:59.103 | INFO     | __main__:<module>:95 - Epoch: 32, Loss: 0.2560, Train Acc: 0.9194,  Test_Loss: 0.1487,Test Acc: 0.9877,Test F1: 0.9818,Test auc: 0.9907
2024-05-09 13:24:59.128 | INFO     | __main__:<module>:95 - Epoch: 33, Loss: 0.2089, Train Acc: 0.9462,  Test_Loss: 0.1411,Test Acc: 0.9877,Test F1: 0.9818,Test auc: 0.9907
2024-05-09 13:24:59.157 | INFO     | __main__:<module>:95 - Epoch: 34, Loss: 0.2486, Train Acc: 0.9247,  Test_Loss: 0.1358,Test Acc: 0.9877,Test F1: 0.9818,Test auc: 0.9907
2024-05-09 13:24:59.193 | INFO     | __main__:<module>:95 - Epoch: 35, Loss: 0.2410, Train Acc: 0.9194,  Test_Loss: 0.1314,Test Acc: 0.9877,Test F1: 0.9818,Test auc: 0.9907
2024-05-09 13:24:59.240 | INFO     | __main__:<module>:95 - Epoch: 36, Loss: 0.2387, Train Acc: 0.9140,  Test_Loss: 0.1260,Test Acc: 0.9877,Test F1: 0.9818,Test auc: 0.9907
2024-05-09 13:24:59.284 | INFO     | __main__:<module>:95 - Epoch: 37, Loss: 0.1600, Train Acc: 0.9570,  Test_Loss: 0.1217,Test Acc: 0.9877,Test F1: 0.9818,Test auc: 0.9907
2024-05-09 13:24:59.316 | INFO     | __main__:<module>:95 - Epoch: 38, Loss: 0.2058, Train Acc: 0.9409,  Test_Loss: 0.1202,Test Acc: 0.9877,Test F1: 0.9818,Test auc: 0.9907
2024-05-09 13:24:59.331 | INFO     | __main__:<module>:95 - Epoch: 39, Loss: 0.2932, Train Acc: 0.9194,  Test_Loss: 0.1256,Test Acc: 0.9753,Test F1: 0.9643,Test auc: 0.9815
2024-05-09 13:24:59.362 | INFO     | __main__:<module>:95 - Epoch: 40, Loss: 0.1844, Train Acc: 0.9409,  Test_Loss: 0.1199,Test Acc: 0.9877,Test F1: 0.9818,Test auc: 0.9907
2024-05-09 13:24:59.381 | INFO     | __main__:<module>:95 - Epoch: 41, Loss: 0.1563, Train Acc: 0.9462,  Test_Loss: 0.1200,Test Acc: 0.9753,Test F1: 0.9643,Test auc: 0.9815
2024-05-09 13:24:59.400 | INFO     | __main__:<module>:95 - Epoch: 42, Loss: 0.1868, Train Acc: 0.9516,  Test_Loss: 0.1207,Test Acc: 0.9753,Test F1: 0.9643,Test auc: 0.9815
2024-05-09 13:24:59.441 | INFO     | __main__:<module>:95 - Epoch: 43, Loss: 0.1861, Train Acc: 0.9462,  Test_Loss: 0.1191,Test Acc: 0.9877,Test F1: 0.9818,Test auc: 0.9907
2024-05-09 13:24:59.484 | INFO     | __main__:<module>:95 - Epoch: 44, Loss: 0.2118, Train Acc: 0.9301,  Test_Loss: 0.1155,Test Acc: 0.9877,Test F1: 0.9818,Test auc: 0.9907
2024-05-09 13:24:59.522 | INFO     | __main__:<module>:95 - Epoch: 45, Loss: 0.2148, Train Acc: 0.9409,  Test_Loss: 0.1111,Test Acc: 0.9877,Test F1: 0.9818,Test auc: 0.9907
2024-05-09 13:24:59.551 | INFO     | __main__:<module>:95 - Epoch: 46, Loss: 0.2482, Train Acc: 0.9301,  Test_Loss: 0.1048,Test Acc: 0.9877,Test F1: 0.9818,Test auc: 0.9907
2024-05-09 13:24:59.575 | INFO     | __main__:<module>:95 - Epoch: 47, Loss: 0.1560, Train Acc: 0.9570,  Test_Loss: 0.0997,Test Acc: 0.9877,Test F1: 0.9818,Test auc: 0.9907
2024-05-09 13:24:59.605 | INFO     | __main__:<module>:95 - Epoch: 48, Loss: 0.2429, Train Acc: 0.9194,  Test_Loss: 0.0961,Test Acc: 0.9877,Test F1: 0.9818,Test auc: 0.9907
2024-05-09 13:24:59.643 | INFO     | __main__:<module>:95 - Epoch: 49, Loss: 0.2291, Train Acc: 0.9086,  Test_Loss: 0.0939,Test Acc: 0.9877,Test F1: 0.9818,Test auc: 0.9907
2024-05-09 13:24:59.696 | INFO     | __main__:<module>:95 - Epoch: 50, Loss: 0.1762, Train Acc: 0.9516,  Test_Loss: 0.0917,Test Acc: 0.9877,Test F1: 0.9818,Test auc: 0.9907
2024-05-09 13:24:59.736 | INFO     | __main__:<module>:95 - Epoch: 51, Loss: 0.2274, Train Acc: 0.8978,  Test_Loss: 0.0904,Test Acc: 0.9877,Test F1: 0.9818,Test auc: 0.9907
2024-05-09 13:24:59.761 | INFO     | __main__:<module>:95 - Epoch: 52, Loss: 0.2118, Train Acc: 0.9355,  Test_Loss: 0.0915,Test Acc: 0.9877,Test F1: 0.9818,Test auc: 0.9907
2024-05-09 13:24:59.782 | INFO     | __main__:<module>:95 - Epoch: 53, Loss: 0.2299, Train Acc: 0.9194,  Test_Loss: 0.0942,Test Acc: 0.9877,Test F1: 0.9818,Test auc: 0.9907
2024-05-09 13:24:59.803 | INFO     | __main__:<module>:95 - Epoch: 54, Loss: 0.2221, Train Acc: 0.9301,  Test_Loss: 0.0942,Test Acc: 0.9877,Test F1: 0.9818,Test auc: 0.9907
2024-05-09 13:24:59.833 | INFO     | __main__:<module>:95 - Epoch: 55, Loss: 0.1853, Train Acc: 0.9301,  Test_Loss: 0.0954,Test Acc: 0.9877,Test F1: 0.9818,Test auc: 0.9907
2024-05-09 13:24:59.857 | INFO     | __main__:<module>:95 - Epoch: 56, Loss: 0.1548, Train Acc: 0.9624,  Test_Loss: 0.0946,Test Acc: 0.9877,Test F1: 0.9818,Test auc: 0.9907
2024-05-09 13:24:59.888 | INFO     | __main__:<module>:95 - Epoch: 57, Loss: 0.2427, Train Acc: 0.9194,  Test_Loss: 0.0951,Test Acc: 0.9877,Test F1: 0.9818,Test auc: 0.9907
2024-05-09 13:24:59.917 | INFO     | __main__:<module>:95 - Epoch: 58, Loss: 0.2402, Train Acc: 0.9032,  Test_Loss: 0.0974,Test Acc: 0.9877,Test F1: 0.9818,Test auc: 0.9907
2024-05-09 13:24:59.940 | INFO     | __main__:<module>:95 - Epoch: 59, Loss: 0.1955, Train Acc: 0.9462,  Test_Loss: 0.0966,Test Acc: 0.9877,Test F1: 0.9818,Test auc: 0.9907
2024-05-09 13:24:59.960 | INFO     | __main__:<module>:95 - Epoch: 60, Loss: 0.1716, Train Acc: 0.9355,  Test_Loss: 0.0983,Test Acc: 0.9877,Test F1: 0.9818,Test auc: 0.9907
2024-05-09 13:24:59.978 | INFO     | __main__:<module>:95 - Epoch: 61, Loss: 0.1933, Train Acc: 0.9355,  Test_Loss: 0.0976,Test Acc: 0.9877,Test F1: 0.9818,Test auc: 0.9907
2024-05-09 13:24:59.993 | INFO     | __main__:<module>:95 - Epoch: 62, Loss: 0.1676, Train Acc: 0.9462,  Test_Loss: 0.0952,Test Acc: 0.9877,Test F1: 0.9818,Test auc: 0.9907
2024-05-09 13:25:00.018 | INFO     | __main__:<module>:95 - Epoch: 63, Loss: 0.1426, Train Acc: 0.9731,  Test_Loss: 0.0956,Test Acc: 0.9877,Test F1: 0.9818,Test auc: 0.9907
2024-05-09 13:25:00.046 | INFO     | __main__:<module>:95 - Epoch: 64, Loss: 0.1515, Train Acc: 0.9409,  Test_Loss: 0.0983,Test Acc: 0.9877,Test F1: 0.9818,Test auc: 0.9907
2024-05-09 13:25:00.078 | INFO     | __main__:<module>:95 - Epoch: 65, Loss: 0.2321, Train Acc: 0.9194,  Test_Loss: 0.1026,Test Acc: 0.9753,Test F1: 0.9643,Test auc: 0.9815
2024-05-09 13:25:00.106 | INFO     | __main__:<module>:95 - Epoch: 66, Loss: 0.1807, Train Acc: 0.9355,  Test_Loss: 0.1054,Test Acc: 0.9753,Test F1: 0.9643,Test auc: 0.9815
2024-05-09 13:25:00.129 | INFO     | __main__:<module>:95 - Epoch: 67, Loss: 0.1678, Train Acc: 0.9409,  Test_Loss: 0.1053,Test Acc: 0.9753,Test F1: 0.9643,Test auc: 0.9815
2024-05-09 13:25:00.160 | INFO     | __main__:<module>:95 - Epoch: 68, Loss: 0.1937, Train Acc: 0.9301,  Test_Loss: 0.1064,Test Acc: 0.9753,Test F1: 0.9643,Test auc: 0.9815
2024-05-09 13:25:00.177 | INFO     | __main__:<module>:95 - Epoch: 69, Loss: 0.2251, Train Acc: 0.9194,  Test_Loss: 0.1048,Test Acc: 0.9753,Test F1: 0.9643,Test auc: 0.9815
2024-05-09 13:25:00.193 | INFO     | __main__:<module>:95 - Epoch: 70, Loss: 0.2220, Train Acc: 0.9086,  Test_Loss: 0.1052,Test Acc: 0.9753,Test F1: 0.9643,Test auc: 0.9815
2024-05-09 13:25:00.214 | INFO     | __main__:<module>:95 - Epoch: 71, Loss: 0.2527, Train Acc: 0.8925,  Test_Loss: 0.1113,Test Acc: 0.9753,Test F1: 0.9643,Test auc: 0.9815
2024-05-09 13:25:00.239 | INFO     | __main__:<module>:95 - Epoch: 72, Loss: 0.2113, Train Acc: 0.9301,  Test_Loss: 0.1113,Test Acc: 0.9753,Test F1: 0.9643,Test auc: 0.9815
2024-05-09 13:25:00.259 | INFO     | __main__:<module>:95 - Epoch: 73, Loss: 0.1946, Train Acc: 0.9355,  Test_Loss: 0.1106,Test Acc: 0.9753,Test F1: 0.9643,Test auc: 0.9815
2024-05-09 13:25:00.286 | INFO     | __main__:<module>:95 - Epoch: 74, Loss: 0.2194, Train Acc: 0.9516,  Test_Loss: 0.1100,Test Acc: 0.9753,Test F1: 0.9643,Test auc: 0.9815
2024-05-09 13:25:00.315 | INFO     | __main__:<module>:95 - Epoch: 75, Loss: 0.2105, Train Acc: 0.9355,  Test_Loss: 0.1123,Test Acc: 0.9753,Test F1: 0.9643,Test auc: 0.9815
2024-05-09 13:25:00.337 | INFO     | __main__:<module>:95 - Epoch: 76, Loss: 0.2041, Train Acc: 0.9247,  Test_Loss: 0.1128,Test Acc: 0.9753,Test F1: 0.9643,Test auc: 0.9815
2024-05-09 13:25:00.357 | INFO     | __main__:<module>:95 - Epoch: 77, Loss: 0.1703, Train Acc: 0.9570,  Test_Loss: 0.1095,Test Acc: 0.9753,Test F1: 0.9643,Test auc: 0.9815
2024-05-09 13:25:00.374 | INFO     | __main__:<module>:95 - Epoch: 78, Loss: 0.2573, Train Acc: 0.9140,  Test_Loss: 0.1087,Test Acc: 0.9753,Test F1: 0.9643,Test auc: 0.9815
2024-05-09 13:25:00.388 | INFO     | __main__:<module>:95 - Epoch: 79, Loss: 0.1725, Train Acc: 0.9677,  Test_Loss: 0.1055,Test Acc: 0.9753,Test F1: 0.9643,Test auc: 0.9815
2024-05-09 13:25:00.408 | INFO     | __main__:<module>:95 - Epoch: 80, Loss: 0.2167, Train Acc: 0.9301,  Test_Loss: 0.1010,Test Acc: 0.9877,Test F1: 0.9818,Test auc: 0.9907
2024-05-09 13:25:00.428 | INFO     | __main__:<module>:95 - Epoch: 81, Loss: 0.1574, Train Acc: 0.9301,  Test_Loss: 0.1051,Test Acc: 0.9753,Test F1: 0.9643,Test auc: 0.9815
2024-05-09 13:25:00.428 | INFO     | __main__:<module>:113 - 1.6076245307922363
2024-05-09 13:25:00.636 | INFO     | __main__:<module>:74 - Namespace(dataset='hamster', model='GCN', learning_rate=0.01, epochs=9999, hidden_units=16, dropout=0.4, weight_decay=0.01, weight_decay1=0.01, weight_decay2=0.0005, early_stopping=30, residual=True, seed=824, type='Binary', DEVICE='cuda', theta=0.5, layers=64, alpha=0.1, feature_type='x_65', CGCN=0)
2024-05-09 13:25:00.637 | INFO     | __main__:<module>:75 - Data(edge_index=[2, 24952], weight=[24952], num_nodes=1788, x=[1788, 10], train_mask=[1788], test_mask=[1788], label=[1788])
2024-05-09 13:25:00.679 | INFO     | __main__:<module>:95 - Epoch: 00, Loss: 2.8390, Train Acc: 0.5591,  Test_Loss: 1.7078,Test Acc: 0.4938,Test F1: 0.5684,Test auc: 0.6204
2024-05-09 13:25:00.712 | INFO     | __main__:<module>:95 - Epoch: 01, Loss: 2.0591, Train Acc: 0.5699,  Test_Loss: 1.7902,Test Acc: 0.5062,Test F1: 0.5745,Test auc: 0.6296
2024-05-09 13:25:00.741 | INFO     | __main__:<module>:95 - Epoch: 02, Loss: 2.1192, Train Acc: 0.4946,  Test_Loss: 1.5745,Test Acc: 0.5432,Test F1: 0.5934,Test auc: 0.6574
2024-05-09 13:25:00.778 | INFO     | __main__:<module>:95 - Epoch: 03, Loss: 1.6784, Train Acc: 0.5645,  Test_Loss: 1.3014,Test Acc: 0.5926,Test F1: 0.6207,Test auc: 0.6944
2024-05-09 13:25:00.811 | INFO     | __main__:<module>:95 - Epoch: 04, Loss: 1.1803, Train Acc: 0.6613,  Test_Loss: 1.0028,Test Acc: 0.7037,Test F1: 0.6923,Test auc: 0.7778
2024-05-09 13:25:00.846 | INFO     | __main__:<module>:95 - Epoch: 05, Loss: 1.0537, Train Acc: 0.7097,  Test_Loss: 0.7678,Test Acc: 0.7778,Test F1: 0.7429,Test auc: 0.8241
2024-05-09 13:25:00.889 | INFO     | __main__:<module>:95 - Epoch: 06, Loss: 0.7917, Train Acc: 0.7258,  Test_Loss: 0.5903,Test Acc: 0.7901,Test F1: 0.7536,Test auc: 0.8333
2024-05-09 13:25:00.925 | INFO     | __main__:<module>:95 - Epoch: 07, Loss: 0.6704, Train Acc: 0.8118,  Test_Loss: 0.4659,Test Acc: 0.8642,Test F1: 0.8254,Test auc: 0.8889
2024-05-09 13:25:00.965 | INFO     | __main__:<module>:95 - Epoch: 08, Loss: 0.7051, Train Acc: 0.7957,  Test_Loss: 0.3979,Test Acc: 0.8889,Test F1: 0.8525,Test auc: 0.9074
2024-05-09 13:25:00.992 | INFO     | __main__:<module>:95 - Epoch: 09, Loss: 0.6900, Train Acc: 0.7849,  Test_Loss: 0.3595,Test Acc: 0.9136,Test F1: 0.8772,Test auc: 0.9167
2024-05-09 13:25:01.020 | INFO     | __main__:<module>:95 - Epoch: 10, Loss: 0.5659, Train Acc: 0.8172,  Test_Loss: 0.3203,Test Acc: 0.9383,Test F1: 0.9091,Test auc: 0.9352
2024-05-09 13:25:01.046 | INFO     | __main__:<module>:95 - Epoch: 11, Loss: 0.5094, Train Acc: 0.8387,  Test_Loss: 0.2944,Test Acc: 0.9506,Test F1: 0.9286,Test auc: 0.9537
2024-05-09 13:25:01.090 | INFO     | __main__:<module>:95 - Epoch: 12, Loss: 0.4329, Train Acc: 0.8817,  Test_Loss: 0.2773,Test Acc: 0.9506,Test F1: 0.9286,Test auc: 0.9537
2024-05-09 13:25:01.124 | INFO     | __main__:<module>:95 - Epoch: 13, Loss: 0.3697, Train Acc: 0.8871,  Test_Loss: 0.2670,Test Acc: 0.9383,Test F1: 0.9123,Test auc: 0.9444
2024-05-09 13:25:01.163 | INFO     | __main__:<module>:95 - Epoch: 14, Loss: 0.4044, Train Acc: 0.8817,  Test_Loss: 0.2658,Test Acc: 0.9383,Test F1: 0.9153,Test auc: 0.9537
2024-05-09 13:25:01.196 | INFO     | __main__:<module>:95 - Epoch: 15, Loss: 0.3040, Train Acc: 0.9086,  Test_Loss: 0.2650,Test Acc: 0.9259,Test F1: 0.9000,Test auc: 0.9444
2024-05-09 13:25:01.229 | INFO     | __main__:<module>:95 - Epoch: 16, Loss: 0.3381, Train Acc: 0.8602,  Test_Loss: 0.2621,Test Acc: 0.9383,Test F1: 0.9153,Test auc: 0.9537
2024-05-09 13:25:01.261 | INFO     | __main__:<module>:95 - Epoch: 17, Loss: 0.3454, Train Acc: 0.8441,  Test_Loss: 0.2559,Test Acc: 0.9630,Test F1: 0.9474,Test auc: 0.9722
2024-05-09 13:25:01.306 | INFO     | __main__:<module>:95 - Epoch: 18, Loss: 0.3702, Train Acc: 0.8656,  Test_Loss: 0.2523,Test Acc: 0.9753,Test F1: 0.9630,Test auc: 0.9722
2024-05-09 13:25:01.344 | INFO     | __main__:<module>:95 - Epoch: 19, Loss: 0.3184, Train Acc: 0.9032,  Test_Loss: 0.2511,Test Acc: 0.9753,Test F1: 0.9630,Test auc: 0.9722
2024-05-09 13:25:01.385 | INFO     | __main__:<module>:95 - Epoch: 20, Loss: 0.3434, Train Acc: 0.8871,  Test_Loss: 0.2497,Test Acc: 0.9753,Test F1: 0.9630,Test auc: 0.9722
2024-05-09 13:25:01.414 | INFO     | __main__:<module>:95 - Epoch: 21, Loss: 0.3586, Train Acc: 0.8548,  Test_Loss: 0.2438,Test Acc: 0.9753,Test F1: 0.9630,Test auc: 0.9722
2024-05-09 13:25:01.445 | INFO     | __main__:<module>:95 - Epoch: 22, Loss: 0.3051, Train Acc: 0.9086,  Test_Loss: 0.2342,Test Acc: 0.9753,Test F1: 0.9630,Test auc: 0.9722
2024-05-09 13:25:01.486 | INFO     | __main__:<module>:95 - Epoch: 23, Loss: 0.3126, Train Acc: 0.9032,  Test_Loss: 0.2217,Test Acc: 0.9753,Test F1: 0.9630,Test auc: 0.9722
2024-05-09 13:25:01.523 | INFO     | __main__:<module>:95 - Epoch: 24, Loss: 0.2892, Train Acc: 0.9355,  Test_Loss: 0.2144,Test Acc: 0.9753,Test F1: 0.9643,Test auc: 0.9815
2024-05-09 13:25:01.551 | INFO     | __main__:<module>:95 - Epoch: 25, Loss: 0.2994, Train Acc: 0.9086,  Test_Loss: 0.2162,Test Acc: 0.9630,Test F1: 0.9474,Test auc: 0.9722
2024-05-09 13:25:01.577 | INFO     | __main__:<module>:95 - Epoch: 26, Loss: 0.2442, Train Acc: 0.9409,  Test_Loss: 0.2208,Test Acc: 0.9630,Test F1: 0.9474,Test auc: 0.9722
2024-05-09 13:25:01.609 | INFO     | __main__:<module>:95 - Epoch: 27, Loss: 0.3048, Train Acc: 0.8817,  Test_Loss: 0.2210,Test Acc: 0.9630,Test F1: 0.9474,Test auc: 0.9722
2024-05-09 13:25:01.637 | INFO     | __main__:<module>:95 - Epoch: 28, Loss: 0.2940, Train Acc: 0.9086,  Test_Loss: 0.2154,Test Acc: 0.9630,Test F1: 0.9474,Test auc: 0.9722
2024-05-09 13:25:01.675 | INFO     | __main__:<module>:95 - Epoch: 29, Loss: 0.3145, Train Acc: 0.9140,  Test_Loss: 0.2137,Test Acc: 0.9630,Test F1: 0.9474,Test auc: 0.9722
2024-05-09 13:25:01.702 | INFO     | __main__:<module>:95 - Epoch: 30, Loss: 0.2420, Train Acc: 0.9355,  Test_Loss: 0.2175,Test Acc: 0.9506,Test F1: 0.9310,Test auc: 0.9630
2024-05-09 13:25:01.741 | INFO     | __main__:<module>:95 - Epoch: 31, Loss: 0.2667, Train Acc: 0.9194,  Test_Loss: 0.2128,Test Acc: 0.9630,Test F1: 0.9474,Test auc: 0.9722
2024-05-09 13:25:01.786 | INFO     | __main__:<module>:95 - Epoch: 32, Loss: 0.2734, Train Acc: 0.9194,  Test_Loss: 0.2080,Test Acc: 0.9630,Test F1: 0.9474,Test auc: 0.9722
2024-05-09 13:25:01.816 | INFO     | __main__:<module>:95 - Epoch: 33, Loss: 0.2738, Train Acc: 0.9247,  Test_Loss: 0.2002,Test Acc: 0.9630,Test F1: 0.9474,Test auc: 0.9722
2024-05-09 13:25:01.848 | INFO     | __main__:<module>:95 - Epoch: 34, Loss: 0.2806, Train Acc: 0.8978,  Test_Loss: 0.1902,Test Acc: 0.9630,Test F1: 0.9474,Test auc: 0.9722
2024-05-09 13:25:01.879 | INFO     | __main__:<module>:95 - Epoch: 35, Loss: 0.2706, Train Acc: 0.9140,  Test_Loss: 0.1807,Test Acc: 0.9753,Test F1: 0.9643,Test auc: 0.9815
2024-05-09 13:25:01.912 | INFO     | __main__:<module>:95 - Epoch: 36, Loss: 0.2839, Train Acc: 0.9032,  Test_Loss: 0.1730,Test Acc: 0.9753,Test F1: 0.9643,Test auc: 0.9815
2024-05-09 13:25:01.949 | INFO     | __main__:<module>:95 - Epoch: 37, Loss: 0.2611, Train Acc: 0.9301,  Test_Loss: 0.1658,Test Acc: 0.9877,Test F1: 0.9818,Test auc: 0.9907
2024-05-09 13:25:01.986 | INFO     | __main__:<module>:95 - Epoch: 38, Loss: 0.2473, Train Acc: 0.9086,  Test_Loss: 0.1607,Test Acc: 0.9877,Test F1: 0.9818,Test auc: 0.9907
2024-05-09 13:25:02.025 | INFO     | __main__:<module>:95 - Epoch: 39, Loss: 0.2547, Train Acc: 0.9247,  Test_Loss: 0.1547,Test Acc: 0.9877,Test F1: 0.9818,Test auc: 0.9907
2024-05-09 13:25:02.063 | INFO     | __main__:<module>:95 - Epoch: 40, Loss: 0.2035, Train Acc: 0.9516,  Test_Loss: 0.1497,Test Acc: 0.9877,Test F1: 0.9818,Test auc: 0.9907
2024-05-09 13:25:02.093 | INFO     | __main__:<module>:95 - Epoch: 41, Loss: 0.2410, Train Acc: 0.9194,  Test_Loss: 0.1462,Test Acc: 0.9877,Test F1: 0.9818,Test auc: 0.9907
2024-05-09 13:25:02.127 | INFO     | __main__:<module>:95 - Epoch: 42, Loss: 0.2372, Train Acc: 0.9194,  Test_Loss: 0.1430,Test Acc: 0.9877,Test F1: 0.9818,Test auc: 0.9907
2024-05-09 13:25:02.170 | INFO     | __main__:<module>:95 - Epoch: 43, Loss: 0.2787, Train Acc: 0.9086,  Test_Loss: 0.1403,Test Acc: 0.9877,Test F1: 0.9818,Test auc: 0.9907
2024-05-09 13:25:02.220 | INFO     | __main__:<module>:95 - Epoch: 44, Loss: 0.1864, Train Acc: 0.9462,  Test_Loss: 0.1371,Test Acc: 0.9877,Test F1: 0.9818,Test auc: 0.9907
2024-05-09 13:25:02.257 | INFO     | __main__:<module>:95 - Epoch: 45, Loss: 0.2769, Train Acc: 0.9086,  Test_Loss: 0.1336,Test Acc: 0.9877,Test F1: 0.9818,Test auc: 0.9907
2024-05-09 13:25:02.295 | INFO     | __main__:<module>:95 - Epoch: 46, Loss: 0.2582, Train Acc: 0.8817,  Test_Loss: 0.1315,Test Acc: 0.9877,Test F1: 0.9818,Test auc: 0.9907
2024-05-09 13:25:02.321 | INFO     | __main__:<module>:95 - Epoch: 47, Loss: 0.1870, Train Acc: 0.9462,  Test_Loss: 0.1286,Test Acc: 0.9877,Test F1: 0.9818,Test auc: 0.9907
2024-05-09 13:25:02.347 | INFO     | __main__:<module>:95 - Epoch: 48, Loss: 0.2235, Train Acc: 0.9301,  Test_Loss: 0.1262,Test Acc: 0.9877,Test F1: 0.9818,Test auc: 0.9907
2024-05-09 13:25:02.391 | INFO     | __main__:<module>:95 - Epoch: 49, Loss: 0.2242, Train Acc: 0.9301,  Test_Loss: 0.1247,Test Acc: 0.9877,Test F1: 0.9818,Test auc: 0.9907
2024-05-09 13:25:02.426 | INFO     | __main__:<module>:95 - Epoch: 50, Loss: 0.2412, Train Acc: 0.9301,  Test_Loss: 0.1224,Test Acc: 0.9877,Test F1: 0.9818,Test auc: 0.9907
2024-05-09 13:25:02.465 | INFO     | __main__:<module>:95 - Epoch: 51, Loss: 0.2002, Train Acc: 0.9409,  Test_Loss: 0.1211,Test Acc: 0.9877,Test F1: 0.9818,Test auc: 0.9907
2024-05-09 13:25:02.494 | INFO     | __main__:<module>:95 - Epoch: 52, Loss: 0.2114, Train Acc: 0.9409,  Test_Loss: 0.1194,Test Acc: 0.9877,Test F1: 0.9818,Test auc: 0.9907
2024-05-09 13:25:02.514 | INFO     | __main__:<module>:95 - Epoch: 53, Loss: 0.2434, Train Acc: 0.9194,  Test_Loss: 0.1184,Test Acc: 0.9877,Test F1: 0.9818,Test auc: 0.9907
2024-05-09 13:25:02.541 | INFO     | __main__:<module>:95 - Epoch: 54, Loss: 0.2310, Train Acc: 0.9247,  Test_Loss: 0.1164,Test Acc: 0.9877,Test F1: 0.9818,Test auc: 0.9907
2024-05-09 13:25:02.578 | INFO     | __main__:<module>:95 - Epoch: 55, Loss: 0.2203, Train Acc: 0.9194,  Test_Loss: 0.1141,Test Acc: 0.9877,Test F1: 0.9818,Test auc: 0.9907
2024-05-09 13:25:02.620 | INFO     | __main__:<module>:95 - Epoch: 56, Loss: 0.1675, Train Acc: 0.9785,  Test_Loss: 0.1116,Test Acc: 0.9877,Test F1: 0.9818,Test auc: 0.9907
2024-05-09 13:25:02.663 | INFO     | __main__:<module>:95 - Epoch: 57, Loss: 0.2166, Train Acc: 0.9301,  Test_Loss: 0.1108,Test Acc: 0.9877,Test F1: 0.9818,Test auc: 0.9907
2024-05-09 13:25:02.697 | INFO     | __main__:<module>:95 - Epoch: 58, Loss: 0.2072, Train Acc: 0.9247,  Test_Loss: 0.1085,Test Acc: 0.9877,Test F1: 0.9818,Test auc: 0.9907
2024-05-09 13:25:02.723 | INFO     | __main__:<module>:95 - Epoch: 59, Loss: 0.2189, Train Acc: 0.9301,  Test_Loss: 0.1072,Test Acc: 0.9877,Test F1: 0.9818,Test auc: 0.9907
2024-05-09 13:25:02.747 | INFO     | __main__:<module>:95 - Epoch: 60, Loss: 0.1472, Train Acc: 0.9516,  Test_Loss: 0.1055,Test Acc: 0.9877,Test F1: 0.9818,Test auc: 0.9907
2024-05-09 13:25:02.781 | INFO     | __main__:<module>:95 - Epoch: 61, Loss: 0.1973, Train Acc: 0.9409,  Test_Loss: 0.1042,Test Acc: 0.9877,Test F1: 0.9818,Test auc: 0.9907
2024-05-09 13:25:02.822 | INFO     | __main__:<module>:95 - Epoch: 62, Loss: 0.1071, Train Acc: 0.9839,  Test_Loss: 0.1021,Test Acc: 0.9877,Test F1: 0.9818,Test auc: 0.9907
2024-05-09 13:25:02.857 | INFO     | __main__:<module>:95 - Epoch: 63, Loss: 0.1820, Train Acc: 0.9462,  Test_Loss: 0.0995,Test Acc: 0.9877,Test F1: 0.9818,Test auc: 0.9907
2024-05-09 13:25:02.892 | INFO     | __main__:<module>:95 - Epoch: 64, Loss: 0.2206, Train Acc: 0.9355,  Test_Loss: 0.0987,Test Acc: 0.9877,Test F1: 0.9818,Test auc: 0.9907
2024-05-09 13:25:02.920 | INFO     | __main__:<module>:95 - Epoch: 65, Loss: 0.1914, Train Acc: 0.9462,  Test_Loss: 0.0968,Test Acc: 0.9877,Test F1: 0.9818,Test auc: 0.9907
2024-05-09 13:25:02.949 | INFO     | __main__:<module>:95 - Epoch: 66, Loss: 0.1869, Train Acc: 0.9409,  Test_Loss: 0.0960,Test Acc: 0.9877,Test F1: 0.9818,Test auc: 0.9907
2024-05-09 13:25:02.981 | INFO     | __main__:<module>:95 - Epoch: 67, Loss: 0.1557, Train Acc: 0.9409,  Test_Loss: 0.0960,Test Acc: 0.9877,Test F1: 0.9818,Test auc: 0.9907
2024-05-09 13:25:03.028 | INFO     | __main__:<module>:95 - Epoch: 68, Loss: 0.2152, Train Acc: 0.9194,  Test_Loss: 0.0950,Test Acc: 0.9877,Test F1: 0.9818,Test auc: 0.9907
2024-05-09 13:25:03.072 | INFO     | __main__:<module>:95 - Epoch: 69, Loss: 0.1607, Train Acc: 0.9462,  Test_Loss: 0.0920,Test Acc: 0.9877,Test F1: 0.9818,Test auc: 0.9907
2024-05-09 13:25:03.115 | INFO     | __main__:<module>:95 - Epoch: 70, Loss: 0.1823, Train Acc: 0.9462,  Test_Loss: 0.0909,Test Acc: 0.9877,Test F1: 0.9818,Test auc: 0.9907
2024-05-09 13:25:03.149 | INFO     | __main__:<module>:95 - Epoch: 71, Loss: 0.2108, Train Acc: 0.9140,  Test_Loss: 0.0895,Test Acc: 0.9877,Test F1: 0.9818,Test auc: 0.9907
2024-05-09 13:25:03.179 | INFO     | __main__:<module>:95 - Epoch: 72, Loss: 0.1939, Train Acc: 0.9355,  Test_Loss: 0.0889,Test Acc: 0.9877,Test F1: 0.9818,Test auc: 0.9907
2024-05-09 13:25:03.207 | INFO     | __main__:<module>:95 - Epoch: 73, Loss: 0.1496, Train Acc: 0.9462,  Test_Loss: 0.0909,Test Acc: 0.9877,Test F1: 0.9818,Test auc: 0.9907
2024-05-09 13:25:03.235 | INFO     | __main__:<module>:95 - Epoch: 74, Loss: 0.1479, Train Acc: 0.9570,  Test_Loss: 0.0938,Test Acc: 0.9877,Test F1: 0.9818,Test auc: 0.9907
2024-05-09 13:25:03.264 | INFO     | __main__:<module>:95 - Epoch: 75, Loss: 0.1607, Train Acc: 0.9570,  Test_Loss: 0.0947,Test Acc: 0.9877,Test F1: 0.9818,Test auc: 0.9907
2024-05-09 13:25:03.294 | INFO     | __main__:<module>:95 - Epoch: 76, Loss: 0.2009, Train Acc: 0.9409,  Test_Loss: 0.0966,Test Acc: 0.9877,Test F1: 0.9818,Test auc: 0.9907
2024-05-09 13:25:03.311 | INFO     | __main__:<module>:95 - Epoch: 77, Loss: 0.1444, Train Acc: 0.9409,  Test_Loss: 0.0973,Test Acc: 0.9877,Test F1: 0.9818,Test auc: 0.9907
2024-05-09 13:25:03.336 | INFO     | __main__:<module>:95 - Epoch: 78, Loss: 0.1917, Train Acc: 0.9355,  Test_Loss: 0.0945,Test Acc: 0.9877,Test F1: 0.9818,Test auc: 0.9907
2024-05-09 13:25:03.358 | INFO     | __main__:<module>:95 - Epoch: 79, Loss: 0.1893, Train Acc: 0.9247,  Test_Loss: 0.0947,Test Acc: 0.9877,Test F1: 0.9818,Test auc: 0.9907
2024-05-09 13:25:03.375 | INFO     | __main__:<module>:95 - Epoch: 80, Loss: 0.1753, Train Acc: 0.9355,  Test_Loss: 0.0978,Test Acc: 0.9877,Test F1: 0.9818,Test auc: 0.9907
2024-05-09 13:25:03.396 | INFO     | __main__:<module>:95 - Epoch: 81, Loss: 0.1651, Train Acc: 0.9462,  Test_Loss: 0.0969,Test Acc: 0.9877,Test F1: 0.9818,Test auc: 0.9907
2024-05-09 13:25:03.420 | INFO     | __main__:<module>:95 - Epoch: 82, Loss: 0.1443, Train Acc: 0.9624,  Test_Loss: 0.0936,Test Acc: 0.9877,Test F1: 0.9818,Test auc: 0.9907
2024-05-09 13:25:03.448 | INFO     | __main__:<module>:95 - Epoch: 83, Loss: 0.1733, Train Acc: 0.9516,  Test_Loss: 0.0921,Test Acc: 0.9877,Test F1: 0.9818,Test auc: 0.9907
2024-05-09 13:25:03.477 | INFO     | __main__:<module>:95 - Epoch: 84, Loss: 0.1526, Train Acc: 0.9624,  Test_Loss: 0.0952,Test Acc: 0.9877,Test F1: 0.9818,Test auc: 0.9907
2024-05-09 13:25:03.500 | INFO     | __main__:<module>:95 - Epoch: 85, Loss: 0.1835, Train Acc: 0.9355,  Test_Loss: 0.0938,Test Acc: 0.9877,Test F1: 0.9818,Test auc: 0.9907
2024-05-09 13:25:03.528 | INFO     | __main__:<module>:95 - Epoch: 86, Loss: 0.2119, Train Acc: 0.9247,  Test_Loss: 0.0955,Test Acc: 0.9877,Test F1: 0.9818,Test auc: 0.9907
2024-05-09 13:25:03.551 | INFO     | __main__:<module>:95 - Epoch: 87, Loss: 0.1451, Train Acc: 0.9516,  Test_Loss: 0.0956,Test Acc: 0.9877,Test F1: 0.9818,Test auc: 0.9907
2024-05-09 13:25:03.575 | INFO     | __main__:<module>:95 - Epoch: 88, Loss: 0.2034, Train Acc: 0.9355,  Test_Loss: 0.0949,Test Acc: 0.9877,Test F1: 0.9818,Test auc: 0.9907
2024-05-09 13:25:03.594 | INFO     | __main__:<module>:95 - Epoch: 89, Loss: 0.1932, Train Acc: 0.9355,  Test_Loss: 0.0962,Test Acc: 0.9877,Test F1: 0.9818,Test auc: 0.9907
2024-05-09 13:25:03.619 | INFO     | __main__:<module>:95 - Epoch: 90, Loss: 0.1890, Train Acc: 0.9301,  Test_Loss: 0.0956,Test Acc: 0.9877,Test F1: 0.9818,Test auc: 0.9907
2024-05-09 13:25:03.642 | INFO     | __main__:<module>:95 - Epoch: 91, Loss: 0.1544, Train Acc: 0.9731,  Test_Loss: 0.0967,Test Acc: 0.9877,Test F1: 0.9818,Test auc: 0.9907
2024-05-09 13:25:03.677 | INFO     | __main__:<module>:95 - Epoch: 92, Loss: 0.1830, Train Acc: 0.9355,  Test_Loss: 0.1002,Test Acc: 0.9877,Test F1: 0.9818,Test auc: 0.9907
2024-05-09 13:25:03.707 | INFO     | __main__:<module>:95 - Epoch: 93, Loss: 0.1366, Train Acc: 0.9516,  Test_Loss: 0.1032,Test Acc: 0.9877,Test F1: 0.9818,Test auc: 0.9907
2024-05-09 13:25:03.732 | INFO     | __main__:<module>:95 - Epoch: 94, Loss: 0.1787, Train Acc: 0.9247,  Test_Loss: 0.1039,Test Acc: 0.9877,Test F1: 0.9818,Test auc: 0.9907
2024-05-09 13:25:03.753 | INFO     | __main__:<module>:95 - Epoch: 95, Loss: 0.1967, Train Acc: 0.9409,  Test_Loss: 0.1009,Test Acc: 0.9877,Test F1: 0.9818,Test auc: 0.9907
2024-05-09 13:25:03.773 | INFO     | __main__:<module>:95 - Epoch: 96, Loss: 0.1843, Train Acc: 0.9355,  Test_Loss: 0.1052,Test Acc: 0.9877,Test F1: 0.9818,Test auc: 0.9907
2024-05-09 13:25:03.792 | INFO     | __main__:<module>:95 - Epoch: 97, Loss: 0.1807, Train Acc: 0.9301,  Test_Loss: 0.1080,Test Acc: 0.9753,Test F1: 0.9643,Test auc: 0.9815
2024-05-09 13:25:03.815 | INFO     | __main__:<module>:95 - Epoch: 98, Loss: 0.1834, Train Acc: 0.9409,  Test_Loss: 0.1066,Test Acc: 0.9877,Test F1: 0.9818,Test auc: 0.9907
2024-05-09 13:25:03.841 | INFO     | __main__:<module>:95 - Epoch: 99, Loss: 0.1762, Train Acc: 0.9355,  Test_Loss: 0.1041,Test Acc: 0.9877,Test F1: 0.9818,Test auc: 0.9907
2024-05-09 13:25:03.873 | INFO     | __main__:<module>:95 - Epoch: 100, Loss: 0.1470, Train Acc: 0.9355,  Test_Loss: 0.1019,Test Acc: 0.9877,Test F1: 0.9818,Test auc: 0.9907
2024-05-09 13:25:03.898 | INFO     | __main__:<module>:95 - Epoch: 101, Loss: 0.1591, Train Acc: 0.9409,  Test_Loss: 0.1002,Test Acc: 0.9877,Test F1: 0.9818,Test auc: 0.9907
2024-05-09 13:25:03.920 | INFO     | __main__:<module>:95 - Epoch: 102, Loss: 0.1555, Train Acc: 0.9516,  Test_Loss: 0.0980,Test Acc: 0.9877,Test F1: 0.9818,Test auc: 0.9907
2024-05-09 13:25:03.921 | INFO     | __main__:<module>:113 - 2.072937250137329
