2024-05-09 13:25:42.741 | INFO     | __main__:<module>:74 - Namespace(dataset='lastfm_asia', model='GCN', learning_rate=0.01, epochs=9999, hidden_units=16, dropout=0.4, weight_decay=0.01, weight_decay1=0.01, weight_decay2=0.0005, early_stopping=30, residual=True, seed=824, type='Binary', DEVICE='cuda', theta=0.5, layers=64, alpha=0.1, feature_type='x_65', CGCN=0)
2024-05-09 13:25:42.742 | INFO     | __main__:<module>:75 - Data(edge_index=[2, 55612], num_nodes=7624, x=[7624, 8], train_mask=[7624], test_mask=[7624], label=[7624])
2024-05-09 13:25:42.766 | INFO     | __main__:<module>:95 - Epoch: 00, Loss: 0.7046, Train Acc: 0.8380,  Test_Loss: 0.5525,Test Acc: 0.9412,Test F1: 0.3529,Test auc: 0.6611
2024-05-09 13:25:42.793 | INFO     | __main__:<module>:95 - Epoch: 01, Loss: 0.6372, Train Acc: 0.8795,  Test_Loss: 0.4986,Test Acc: 0.9064,Test F1: 0.2222,Test auc: 0.6148
2024-05-09 13:25:42.818 | INFO     | __main__:<module>:95 - Epoch: 02, Loss: 0.5659, Train Acc: 0.8849,  Test_Loss: 0.4580,Test Acc: 0.9385,Test F1: 0.4651,Test auc: 0.7717
2024-05-09 13:25:42.840 | INFO     | __main__:<module>:95 - Epoch: 03, Loss: 0.5543, Train Acc: 0.9076,  Test_Loss: 0.4228,Test Acc: 0.9492,Test F1: 0.5128,Test auc: 0.7773
2024-05-09 13:25:42.866 | INFO     | __main__:<module>:95 - Epoch: 04, Loss: 0.4627, Train Acc: 0.9357,  Test_Loss: 0.3913,Test Acc: 0.9813,Test F1: 0.7879,Test auc: 0.8782
2024-05-09 13:25:42.892 | INFO     | __main__:<module>:95 - Epoch: 05, Loss: 0.4321, Train Acc: 0.9518,  Test_Loss: 0.3706,Test Acc: 0.9786,Test F1: 0.6923,Test auc: 0.7647
2024-05-09 13:25:42.915 | INFO     | __main__:<module>:95 - Epoch: 06, Loss: 0.4113, Train Acc: 0.9545,  Test_Loss: 0.3527,Test Acc: 0.9679,Test F1: 0.4545,Test auc: 0.6471
2024-05-09 13:25:42.940 | INFO     | __main__:<module>:95 - Epoch: 07, Loss: 0.3883, Train Acc: 0.9625,  Test_Loss: 0.3329,Test Acc: 0.9706,Test F1: 0.5217,Test auc: 0.6765
2024-05-09 13:25:42.973 | INFO     | __main__:<module>:95 - Epoch: 08, Loss: 0.3691, Train Acc: 0.9531,  Test_Loss: 0.3144,Test Acc: 0.9652,Test F1: 0.3810,Test auc: 0.6176
2024-05-09 13:25:43.017 | INFO     | __main__:<module>:95 - Epoch: 09, Loss: 0.3469, Train Acc: 0.9598,  Test_Loss: 0.2982,Test Acc: 0.9652,Test F1: 0.3810,Test auc: 0.6176
2024-05-09 13:25:43.054 | INFO     | __main__:<module>:95 - Epoch: 10, Loss: 0.3305, Train Acc: 0.9652,  Test_Loss: 0.2815,Test Acc: 0.9652,Test F1: 0.3810,Test auc: 0.6176
2024-05-09 13:25:43.093 | INFO     | __main__:<module>:95 - Epoch: 11, Loss: 0.3204, Train Acc: 0.9625,  Test_Loss: 0.2633,Test Acc: 0.9652,Test F1: 0.3810,Test auc: 0.6176
2024-05-09 13:25:43.121 | INFO     | __main__:<module>:95 - Epoch: 12, Loss: 0.2975, Train Acc: 0.9612,  Test_Loss: 0.2449,Test Acc: 0.9679,Test F1: 0.4545,Test auc: 0.6471
2024-05-09 13:25:43.147 | INFO     | __main__:<module>:95 - Epoch: 13, Loss: 0.2772, Train Acc: 0.9719,  Test_Loss: 0.2271,Test Acc: 0.9706,Test F1: 0.5217,Test auc: 0.6765
2024-05-09 13:25:43.171 | INFO     | __main__:<module>:95 - Epoch: 14, Loss: 0.2634, Train Acc: 0.9692,  Test_Loss: 0.2101,Test Acc: 0.9786,Test F1: 0.6923,Test auc: 0.7647
2024-05-09 13:25:43.214 | INFO     | __main__:<module>:95 - Epoch: 15, Loss: 0.2520, Train Acc: 0.9665,  Test_Loss: 0.1933,Test Acc: 0.9813,Test F1: 0.7407,Test auc: 0.7941
2024-05-09 13:25:43.251 | INFO     | __main__:<module>:95 - Epoch: 16, Loss: 0.2107, Train Acc: 0.9772,  Test_Loss: 0.1775,Test Acc: 0.9840,Test F1: 0.7857,Test auc: 0.8235
2024-05-09 13:25:43.304 | INFO     | __main__:<module>:95 - Epoch: 17, Loss: 0.2165, Train Acc: 0.9598,  Test_Loss: 0.1621,Test Acc: 0.9866,Test F1: 0.8276,Test auc: 0.8529
2024-05-09 13:25:43.343 | INFO     | __main__:<module>:95 - Epoch: 18, Loss: 0.1989, Train Acc: 0.9679,  Test_Loss: 0.1477,Test Acc: 0.9893,Test F1: 0.8667,Test auc: 0.8824
2024-05-09 13:25:43.381 | INFO     | __main__:<module>:95 - Epoch: 19, Loss: 0.1896, Train Acc: 0.9732,  Test_Loss: 0.1360,Test Acc: 0.9840,Test F1: 0.7857,Test auc: 0.8235
2024-05-09 13:25:43.432 | INFO     | __main__:<module>:95 - Epoch: 20, Loss: 0.1645, Train Acc: 0.9719,  Test_Loss: 0.1265,Test Acc: 0.9840,Test F1: 0.7857,Test auc: 0.8235
2024-05-09 13:25:43.476 | INFO     | __main__:<module>:95 - Epoch: 21, Loss: 0.1616, Train Acc: 0.9652,  Test_Loss: 0.1175,Test Acc: 0.9813,Test F1: 0.7407,Test auc: 0.7941
2024-05-09 13:25:43.515 | INFO     | __main__:<module>:95 - Epoch: 22, Loss: 0.1564, Train Acc: 0.9705,  Test_Loss: 0.1074,Test Acc: 0.9840,Test F1: 0.7857,Test auc: 0.8235
2024-05-09 13:25:43.546 | INFO     | __main__:<module>:95 - Epoch: 23, Loss: 0.1655, Train Acc: 0.9665,  Test_Loss: 0.0978,Test Acc: 0.9866,Test F1: 0.8276,Test auc: 0.8529
2024-05-09 13:25:43.565 | INFO     | __main__:<module>:95 - Epoch: 24, Loss: 0.1431, Train Acc: 0.9652,  Test_Loss: 0.0898,Test Acc: 0.9866,Test F1: 0.8276,Test auc: 0.8529
2024-05-09 13:25:43.590 | INFO     | __main__:<module>:95 - Epoch: 25, Loss: 0.1457, Train Acc: 0.9705,  Test_Loss: 0.0837,Test Acc: 0.9840,Test F1: 0.7857,Test auc: 0.8235
2024-05-09 13:25:43.622 | INFO     | __main__:<module>:95 - Epoch: 26, Loss: 0.1262, Train Acc: 0.9705,  Test_Loss: 0.0786,Test Acc: 0.9840,Test F1: 0.7857,Test auc: 0.8235
2024-05-09 13:25:43.655 | INFO     | __main__:<module>:95 - Epoch: 27, Loss: 0.1140, Train Acc: 0.9732,  Test_Loss: 0.0747,Test Acc: 0.9840,Test F1: 0.7857,Test auc: 0.8235
2024-05-09 13:25:43.691 | INFO     | __main__:<module>:95 - Epoch: 28, Loss: 0.1102, Train Acc: 0.9839,  Test_Loss: 0.0712,Test Acc: 0.9840,Test F1: 0.7857,Test auc: 0.8235
2024-05-09 13:25:43.723 | INFO     | __main__:<module>:95 - Epoch: 29, Loss: 0.1054, Train Acc: 0.9799,  Test_Loss: 0.0678,Test Acc: 0.9840,Test F1: 0.7857,Test auc: 0.8235
2024-05-09 13:25:43.750 | INFO     | __main__:<module>:95 - Epoch: 30, Loss: 0.0932, Train Acc: 0.9759,  Test_Loss: 0.0651,Test Acc: 0.9840,Test F1: 0.7857,Test auc: 0.8235
2024-05-09 13:25:43.780 | INFO     | __main__:<module>:95 - Epoch: 31, Loss: 0.1149, Train Acc: 0.9679,  Test_Loss: 0.0624,Test Acc: 0.9840,Test F1: 0.7857,Test auc: 0.8235
2024-05-09 13:25:43.814 | INFO     | __main__:<module>:95 - Epoch: 32, Loss: 0.1015, Train Acc: 0.9786,  Test_Loss: 0.0592,Test Acc: 0.9866,Test F1: 0.8276,Test auc: 0.8529
2024-05-09 13:25:43.854 | INFO     | __main__:<module>:95 - Epoch: 33, Loss: 0.1018, Train Acc: 0.9759,  Test_Loss: 0.0527,Test Acc: 0.9893,Test F1: 0.8667,Test auc: 0.8824
2024-05-09 13:25:43.889 | INFO     | __main__:<module>:95 - Epoch: 34, Loss: 0.1025, Train Acc: 0.9772,  Test_Loss: 0.0472,Test Acc: 0.9920,Test F1: 0.9032,Test auc: 0.9118
2024-05-09 13:25:43.931 | INFO     | __main__:<module>:95 - Epoch: 35, Loss: 0.1162, Train Acc: 0.9732,  Test_Loss: 0.0442,Test Acc: 0.9947,Test F1: 0.9375,Test auc: 0.9412
2024-05-09 13:25:43.961 | INFO     | __main__:<module>:95 - Epoch: 36, Loss: 0.1378, Train Acc: 0.9598,  Test_Loss: 0.0437,Test Acc: 0.9920,Test F1: 0.9032,Test auc: 0.9118
2024-05-09 13:25:43.985 | INFO     | __main__:<module>:95 - Epoch: 37, Loss: 0.0963, Train Acc: 0.9746,  Test_Loss: 0.0447,Test Acc: 0.9893,Test F1: 0.8667,Test auc: 0.8824
2024-05-09 13:25:44.006 | INFO     | __main__:<module>:95 - Epoch: 38, Loss: 0.0831, Train Acc: 0.9799,  Test_Loss: 0.0459,Test Acc: 0.9893,Test F1: 0.8667,Test auc: 0.8824
2024-05-09 13:25:44.023 | INFO     | __main__:<module>:95 - Epoch: 39, Loss: 0.1024, Train Acc: 0.9786,  Test_Loss: 0.0475,Test Acc: 0.9893,Test F1: 0.8667,Test auc: 0.8824
2024-05-09 13:25:44.042 | INFO     | __main__:<module>:95 - Epoch: 40, Loss: 0.1126, Train Acc: 0.9813,  Test_Loss: 0.0515,Test Acc: 0.9813,Test F1: 0.7407,Test auc: 0.7941
2024-05-09 13:25:44.063 | INFO     | __main__:<module>:95 - Epoch: 41, Loss: 0.1077, Train Acc: 0.9759,  Test_Loss: 0.0505,Test Acc: 0.9840,Test F1: 0.7857,Test auc: 0.8235
2024-05-09 13:25:44.090 | INFO     | __main__:<module>:95 - Epoch: 42, Loss: 0.1001, Train Acc: 0.9759,  Test_Loss: 0.0487,Test Acc: 0.9866,Test F1: 0.8276,Test auc: 0.8529
2024-05-09 13:25:44.118 | INFO     | __main__:<module>:95 - Epoch: 43, Loss: 0.0960, Train Acc: 0.9732,  Test_Loss: 0.0521,Test Acc: 0.9813,Test F1: 0.7407,Test auc: 0.7941
2024-05-09 13:25:44.138 | INFO     | __main__:<module>:95 - Epoch: 44, Loss: 0.1020, Train Acc: 0.9759,  Test_Loss: 0.0548,Test Acc: 0.9813,Test F1: 0.7407,Test auc: 0.7941
2024-05-09 13:25:44.156 | INFO     | __main__:<module>:95 - Epoch: 45, Loss: 0.1258, Train Acc: 0.9692,  Test_Loss: 0.0572,Test Acc: 0.9786,Test F1: 0.6923,Test auc: 0.7647
2024-05-09 13:25:44.172 | INFO     | __main__:<module>:95 - Epoch: 46, Loss: 0.0844, Train Acc: 0.9732,  Test_Loss: 0.0592,Test Acc: 0.9786,Test F1: 0.6923,Test auc: 0.7647
2024-05-09 13:25:44.188 | INFO     | __main__:<module>:95 - Epoch: 47, Loss: 0.1015, Train Acc: 0.9719,  Test_Loss: 0.0611,Test Acc: 0.9786,Test F1: 0.6923,Test auc: 0.7647
2024-05-09 13:25:44.206 | INFO     | __main__:<module>:95 - Epoch: 48, Loss: 0.0969, Train Acc: 0.9719,  Test_Loss: 0.0606,Test Acc: 0.9786,Test F1: 0.6923,Test auc: 0.7647
2024-05-09 13:25:44.223 | INFO     | __main__:<module>:95 - Epoch: 49, Loss: 0.1085, Train Acc: 0.9746,  Test_Loss: 0.0626,Test Acc: 0.9786,Test F1: 0.6923,Test auc: 0.7647
2024-05-09 13:25:44.242 | INFO     | __main__:<module>:95 - Epoch: 50, Loss: 0.1438, Train Acc: 0.9598,  Test_Loss: 0.0633,Test Acc: 0.9786,Test F1: 0.6923,Test auc: 0.7647
2024-05-09 13:25:44.263 | INFO     | __main__:<module>:95 - Epoch: 51, Loss: 0.1151, Train Acc: 0.9719,  Test_Loss: 0.0631,Test Acc: 0.9786,Test F1: 0.6923,Test auc: 0.7647
2024-05-09 13:25:44.291 | INFO     | __main__:<module>:95 - Epoch: 52, Loss: 0.1214, Train Acc: 0.9665,  Test_Loss: 0.0640,Test Acc: 0.9786,Test F1: 0.6923,Test auc: 0.7647
2024-05-09 13:25:44.316 | INFO     | __main__:<module>:95 - Epoch: 53, Loss: 0.1135, Train Acc: 0.9759,  Test_Loss: 0.0627,Test Acc: 0.9786,Test F1: 0.6923,Test auc: 0.7647
2024-05-09 13:25:44.345 | INFO     | __main__:<module>:95 - Epoch: 54, Loss: 0.1191, Train Acc: 0.9719,  Test_Loss: 0.0639,Test Acc: 0.9786,Test F1: 0.6923,Test auc: 0.7647
2024-05-09 13:25:44.371 | INFO     | __main__:<module>:95 - Epoch: 55, Loss: 0.1033, Train Acc: 0.9719,  Test_Loss: 0.0638,Test Acc: 0.9786,Test F1: 0.6923,Test auc: 0.7647
2024-05-09 13:25:44.388 | INFO     | __main__:<module>:95 - Epoch: 56, Loss: 0.0951, Train Acc: 0.9719,  Test_Loss: 0.0624,Test Acc: 0.9786,Test F1: 0.6923,Test auc: 0.7647
2024-05-09 13:25:44.406 | INFO     | __main__:<module>:95 - Epoch: 57, Loss: 0.1063, Train Acc: 0.9692,  Test_Loss: 0.0630,Test Acc: 0.9786,Test F1: 0.6923,Test auc: 0.7647
2024-05-09 13:25:44.422 | INFO     | __main__:<module>:95 - Epoch: 58, Loss: 0.0878, Train Acc: 0.9759,  Test_Loss: 0.0628,Test Acc: 0.9786,Test F1: 0.6923,Test auc: 0.7647
2024-05-09 13:25:44.441 | INFO     | __main__:<module>:95 - Epoch: 59, Loss: 0.0965, Train Acc: 0.9719,  Test_Loss: 0.0661,Test Acc: 0.9759,Test F1: 0.6400,Test auc: 0.7353
2024-05-09 13:25:44.471 | INFO     | __main__:<module>:95 - Epoch: 60, Loss: 0.1258, Train Acc: 0.9705,  Test_Loss: 0.0650,Test Acc: 0.9759,Test F1: 0.6400,Test auc: 0.7353
2024-05-09 13:25:44.513 | INFO     | __main__:<module>:95 - Epoch: 61, Loss: 0.0941, Train Acc: 0.9772,  Test_Loss: 0.0668,Test Acc: 0.9759,Test F1: 0.6400,Test auc: 0.7353
2024-05-09 13:25:44.545 | INFO     | __main__:<module>:95 - Epoch: 62, Loss: 0.1328, Train Acc: 0.9625,  Test_Loss: 0.0682,Test Acc: 0.9759,Test F1: 0.6400,Test auc: 0.7353
2024-05-09 13:25:44.571 | INFO     | __main__:<module>:95 - Epoch: 63, Loss: 0.0957, Train Acc: 0.9772,  Test_Loss: 0.0667,Test Acc: 0.9759,Test F1: 0.6400,Test auc: 0.7353
2024-05-09 13:25:44.590 | INFO     | __main__:<module>:95 - Epoch: 64, Loss: 0.1074, Train Acc: 0.9652,  Test_Loss: 0.0663,Test Acc: 0.9759,Test F1: 0.6400,Test auc: 0.7353
2024-05-09 13:25:44.607 | INFO     | __main__:<module>:95 - Epoch: 65, Loss: 0.1195, Train Acc: 0.9679,  Test_Loss: 0.0648,Test Acc: 0.9759,Test F1: 0.6400,Test auc: 0.7353
2024-05-09 13:25:44.626 | INFO     | __main__:<module>:95 - Epoch: 66, Loss: 0.1046, Train Acc: 0.9746,  Test_Loss: 0.0633,Test Acc: 0.9786,Test F1: 0.6923,Test auc: 0.7647
2024-05-09 13:25:44.626 | INFO     | __main__:<module>:113 - 1.286569356918335
2024-05-09 13:25:45.240 | INFO     | __main__:<module>:74 - Namespace(dataset='lastfm_asia', model='GCN', learning_rate=0.01, epochs=9999, hidden_units=16, dropout=0.4, weight_decay=0.01, weight_decay1=0.01, weight_decay2=0.0005, early_stopping=30, residual=True, seed=824, type='Binary', DEVICE='cuda', theta=0.5, layers=64, alpha=0.1, feature_type='x_65', CGCN=0)
2024-05-09 13:25:45.241 | INFO     | __main__:<module>:75 - Data(edge_index=[2, 55612], num_nodes=7624, x=[7624, 9], train_mask=[7624], test_mask=[7624], label=[7624])
2024-05-09 13:25:45.264 | INFO     | __main__:<module>:95 - Epoch: 00, Loss: 1.3090, Train Acc: 0.0817,  Test_Loss: 0.9430,Test Acc: 0.1150,Test F1: 0.0932,Test auc: 0.5364
2024-05-09 13:25:45.285 | INFO     | __main__:<module>:95 - Epoch: 01, Loss: 1.0020, Train Acc: 0.1901,  Test_Loss: 0.7725,Test Acc: 0.4037,Test F1: 0.1116,Test auc: 0.6036
2024-05-09 13:25:45.310 | INFO     | __main__:<module>:95 - Epoch: 02, Loss: 0.8225, Train Acc: 0.3360,  Test_Loss: 0.7420,Test Acc: 0.5187,Test F1: 0.0323,Test auc: 0.3557
2024-05-09 13:25:45.336 | INFO     | __main__:<module>:95 - Epoch: 03, Loss: 0.7339, Train Acc: 0.4766,  Test_Loss: 0.7580,Test Acc: 0.6979,Test F1: 0.0000,Test auc: 0.3655
2024-05-09 13:25:45.361 | INFO     | __main__:<module>:95 - Epoch: 04, Loss: 0.7964, Train Acc: 0.4913,  Test_Loss: 0.7172,Test Acc: 0.6872,Test F1: 0.0000,Test auc: 0.3599
2024-05-09 13:25:45.384 | INFO     | __main__:<module>:95 - Epoch: 05, Loss: 0.7190, Train Acc: 0.6493,  Test_Loss: 0.6933,Test Acc: 0.8075,Test F1: 0.0000,Test auc: 0.4230
2024-05-09 13:25:45.409 | INFO     | __main__:<module>:95 - Epoch: 06, Loss: 0.7017, Train Acc: 0.7590,  Test_Loss: 0.6542,Test Acc: 0.9198,Test F1: 0.0000,Test auc: 0.4818
2024-05-09 13:25:45.440 | INFO     | __main__:<module>:95 - Epoch: 07, Loss: 0.6194, Train Acc: 0.8313,  Test_Loss: 0.6113,Test Acc: 0.9492,Test F1: 0.2400,Test auc: 0.5812
2024-05-09 13:25:45.469 | INFO     | __main__:<module>:95 - Epoch: 08, Loss: 0.5778, Train Acc: 0.8568,  Test_Loss: 0.5803,Test Acc: 0.9545,Test F1: 0.4138,Test auc: 0.6681
2024-05-09 13:25:45.508 | INFO     | __main__:<module>:95 - Epoch: 09, Loss: 0.5490, Train Acc: 0.8809,  Test_Loss: 0.5571,Test Acc: 0.9599,Test F1: 0.5161,Test auc: 0.7269
2024-05-09 13:25:45.554 | INFO     | __main__:<module>:95 - Epoch: 10, Loss: 0.5281, Train Acc: 0.9076,  Test_Loss: 0.5351,Test Acc: 0.9679,Test F1: 0.6250,Test auc: 0.7871
2024-05-09 13:25:45.582 | INFO     | __main__:<module>:95 - Epoch: 11, Loss: 0.4844, Train Acc: 0.9277,  Test_Loss: 0.5121,Test Acc: 0.9679,Test F1: 0.6250,Test auc: 0.7871
2024-05-09 13:25:45.611 | INFO     | __main__:<module>:95 - Epoch: 12, Loss: 0.4789, Train Acc: 0.9438,  Test_Loss: 0.4873,Test Acc: 0.9679,Test F1: 0.6250,Test auc: 0.7871
2024-05-09 13:25:45.631 | INFO     | __main__:<module>:95 - Epoch: 13, Loss: 0.4637, Train Acc: 0.9237,  Test_Loss: 0.4619,Test Acc: 0.9706,Test F1: 0.6667,Test auc: 0.8165
2024-05-09 13:25:45.657 | INFO     | __main__:<module>:95 - Epoch: 14, Loss: 0.3937, Train Acc: 0.9585,  Test_Loss: 0.4360,Test Acc: 0.9759,Test F1: 0.7097,Test auc: 0.8193
2024-05-09 13:25:45.690 | INFO     | __main__:<module>:95 - Epoch: 15, Loss: 0.4001, Train Acc: 0.9451,  Test_Loss: 0.4110,Test Acc: 0.9733,Test F1: 0.6667,Test auc: 0.7899
2024-05-09 13:25:45.734 | INFO     | __main__:<module>:95 - Epoch: 16, Loss: 0.3537, Train Acc: 0.9612,  Test_Loss: 0.3878,Test Acc: 0.9786,Test F1: 0.7143,Test auc: 0.7927
2024-05-09 13:25:45.775 | INFO     | __main__:<module>:95 - Epoch: 17, Loss: 0.3760, Train Acc: 0.9598,  Test_Loss: 0.3645,Test Acc: 0.9813,Test F1: 0.7407,Test auc: 0.7941
2024-05-09 13:25:45.808 | INFO     | __main__:<module>:95 - Epoch: 18, Loss: 0.3495, Train Acc: 0.9572,  Test_Loss: 0.3411,Test Acc: 0.9813,Test F1: 0.7407,Test auc: 0.7941
2024-05-09 13:25:45.833 | INFO     | __main__:<module>:95 - Epoch: 19, Loss: 0.3260, Train Acc: 0.9585,  Test_Loss: 0.3196,Test Acc: 0.9840,Test F1: 0.7857,Test auc: 0.8235
2024-05-09 13:25:45.864 | INFO     | __main__:<module>:95 - Epoch: 20, Loss: 0.2907, Train Acc: 0.9679,  Test_Loss: 0.3005,Test Acc: 0.9813,Test F1: 0.7407,Test auc: 0.7941
2024-05-09 13:25:45.898 | INFO     | __main__:<module>:95 - Epoch: 21, Loss: 0.2650, Train Acc: 0.9652,  Test_Loss: 0.2841,Test Acc: 0.9786,Test F1: 0.6923,Test auc: 0.7647
2024-05-09 13:25:45.936 | INFO     | __main__:<module>:95 - Epoch: 22, Loss: 0.2728, Train Acc: 0.9572,  Test_Loss: 0.2707,Test Acc: 0.9786,Test F1: 0.6923,Test auc: 0.7647
2024-05-09 13:25:45.972 | INFO     | __main__:<module>:95 - Epoch: 23, Loss: 0.2508, Train Acc: 0.9585,  Test_Loss: 0.2582,Test Acc: 0.9733,Test F1: 0.5833,Test auc: 0.7059
2024-05-09 13:25:46.002 | INFO     | __main__:<module>:95 - Epoch: 24, Loss: 0.2201, Train Acc: 0.9652,  Test_Loss: 0.2465,Test Acc: 0.9733,Test F1: 0.5833,Test auc: 0.7059
2024-05-09 13:25:46.029 | INFO     | __main__:<module>:95 - Epoch: 25, Loss: 0.2183, Train Acc: 0.9665,  Test_Loss: 0.2356,Test Acc: 0.9733,Test F1: 0.5833,Test auc: 0.7059
2024-05-09 13:25:46.051 | INFO     | __main__:<module>:95 - Epoch: 26, Loss: 0.2029, Train Acc: 0.9639,  Test_Loss: 0.2269,Test Acc: 0.9733,Test F1: 0.5833,Test auc: 0.7059
2024-05-09 13:25:46.075 | INFO     | __main__:<module>:95 - Epoch: 27, Loss: 0.1946, Train Acc: 0.9652,  Test_Loss: 0.2180,Test Acc: 0.9733,Test F1: 0.5833,Test auc: 0.7059
2024-05-09 13:25:46.110 | INFO     | __main__:<module>:95 - Epoch: 28, Loss: 0.1949, Train Acc: 0.9665,  Test_Loss: 0.2094,Test Acc: 0.9733,Test F1: 0.5833,Test auc: 0.7059
2024-05-09 13:25:46.153 | INFO     | __main__:<module>:95 - Epoch: 29, Loss: 0.1779, Train Acc: 0.9679,  Test_Loss: 0.2010,Test Acc: 0.9786,Test F1: 0.6923,Test auc: 0.7647
2024-05-09 13:25:46.190 | INFO     | __main__:<module>:95 - Epoch: 30, Loss: 0.1717, Train Acc: 0.9665,  Test_Loss: 0.1932,Test Acc: 0.9866,Test F1: 0.8276,Test auc: 0.8529
2024-05-09 13:25:46.214 | INFO     | __main__:<module>:95 - Epoch: 31, Loss: 0.1771, Train Acc: 0.9652,  Test_Loss: 0.1864,Test Acc: 0.9866,Test F1: 0.8276,Test auc: 0.8529
2024-05-09 13:25:46.242 | INFO     | __main__:<module>:95 - Epoch: 32, Loss: 0.1627, Train Acc: 0.9705,  Test_Loss: 0.1803,Test Acc: 0.9893,Test F1: 0.8667,Test auc: 0.8824
2024-05-09 13:25:46.273 | INFO     | __main__:<module>:95 - Epoch: 33, Loss: 0.1619, Train Acc: 0.9652,  Test_Loss: 0.1749,Test Acc: 0.9893,Test F1: 0.8667,Test auc: 0.8824
2024-05-09 13:25:46.320 | INFO     | __main__:<module>:95 - Epoch: 34, Loss: 0.1538, Train Acc: 0.9692,  Test_Loss: 0.1685,Test Acc: 0.9920,Test F1: 0.9032,Test auc: 0.9118
2024-05-09 13:25:46.368 | INFO     | __main__:<module>:95 - Epoch: 35, Loss: 0.1343, Train Acc: 0.9679,  Test_Loss: 0.1631,Test Acc: 0.9920,Test F1: 0.9032,Test auc: 0.9118
2024-05-09 13:25:46.412 | INFO     | __main__:<module>:95 - Epoch: 36, Loss: 0.1311, Train Acc: 0.9679,  Test_Loss: 0.1595,Test Acc: 0.9947,Test F1: 0.9375,Test auc: 0.9412
2024-05-09 13:25:46.437 | INFO     | __main__:<module>:95 - Epoch: 37, Loss: 0.1339, Train Acc: 0.9652,  Test_Loss: 0.1540,Test Acc: 0.9947,Test F1: 0.9375,Test auc: 0.9412
2024-05-09 13:25:46.470 | INFO     | __main__:<module>:95 - Epoch: 38, Loss: 0.1498, Train Acc: 0.9679,  Test_Loss: 0.1487,Test Acc: 0.9920,Test F1: 0.9091,Test auc: 0.9398
2024-05-09 13:25:46.506 | INFO     | __main__:<module>:95 - Epoch: 39, Loss: 0.1455, Train Acc: 0.9679,  Test_Loss: 0.1430,Test Acc: 0.9920,Test F1: 0.9091,Test auc: 0.9398
2024-05-09 13:25:46.548 | INFO     | __main__:<module>:95 - Epoch: 40, Loss: 0.1221, Train Acc: 0.9665,  Test_Loss: 0.1363,Test Acc: 0.9947,Test F1: 0.9375,Test auc: 0.9412
2024-05-09 13:25:46.593 | INFO     | __main__:<module>:95 - Epoch: 41, Loss: 0.1141, Train Acc: 0.9719,  Test_Loss: 0.1303,Test Acc: 0.9947,Test F1: 0.9375,Test auc: 0.9412
2024-05-09 13:25:46.628 | INFO     | __main__:<module>:95 - Epoch: 42, Loss: 0.1271, Train Acc: 0.9719,  Test_Loss: 0.1239,Test Acc: 0.9947,Test F1: 0.9375,Test auc: 0.9412
2024-05-09 13:25:46.663 | INFO     | __main__:<module>:95 - Epoch: 43, Loss: 0.1261, Train Acc: 0.9679,  Test_Loss: 0.1174,Test Acc: 0.9947,Test F1: 0.9375,Test auc: 0.9412
2024-05-09 13:25:46.691 | INFO     | __main__:<module>:95 - Epoch: 44, Loss: 0.1173, Train Acc: 0.9759,  Test_Loss: 0.1122,Test Acc: 0.9947,Test F1: 0.9375,Test auc: 0.9412
2024-05-09 13:25:46.726 | INFO     | __main__:<module>:95 - Epoch: 45, Loss: 0.1089, Train Acc: 0.9705,  Test_Loss: 0.1080,Test Acc: 0.9920,Test F1: 0.9032,Test auc: 0.9118
2024-05-09 13:25:46.766 | INFO     | __main__:<module>:95 - Epoch: 46, Loss: 0.1112, Train Acc: 0.9719,  Test_Loss: 0.1040,Test Acc: 0.9866,Test F1: 0.8276,Test auc: 0.8529
2024-05-09 13:25:46.808 | INFO     | __main__:<module>:95 - Epoch: 47, Loss: 0.1403, Train Acc: 0.9572,  Test_Loss: 0.1018,Test Acc: 0.9866,Test F1: 0.8276,Test auc: 0.8529
2024-05-09 13:25:46.843 | INFO     | __main__:<module>:95 - Epoch: 48, Loss: 0.1058, Train Acc: 0.9679,  Test_Loss: 0.0999,Test Acc: 0.9840,Test F1: 0.7857,Test auc: 0.8235
2024-05-09 13:25:46.869 | INFO     | __main__:<module>:95 - Epoch: 49, Loss: 0.0983, Train Acc: 0.9759,  Test_Loss: 0.0988,Test Acc: 0.9840,Test F1: 0.7857,Test auc: 0.8235
2024-05-09 13:25:46.896 | INFO     | __main__:<module>:95 - Epoch: 50, Loss: 0.0930, Train Acc: 0.9719,  Test_Loss: 0.0957,Test Acc: 0.9866,Test F1: 0.8276,Test auc: 0.8529
2024-05-09 13:25:46.936 | INFO     | __main__:<module>:95 - Epoch: 51, Loss: 0.1027, Train Acc: 0.9732,  Test_Loss: 0.0917,Test Acc: 0.9893,Test F1: 0.8667,Test auc: 0.8824
2024-05-09 13:25:46.986 | INFO     | __main__:<module>:95 - Epoch: 52, Loss: 0.1123, Train Acc: 0.9665,  Test_Loss: 0.0902,Test Acc: 0.9947,Test F1: 0.9375,Test auc: 0.9412
2024-05-09 13:25:47.018 | INFO     | __main__:<module>:95 - Epoch: 53, Loss: 0.0924, Train Acc: 0.9746,  Test_Loss: 0.0891,Test Acc: 0.9947,Test F1: 0.9375,Test auc: 0.9412
2024-05-09 13:25:47.037 | INFO     | __main__:<module>:95 - Epoch: 54, Loss: 0.0903, Train Acc: 0.9759,  Test_Loss: 0.0894,Test Acc: 0.9947,Test F1: 0.9375,Test auc: 0.9412
2024-05-09 13:25:47.063 | INFO     | __main__:<module>:95 - Epoch: 55, Loss: 0.0929, Train Acc: 0.9772,  Test_Loss: 0.0890,Test Acc: 0.9947,Test F1: 0.9375,Test auc: 0.9412
2024-05-09 13:25:47.088 | INFO     | __main__:<module>:95 - Epoch: 56, Loss: 0.0852, Train Acc: 0.9772,  Test_Loss: 0.0875,Test Acc: 0.9947,Test F1: 0.9375,Test auc: 0.9412
2024-05-09 13:25:47.112 | INFO     | __main__:<module>:95 - Epoch: 57, Loss: 0.0774, Train Acc: 0.9772,  Test_Loss: 0.0847,Test Acc: 0.9947,Test F1: 0.9375,Test auc: 0.9412
2024-05-09 13:25:47.161 | INFO     | __main__:<module>:95 - Epoch: 58, Loss: 0.0847, Train Acc: 0.9813,  Test_Loss: 0.0841,Test Acc: 0.9947,Test F1: 0.9375,Test auc: 0.9412
2024-05-09 13:25:47.187 | INFO     | __main__:<module>:95 - Epoch: 59, Loss: 0.0960, Train Acc: 0.9759,  Test_Loss: 0.0858,Test Acc: 0.9947,Test F1: 0.9375,Test auc: 0.9412
2024-05-09 13:25:47.211 | INFO     | __main__:<module>:95 - Epoch: 60, Loss: 0.0884, Train Acc: 0.9732,  Test_Loss: 0.0914,Test Acc: 0.9920,Test F1: 0.9032,Test auc: 0.9118
2024-05-09 13:25:47.237 | INFO     | __main__:<module>:95 - Epoch: 61, Loss: 0.0831, Train Acc: 0.9759,  Test_Loss: 0.0916,Test Acc: 0.9920,Test F1: 0.9032,Test auc: 0.9118
2024-05-09 13:25:47.258 | INFO     | __main__:<module>:95 - Epoch: 62, Loss: 0.1034, Train Acc: 0.9705,  Test_Loss: 0.0938,Test Acc: 0.9893,Test F1: 0.8667,Test auc: 0.8824
2024-05-09 13:25:47.276 | INFO     | __main__:<module>:95 - Epoch: 63, Loss: 0.0971, Train Acc: 0.9746,  Test_Loss: 0.0964,Test Acc: 0.9866,Test F1: 0.8276,Test auc: 0.8529
2024-05-09 13:25:47.294 | INFO     | __main__:<module>:95 - Epoch: 64, Loss: 0.0952, Train Acc: 0.9826,  Test_Loss: 0.0939,Test Acc: 0.9893,Test F1: 0.8667,Test auc: 0.8824
2024-05-09 13:25:47.312 | INFO     | __main__:<module>:95 - Epoch: 65, Loss: 0.0931, Train Acc: 0.9772,  Test_Loss: 0.0927,Test Acc: 0.9893,Test F1: 0.8667,Test auc: 0.8824
2024-05-09 13:25:47.341 | INFO     | __main__:<module>:95 - Epoch: 66, Loss: 0.0923, Train Acc: 0.9799,  Test_Loss: 0.0943,Test Acc: 0.9866,Test F1: 0.8276,Test auc: 0.8529
2024-05-09 13:25:47.375 | INFO     | __main__:<module>:95 - Epoch: 67, Loss: 0.0884, Train Acc: 0.9746,  Test_Loss: 0.0924,Test Acc: 0.9893,Test F1: 0.8667,Test auc: 0.8824
2024-05-09 13:25:47.404 | INFO     | __main__:<module>:95 - Epoch: 68, Loss: 0.0893, Train Acc: 0.9719,  Test_Loss: 0.0931,Test Acc: 0.9866,Test F1: 0.8276,Test auc: 0.8529
2024-05-09 13:25:47.425 | INFO     | __main__:<module>:95 - Epoch: 69, Loss: 0.1075, Train Acc: 0.9652,  Test_Loss: 0.0923,Test Acc: 0.9893,Test F1: 0.8667,Test auc: 0.8824
2024-05-09 13:25:47.450 | INFO     | __main__:<module>:95 - Epoch: 70, Loss: 0.0942, Train Acc: 0.9772,  Test_Loss: 0.0918,Test Acc: 0.9893,Test F1: 0.8667,Test auc: 0.8824
2024-05-09 13:25:47.471 | INFO     | __main__:<module>:95 - Epoch: 71, Loss: 0.1105, Train Acc: 0.9692,  Test_Loss: 0.0910,Test Acc: 0.9920,Test F1: 0.9032,Test auc: 0.9118
2024-05-09 13:25:47.489 | INFO     | __main__:<module>:95 - Epoch: 72, Loss: 0.0822, Train Acc: 0.9772,  Test_Loss: 0.0896,Test Acc: 0.9920,Test F1: 0.9032,Test auc: 0.9118
2024-05-09 13:25:47.507 | INFO     | __main__:<module>:95 - Epoch: 73, Loss: 0.0934, Train Acc: 0.9772,  Test_Loss: 0.0912,Test Acc: 0.9920,Test F1: 0.9032,Test auc: 0.9118
2024-05-09 13:25:47.539 | INFO     | __main__:<module>:95 - Epoch: 74, Loss: 0.0916, Train Acc: 0.9772,  Test_Loss: 0.0890,Test Acc: 0.9920,Test F1: 0.9032,Test auc: 0.9118
2024-05-09 13:25:47.574 | INFO     | __main__:<module>:95 - Epoch: 75, Loss: 0.1221, Train Acc: 0.9652,  Test_Loss: 0.0856,Test Acc: 0.9920,Test F1: 0.9032,Test auc: 0.9118
2024-05-09 13:25:47.607 | INFO     | __main__:<module>:95 - Epoch: 76, Loss: 0.1029, Train Acc: 0.9732,  Test_Loss: 0.0877,Test Acc: 0.9920,Test F1: 0.9032,Test auc: 0.9118
2024-05-09 13:25:47.637 | INFO     | __main__:<module>:95 - Epoch: 77, Loss: 0.0785, Train Acc: 0.9826,  Test_Loss: 0.0894,Test Acc: 0.9920,Test F1: 0.9032,Test auc: 0.9118
2024-05-09 13:25:47.657 | INFO     | __main__:<module>:95 - Epoch: 78, Loss: 0.0742, Train Acc: 0.9813,  Test_Loss: 0.0873,Test Acc: 0.9920,Test F1: 0.9032,Test auc: 0.9118
2024-05-09 13:25:47.674 | INFO     | __main__:<module>:95 - Epoch: 79, Loss: 0.0962, Train Acc: 0.9732,  Test_Loss: 0.0871,Test Acc: 0.9920,Test F1: 0.9032,Test auc: 0.9118
2024-05-09 13:25:47.698 | INFO     | __main__:<module>:95 - Epoch: 80, Loss: 0.0871, Train Acc: 0.9772,  Test_Loss: 0.0869,Test Acc: 0.9920,Test F1: 0.9032,Test auc: 0.9118
2024-05-09 13:25:47.721 | INFO     | __main__:<module>:95 - Epoch: 81, Loss: 0.0775, Train Acc: 0.9786,  Test_Loss: 0.0880,Test Acc: 0.9920,Test F1: 0.9032,Test auc: 0.9118
2024-05-09 13:25:47.754 | INFO     | __main__:<module>:95 - Epoch: 82, Loss: 0.1017, Train Acc: 0.9679,  Test_Loss: 0.0886,Test Acc: 0.9920,Test F1: 0.9032,Test auc: 0.9118
2024-05-09 13:25:47.779 | INFO     | __main__:<module>:95 - Epoch: 83, Loss: 0.0988, Train Acc: 0.9665,  Test_Loss: 0.0907,Test Acc: 0.9920,Test F1: 0.9032,Test auc: 0.9118
2024-05-09 13:25:47.817 | INFO     | __main__:<module>:95 - Epoch: 84, Loss: 0.1004, Train Acc: 0.9705,  Test_Loss: 0.0900,Test Acc: 0.9920,Test F1: 0.9032,Test auc: 0.9118
2024-05-09 13:25:47.843 | INFO     | __main__:<module>:95 - Epoch: 85, Loss: 0.1048, Train Acc: 0.9692,  Test_Loss: 0.0907,Test Acc: 0.9920,Test F1: 0.9032,Test auc: 0.9118
2024-05-09 13:25:47.870 | INFO     | __main__:<module>:95 - Epoch: 86, Loss: 0.0884, Train Acc: 0.9786,  Test_Loss: 0.0906,Test Acc: 0.9920,Test F1: 0.9032,Test auc: 0.9118
2024-05-09 13:25:47.895 | INFO     | __main__:<module>:95 - Epoch: 87, Loss: 0.0811, Train Acc: 0.9759,  Test_Loss: 0.0912,Test Acc: 0.9920,Test F1: 0.9032,Test auc: 0.9118
2024-05-09 13:25:47.923 | INFO     | __main__:<module>:95 - Epoch: 88, Loss: 0.0819, Train Acc: 0.9813,  Test_Loss: 0.0913,Test Acc: 0.9920,Test F1: 0.9032,Test auc: 0.9118
2024-05-09 13:25:47.924 | INFO     | __main__:<module>:113 - 1.7525410652160645
2024-05-09 13:25:48.394 | INFO     | __main__:<module>:74 - Namespace(dataset='lastfm_asia', model='GCN', learning_rate=0.01, epochs=9999, hidden_units=16, dropout=0.4, weight_decay=0.01, weight_decay1=0.01, weight_decay2=0.0005, early_stopping=30, residual=True, seed=824, type='Binary', DEVICE='cuda', theta=0.5, layers=64, alpha=0.1, feature_type='x_65', CGCN=0)
2024-05-09 13:25:48.396 | INFO     | __main__:<module>:75 - Data(edge_index=[2, 55612], num_nodes=7624, x=[7624, 10], train_mask=[7624], test_mask=[7624], label=[7624])
2024-05-09 13:25:48.421 | INFO     | __main__:<module>:95 - Epoch: 00, Loss: 1.0648, Train Acc: 0.6734,  Test_Loss: 0.6189,Test Acc: 0.8850,Test F1: 0.2456,Test auc: 0.6597
2024-05-09 13:25:48.445 | INFO     | __main__:<module>:95 - Epoch: 01, Loss: 0.8179, Train Acc: 0.8059,  Test_Loss: 0.5309,Test Acc: 0.9358,Test F1: 0.5200,Test auc: 0.8543
2024-05-09 13:25:48.477 | INFO     | __main__:<module>:95 - Epoch: 02, Loss: 0.6323, Train Acc: 0.8527,  Test_Loss: 0.4874,Test Acc: 0.9519,Test F1: 0.5714,Test auc: 0.8347
2024-05-09 13:25:48.498 | INFO     | __main__:<module>:95 - Epoch: 03, Loss: 0.5600, Train Acc: 0.8916,  Test_Loss: 0.4640,Test Acc: 0.9599,Test F1: 0.4828,Test auc: 0.6989
2024-05-09 13:25:48.520 | INFO     | __main__:<module>:95 - Epoch: 04, Loss: 0.4460, Train Acc: 0.9357,  Test_Loss: 0.4534,Test Acc: 0.9679,Test F1: 0.4545,Test auc: 0.6471
2024-05-09 13:25:48.546 | INFO     | __main__:<module>:95 - Epoch: 05, Loss: 0.4720, Train Acc: 0.9371,  Test_Loss: 0.4334,Test Acc: 0.9652,Test F1: 0.3810,Test auc: 0.6176
2024-05-09 13:25:48.577 | INFO     | __main__:<module>:95 - Epoch: 06, Loss: 0.4267, Train Acc: 0.9465,  Test_Loss: 0.4073,Test Acc: 0.9652,Test F1: 0.3810,Test auc: 0.6176
2024-05-09 13:25:48.601 | INFO     | __main__:<module>:95 - Epoch: 07, Loss: 0.4195, Train Acc: 0.9451,  Test_Loss: 0.3859,Test Acc: 0.9652,Test F1: 0.4348,Test auc: 0.6457
2024-05-09 13:25:48.628 | INFO     | __main__:<module>:95 - Epoch: 08, Loss: 0.4021, Train Acc: 0.9518,  Test_Loss: 0.3667,Test Acc: 0.9626,Test F1: 0.3636,Test auc: 0.6162
2024-05-09 13:25:48.671 | INFO     | __main__:<module>:95 - Epoch: 09, Loss: 0.3636, Train Acc: 0.9558,  Test_Loss: 0.3367,Test Acc: 0.9679,Test F1: 0.5000,Test auc: 0.6751
2024-05-09 13:25:48.700 | INFO     | __main__:<module>:95 - Epoch: 10, Loss: 0.3473, Train Acc: 0.9572,  Test_Loss: 0.3048,Test Acc: 0.9706,Test F1: 0.5600,Test auc: 0.7045
2024-05-09 13:25:48.734 | INFO     | __main__:<module>:95 - Epoch: 11, Loss: 0.3160, Train Acc: 0.9585,  Test_Loss: 0.2789,Test Acc: 0.9733,Test F1: 0.6667,Test auc: 0.7899
2024-05-09 13:25:48.757 | INFO     | __main__:<module>:95 - Epoch: 12, Loss: 0.2963, Train Acc: 0.9545,  Test_Loss: 0.2573,Test Acc: 0.9706,Test F1: 0.6452,Test auc: 0.7885
2024-05-09 13:25:48.779 | INFO     | __main__:<module>:95 - Epoch: 13, Loss: 0.2821, Train Acc: 0.9598,  Test_Loss: 0.2368,Test Acc: 0.9813,Test F1: 0.7742,Test auc: 0.8501
2024-05-09 13:25:48.802 | INFO     | __main__:<module>:95 - Epoch: 14, Loss: 0.2692, Train Acc: 0.9625,  Test_Loss: 0.2168,Test Acc: 0.9813,Test F1: 0.7742,Test auc: 0.8501
2024-05-09 13:25:48.830 | INFO     | __main__:<module>:95 - Epoch: 15, Loss: 0.2490, Train Acc: 0.9572,  Test_Loss: 0.1978,Test Acc: 0.9813,Test F1: 0.7586,Test auc: 0.8221
2024-05-09 13:25:48.863 | INFO     | __main__:<module>:95 - Epoch: 16, Loss: 0.2371, Train Acc: 0.9639,  Test_Loss: 0.1810,Test Acc: 0.9840,Test F1: 0.7857,Test auc: 0.8235
2024-05-09 13:25:48.901 | INFO     | __main__:<module>:95 - Epoch: 17, Loss: 0.2168, Train Acc: 0.9665,  Test_Loss: 0.1673,Test Acc: 0.9813,Test F1: 0.7407,Test auc: 0.7941
2024-05-09 13:25:48.936 | INFO     | __main__:<module>:95 - Epoch: 18, Loss: 0.2002, Train Acc: 0.9665,  Test_Loss: 0.1565,Test Acc: 0.9786,Test F1: 0.6923,Test auc: 0.7647
2024-05-09 13:25:48.962 | INFO     | __main__:<module>:95 - Epoch: 19, Loss: 0.1813, Train Acc: 0.9692,  Test_Loss: 0.1484,Test Acc: 0.9759,Test F1: 0.6400,Test auc: 0.7353
2024-05-09 13:25:48.987 | INFO     | __main__:<module>:95 - Epoch: 20, Loss: 0.1770, Train Acc: 0.9598,  Test_Loss: 0.1402,Test Acc: 0.9759,Test F1: 0.6400,Test auc: 0.7353
2024-05-09 13:25:49.013 | INFO     | __main__:<module>:95 - Epoch: 21, Loss: 0.1970, Train Acc: 0.9612,  Test_Loss: 0.1310,Test Acc: 0.9759,Test F1: 0.6400,Test auc: 0.7353
2024-05-09 13:25:49.035 | INFO     | __main__:<module>:95 - Epoch: 22, Loss: 0.1753, Train Acc: 0.9665,  Test_Loss: 0.1218,Test Acc: 0.9786,Test F1: 0.6923,Test auc: 0.7647
2024-05-09 13:25:49.070 | INFO     | __main__:<module>:95 - Epoch: 23, Loss: 0.1828, Train Acc: 0.9612,  Test_Loss: 0.1118,Test Acc: 0.9813,Test F1: 0.7407,Test auc: 0.7941
2024-05-09 13:25:49.108 | INFO     | __main__:<module>:95 - Epoch: 24, Loss: 0.1521, Train Acc: 0.9692,  Test_Loss: 0.1021,Test Acc: 0.9866,Test F1: 0.8276,Test auc: 0.8529
2024-05-09 13:25:49.144 | INFO     | __main__:<module>:95 - Epoch: 25, Loss: 0.1497, Train Acc: 0.9705,  Test_Loss: 0.0944,Test Acc: 0.9866,Test F1: 0.8276,Test auc: 0.8529
2024-05-09 13:25:49.175 | INFO     | __main__:<module>:95 - Epoch: 26, Loss: 0.1257, Train Acc: 0.9759,  Test_Loss: 0.0873,Test Acc: 0.9840,Test F1: 0.8000,Test auc: 0.8515
2024-05-09 13:25:49.201 | INFO     | __main__:<module>:95 - Epoch: 27, Loss: 0.1407, Train Acc: 0.9692,  Test_Loss: 0.0817,Test Acc: 0.9840,Test F1: 0.8000,Test auc: 0.8515
2024-05-09 13:25:49.222 | INFO     | __main__:<module>:95 - Epoch: 28, Loss: 0.1386, Train Acc: 0.9652,  Test_Loss: 0.0776,Test Acc: 0.9840,Test F1: 0.8000,Test auc: 0.8515
2024-05-09 13:25:49.247 | INFO     | __main__:<module>:95 - Epoch: 29, Loss: 0.1336, Train Acc: 0.9705,  Test_Loss: 0.0746,Test Acc: 0.9840,Test F1: 0.8000,Test auc: 0.8515
2024-05-09 13:25:49.284 | INFO     | __main__:<module>:95 - Epoch: 30, Loss: 0.1218, Train Acc: 0.9665,  Test_Loss: 0.0722,Test Acc: 0.9840,Test F1: 0.8000,Test auc: 0.8515
2024-05-09 13:25:49.323 | INFO     | __main__:<module>:95 - Epoch: 31, Loss: 0.1175, Train Acc: 0.9746,  Test_Loss: 0.0718,Test Acc: 0.9866,Test F1: 0.8276,Test auc: 0.8529
2024-05-09 13:25:49.347 | INFO     | __main__:<module>:95 - Epoch: 32, Loss: 0.1449, Train Acc: 0.9692,  Test_Loss: 0.0745,Test Acc: 0.9866,Test F1: 0.8276,Test auc: 0.8529
2024-05-09 13:25:49.367 | INFO     | __main__:<module>:95 - Epoch: 33, Loss: 0.1096, Train Acc: 0.9705,  Test_Loss: 0.0737,Test Acc: 0.9866,Test F1: 0.8276,Test auc: 0.8529
2024-05-09 13:25:49.385 | INFO     | __main__:<module>:95 - Epoch: 34, Loss: 0.1178, Train Acc: 0.9746,  Test_Loss: 0.0719,Test Acc: 0.9866,Test F1: 0.8276,Test auc: 0.8529
2024-05-09 13:25:49.406 | INFO     | __main__:<module>:95 - Epoch: 35, Loss: 0.1098, Train Acc: 0.9719,  Test_Loss: 0.0720,Test Acc: 0.9866,Test F1: 0.8276,Test auc: 0.8529
2024-05-09 13:25:49.429 | INFO     | __main__:<module>:95 - Epoch: 36, Loss: 0.1063, Train Acc: 0.9759,  Test_Loss: 0.0714,Test Acc: 0.9866,Test F1: 0.8276,Test auc: 0.8529
2024-05-09 13:25:49.464 | INFO     | __main__:<module>:95 - Epoch: 37, Loss: 0.1059, Train Acc: 0.9705,  Test_Loss: 0.0699,Test Acc: 0.9866,Test F1: 0.8276,Test auc: 0.8529
2024-05-09 13:25:49.506 | INFO     | __main__:<module>:95 - Epoch: 38, Loss: 0.1154, Train Acc: 0.9692,  Test_Loss: 0.0674,Test Acc: 0.9866,Test F1: 0.8276,Test auc: 0.8529
2024-05-09 13:25:49.541 | INFO     | __main__:<module>:95 - Epoch: 39, Loss: 0.0977, Train Acc: 0.9759,  Test_Loss: 0.0636,Test Acc: 0.9893,Test F1: 0.8667,Test auc: 0.8824
2024-05-09 13:25:49.570 | INFO     | __main__:<module>:95 - Epoch: 40, Loss: 0.0992, Train Acc: 0.9719,  Test_Loss: 0.0601,Test Acc: 0.9920,Test F1: 0.9032,Test auc: 0.9118
2024-05-09 13:25:49.594 | INFO     | __main__:<module>:95 - Epoch: 41, Loss: 0.1130, Train Acc: 0.9719,  Test_Loss: 0.0581,Test Acc: 0.9920,Test F1: 0.9032,Test auc: 0.9118
2024-05-09 13:25:49.617 | INFO     | __main__:<module>:95 - Epoch: 42, Loss: 0.0934, Train Acc: 0.9786,  Test_Loss: 0.0570,Test Acc: 0.9947,Test F1: 0.9375,Test auc: 0.9412
2024-05-09 13:25:49.631 | INFO     | __main__:<module>:95 - Epoch: 43, Loss: 0.0958, Train Acc: 0.9759,  Test_Loss: 0.0589,Test Acc: 0.9947,Test F1: 0.9375,Test auc: 0.9412
2024-05-09 13:25:49.653 | INFO     | __main__:<module>:95 - Epoch: 44, Loss: 0.1149, Train Acc: 0.9679,  Test_Loss: 0.0588,Test Acc: 0.9947,Test F1: 0.9375,Test auc: 0.9412
2024-05-09 13:25:49.672 | INFO     | __main__:<module>:95 - Epoch: 45, Loss: 0.0993, Train Acc: 0.9719,  Test_Loss: 0.0616,Test Acc: 0.9866,Test F1: 0.8276,Test auc: 0.8529
2024-05-09 13:25:49.693 | INFO     | __main__:<module>:95 - Epoch: 46, Loss: 0.1084, Train Acc: 0.9732,  Test_Loss: 0.0630,Test Acc: 0.9866,Test F1: 0.8276,Test auc: 0.8529
2024-05-09 13:25:49.714 | INFO     | __main__:<module>:95 - Epoch: 47, Loss: 0.1031, Train Acc: 0.9732,  Test_Loss: 0.0662,Test Acc: 0.9840,Test F1: 0.7857,Test auc: 0.8235
2024-05-09 13:25:49.741 | INFO     | __main__:<module>:95 - Epoch: 48, Loss: 0.1133, Train Acc: 0.9732,  Test_Loss: 0.0660,Test Acc: 0.9840,Test F1: 0.7857,Test auc: 0.8235
2024-05-09 13:25:49.763 | INFO     | __main__:<module>:95 - Epoch: 49, Loss: 0.0935, Train Acc: 0.9732,  Test_Loss: 0.0667,Test Acc: 0.9840,Test F1: 0.7857,Test auc: 0.8235
2024-05-09 13:25:49.788 | INFO     | __main__:<module>:95 - Epoch: 50, Loss: 0.0929, Train Acc: 0.9772,  Test_Loss: 0.0656,Test Acc: 0.9866,Test F1: 0.8276,Test auc: 0.8529
2024-05-09 13:25:49.803 | INFO     | __main__:<module>:95 - Epoch: 51, Loss: 0.0947, Train Acc: 0.9746,  Test_Loss: 0.0655,Test Acc: 0.9866,Test F1: 0.8276,Test auc: 0.8529
2024-05-09 13:25:49.822 | INFO     | __main__:<module>:95 - Epoch: 52, Loss: 0.0856, Train Acc: 0.9813,  Test_Loss: 0.0656,Test Acc: 0.9866,Test F1: 0.8276,Test auc: 0.8529
2024-05-09 13:25:49.839 | INFO     | __main__:<module>:95 - Epoch: 53, Loss: 0.0816, Train Acc: 0.9813,  Test_Loss: 0.0651,Test Acc: 0.9866,Test F1: 0.8276,Test auc: 0.8529
2024-05-09 13:25:49.859 | INFO     | __main__:<module>:95 - Epoch: 54, Loss: 0.1065, Train Acc: 0.9732,  Test_Loss: 0.0672,Test Acc: 0.9840,Test F1: 0.7857,Test auc: 0.8235
2024-05-09 13:25:49.876 | INFO     | __main__:<module>:95 - Epoch: 55, Loss: 0.1049, Train Acc: 0.9692,  Test_Loss: 0.0679,Test Acc: 0.9840,Test F1: 0.7857,Test auc: 0.8235
2024-05-09 13:25:49.892 | INFO     | __main__:<module>:95 - Epoch: 56, Loss: 0.0949, Train Acc: 0.9786,  Test_Loss: 0.0685,Test Acc: 0.9840,Test F1: 0.7857,Test auc: 0.8235
2024-05-09 13:25:49.912 | INFO     | __main__:<module>:95 - Epoch: 57, Loss: 0.1090, Train Acc: 0.9652,  Test_Loss: 0.0695,Test Acc: 0.9840,Test F1: 0.7857,Test auc: 0.8235
2024-05-09 13:25:49.943 | INFO     | __main__:<module>:95 - Epoch: 58, Loss: 0.0963, Train Acc: 0.9732,  Test_Loss: 0.0699,Test Acc: 0.9840,Test F1: 0.7857,Test auc: 0.8235
2024-05-09 13:25:49.970 | INFO     | __main__:<module>:95 - Epoch: 59, Loss: 0.0921, Train Acc: 0.9732,  Test_Loss: 0.0711,Test Acc: 0.9840,Test F1: 0.7857,Test auc: 0.8235
2024-05-09 13:25:49.996 | INFO     | __main__:<module>:95 - Epoch: 60, Loss: 0.0971, Train Acc: 0.9746,  Test_Loss: 0.0725,Test Acc: 0.9813,Test F1: 0.7407,Test auc: 0.7941
2024-05-09 13:25:50.023 | INFO     | __main__:<module>:95 - Epoch: 61, Loss: 0.1087, Train Acc: 0.9759,  Test_Loss: 0.0709,Test Acc: 0.9840,Test F1: 0.7857,Test auc: 0.8235
2024-05-09 13:25:50.044 | INFO     | __main__:<module>:95 - Epoch: 62, Loss: 0.1148, Train Acc: 0.9665,  Test_Loss: 0.0703,Test Acc: 0.9840,Test F1: 0.7857,Test auc: 0.8235
2024-05-09 13:25:50.062 | INFO     | __main__:<module>:95 - Epoch: 63, Loss: 0.1007, Train Acc: 0.9719,  Test_Loss: 0.0705,Test Acc: 0.9840,Test F1: 0.7857,Test auc: 0.8235
2024-05-09 13:25:50.080 | INFO     | __main__:<module>:95 - Epoch: 64, Loss: 0.0976, Train Acc: 0.9759,  Test_Loss: 0.0701,Test Acc: 0.9840,Test F1: 0.7857,Test auc: 0.8235
2024-05-09 13:25:50.102 | INFO     | __main__:<module>:95 - Epoch: 65, Loss: 0.1020, Train Acc: 0.9679,  Test_Loss: 0.0712,Test Acc: 0.9840,Test F1: 0.7857,Test auc: 0.8235
2024-05-09 13:25:50.128 | INFO     | __main__:<module>:95 - Epoch: 66, Loss: 0.0936, Train Acc: 0.9799,  Test_Loss: 0.0715,Test Acc: 0.9840,Test F1: 0.7857,Test auc: 0.8235
2024-05-09 13:25:50.156 | INFO     | __main__:<module>:95 - Epoch: 67, Loss: 0.1068, Train Acc: 0.9705,  Test_Loss: 0.0725,Test Acc: 0.9840,Test F1: 0.7857,Test auc: 0.8235
2024-05-09 13:25:50.179 | INFO     | __main__:<module>:95 - Epoch: 68, Loss: 0.1047, Train Acc: 0.9732,  Test_Loss: 0.0717,Test Acc: 0.9840,Test F1: 0.7857,Test auc: 0.8235
2024-05-09 13:25:50.202 | INFO     | __main__:<module>:95 - Epoch: 69, Loss: 0.1040, Train Acc: 0.9772,  Test_Loss: 0.0725,Test Acc: 0.9813,Test F1: 0.7407,Test auc: 0.7941
2024-05-09 13:25:50.228 | INFO     | __main__:<module>:95 - Epoch: 70, Loss: 0.1388, Train Acc: 0.9598,  Test_Loss: 0.0734,Test Acc: 0.9813,Test F1: 0.7407,Test auc: 0.7941
2024-05-09 13:25:50.248 | INFO     | __main__:<module>:95 - Epoch: 71, Loss: 0.1005, Train Acc: 0.9772,  Test_Loss: 0.0749,Test Acc: 0.9786,Test F1: 0.6923,Test auc: 0.7647
2024-05-09 13:25:50.268 | INFO     | __main__:<module>:95 - Epoch: 72, Loss: 0.0974, Train Acc: 0.9679,  Test_Loss: 0.0724,Test Acc: 0.9813,Test F1: 0.7407,Test auc: 0.7941
2024-05-09 13:25:50.268 | INFO     | __main__:<module>:113 - 1.2234981060028076
