2024-05-09 13:17:56.276 | INFO     | __main__:<module>:79 - Namespace(dataset='lastfm_asia', model='GCN', learning_rate=0.01, epochs=9999, hidden_units=16, dropout=0.4, weight_decay=0.01, weight_decay1=0.01, weight_decay2=0.0005, early_stopping=30, residual=True, seed=824, type='Binary', DEVICE='cuda', theta=0.5, layers=64, alpha=0.1, feature_type='x_55', CGCN=0)
2024-05-09 13:17:56.277 | INFO     | __main__:<module>:80 - Data(edge_index=[2, 55612], num_nodes=7624, x=[7624, 8], train_mask=[7624], test_mask=[7624], label=[7624])
2024-05-09 13:17:56.302 | INFO     | __main__:<module>:100 - Epoch: 00, Loss: 0.6553, Train Acc: 0.8621,  Test_Loss: 0.5697,Test Acc: 0.9439,Test F1: 0.0000,Test auc: 0.4944
2024-05-09 13:17:56.328 | INFO     | __main__:<module>:100 - Epoch: 01, Loss: 0.6412, Train Acc: 0.8916,  Test_Loss: 0.5085,Test Acc: 0.9492,Test F1: 0.2400,Test auc: 0.5812
2024-05-09 13:17:56.362 | INFO     | __main__:<module>:100 - Epoch: 02, Loss: 0.5528, Train Acc: 0.9090,  Test_Loss: 0.4788,Test Acc: 0.9225,Test F1: 0.2927,Test auc: 0.6513
2024-05-09 13:17:56.387 | INFO     | __main__:<module>:100 - Epoch: 03, Loss: 0.4871, Train Acc: 0.9224,  Test_Loss: 0.4487,Test Acc: 0.9358,Test F1: 0.4545,Test auc: 0.7703
2024-05-09 13:17:56.410 | INFO     | __main__:<module>:100 - Epoch: 04, Loss: 0.4646, Train Acc: 0.9183,  Test_Loss: 0.4158,Test Acc: 0.9519,Test F1: 0.5714,Test auc: 0.8347
2024-05-09 13:17:56.432 | INFO     | __main__:<module>:100 - Epoch: 05, Loss: 0.4438, Train Acc: 0.9210,  Test_Loss: 0.3833,Test Acc: 0.9733,Test F1: 0.7059,Test auc: 0.8459
2024-05-09 13:17:56.456 | INFO     | __main__:<module>:100 - Epoch: 06, Loss: 0.4009, Train Acc: 0.9545,  Test_Loss: 0.3568,Test Acc: 0.9786,Test F1: 0.7143,Test auc: 0.7927
2024-05-09 13:17:56.484 | INFO     | __main__:<module>:100 - Epoch: 07, Loss: 0.3711, Train Acc: 0.9545,  Test_Loss: 0.3369,Test Acc: 0.9733,Test F1: 0.5833,Test auc: 0.7059
2024-05-09 13:17:56.514 | INFO     | __main__:<module>:100 - Epoch: 08, Loss: 0.3793, Train Acc: 0.9545,  Test_Loss: 0.3205,Test Acc: 0.9652,Test F1: 0.3810,Test auc: 0.6176
2024-05-09 13:17:56.550 | INFO     | __main__:<module>:100 - Epoch: 09, Loss: 0.3466, Train Acc: 0.9612,  Test_Loss: 0.3017,Test Acc: 0.9652,Test F1: 0.3810,Test auc: 0.6176
2024-05-09 13:17:56.590 | INFO     | __main__:<module>:100 - Epoch: 10, Loss: 0.3492, Train Acc: 0.9491,  Test_Loss: 0.2840,Test Acc: 0.9652,Test F1: 0.3810,Test auc: 0.6176
2024-05-09 13:17:56.621 | INFO     | __main__:<module>:100 - Epoch: 11, Loss: 0.3132, Train Acc: 0.9598,  Test_Loss: 0.2651,Test Acc: 0.9652,Test F1: 0.3810,Test auc: 0.6176
2024-05-09 13:17:56.640 | INFO     | __main__:<module>:100 - Epoch: 12, Loss: 0.2908, Train Acc: 0.9652,  Test_Loss: 0.2473,Test Acc: 0.9679,Test F1: 0.4545,Test auc: 0.6471
2024-05-09 13:17:56.666 | INFO     | __main__:<module>:100 - Epoch: 13, Loss: 0.2740, Train Acc: 0.9585,  Test_Loss: 0.2309,Test Acc: 0.9679,Test F1: 0.4545,Test auc: 0.6471
2024-05-09 13:17:56.692 | INFO     | __main__:<module>:100 - Epoch: 14, Loss: 0.2577, Train Acc: 0.9612,  Test_Loss: 0.2160,Test Acc: 0.9706,Test F1: 0.5217,Test auc: 0.6765
2024-05-09 13:17:56.730 | INFO     | __main__:<module>:100 - Epoch: 15, Loss: 0.2486, Train Acc: 0.9705,  Test_Loss: 0.2020,Test Acc: 0.9706,Test F1: 0.5217,Test auc: 0.6765
2024-05-09 13:17:56.761 | INFO     | __main__:<module>:100 - Epoch: 16, Loss: 0.2305, Train Acc: 0.9652,  Test_Loss: 0.1886,Test Acc: 0.9733,Test F1: 0.5833,Test auc: 0.7059
2024-05-09 13:17:56.797 | INFO     | __main__:<module>:100 - Epoch: 17, Loss: 0.2174, Train Acc: 0.9692,  Test_Loss: 0.1763,Test Acc: 0.9733,Test F1: 0.5833,Test auc: 0.7059
2024-05-09 13:17:56.825 | INFO     | __main__:<module>:100 - Epoch: 18, Loss: 0.2014, Train Acc: 0.9732,  Test_Loss: 0.1637,Test Acc: 0.9733,Test F1: 0.5833,Test auc: 0.7059
2024-05-09 13:17:56.848 | INFO     | __main__:<module>:100 - Epoch: 19, Loss: 0.1941, Train Acc: 0.9692,  Test_Loss: 0.1511,Test Acc: 0.9733,Test F1: 0.5833,Test auc: 0.7059
2024-05-09 13:17:56.875 | INFO     | __main__:<module>:100 - Epoch: 20, Loss: 0.1866, Train Acc: 0.9679,  Test_Loss: 0.1406,Test Acc: 0.9733,Test F1: 0.5833,Test auc: 0.7059
2024-05-09 13:17:56.898 | INFO     | __main__:<module>:100 - Epoch: 21, Loss: 0.1738, Train Acc: 0.9692,  Test_Loss: 0.1322,Test Acc: 0.9733,Test F1: 0.5833,Test auc: 0.7059
2024-05-09 13:17:56.943 | INFO     | __main__:<module>:100 - Epoch: 22, Loss: 0.1708, Train Acc: 0.9665,  Test_Loss: 0.1244,Test Acc: 0.9759,Test F1: 0.6400,Test auc: 0.7353
2024-05-09 13:17:56.975 | INFO     | __main__:<module>:100 - Epoch: 23, Loss: 0.1580, Train Acc: 0.9746,  Test_Loss: 0.1166,Test Acc: 0.9759,Test F1: 0.6400,Test auc: 0.7353
2024-05-09 13:17:57.007 | INFO     | __main__:<module>:100 - Epoch: 24, Loss: 0.1675, Train Acc: 0.9639,  Test_Loss: 0.1094,Test Acc: 0.9759,Test F1: 0.6400,Test auc: 0.7353
2024-05-09 13:17:57.038 | INFO     | __main__:<module>:100 - Epoch: 25, Loss: 0.1411, Train Acc: 0.9746,  Test_Loss: 0.1009,Test Acc: 0.9759,Test F1: 0.6400,Test auc: 0.7353
2024-05-09 13:17:57.058 | INFO     | __main__:<module>:100 - Epoch: 26, Loss: 0.1375, Train Acc: 0.9719,  Test_Loss: 0.0931,Test Acc: 0.9786,Test F1: 0.6923,Test auc: 0.7647
2024-05-09 13:17:57.083 | INFO     | __main__:<module>:100 - Epoch: 27, Loss: 0.1167, Train Acc: 0.9813,  Test_Loss: 0.0868,Test Acc: 0.9786,Test F1: 0.6923,Test auc: 0.7647
2024-05-09 13:17:57.110 | INFO     | __main__:<module>:100 - Epoch: 28, Loss: 0.1358, Train Acc: 0.9679,  Test_Loss: 0.0821,Test Acc: 0.9786,Test F1: 0.6923,Test auc: 0.7647
2024-05-09 13:17:57.146 | INFO     | __main__:<module>:100 - Epoch: 29, Loss: 0.1348, Train Acc: 0.9692,  Test_Loss: 0.0787,Test Acc: 0.9759,Test F1: 0.6400,Test auc: 0.7353
2024-05-09 13:17:57.182 | INFO     | __main__:<module>:100 - Epoch: 30, Loss: 0.1286, Train Acc: 0.9692,  Test_Loss: 0.0737,Test Acc: 0.9786,Test F1: 0.6923,Test auc: 0.7647
2024-05-09 13:17:57.216 | INFO     | __main__:<module>:100 - Epoch: 31, Loss: 0.1391, Train Acc: 0.9665,  Test_Loss: 0.0674,Test Acc: 0.9840,Test F1: 0.7857,Test auc: 0.8235
2024-05-09 13:17:57.243 | INFO     | __main__:<module>:100 - Epoch: 32, Loss: 0.1225, Train Acc: 0.9759,  Test_Loss: 0.0621,Test Acc: 0.9866,Test F1: 0.8276,Test auc: 0.8529
2024-05-09 13:17:57.268 | INFO     | __main__:<module>:100 - Epoch: 33, Loss: 0.1079, Train Acc: 0.9759,  Test_Loss: 0.0608,Test Acc: 0.9866,Test F1: 0.8276,Test auc: 0.8529
2024-05-09 13:17:57.291 | INFO     | __main__:<module>:100 - Epoch: 34, Loss: 0.1102, Train Acc: 0.9759,  Test_Loss: 0.0603,Test Acc: 0.9866,Test F1: 0.8276,Test auc: 0.8529
2024-05-09 13:17:57.310 | INFO     | __main__:<module>:100 - Epoch: 35, Loss: 0.0955, Train Acc: 0.9799,  Test_Loss: 0.0604,Test Acc: 0.9866,Test F1: 0.8276,Test auc: 0.8529
2024-05-09 13:17:57.333 | INFO     | __main__:<module>:100 - Epoch: 36, Loss: 0.1064, Train Acc: 0.9746,  Test_Loss: 0.0611,Test Acc: 0.9840,Test F1: 0.7857,Test auc: 0.8235
2024-05-09 13:17:57.363 | INFO     | __main__:<module>:100 - Epoch: 37, Loss: 0.1347, Train Acc: 0.9692,  Test_Loss: 0.0624,Test Acc: 0.9813,Test F1: 0.7407,Test auc: 0.7941
2024-05-09 13:17:57.397 | INFO     | __main__:<module>:100 - Epoch: 38, Loss: 0.1128, Train Acc: 0.9719,  Test_Loss: 0.0629,Test Acc: 0.9813,Test F1: 0.7407,Test auc: 0.7941
2024-05-09 13:17:57.421 | INFO     | __main__:<module>:100 - Epoch: 39, Loss: 0.1177, Train Acc: 0.9759,  Test_Loss: 0.0634,Test Acc: 0.9786,Test F1: 0.6923,Test auc: 0.7647
2024-05-09 13:17:57.442 | INFO     | __main__:<module>:100 - Epoch: 40, Loss: 0.1066, Train Acc: 0.9759,  Test_Loss: 0.0649,Test Acc: 0.9786,Test F1: 0.6923,Test auc: 0.7647
2024-05-09 13:17:57.461 | INFO     | __main__:<module>:100 - Epoch: 41, Loss: 0.1150, Train Acc: 0.9732,  Test_Loss: 0.0678,Test Acc: 0.9786,Test F1: 0.6923,Test auc: 0.7647
2024-05-09 13:17:57.479 | INFO     | __main__:<module>:100 - Epoch: 42, Loss: 0.1148, Train Acc: 0.9692,  Test_Loss: 0.0697,Test Acc: 0.9786,Test F1: 0.6923,Test auc: 0.7647
2024-05-09 13:17:57.495 | INFO     | __main__:<module>:100 - Epoch: 43, Loss: 0.1069, Train Acc: 0.9759,  Test_Loss: 0.0693,Test Acc: 0.9786,Test F1: 0.6923,Test auc: 0.7647
2024-05-09 13:17:57.512 | INFO     | __main__:<module>:100 - Epoch: 44, Loss: 0.1011, Train Acc: 0.9759,  Test_Loss: 0.0699,Test Acc: 0.9786,Test F1: 0.6923,Test auc: 0.7647
2024-05-09 13:17:57.530 | INFO     | __main__:<module>:100 - Epoch: 45, Loss: 0.1207, Train Acc: 0.9679,  Test_Loss: 0.0705,Test Acc: 0.9786,Test F1: 0.6923,Test auc: 0.7647
2024-05-09 13:17:57.554 | INFO     | __main__:<module>:100 - Epoch: 46, Loss: 0.1183, Train Acc: 0.9732,  Test_Loss: 0.0711,Test Acc: 0.9786,Test F1: 0.6923,Test auc: 0.7647
2024-05-09 13:17:57.582 | INFO     | __main__:<module>:100 - Epoch: 47, Loss: 0.1345, Train Acc: 0.9585,  Test_Loss: 0.0723,Test Acc: 0.9786,Test F1: 0.6923,Test auc: 0.7647
2024-05-09 13:17:57.612 | INFO     | __main__:<module>:100 - Epoch: 48, Loss: 0.1209, Train Acc: 0.9679,  Test_Loss: 0.0724,Test Acc: 0.9786,Test F1: 0.6923,Test auc: 0.7647
2024-05-09 13:17:57.638 | INFO     | __main__:<module>:100 - Epoch: 49, Loss: 0.1297, Train Acc: 0.9639,  Test_Loss: 0.0734,Test Acc: 0.9786,Test F1: 0.6923,Test auc: 0.7647
2024-05-09 13:17:57.663 | INFO     | __main__:<module>:100 - Epoch: 50, Loss: 0.1176, Train Acc: 0.9732,  Test_Loss: 0.0759,Test Acc: 0.9786,Test F1: 0.6923,Test auc: 0.7647
2024-05-09 13:17:57.681 | INFO     | __main__:<module>:100 - Epoch: 51, Loss: 0.1081, Train Acc: 0.9719,  Test_Loss: 0.0739,Test Acc: 0.9786,Test F1: 0.6923,Test auc: 0.7647
2024-05-09 13:17:57.697 | INFO     | __main__:<module>:100 - Epoch: 52, Loss: 0.1108, Train Acc: 0.9705,  Test_Loss: 0.0747,Test Acc: 0.9759,Test F1: 0.6400,Test auc: 0.7353
2024-05-09 13:17:57.714 | INFO     | __main__:<module>:100 - Epoch: 53, Loss: 0.1182, Train Acc: 0.9665,  Test_Loss: 0.0757,Test Acc: 0.9759,Test F1: 0.6400,Test auc: 0.7353
2024-05-09 13:17:57.732 | INFO     | __main__:<module>:100 - Epoch: 54, Loss: 0.0999, Train Acc: 0.9786,  Test_Loss: 0.0747,Test Acc: 0.9759,Test F1: 0.6400,Test auc: 0.7353
2024-05-09 13:17:57.756 | INFO     | __main__:<module>:100 - Epoch: 55, Loss: 0.1237, Train Acc: 0.9679,  Test_Loss: 0.0783,Test Acc: 0.9759,Test F1: 0.6400,Test auc: 0.7353
2024-05-09 13:17:57.779 | INFO     | __main__:<module>:100 - Epoch: 56, Loss: 0.1188, Train Acc: 0.9705,  Test_Loss: 0.0782,Test Acc: 0.9759,Test F1: 0.6400,Test auc: 0.7353
2024-05-09 13:17:57.806 | INFO     | __main__:<module>:100 - Epoch: 57, Loss: 0.0982, Train Acc: 0.9799,  Test_Loss: 0.0780,Test Acc: 0.9759,Test F1: 0.6400,Test auc: 0.7353
2024-05-09 13:17:57.831 | INFO     | __main__:<module>:100 - Epoch: 58, Loss: 0.1165, Train Acc: 0.9705,  Test_Loss: 0.0777,Test Acc: 0.9759,Test F1: 0.6400,Test auc: 0.7353
2024-05-09 13:17:57.849 | INFO     | __main__:<module>:100 - Epoch: 59, Loss: 0.1267, Train Acc: 0.9705,  Test_Loss: 0.0780,Test Acc: 0.9759,Test F1: 0.6400,Test auc: 0.7353
2024-05-09 13:17:57.868 | INFO     | __main__:<module>:100 - Epoch: 60, Loss: 0.1063, Train Acc: 0.9732,  Test_Loss: 0.0773,Test Acc: 0.9759,Test F1: 0.6400,Test auc: 0.7353
2024-05-09 13:17:57.885 | INFO     | __main__:<module>:100 - Epoch: 61, Loss: 0.1193, Train Acc: 0.9719,  Test_Loss: 0.0792,Test Acc: 0.9759,Test F1: 0.6400,Test auc: 0.7353
2024-05-09 13:17:57.901 | INFO     | __main__:<module>:100 - Epoch: 62, Loss: 0.1211, Train Acc: 0.9705,  Test_Loss: 0.0814,Test Acc: 0.9759,Test F1: 0.6400,Test auc: 0.7353
2024-05-09 13:17:57.919 | INFO     | __main__:<module>:100 - Epoch: 63, Loss: 0.1094, Train Acc: 0.9746,  Test_Loss: 0.0807,Test Acc: 0.9759,Test F1: 0.6400,Test auc: 0.7353
2024-05-09 13:17:57.935 | INFO     | __main__:<module>:100 - Epoch: 64, Loss: 0.0969, Train Acc: 0.9746,  Test_Loss: 0.0790,Test Acc: 0.9759,Test F1: 0.6400,Test auc: 0.7353
2024-05-09 13:17:57.936 | INFO     | __main__:<module>:118 - 1.1228654384613037
2024-05-09 13:17:58.526 | INFO     | __main__:<module>:79 - Namespace(dataset='lastfm_asia', model='GCN', learning_rate=0.01, epochs=9999, hidden_units=16, dropout=0.4, weight_decay=0.01, weight_decay1=0.01, weight_decay2=0.0005, early_stopping=30, residual=True, seed=824, type='Binary', DEVICE='cuda', theta=0.5, layers=64, alpha=0.1, feature_type='x_55', CGCN=0)
2024-05-09 13:17:58.527 | INFO     | __main__:<module>:80 - Data(edge_index=[2, 55612], num_nodes=7624, x=[7624, 9], train_mask=[7624], test_mask=[7624], label=[7624])
2024-05-09 13:17:58.551 | INFO     | __main__:<module>:100 - Epoch: 00, Loss: 1.2897, Train Acc: 0.1084,  Test_Loss: 0.9357,Test Acc: 0.1203,Test F1: 0.0937,Test auc: 0.5392
2024-05-09 13:17:58.573 | INFO     | __main__:<module>:100 - Epoch: 01, Loss: 0.9895, Train Acc: 0.1901,  Test_Loss: 0.7671,Test Acc: 0.3984,Test F1: 0.1036,Test auc: 0.5728
2024-05-09 13:17:58.600 | INFO     | __main__:<module>:100 - Epoch: 02, Loss: 0.8365, Train Acc: 0.3266,  Test_Loss: 0.7210,Test Acc: 0.5321,Test F1: 0.0331,Test auc: 0.3627
2024-05-09 13:17:58.625 | INFO     | __main__:<module>:100 - Epoch: 03, Loss: 0.7480, Train Acc: 0.5207,  Test_Loss: 0.7069,Test Acc: 0.6845,Test F1: 0.0000,Test auc: 0.3585
2024-05-09 13:17:58.648 | INFO     | __main__:<module>:100 - Epoch: 04, Loss: 0.7283, Train Acc: 0.6131,  Test_Loss: 0.6941,Test Acc: 0.8048,Test F1: 0.0000,Test auc: 0.4216
2024-05-09 13:17:58.674 | INFO     | __main__:<module>:100 - Epoch: 05, Loss: 0.6565, Train Acc: 0.7483,  Test_Loss: 0.6547,Test Acc: 0.9171,Test F1: 0.0000,Test auc: 0.4804
2024-05-09 13:17:58.696 | INFO     | __main__:<module>:100 - Epoch: 06, Loss: 0.6008, Train Acc: 0.8086,  Test_Loss: 0.6142,Test Acc: 0.9519,Test F1: 0.0000,Test auc: 0.4986
2024-05-09 13:17:58.720 | INFO     | __main__:<module>:100 - Epoch: 07, Loss: 0.5768, Train Acc: 0.8594,  Test_Loss: 0.5704,Test Acc: 0.9545,Test F1: 0.0000,Test auc: 0.5000
2024-05-09 13:17:58.747 | INFO     | __main__:<module>:100 - Epoch: 08, Loss: 0.5488, Train Acc: 0.8996,  Test_Loss: 0.5329,Test Acc: 0.9759,Test F1: 0.6400,Test auc: 0.7353
2024-05-09 13:17:58.778 | INFO     | __main__:<module>:100 - Epoch: 09, Loss: 0.5058, Train Acc: 0.9103,  Test_Loss: 0.5001,Test Acc: 0.9733,Test F1: 0.6429,Test auc: 0.7619
2024-05-09 13:17:58.815 | INFO     | __main__:<module>:100 - Epoch: 10, Loss: 0.4891, Train Acc: 0.9451,  Test_Loss: 0.4699,Test Acc: 0.9733,Test F1: 0.6667,Test auc: 0.7899
2024-05-09 13:17:58.846 | INFO     | __main__:<module>:100 - Epoch: 11, Loss: 0.4769, Train Acc: 0.9304,  Test_Loss: 0.4417,Test Acc: 0.9706,Test F1: 0.6452,Test auc: 0.7885
2024-05-09 13:17:58.875 | INFO     | __main__:<module>:100 - Epoch: 12, Loss: 0.4081, Train Acc: 0.9558,  Test_Loss: 0.4137,Test Acc: 0.9759,Test F1: 0.7097,Test auc: 0.8193
2024-05-09 13:17:58.898 | INFO     | __main__:<module>:100 - Epoch: 13, Loss: 0.4135, Train Acc: 0.9424,  Test_Loss: 0.3865,Test Acc: 0.9786,Test F1: 0.7333,Test auc: 0.8207
2024-05-09 13:17:58.923 | INFO     | __main__:<module>:100 - Epoch: 14, Loss: 0.3675, Train Acc: 0.9585,  Test_Loss: 0.3605,Test Acc: 0.9840,Test F1: 0.7857,Test auc: 0.8235
2024-05-09 13:17:58.950 | INFO     | __main__:<module>:100 - Epoch: 15, Loss: 0.3791, Train Acc: 0.9558,  Test_Loss: 0.3356,Test Acc: 0.9813,Test F1: 0.7407,Test auc: 0.7941
2024-05-09 13:17:58.986 | INFO     | __main__:<module>:100 - Epoch: 16, Loss: 0.3508, Train Acc: 0.9612,  Test_Loss: 0.3117,Test Acc: 0.9813,Test F1: 0.7407,Test auc: 0.7941
2024-05-09 13:17:59.025 | INFO     | __main__:<module>:100 - Epoch: 17, Loss: 0.3234, Train Acc: 0.9665,  Test_Loss: 0.2896,Test Acc: 0.9759,Test F1: 0.6400,Test auc: 0.7353
2024-05-09 13:17:59.065 | INFO     | __main__:<module>:100 - Epoch: 18, Loss: 0.2927, Train Acc: 0.9692,  Test_Loss: 0.2689,Test Acc: 0.9759,Test F1: 0.6400,Test auc: 0.7353
2024-05-09 13:17:59.091 | INFO     | __main__:<module>:100 - Epoch: 19, Loss: 0.2694, Train Acc: 0.9679,  Test_Loss: 0.2514,Test Acc: 0.9706,Test F1: 0.5217,Test auc: 0.6765
2024-05-09 13:17:59.116 | INFO     | __main__:<module>:100 - Epoch: 20, Loss: 0.2754, Train Acc: 0.9639,  Test_Loss: 0.2374,Test Acc: 0.9679,Test F1: 0.4545,Test auc: 0.6471
2024-05-09 13:17:59.142 | INFO     | __main__:<module>:100 - Epoch: 21, Loss: 0.2456, Train Acc: 0.9625,  Test_Loss: 0.2248,Test Acc: 0.9679,Test F1: 0.4545,Test auc: 0.6471
2024-05-09 13:17:59.167 | INFO     | __main__:<module>:100 - Epoch: 22, Loss: 0.2266, Train Acc: 0.9625,  Test_Loss: 0.2129,Test Acc: 0.9706,Test F1: 0.5217,Test auc: 0.6765
2024-05-09 13:17:59.210 | INFO     | __main__:<module>:100 - Epoch: 23, Loss: 0.2208, Train Acc: 0.9692,  Test_Loss: 0.2015,Test Acc: 0.9706,Test F1: 0.5217,Test auc: 0.6765
2024-05-09 13:17:59.244 | INFO     | __main__:<module>:100 - Epoch: 24, Loss: 0.2075, Train Acc: 0.9665,  Test_Loss: 0.1914,Test Acc: 0.9733,Test F1: 0.5833,Test auc: 0.7059
2024-05-09 13:17:59.274 | INFO     | __main__:<module>:100 - Epoch: 25, Loss: 0.1996, Train Acc: 0.9692,  Test_Loss: 0.1815,Test Acc: 0.9813,Test F1: 0.7407,Test auc: 0.7941
2024-05-09 13:17:59.297 | INFO     | __main__:<module>:100 - Epoch: 26, Loss: 0.1899, Train Acc: 0.9732,  Test_Loss: 0.1730,Test Acc: 0.9840,Test F1: 0.7857,Test auc: 0.8235
2024-05-09 13:17:59.319 | INFO     | __main__:<module>:100 - Epoch: 27, Loss: 0.1779, Train Acc: 0.9679,  Test_Loss: 0.1657,Test Acc: 0.9866,Test F1: 0.8276,Test auc: 0.8529
2024-05-09 13:17:59.342 | INFO     | __main__:<module>:100 - Epoch: 28, Loss: 0.1762, Train Acc: 0.9639,  Test_Loss: 0.1581,Test Acc: 0.9866,Test F1: 0.8276,Test auc: 0.8529
2024-05-09 13:17:59.367 | INFO     | __main__:<module>:100 - Epoch: 29, Loss: 0.1810, Train Acc: 0.9679,  Test_Loss: 0.1514,Test Acc: 0.9893,Test F1: 0.8667,Test auc: 0.8824
2024-05-09 13:17:59.406 | INFO     | __main__:<module>:100 - Epoch: 30, Loss: 0.1691, Train Acc: 0.9665,  Test_Loss: 0.1455,Test Acc: 0.9947,Test F1: 0.9375,Test auc: 0.9412
2024-05-09 13:17:59.443 | INFO     | __main__:<module>:100 - Epoch: 31, Loss: 0.1700, Train Acc: 0.9572,  Test_Loss: 0.1400,Test Acc: 0.9947,Test F1: 0.9375,Test auc: 0.9412
2024-05-09 13:17:59.477 | INFO     | __main__:<module>:100 - Epoch: 32, Loss: 0.1617, Train Acc: 0.9719,  Test_Loss: 0.1355,Test Acc: 0.9947,Test F1: 0.9375,Test auc: 0.9412
2024-05-09 13:17:59.499 | INFO     | __main__:<module>:100 - Epoch: 33, Loss: 0.1325, Train Acc: 0.9719,  Test_Loss: 0.1330,Test Acc: 0.9947,Test F1: 0.9375,Test auc: 0.9412
2024-05-09 13:17:59.525 | INFO     | __main__:<module>:100 - Epoch: 34, Loss: 0.1429, Train Acc: 0.9692,  Test_Loss: 0.1314,Test Acc: 0.9947,Test F1: 0.9375,Test auc: 0.9412
2024-05-09 13:17:59.550 | INFO     | __main__:<module>:100 - Epoch: 35, Loss: 0.1525, Train Acc: 0.9665,  Test_Loss: 0.1270,Test Acc: 0.9947,Test F1: 0.9375,Test auc: 0.9412
2024-05-09 13:17:59.579 | INFO     | __main__:<module>:100 - Epoch: 36, Loss: 0.1354, Train Acc: 0.9772,  Test_Loss: 0.1217,Test Acc: 0.9947,Test F1: 0.9375,Test auc: 0.9412
2024-05-09 13:17:59.618 | INFO     | __main__:<module>:100 - Epoch: 37, Loss: 0.1631, Train Acc: 0.9692,  Test_Loss: 0.1161,Test Acc: 0.9947,Test F1: 0.9375,Test auc: 0.9412
2024-05-09 13:17:59.651 | INFO     | __main__:<module>:100 - Epoch: 38, Loss: 0.1252, Train Acc: 0.9692,  Test_Loss: 0.1107,Test Acc: 0.9947,Test F1: 0.9375,Test auc: 0.9412
2024-05-09 13:17:59.681 | INFO     | __main__:<module>:100 - Epoch: 39, Loss: 0.1254, Train Acc: 0.9639,  Test_Loss: 0.1078,Test Acc: 0.9947,Test F1: 0.9375,Test auc: 0.9412
2024-05-09 13:17:59.709 | INFO     | __main__:<module>:100 - Epoch: 40, Loss: 0.1322, Train Acc: 0.9665,  Test_Loss: 0.1052,Test Acc: 0.9920,Test F1: 0.9032,Test auc: 0.9118
2024-05-09 13:17:59.734 | INFO     | __main__:<module>:100 - Epoch: 41, Loss: 0.1304, Train Acc: 0.9705,  Test_Loss: 0.1022,Test Acc: 0.9920,Test F1: 0.9032,Test auc: 0.9118
2024-05-09 13:17:59.758 | INFO     | __main__:<module>:100 - Epoch: 42, Loss: 0.1221, Train Acc: 0.9732,  Test_Loss: 0.1011,Test Acc: 0.9893,Test F1: 0.8667,Test auc: 0.8824
2024-05-09 13:17:59.783 | INFO     | __main__:<module>:100 - Epoch: 43, Loss: 0.1270, Train Acc: 0.9679,  Test_Loss: 0.1006,Test Acc: 0.9866,Test F1: 0.8276,Test auc: 0.8529
2024-05-09 13:17:59.815 | INFO     | __main__:<module>:100 - Epoch: 44, Loss: 0.1160, Train Acc: 0.9759,  Test_Loss: 0.0976,Test Acc: 0.9866,Test F1: 0.8276,Test auc: 0.8529
2024-05-09 13:17:59.856 | INFO     | __main__:<module>:100 - Epoch: 45, Loss: 0.1339, Train Acc: 0.9572,  Test_Loss: 0.0968,Test Acc: 0.9866,Test F1: 0.8276,Test auc: 0.8529
2024-05-09 13:17:59.881 | INFO     | __main__:<module>:100 - Epoch: 46, Loss: 0.1151, Train Acc: 0.9679,  Test_Loss: 0.0968,Test Acc: 0.9866,Test F1: 0.8276,Test auc: 0.8529
2024-05-09 13:17:59.898 | INFO     | __main__:<module>:100 - Epoch: 47, Loss: 0.1039, Train Acc: 0.9679,  Test_Loss: 0.0989,Test Acc: 0.9866,Test F1: 0.8276,Test auc: 0.8529
2024-05-09 13:17:59.915 | INFO     | __main__:<module>:100 - Epoch: 48, Loss: 0.1056, Train Acc: 0.9692,  Test_Loss: 0.0978,Test Acc: 0.9866,Test F1: 0.8276,Test auc: 0.8529
2024-05-09 13:17:59.940 | INFO     | __main__:<module>:100 - Epoch: 49, Loss: 0.1189, Train Acc: 0.9679,  Test_Loss: 0.0953,Test Acc: 0.9920,Test F1: 0.9032,Test auc: 0.9118
2024-05-09 13:17:59.964 | INFO     | __main__:<module>:100 - Epoch: 50, Loss: 0.1194, Train Acc: 0.9665,  Test_Loss: 0.0950,Test Acc: 0.9947,Test F1: 0.9375,Test auc: 0.9412
2024-05-09 13:17:59.981 | INFO     | __main__:<module>:100 - Epoch: 51, Loss: 0.1181, Train Acc: 0.9705,  Test_Loss: 0.0953,Test Acc: 0.9947,Test F1: 0.9375,Test auc: 0.9412
2024-05-09 13:18:00.000 | INFO     | __main__:<module>:100 - Epoch: 52, Loss: 0.1044, Train Acc: 0.9772,  Test_Loss: 0.0978,Test Acc: 0.9947,Test F1: 0.9375,Test auc: 0.9412
2024-05-09 13:18:00.023 | INFO     | __main__:<module>:100 - Epoch: 53, Loss: 0.0942, Train Acc: 0.9772,  Test_Loss: 0.0971,Test Acc: 0.9947,Test F1: 0.9375,Test auc: 0.9412
2024-05-09 13:18:00.043 | INFO     | __main__:<module>:100 - Epoch: 54, Loss: 0.1065, Train Acc: 0.9719,  Test_Loss: 0.0962,Test Acc: 0.9947,Test F1: 0.9375,Test auc: 0.9412
2024-05-09 13:18:00.076 | INFO     | __main__:<module>:100 - Epoch: 55, Loss: 0.0949, Train Acc: 0.9759,  Test_Loss: 0.0939,Test Acc: 0.9947,Test F1: 0.9375,Test auc: 0.9412
2024-05-09 13:18:00.100 | INFO     | __main__:<module>:100 - Epoch: 56, Loss: 0.1003, Train Acc: 0.9732,  Test_Loss: 0.0945,Test Acc: 0.9947,Test F1: 0.9375,Test auc: 0.9412
2024-05-09 13:18:00.117 | INFO     | __main__:<module>:100 - Epoch: 57, Loss: 0.1077, Train Acc: 0.9759,  Test_Loss: 0.0951,Test Acc: 0.9947,Test F1: 0.9375,Test auc: 0.9412
2024-05-09 13:18:00.135 | INFO     | __main__:<module>:100 - Epoch: 58, Loss: 0.1109, Train Acc: 0.9705,  Test_Loss: 0.0966,Test Acc: 0.9947,Test F1: 0.9375,Test auc: 0.9412
2024-05-09 13:18:00.156 | INFO     | __main__:<module>:100 - Epoch: 59, Loss: 0.1025, Train Acc: 0.9759,  Test_Loss: 0.0973,Test Acc: 0.9947,Test F1: 0.9375,Test auc: 0.9412
2024-05-09 13:18:00.173 | INFO     | __main__:<module>:100 - Epoch: 60, Loss: 0.1065, Train Acc: 0.9759,  Test_Loss: 0.0986,Test Acc: 0.9920,Test F1: 0.9032,Test auc: 0.9118
2024-05-09 13:18:00.193 | INFO     | __main__:<module>:100 - Epoch: 61, Loss: 0.1035, Train Acc: 0.9719,  Test_Loss: 0.0995,Test Acc: 0.9893,Test F1: 0.8667,Test auc: 0.8824
2024-05-09 13:18:00.216 | INFO     | __main__:<module>:100 - Epoch: 62, Loss: 0.1009, Train Acc: 0.9799,  Test_Loss: 0.0981,Test Acc: 0.9893,Test F1: 0.8667,Test auc: 0.8824
2024-05-09 13:18:00.236 | INFO     | __main__:<module>:100 - Epoch: 63, Loss: 0.1030, Train Acc: 0.9705,  Test_Loss: 0.0982,Test Acc: 0.9893,Test F1: 0.8667,Test auc: 0.8824
2024-05-09 13:18:00.254 | INFO     | __main__:<module>:100 - Epoch: 64, Loss: 0.0944, Train Acc: 0.9786,  Test_Loss: 0.0994,Test Acc: 0.9893,Test F1: 0.8667,Test auc: 0.8824
2024-05-09 13:18:00.280 | INFO     | __main__:<module>:100 - Epoch: 65, Loss: 0.0993, Train Acc: 0.9719,  Test_Loss: 0.0993,Test Acc: 0.9893,Test F1: 0.8667,Test auc: 0.8824
2024-05-09 13:18:00.301 | INFO     | __main__:<module>:100 - Epoch: 66, Loss: 0.0967, Train Acc: 0.9799,  Test_Loss: 0.0992,Test Acc: 0.9893,Test F1: 0.8667,Test auc: 0.8824
2024-05-09 13:18:00.318 | INFO     | __main__:<module>:100 - Epoch: 67, Loss: 0.1227, Train Acc: 0.9652,  Test_Loss: 0.1003,Test Acc: 0.9893,Test F1: 0.8667,Test auc: 0.8824
2024-05-09 13:18:00.336 | INFO     | __main__:<module>:100 - Epoch: 68, Loss: 0.0989, Train Acc: 0.9786,  Test_Loss: 0.1033,Test Acc: 0.9866,Test F1: 0.8276,Test auc: 0.8529
2024-05-09 13:18:00.352 | INFO     | __main__:<module>:100 - Epoch: 69, Loss: 0.1282, Train Acc: 0.9625,  Test_Loss: 0.1037,Test Acc: 0.9840,Test F1: 0.7857,Test auc: 0.8235
2024-05-09 13:18:00.366 | INFO     | __main__:<module>:100 - Epoch: 70, Loss: 0.0981, Train Acc: 0.9772,  Test_Loss: 0.1033,Test Acc: 0.9840,Test F1: 0.7857,Test auc: 0.8235
2024-05-09 13:18:00.382 | INFO     | __main__:<module>:100 - Epoch: 71, Loss: 0.1003, Train Acc: 0.9786,  Test_Loss: 0.1024,Test Acc: 0.9840,Test F1: 0.7857,Test auc: 0.8235
2024-05-09 13:18:00.400 | INFO     | __main__:<module>:100 - Epoch: 72, Loss: 0.0925, Train Acc: 0.9732,  Test_Loss: 0.1027,Test Acc: 0.9840,Test F1: 0.7857,Test auc: 0.8235
2024-05-09 13:18:00.425 | INFO     | __main__:<module>:100 - Epoch: 73, Loss: 0.1347, Train Acc: 0.9585,  Test_Loss: 0.1014,Test Acc: 0.9840,Test F1: 0.7857,Test auc: 0.8235
2024-05-09 13:18:00.446 | INFO     | __main__:<module>:100 - Epoch: 74, Loss: 0.1169, Train Acc: 0.9679,  Test_Loss: 0.1039,Test Acc: 0.9840,Test F1: 0.7857,Test auc: 0.8235
2024-05-09 13:18:00.467 | INFO     | __main__:<module>:100 - Epoch: 75, Loss: 0.1030, Train Acc: 0.9746,  Test_Loss: 0.1049,Test Acc: 0.9840,Test F1: 0.7857,Test auc: 0.8235
2024-05-09 13:18:00.492 | INFO     | __main__:<module>:100 - Epoch: 76, Loss: 0.0865, Train Acc: 0.9719,  Test_Loss: 0.1034,Test Acc: 0.9840,Test F1: 0.7857,Test auc: 0.8235
2024-05-09 13:18:00.512 | INFO     | __main__:<module>:100 - Epoch: 77, Loss: 0.1120, Train Acc: 0.9692,  Test_Loss: 0.1024,Test Acc: 0.9840,Test F1: 0.7857,Test auc: 0.8235
2024-05-09 13:18:00.531 | INFO     | __main__:<module>:100 - Epoch: 78, Loss: 0.1002, Train Acc: 0.9746,  Test_Loss: 0.1041,Test Acc: 0.9840,Test F1: 0.7857,Test auc: 0.8235
2024-05-09 13:18:00.549 | INFO     | __main__:<module>:100 - Epoch: 79, Loss: 0.0969, Train Acc: 0.9746,  Test_Loss: 0.1079,Test Acc: 0.9840,Test F1: 0.7857,Test auc: 0.8235
2024-05-09 13:18:00.564 | INFO     | __main__:<module>:100 - Epoch: 80, Loss: 0.1296, Train Acc: 0.9639,  Test_Loss: 0.1096,Test Acc: 0.9813,Test F1: 0.7407,Test auc: 0.7941
2024-05-09 13:18:00.587 | INFO     | __main__:<module>:100 - Epoch: 81, Loss: 0.1044, Train Acc: 0.9692,  Test_Loss: 0.1114,Test Acc: 0.9813,Test F1: 0.7407,Test auc: 0.7941
2024-05-09 13:18:00.613 | INFO     | __main__:<module>:100 - Epoch: 82, Loss: 0.1086, Train Acc: 0.9719,  Test_Loss: 0.1102,Test Acc: 0.9813,Test F1: 0.7407,Test auc: 0.7941
2024-05-09 13:18:00.635 | INFO     | __main__:<module>:100 - Epoch: 83, Loss: 0.1174, Train Acc: 0.9719,  Test_Loss: 0.1089,Test Acc: 0.9813,Test F1: 0.7407,Test auc: 0.7941
2024-05-09 13:18:00.662 | INFO     | __main__:<module>:100 - Epoch: 84, Loss: 0.1114, Train Acc: 0.9679,  Test_Loss: 0.1089,Test Acc: 0.9813,Test F1: 0.7407,Test auc: 0.7941
2024-05-09 13:18:00.685 | INFO     | __main__:<module>:100 - Epoch: 85, Loss: 0.0997, Train Acc: 0.9772,  Test_Loss: 0.1101,Test Acc: 0.9813,Test F1: 0.7407,Test auc: 0.7941
2024-05-09 13:18:00.686 | INFO     | __main__:<module>:118 - 1.4116246700286865
2024-05-09 13:18:01.151 | INFO     | __main__:<module>:79 - Namespace(dataset='lastfm_asia', model='GCN', learning_rate=0.01, epochs=9999, hidden_units=16, dropout=0.4, weight_decay=0.01, weight_decay1=0.01, weight_decay2=0.0005, early_stopping=30, residual=True, seed=824, type='Binary', DEVICE='cuda', theta=0.5, layers=64, alpha=0.1, feature_type='x_55', CGCN=0)
2024-05-09 13:18:01.152 | INFO     | __main__:<module>:80 - Data(edge_index=[2, 55612], num_nodes=7624, x=[7624, 10], train_mask=[7624], test_mask=[7624], label=[7624])
2024-05-09 13:18:01.172 | INFO     | __main__:<module>:100 - Epoch: 00, Loss: 1.1983, Train Acc: 0.6519,  Test_Loss: 0.6591,Test Acc: 0.8529,Test F1: 0.1270,Test auc: 0.5588
2024-05-09 13:18:01.202 | INFO     | __main__:<module>:100 - Epoch: 01, Loss: 0.8312, Train Acc: 0.8072,  Test_Loss: 0.5770,Test Acc: 0.9064,Test F1: 0.2222,Test auc: 0.6148
2024-05-09 13:18:01.227 | INFO     | __main__:<module>:100 - Epoch: 02, Loss: 0.6995, Train Acc: 0.8474,  Test_Loss: 0.5392,Test Acc: 0.9305,Test F1: 0.3810,Test auc: 0.7115
2024-05-09 13:18:01.252 | INFO     | __main__:<module>:100 - Epoch: 03, Loss: 0.5689, Train Acc: 0.8661,  Test_Loss: 0.5171,Test Acc: 0.9572,Test F1: 0.4667,Test auc: 0.6975
2024-05-09 13:18:01.279 | INFO     | __main__:<module>:100 - Epoch: 04, Loss: 0.4980, Train Acc: 0.9103,  Test_Loss: 0.4942,Test Acc: 0.9626,Test F1: 0.4615,Test auc: 0.6723
2024-05-09 13:18:01.303 | INFO     | __main__:<module>:100 - Epoch: 05, Loss: 0.4345, Train Acc: 0.9451,  Test_Loss: 0.4667,Test Acc: 0.9679,Test F1: 0.4545,Test auc: 0.6471
2024-05-09 13:18:01.325 | INFO     | __main__:<module>:100 - Epoch: 06, Loss: 0.4292, Train Acc: 0.9398,  Test_Loss: 0.4347,Test Acc: 0.9679,Test F1: 0.4545,Test auc: 0.6471
2024-05-09 13:18:01.357 | INFO     | __main__:<module>:100 - Epoch: 07, Loss: 0.3927, Train Acc: 0.9491,  Test_Loss: 0.4080,Test Acc: 0.9679,Test F1: 0.4545,Test auc: 0.6471
2024-05-09 13:18:01.387 | INFO     | __main__:<module>:100 - Epoch: 08, Loss: 0.3738, Train Acc: 0.9545,  Test_Loss: 0.3800,Test Acc: 0.9706,Test F1: 0.5217,Test auc: 0.6765
2024-05-09 13:18:01.431 | INFO     | __main__:<module>:100 - Epoch: 09, Loss: 0.3743, Train Acc: 0.9505,  Test_Loss: 0.3547,Test Acc: 0.9706,Test F1: 0.5217,Test auc: 0.6765
2024-05-09 13:18:01.466 | INFO     | __main__:<module>:100 - Epoch: 10, Loss: 0.3503, Train Acc: 0.9598,  Test_Loss: 0.3255,Test Acc: 0.9759,Test F1: 0.6400,Test auc: 0.7353
2024-05-09 13:18:01.499 | INFO     | __main__:<module>:100 - Epoch: 11, Loss: 0.3310, Train Acc: 0.9558,  Test_Loss: 0.3003,Test Acc: 0.9840,Test F1: 0.7857,Test auc: 0.8235
2024-05-09 13:18:01.523 | INFO     | __main__:<module>:100 - Epoch: 12, Loss: 0.3006, Train Acc: 0.9585,  Test_Loss: 0.2796,Test Acc: 0.9866,Test F1: 0.8387,Test auc: 0.8810
2024-05-09 13:18:01.553 | INFO     | __main__:<module>:100 - Epoch: 13, Loss: 0.2836, Train Acc: 0.9598,  Test_Loss: 0.2598,Test Acc: 0.9893,Test F1: 0.8667,Test auc: 0.8824
2024-05-09 13:18:01.580 | INFO     | __main__:<module>:100 - Epoch: 14, Loss: 0.2725, Train Acc: 0.9639,  Test_Loss: 0.2398,Test Acc: 0.9893,Test F1: 0.8667,Test auc: 0.8824
2024-05-09 13:18:01.623 | INFO     | __main__:<module>:100 - Epoch: 15, Loss: 0.2625, Train Acc: 0.9679,  Test_Loss: 0.2208,Test Acc: 0.9866,Test F1: 0.8276,Test auc: 0.8529
2024-05-09 13:18:01.655 | INFO     | __main__:<module>:100 - Epoch: 16, Loss: 0.2409, Train Acc: 0.9639,  Test_Loss: 0.2057,Test Acc: 0.9840,Test F1: 0.7857,Test auc: 0.8235
2024-05-09 13:18:01.686 | INFO     | __main__:<module>:100 - Epoch: 17, Loss: 0.2374, Train Acc: 0.9545,  Test_Loss: 0.1935,Test Acc: 0.9759,Test F1: 0.6400,Test auc: 0.7353
2024-05-09 13:18:01.709 | INFO     | __main__:<module>:100 - Epoch: 18, Loss: 0.2164, Train Acc: 0.9612,  Test_Loss: 0.1833,Test Acc: 0.9706,Test F1: 0.5217,Test auc: 0.6765
2024-05-09 13:18:01.733 | INFO     | __main__:<module>:100 - Epoch: 19, Loss: 0.2077, Train Acc: 0.9652,  Test_Loss: 0.1740,Test Acc: 0.9706,Test F1: 0.5217,Test auc: 0.6765
2024-05-09 13:18:01.758 | INFO     | __main__:<module>:100 - Epoch: 20, Loss: 0.1838, Train Acc: 0.9625,  Test_Loss: 0.1633,Test Acc: 0.9706,Test F1: 0.5217,Test auc: 0.6765
2024-05-09 13:18:01.790 | INFO     | __main__:<module>:100 - Epoch: 21, Loss: 0.1809, Train Acc: 0.9625,  Test_Loss: 0.1503,Test Acc: 0.9733,Test F1: 0.5833,Test auc: 0.7059
2024-05-09 13:18:01.821 | INFO     | __main__:<module>:100 - Epoch: 22, Loss: 0.1905, Train Acc: 0.9625,  Test_Loss: 0.1365,Test Acc: 0.9813,Test F1: 0.7407,Test auc: 0.7941
2024-05-09 13:18:01.863 | INFO     | __main__:<module>:100 - Epoch: 23, Loss: 0.1699, Train Acc: 0.9652,  Test_Loss: 0.1255,Test Acc: 0.9866,Test F1: 0.8276,Test auc: 0.8529
2024-05-09 13:18:01.893 | INFO     | __main__:<module>:100 - Epoch: 24, Loss: 0.1553, Train Acc: 0.9719,  Test_Loss: 0.1171,Test Acc: 0.9866,Test F1: 0.8387,Test auc: 0.8810
2024-05-09 13:18:01.916 | INFO     | __main__:<module>:100 - Epoch: 25, Loss: 0.1341, Train Acc: 0.9732,  Test_Loss: 0.1113,Test Acc: 0.9893,Test F1: 0.8750,Test auc: 0.9104
2024-05-09 13:18:01.940 | INFO     | __main__:<module>:100 - Epoch: 26, Loss: 0.1409, Train Acc: 0.9719,  Test_Loss: 0.1073,Test Acc: 0.9893,Test F1: 0.8750,Test auc: 0.9104
2024-05-09 13:18:01.964 | INFO     | __main__:<module>:100 - Epoch: 27, Loss: 0.1255, Train Acc: 0.9799,  Test_Loss: 0.1049,Test Acc: 0.9893,Test F1: 0.8750,Test auc: 0.9104
2024-05-09 13:18:01.991 | INFO     | __main__:<module>:100 - Epoch: 28, Loss: 0.1401, Train Acc: 0.9679,  Test_Loss: 0.1046,Test Acc: 0.9893,Test F1: 0.8667,Test auc: 0.8824
2024-05-09 13:18:02.013 | INFO     | __main__:<module>:100 - Epoch: 29, Loss: 0.1432, Train Acc: 0.9679,  Test_Loss: 0.1047,Test Acc: 0.9866,Test F1: 0.8276,Test auc: 0.8529
2024-05-09 13:18:02.050 | INFO     | __main__:<module>:100 - Epoch: 30, Loss: 0.1341, Train Acc: 0.9692,  Test_Loss: 0.1038,Test Acc: 0.9893,Test F1: 0.8667,Test auc: 0.8824
2024-05-09 13:18:02.088 | INFO     | __main__:<module>:100 - Epoch: 31, Loss: 0.1505, Train Acc: 0.9679,  Test_Loss: 0.1010,Test Acc: 0.9893,Test F1: 0.8667,Test auc: 0.8824
2024-05-09 13:18:02.119 | INFO     | __main__:<module>:100 - Epoch: 32, Loss: 0.1157, Train Acc: 0.9705,  Test_Loss: 0.0984,Test Acc: 0.9893,Test F1: 0.8667,Test auc: 0.8824
2024-05-09 13:18:02.153 | INFO     | __main__:<module>:100 - Epoch: 33, Loss: 0.1279, Train Acc: 0.9679,  Test_Loss: 0.0978,Test Acc: 0.9893,Test F1: 0.8667,Test auc: 0.8824
2024-05-09 13:18:02.173 | INFO     | __main__:<module>:100 - Epoch: 34, Loss: 0.1132, Train Acc: 0.9679,  Test_Loss: 0.0967,Test Acc: 0.9893,Test F1: 0.8667,Test auc: 0.8824
2024-05-09 13:18:02.200 | INFO     | __main__:<module>:100 - Epoch: 35, Loss: 0.1097, Train Acc: 0.9759,  Test_Loss: 0.0941,Test Acc: 0.9893,Test F1: 0.8667,Test auc: 0.8824
2024-05-09 13:18:02.234 | INFO     | __main__:<module>:100 - Epoch: 36, Loss: 0.1002, Train Acc: 0.9679,  Test_Loss: 0.0922,Test Acc: 0.9893,Test F1: 0.8667,Test auc: 0.8824
2024-05-09 13:18:02.271 | INFO     | __main__:<module>:100 - Epoch: 37, Loss: 0.0954, Train Acc: 0.9759,  Test_Loss: 0.0910,Test Acc: 0.9920,Test F1: 0.9032,Test auc: 0.9118
2024-05-09 13:18:02.309 | INFO     | __main__:<module>:100 - Epoch: 38, Loss: 0.0935, Train Acc: 0.9786,  Test_Loss: 0.0894,Test Acc: 0.9920,Test F1: 0.9032,Test auc: 0.9118
2024-05-09 13:18:02.338 | INFO     | __main__:<module>:100 - Epoch: 39, Loss: 0.1098, Train Acc: 0.9719,  Test_Loss: 0.0866,Test Acc: 0.9920,Test F1: 0.9032,Test auc: 0.9118
2024-05-09 13:18:02.366 | INFO     | __main__:<module>:100 - Epoch: 40, Loss: 0.0890, Train Acc: 0.9772,  Test_Loss: 0.0846,Test Acc: 0.9947,Test F1: 0.9375,Test auc: 0.9412
2024-05-09 13:18:02.389 | INFO     | __main__:<module>:100 - Epoch: 41, Loss: 0.0952, Train Acc: 0.9759,  Test_Loss: 0.0843,Test Acc: 0.9920,Test F1: 0.9032,Test auc: 0.9118
2024-05-09 13:18:02.403 | INFO     | __main__:<module>:100 - Epoch: 42, Loss: 0.1019, Train Acc: 0.9705,  Test_Loss: 0.0855,Test Acc: 0.9920,Test F1: 0.9032,Test auc: 0.9118
2024-05-09 13:18:02.426 | INFO     | __main__:<module>:100 - Epoch: 43, Loss: 0.0887, Train Acc: 0.9813,  Test_Loss: 0.0853,Test Acc: 0.9920,Test F1: 0.9032,Test auc: 0.9118
2024-05-09 13:18:02.450 | INFO     | __main__:<module>:100 - Epoch: 44, Loss: 0.0907, Train Acc: 0.9799,  Test_Loss: 0.0872,Test Acc: 0.9920,Test F1: 0.9032,Test auc: 0.9118
2024-05-09 13:18:02.485 | INFO     | __main__:<module>:100 - Epoch: 45, Loss: 0.1069, Train Acc: 0.9679,  Test_Loss: 0.0875,Test Acc: 0.9920,Test F1: 0.9032,Test auc: 0.9118
2024-05-09 13:18:02.515 | INFO     | __main__:<module>:100 - Epoch: 46, Loss: 0.0961, Train Acc: 0.9692,  Test_Loss: 0.0895,Test Acc: 0.9893,Test F1: 0.8667,Test auc: 0.8824
2024-05-09 13:18:02.535 | INFO     | __main__:<module>:100 - Epoch: 47, Loss: 0.1004, Train Acc: 0.9759,  Test_Loss: 0.0896,Test Acc: 0.9893,Test F1: 0.8667,Test auc: 0.8824
2024-05-09 13:18:02.552 | INFO     | __main__:<module>:100 - Epoch: 48, Loss: 0.0911, Train Acc: 0.9746,  Test_Loss: 0.0922,Test Acc: 0.9893,Test F1: 0.8667,Test auc: 0.8824
2024-05-09 13:18:02.567 | INFO     | __main__:<module>:100 - Epoch: 49, Loss: 0.1149, Train Acc: 0.9719,  Test_Loss: 0.0918,Test Acc: 0.9893,Test F1: 0.8667,Test auc: 0.8824
2024-05-09 13:18:02.595 | INFO     | __main__:<module>:100 - Epoch: 50, Loss: 0.0874, Train Acc: 0.9746,  Test_Loss: 0.0926,Test Acc: 0.9893,Test F1: 0.8667,Test auc: 0.8824
2024-05-09 13:18:02.629 | INFO     | __main__:<module>:100 - Epoch: 51, Loss: 0.0981, Train Acc: 0.9759,  Test_Loss: 0.0915,Test Acc: 0.9893,Test F1: 0.8667,Test auc: 0.8824
2024-05-09 13:18:02.667 | INFO     | __main__:<module>:100 - Epoch: 52, Loss: 0.0956, Train Acc: 0.9772,  Test_Loss: 0.0905,Test Acc: 0.9893,Test F1: 0.8667,Test auc: 0.8824
2024-05-09 13:18:02.697 | INFO     | __main__:<module>:100 - Epoch: 53, Loss: 0.0808, Train Acc: 0.9813,  Test_Loss: 0.0907,Test Acc: 0.9893,Test F1: 0.8667,Test auc: 0.8824
2024-05-09 13:18:02.726 | INFO     | __main__:<module>:100 - Epoch: 54, Loss: 0.0787, Train Acc: 0.9799,  Test_Loss: 0.0906,Test Acc: 0.9893,Test F1: 0.8667,Test auc: 0.8824
2024-05-09 13:18:02.747 | INFO     | __main__:<module>:100 - Epoch: 55, Loss: 0.1074, Train Acc: 0.9746,  Test_Loss: 0.0937,Test Acc: 0.9893,Test F1: 0.8667,Test auc: 0.8824
2024-05-09 13:18:02.762 | INFO     | __main__:<module>:100 - Epoch: 56, Loss: 0.1046, Train Acc: 0.9719,  Test_Loss: 0.0945,Test Acc: 0.9893,Test F1: 0.8667,Test auc: 0.8824
2024-05-09 13:18:02.780 | INFO     | __main__:<module>:100 - Epoch: 57, Loss: 0.0939, Train Acc: 0.9786,  Test_Loss: 0.0957,Test Acc: 0.9893,Test F1: 0.8667,Test auc: 0.8824
2024-05-09 13:18:02.796 | INFO     | __main__:<module>:100 - Epoch: 58, Loss: 0.1059, Train Acc: 0.9639,  Test_Loss: 0.0950,Test Acc: 0.9893,Test F1: 0.8667,Test auc: 0.8824
2024-05-09 13:18:02.816 | INFO     | __main__:<module>:100 - Epoch: 59, Loss: 0.0939, Train Acc: 0.9719,  Test_Loss: 0.0947,Test Acc: 0.9893,Test F1: 0.8667,Test auc: 0.8824
2024-05-09 13:18:02.851 | INFO     | __main__:<module>:100 - Epoch: 60, Loss: 0.0930, Train Acc: 0.9732,  Test_Loss: 0.0953,Test Acc: 0.9866,Test F1: 0.8276,Test auc: 0.8529
2024-05-09 13:18:02.885 | INFO     | __main__:<module>:100 - Epoch: 61, Loss: 0.0953, Train Acc: 0.9732,  Test_Loss: 0.0960,Test Acc: 0.9866,Test F1: 0.8276,Test auc: 0.8529
2024-05-09 13:18:02.916 | INFO     | __main__:<module>:100 - Epoch: 62, Loss: 0.1136, Train Acc: 0.9732,  Test_Loss: 0.0931,Test Acc: 0.9893,Test F1: 0.8667,Test auc: 0.8824
2024-05-09 13:18:02.942 | INFO     | __main__:<module>:100 - Epoch: 63, Loss: 0.1059, Train Acc: 0.9639,  Test_Loss: 0.0936,Test Acc: 0.9893,Test F1: 0.8667,Test auc: 0.8824
2024-05-09 13:18:02.960 | INFO     | __main__:<module>:100 - Epoch: 64, Loss: 0.0947, Train Acc: 0.9746,  Test_Loss: 0.0940,Test Acc: 0.9893,Test F1: 0.8667,Test auc: 0.8824
2024-05-09 13:18:02.981 | INFO     | __main__:<module>:100 - Epoch: 65, Loss: 0.1043, Train Acc: 0.9799,  Test_Loss: 0.0947,Test Acc: 0.9893,Test F1: 0.8667,Test auc: 0.8824
2024-05-09 13:18:03.000 | INFO     | __main__:<module>:100 - Epoch: 66, Loss: 0.1013, Train Acc: 0.9705,  Test_Loss: 0.0963,Test Acc: 0.9893,Test F1: 0.8667,Test auc: 0.8824
2024-05-09 13:18:03.029 | INFO     | __main__:<module>:100 - Epoch: 67, Loss: 0.0925, Train Acc: 0.9799,  Test_Loss: 0.0969,Test Acc: 0.9866,Test F1: 0.8276,Test auc: 0.8529
2024-05-09 13:18:03.063 | INFO     | __main__:<module>:100 - Epoch: 68, Loss: 0.1083, Train Acc: 0.9732,  Test_Loss: 0.0989,Test Acc: 0.9840,Test F1: 0.7857,Test auc: 0.8235
2024-05-09 13:18:03.090 | INFO     | __main__:<module>:100 - Epoch: 69, Loss: 0.0922, Train Acc: 0.9826,  Test_Loss: 0.0977,Test Acc: 0.9840,Test F1: 0.7857,Test auc: 0.8235
2024-05-09 13:18:03.121 | INFO     | __main__:<module>:100 - Epoch: 70, Loss: 0.0988, Train Acc: 0.9746,  Test_Loss: 0.0979,Test Acc: 0.9840,Test F1: 0.7857,Test auc: 0.8235
2024-05-09 13:18:03.151 | INFO     | __main__:<module>:100 - Epoch: 71, Loss: 0.1210, Train Acc: 0.9665,  Test_Loss: 0.0988,Test Acc: 0.9840,Test F1: 0.7857,Test auc: 0.8235
2024-05-09 13:18:03.151 | INFO     | __main__:<module>:118 - 1.377934217453003
