2024-05-09 13:26:39.654 | INFO     | __main__:<module>:74 - Namespace(dataset='sc', model='GCN', learning_rate=0.01, epochs=9999, hidden_units=16, dropout=0.4, weight_decay=0.01, weight_decay1=0.01, weight_decay2=0.0005, early_stopping=30, residual=True, seed=824, type='Binary', DEVICE='cuda', theta=0.5, layers=64, alpha=0.1, feature_type='x_65', CGCN=0)
2024-05-09 13:26:39.654 | INFO     | __main__:<module>:75 - Data(edge_index=[2, 35976], weight=[35976], num_nodes=10320, x=[10320, 5], train_mask=[10320], test_mask=[10320], label=[10320])
2024-05-09 13:26:39.675 | INFO     | __main__:<module>:95 - Epoch: 00, Loss: 0.7407, Train Acc: 0.2715,  Test_Loss: 0.6629,Test Acc: 0.3333,Test F1: 0.5000,Test auc: 0.5000
2024-05-09 13:26:39.705 | INFO     | __main__:<module>:95 - Epoch: 01, Loss: 0.6519, Train Acc: 0.3306,  Test_Loss: 0.6048,Test Acc: 0.3333,Test F1: 0.5000,Test auc: 0.5000
2024-05-09 13:26:39.733 | INFO     | __main__:<module>:95 - Epoch: 02, Loss: 0.6034, Train Acc: 0.3361,  Test_Loss: 0.5427,Test Acc: 0.3462,Test F1: 0.5049,Test auc: 0.5097
2024-05-09 13:26:39.758 | INFO     | __main__:<module>:95 - Epoch: 03, Loss: 0.5486, Train Acc: 0.5023,  Test_Loss: 0.5011,Test Acc: 0.8860,Test F1: 0.8540,Test auc: 0.9145
2024-05-09 13:26:39.785 | INFO     | __main__:<module>:95 - Epoch: 04, Loss: 0.5097, Train Acc: 0.8513,  Test_Loss: 0.4704,Test Acc: 0.9247,Test F1: 0.8930,Test auc: 0.9290
2024-05-09 13:26:39.807 | INFO     | __main__:<module>:95 - Epoch: 05, Loss: 0.4717, Train Acc: 0.9169,  Test_Loss: 0.4531,Test Acc: 0.9161,Test F1: 0.8721,Test auc: 0.9016
2024-05-09 13:26:39.832 | INFO     | __main__:<module>:95 - Epoch: 06, Loss: 0.4657, Train Acc: 0.8883,  Test_Loss: 0.4327,Test Acc: 0.9054,Test F1: 0.8533,Test auc: 0.8855
2024-05-09 13:26:39.856 | INFO     | __main__:<module>:95 - Epoch: 07, Loss: 0.4316, Train Acc: 0.9132,  Test_Loss: 0.4037,Test Acc: 0.9140,Test F1: 0.8684,Test auc: 0.8984
2024-05-09 13:26:39.883 | INFO     | __main__:<module>:95 - Epoch: 08, Loss: 0.3995, Train Acc: 0.9206,  Test_Loss: 0.3741,Test Acc: 0.9226,Test F1: 0.8846,Test auc: 0.9145
2024-05-09 13:26:39.915 | INFO     | __main__:<module>:95 - Epoch: 09, Loss: 0.3619, Train Acc: 0.9354,  Test_Loss: 0.3496,Test Acc: 0.9355,Test F1: 0.9057,Test auc: 0.9339
2024-05-09 13:26:39.961 | INFO     | __main__:<module>:95 - Epoch: 10, Loss: 0.3476, Train Acc: 0.9409,  Test_Loss: 0.3300,Test Acc: 0.9355,Test F1: 0.9068,Test auc: 0.9371
2024-05-09 13:26:39.991 | INFO     | __main__:<module>:95 - Epoch: 11, Loss: 0.3330, Train Acc: 0.9391,  Test_Loss: 0.3121,Test Acc: 0.9419,Test F1: 0.9169,Test auc: 0.9468
2024-05-09 13:26:40.013 | INFO     | __main__:<module>:95 - Epoch: 12, Loss: 0.3271, Train Acc: 0.9307,  Test_Loss: 0.2937,Test Acc: 0.9355,Test F1: 0.9068,Test auc: 0.9371
2024-05-09 13:26:40.041 | INFO     | __main__:<module>:95 - Epoch: 13, Loss: 0.2965, Train Acc: 0.9354,  Test_Loss: 0.2773,Test Acc: 0.9355,Test F1: 0.9057,Test auc: 0.9339
2024-05-09 13:26:40.067 | INFO     | __main__:<module>:95 - Epoch: 14, Loss: 0.2818, Train Acc: 0.9363,  Test_Loss: 0.2667,Test Acc: 0.9269,Test F1: 0.8910,Test auc: 0.9194
2024-05-09 13:26:40.102 | INFO     | __main__:<module>:95 - Epoch: 15, Loss: 0.2593, Train Acc: 0.9381,  Test_Loss: 0.2593,Test Acc: 0.9269,Test F1: 0.8903,Test auc: 0.9177
2024-05-09 13:26:40.133 | INFO     | __main__:<module>:95 - Epoch: 16, Loss: 0.2629, Train Acc: 0.9280,  Test_Loss: 0.2517,Test Acc: 0.9204,Test F1: 0.8795,Test auc: 0.9081
2024-05-09 13:26:40.169 | INFO     | __main__:<module>:95 - Epoch: 17, Loss: 0.2569, Train Acc: 0.9326,  Test_Loss: 0.2380,Test Acc: 0.9269,Test F1: 0.8903,Test auc: 0.9177
2024-05-09 13:26:40.206 | INFO     | __main__:<module>:95 - Epoch: 18, Loss: 0.2381, Train Acc: 0.9326,  Test_Loss: 0.2190,Test Acc: 0.9355,Test F1: 0.9051,Test auc: 0.9323
2024-05-09 13:26:40.246 | INFO     | __main__:<module>:95 - Epoch: 19, Loss: 0.2302, Train Acc: 0.9400,  Test_Loss: 0.2067,Test Acc: 0.9484,Test F1: 0.9259,Test auc: 0.9532
2024-05-09 13:26:40.278 | INFO     | __main__:<module>:95 - Epoch: 20, Loss: 0.2048, Train Acc: 0.9538,  Test_Loss: 0.2001,Test Acc: 0.9484,Test F1: 0.9264,Test auc: 0.9548
2024-05-09 13:26:40.313 | INFO     | __main__:<module>:95 - Epoch: 21, Loss: 0.2195, Train Acc: 0.9409,  Test_Loss: 0.1912,Test Acc: 0.9484,Test F1: 0.9264,Test auc: 0.9548
2024-05-09 13:26:40.354 | INFO     | __main__:<module>:95 - Epoch: 22, Loss: 0.2077, Train Acc: 0.9483,  Test_Loss: 0.1790,Test Acc: 0.9527,Test F1: 0.9321,Test auc: 0.9581
2024-05-09 13:26:40.390 | INFO     | __main__:<module>:95 - Epoch: 23, Loss: 0.2015, Train Acc: 0.9483,  Test_Loss: 0.1687,Test Acc: 0.9484,Test F1: 0.9250,Test auc: 0.9500
2024-05-09 13:26:40.409 | INFO     | __main__:<module>:95 - Epoch: 24, Loss: 0.1822, Train Acc: 0.9501,  Test_Loss: 0.1616,Test Acc: 0.9419,Test F1: 0.9148,Test auc: 0.9403
2024-05-09 13:26:40.433 | INFO     | __main__:<module>:95 - Epoch: 25, Loss: 0.1917, Train Acc: 0.9492,  Test_Loss: 0.1534,Test Acc: 0.9441,Test F1: 0.9182,Test auc: 0.9435
2024-05-09 13:26:40.463 | INFO     | __main__:<module>:95 - Epoch: 26, Loss: 0.1797, Train Acc: 0.9455,  Test_Loss: 0.1442,Test Acc: 0.9527,Test F1: 0.9313,Test auc: 0.9548
2024-05-09 13:26:40.496 | INFO     | __main__:<module>:95 - Epoch: 27, Loss: 0.1805, Train Acc: 0.9409,  Test_Loss: 0.1371,Test Acc: 0.9591,Test F1: 0.9404,Test auc: 0.9613
2024-05-09 13:26:40.538 | INFO     | __main__:<module>:95 - Epoch: 28, Loss: 0.1497, Train Acc: 0.9566,  Test_Loss: 0.1319,Test Acc: 0.9634,Test F1: 0.9474,Test auc: 0.9694
2024-05-09 13:26:40.580 | INFO     | __main__:<module>:95 - Epoch: 29, Loss: 0.1607, Train Acc: 0.9529,  Test_Loss: 0.1296,Test Acc: 0.9656,Test F1: 0.9506,Test auc: 0.9726
2024-05-09 13:26:40.615 | INFO     | __main__:<module>:95 - Epoch: 30, Loss: 0.1501, Train Acc: 0.9631,  Test_Loss: 0.1254,Test Acc: 0.9677,Test F1: 0.9536,Test auc: 0.9742
2024-05-09 13:26:40.640 | INFO     | __main__:<module>:95 - Epoch: 31, Loss: 0.1483, Train Acc: 0.9621,  Test_Loss: 0.1160,Test Acc: 0.9785,Test F1: 0.9686,Test auc: 0.9823
2024-05-09 13:26:40.664 | INFO     | __main__:<module>:95 - Epoch: 32, Loss: 0.1248, Train Acc: 0.9695,  Test_Loss: 0.1087,Test Acc: 0.9763,Test F1: 0.9653,Test auc: 0.9790
2024-05-09 13:26:40.691 | INFO     | __main__:<module>:95 - Epoch: 33, Loss: 0.1304, Train Acc: 0.9640,  Test_Loss: 0.1057,Test Acc: 0.9720,Test F1: 0.9582,Test auc: 0.9694
2024-05-09 13:26:40.720 | INFO     | __main__:<module>:95 - Epoch: 34, Loss: 0.1313, Train Acc: 0.9603,  Test_Loss: 0.1015,Test Acc: 0.9720,Test F1: 0.9582,Test auc: 0.9694
2024-05-09 13:26:40.758 | INFO     | __main__:<module>:95 - Epoch: 35, Loss: 0.1165, Train Acc: 0.9695,  Test_Loss: 0.0964,Test Acc: 0.9785,Test F1: 0.9684,Test auc: 0.9806
2024-05-09 13:26:40.800 | INFO     | __main__:<module>:95 - Epoch: 36, Loss: 0.1296, Train Acc: 0.9538,  Test_Loss: 0.0957,Test Acc: 0.9785,Test F1: 0.9686,Test auc: 0.9823
2024-05-09 13:26:40.829 | INFO     | __main__:<module>:95 - Epoch: 37, Loss: 0.1040, Train Acc: 0.9769,  Test_Loss: 0.0973,Test Acc: 0.9785,Test F1: 0.9686,Test auc: 0.9823
2024-05-09 13:26:40.854 | INFO     | __main__:<module>:95 - Epoch: 38, Loss: 0.1093, Train Acc: 0.9714,  Test_Loss: 0.0946,Test Acc: 0.9785,Test F1: 0.9686,Test auc: 0.9823
2024-05-09 13:26:40.876 | INFO     | __main__:<module>:95 - Epoch: 39, Loss: 0.1098, Train Acc: 0.9741,  Test_Loss: 0.0903,Test Acc: 0.9785,Test F1: 0.9686,Test auc: 0.9823
2024-05-09 13:26:40.902 | INFO     | __main__:<module>:95 - Epoch: 40, Loss: 0.0996, Train Acc: 0.9760,  Test_Loss: 0.0850,Test Acc: 0.9785,Test F1: 0.9686,Test auc: 0.9823
2024-05-09 13:26:40.946 | INFO     | __main__:<module>:95 - Epoch: 41, Loss: 0.1004, Train Acc: 0.9723,  Test_Loss: 0.0821,Test Acc: 0.9785,Test F1: 0.9684,Test auc: 0.9806
2024-05-09 13:26:40.983 | INFO     | __main__:<module>:95 - Epoch: 42, Loss: 0.0991, Train Acc: 0.9732,  Test_Loss: 0.0801,Test Acc: 0.9763,Test F1: 0.9651,Test auc: 0.9774
2024-05-09 13:26:41.018 | INFO     | __main__:<module>:95 - Epoch: 43, Loss: 0.1156, Train Acc: 0.9631,  Test_Loss: 0.0794,Test Acc: 0.9785,Test F1: 0.9686,Test auc: 0.9823
2024-05-09 13:26:41.036 | INFO     | __main__:<module>:95 - Epoch: 44, Loss: 0.0847, Train Acc: 0.9815,  Test_Loss: 0.0818,Test Acc: 0.9785,Test F1: 0.9686,Test auc: 0.9823
2024-05-09 13:26:41.059 | INFO     | __main__:<module>:95 - Epoch: 45, Loss: 0.0882, Train Acc: 0.9806,  Test_Loss: 0.0822,Test Acc: 0.9785,Test F1: 0.9686,Test auc: 0.9823
2024-05-09 13:26:41.078 | INFO     | __main__:<module>:95 - Epoch: 46, Loss: 0.1009, Train Acc: 0.9714,  Test_Loss: 0.0824,Test Acc: 0.9785,Test F1: 0.9686,Test auc: 0.9823
2024-05-09 13:26:41.097 | INFO     | __main__:<module>:95 - Epoch: 47, Loss: 0.0922, Train Acc: 0.9723,  Test_Loss: 0.0825,Test Acc: 0.9785,Test F1: 0.9686,Test auc: 0.9823
2024-05-09 13:26:41.119 | INFO     | __main__:<module>:95 - Epoch: 48, Loss: 0.0977, Train Acc: 0.9723,  Test_Loss: 0.0809,Test Acc: 0.9785,Test F1: 0.9686,Test auc: 0.9823
2024-05-09 13:26:41.146 | INFO     | __main__:<module>:95 - Epoch: 49, Loss: 0.0993, Train Acc: 0.9677,  Test_Loss: 0.0817,Test Acc: 0.9785,Test F1: 0.9686,Test auc: 0.9823
2024-05-09 13:26:41.167 | INFO     | __main__:<module>:95 - Epoch: 50, Loss: 0.0982, Train Acc: 0.9723,  Test_Loss: 0.0801,Test Acc: 0.9785,Test F1: 0.9686,Test auc: 0.9823
2024-05-09 13:26:41.193 | INFO     | __main__:<module>:95 - Epoch: 51, Loss: 0.0975, Train Acc: 0.9686,  Test_Loss: 0.0807,Test Acc: 0.9785,Test F1: 0.9686,Test auc: 0.9823
2024-05-09 13:26:41.215 | INFO     | __main__:<module>:95 - Epoch: 52, Loss: 0.0933, Train Acc: 0.9751,  Test_Loss: 0.0795,Test Acc: 0.9785,Test F1: 0.9686,Test auc: 0.9823
2024-05-09 13:26:41.236 | INFO     | __main__:<module>:95 - Epoch: 53, Loss: 0.0995, Train Acc: 0.9695,  Test_Loss: 0.0795,Test Acc: 0.9785,Test F1: 0.9686,Test auc: 0.9823
2024-05-09 13:26:41.258 | INFO     | __main__:<module>:95 - Epoch: 54, Loss: 0.0921, Train Acc: 0.9760,  Test_Loss: 0.0795,Test Acc: 0.9785,Test F1: 0.9686,Test auc: 0.9823
2024-05-09 13:26:41.280 | INFO     | __main__:<module>:95 - Epoch: 55, Loss: 0.0989, Train Acc: 0.9723,  Test_Loss: 0.0802,Test Acc: 0.9785,Test F1: 0.9686,Test auc: 0.9823
2024-05-09 13:26:41.296 | INFO     | __main__:<module>:95 - Epoch: 56, Loss: 0.1027, Train Acc: 0.9741,  Test_Loss: 0.0817,Test Acc: 0.9785,Test F1: 0.9686,Test auc: 0.9823
2024-05-09 13:26:41.318 | INFO     | __main__:<module>:95 - Epoch: 57, Loss: 0.0891, Train Acc: 0.9769,  Test_Loss: 0.0810,Test Acc: 0.9785,Test F1: 0.9686,Test auc: 0.9823
2024-05-09 13:26:41.344 | INFO     | __main__:<module>:95 - Epoch: 58, Loss: 0.0853, Train Acc: 0.9825,  Test_Loss: 0.0810,Test Acc: 0.9785,Test F1: 0.9686,Test auc: 0.9823
2024-05-09 13:26:41.368 | INFO     | __main__:<module>:95 - Epoch: 59, Loss: 0.0959, Train Acc: 0.9723,  Test_Loss: 0.0805,Test Acc: 0.9785,Test F1: 0.9686,Test auc: 0.9823
2024-05-09 13:26:41.411 | INFO     | __main__:<module>:95 - Epoch: 60, Loss: 0.1049, Train Acc: 0.9695,  Test_Loss: 0.0793,Test Acc: 0.9785,Test F1: 0.9686,Test auc: 0.9823
2024-05-09 13:26:41.441 | INFO     | __main__:<module>:95 - Epoch: 61, Loss: 0.1017, Train Acc: 0.9695,  Test_Loss: 0.0776,Test Acc: 0.9785,Test F1: 0.9686,Test auc: 0.9823
2024-05-09 13:26:41.466 | INFO     | __main__:<module>:95 - Epoch: 62, Loss: 0.1028, Train Acc: 0.9668,  Test_Loss: 0.0759,Test Acc: 0.9785,Test F1: 0.9686,Test auc: 0.9823
2024-05-09 13:26:41.488 | INFO     | __main__:<module>:95 - Epoch: 63, Loss: 0.0763, Train Acc: 0.9825,  Test_Loss: 0.0741,Test Acc: 0.9785,Test F1: 0.9686,Test auc: 0.9823
2024-05-09 13:26:41.509 | INFO     | __main__:<module>:95 - Epoch: 64, Loss: 0.0797, Train Acc: 0.9769,  Test_Loss: 0.0727,Test Acc: 0.9785,Test F1: 0.9684,Test auc: 0.9806
2024-05-09 13:26:41.544 | INFO     | __main__:<module>:95 - Epoch: 65, Loss: 0.0772, Train Acc: 0.9741,  Test_Loss: 0.0720,Test Acc: 0.9785,Test F1: 0.9684,Test auc: 0.9806
2024-05-09 13:26:41.578 | INFO     | __main__:<module>:95 - Epoch: 66, Loss: 0.0783, Train Acc: 0.9769,  Test_Loss: 0.0714,Test Acc: 0.9806,Test F1: 0.9716,Test auc: 0.9839
2024-05-09 13:26:41.604 | INFO     | __main__:<module>:95 - Epoch: 67, Loss: 0.0754, Train Acc: 0.9788,  Test_Loss: 0.0726,Test Acc: 0.9785,Test F1: 0.9686,Test auc: 0.9823
2024-05-09 13:26:41.632 | INFO     | __main__:<module>:95 - Epoch: 68, Loss: 0.0820, Train Acc: 0.9751,  Test_Loss: 0.0743,Test Acc: 0.9785,Test F1: 0.9686,Test auc: 0.9823
2024-05-09 13:26:41.651 | INFO     | __main__:<module>:95 - Epoch: 69, Loss: 0.0767, Train Acc: 0.9806,  Test_Loss: 0.0749,Test Acc: 0.9785,Test F1: 0.9686,Test auc: 0.9823
2024-05-09 13:26:41.667 | INFO     | __main__:<module>:95 - Epoch: 70, Loss: 0.0754, Train Acc: 0.9788,  Test_Loss: 0.0758,Test Acc: 0.9785,Test F1: 0.9686,Test auc: 0.9823
2024-05-09 13:26:41.683 | INFO     | __main__:<module>:95 - Epoch: 71, Loss: 0.0816, Train Acc: 0.9760,  Test_Loss: 0.0762,Test Acc: 0.9785,Test F1: 0.9686,Test auc: 0.9823
2024-05-09 13:26:41.699 | INFO     | __main__:<module>:95 - Epoch: 72, Loss: 0.0792, Train Acc: 0.9751,  Test_Loss: 0.0787,Test Acc: 0.9785,Test F1: 0.9688,Test auc: 0.9839
2024-05-09 13:26:41.717 | INFO     | __main__:<module>:95 - Epoch: 73, Loss: 0.0745, Train Acc: 0.9788,  Test_Loss: 0.0771,Test Acc: 0.9785,Test F1: 0.9686,Test auc: 0.9823
2024-05-09 13:26:41.745 | INFO     | __main__:<module>:95 - Epoch: 74, Loss: 0.0876, Train Acc: 0.9677,  Test_Loss: 0.0777,Test Acc: 0.9785,Test F1: 0.9686,Test auc: 0.9823
2024-05-09 13:26:41.771 | INFO     | __main__:<module>:95 - Epoch: 75, Loss: 0.0819, Train Acc: 0.9778,  Test_Loss: 0.0785,Test Acc: 0.9785,Test F1: 0.9688,Test auc: 0.9839
2024-05-09 13:26:41.794 | INFO     | __main__:<module>:95 - Epoch: 76, Loss: 0.0825, Train Acc: 0.9741,  Test_Loss: 0.0798,Test Acc: 0.9785,Test F1: 0.9688,Test auc: 0.9839
2024-05-09 13:26:41.819 | INFO     | __main__:<module>:95 - Epoch: 77, Loss: 0.0838, Train Acc: 0.9751,  Test_Loss: 0.0823,Test Acc: 0.9785,Test F1: 0.9688,Test auc: 0.9839
2024-05-09 13:26:41.847 | INFO     | __main__:<module>:95 - Epoch: 78, Loss: 0.0925, Train Acc: 0.9741,  Test_Loss: 0.0812,Test Acc: 0.9785,Test F1: 0.9688,Test auc: 0.9839
2024-05-09 13:26:41.863 | INFO     | __main__:<module>:95 - Epoch: 79, Loss: 0.0806, Train Acc: 0.9760,  Test_Loss: 0.0832,Test Acc: 0.9785,Test F1: 0.9688,Test auc: 0.9839
2024-05-09 13:26:41.882 | INFO     | __main__:<module>:95 - Epoch: 80, Loss: 0.0767, Train Acc: 0.9815,  Test_Loss: 0.0824,Test Acc: 0.9785,Test F1: 0.9688,Test auc: 0.9839
2024-05-09 13:26:41.899 | INFO     | __main__:<module>:95 - Epoch: 81, Loss: 0.0830, Train Acc: 0.9834,  Test_Loss: 0.0794,Test Acc: 0.9785,Test F1: 0.9688,Test auc: 0.9839
2024-05-09 13:26:41.916 | INFO     | __main__:<module>:95 - Epoch: 82, Loss: 0.0759, Train Acc: 0.9760,  Test_Loss: 0.0788,Test Acc: 0.9785,Test F1: 0.9688,Test auc: 0.9839
2024-05-09 13:26:41.933 | INFO     | __main__:<module>:95 - Epoch: 83, Loss: 0.0871, Train Acc: 0.9751,  Test_Loss: 0.0810,Test Acc: 0.9785,Test F1: 0.9688,Test auc: 0.9839
2024-05-09 13:26:41.963 | INFO     | __main__:<module>:95 - Epoch: 84, Loss: 0.0824, Train Acc: 0.9760,  Test_Loss: 0.0797,Test Acc: 0.9785,Test F1: 0.9688,Test auc: 0.9839
2024-05-09 13:26:41.990 | INFO     | __main__:<module>:95 - Epoch: 85, Loss: 0.0877, Train Acc: 0.9769,  Test_Loss: 0.0793,Test Acc: 0.9785,Test F1: 0.9688,Test auc: 0.9839
2024-05-09 13:26:42.012 | INFO     | __main__:<module>:95 - Epoch: 86, Loss: 0.0755, Train Acc: 0.9778,  Test_Loss: 0.0798,Test Acc: 0.9785,Test F1: 0.9688,Test auc: 0.9839
2024-05-09 13:26:42.037 | INFO     | __main__:<module>:95 - Epoch: 87, Loss: 0.0845, Train Acc: 0.9769,  Test_Loss: 0.0824,Test Acc: 0.9785,Test F1: 0.9688,Test auc: 0.9839
2024-05-09 13:26:42.063 | INFO     | __main__:<module>:95 - Epoch: 88, Loss: 0.0803, Train Acc: 0.9769,  Test_Loss: 0.0815,Test Acc: 0.9785,Test F1: 0.9688,Test auc: 0.9839
2024-05-09 13:26:42.080 | INFO     | __main__:<module>:95 - Epoch: 89, Loss: 0.0783, Train Acc: 0.9751,  Test_Loss: 0.0816,Test Acc: 0.9785,Test F1: 0.9688,Test auc: 0.9839
2024-05-09 13:26:42.095 | INFO     | __main__:<module>:95 - Epoch: 90, Loss: 0.0876, Train Acc: 0.9797,  Test_Loss: 0.0819,Test Acc: 0.9785,Test F1: 0.9688,Test auc: 0.9839
2024-05-09 13:26:42.117 | INFO     | __main__:<module>:95 - Epoch: 91, Loss: 0.0757, Train Acc: 0.9769,  Test_Loss: 0.0833,Test Acc: 0.9763,Test F1: 0.9657,Test auc: 0.9823
2024-05-09 13:26:42.138 | INFO     | __main__:<module>:95 - Epoch: 92, Loss: 0.0830, Train Acc: 0.9769,  Test_Loss: 0.0840,Test Acc: 0.9763,Test F1: 0.9657,Test auc: 0.9823
2024-05-09 13:26:42.161 | INFO     | __main__:<module>:95 - Epoch: 93, Loss: 0.0764, Train Acc: 0.9815,  Test_Loss: 0.0818,Test Acc: 0.9785,Test F1: 0.9688,Test auc: 0.9839
2024-05-09 13:26:42.185 | INFO     | __main__:<module>:95 - Epoch: 94, Loss: 0.0680, Train Acc: 0.9834,  Test_Loss: 0.0822,Test Acc: 0.9785,Test F1: 0.9688,Test auc: 0.9839
2024-05-09 13:26:42.213 | INFO     | __main__:<module>:95 - Epoch: 95, Loss: 0.0759, Train Acc: 0.9760,  Test_Loss: 0.0821,Test Acc: 0.9785,Test F1: 0.9688,Test auc: 0.9839
2024-05-09 13:26:42.238 | INFO     | __main__:<module>:95 - Epoch: 96, Loss: 0.0780, Train Acc: 0.9825,  Test_Loss: 0.0799,Test Acc: 0.9785,Test F1: 0.9688,Test auc: 0.9839
2024-05-09 13:26:42.239 | INFO     | __main__:<module>:113 - 1.732398271560669
2024-05-09 13:26:42.556 | INFO     | __main__:<module>:74 - Namespace(dataset='sc', model='GCN', learning_rate=0.01, epochs=9999, hidden_units=16, dropout=0.4, weight_decay=0.01, weight_decay1=0.01, weight_decay2=0.0005, early_stopping=30, residual=True, seed=824, type='Binary', DEVICE='cuda', theta=0.5, layers=64, alpha=0.1, feature_type='x_65', CGCN=0)
2024-05-09 13:26:42.557 | INFO     | __main__:<module>:75 - Data(edge_index=[2, 35976], weight=[35976], num_nodes=10320, x=[10320, 6], train_mask=[10320], test_mask=[10320], label=[10320])
2024-05-09 13:26:42.584 | INFO     | __main__:<module>:95 - Epoch: 00, Loss: 1.2152, Train Acc: 0.2807,  Test_Loss: 0.6061,Test Acc: 0.5591,Test F1: 0.6019,Test auc: 0.6694
2024-05-09 13:26:42.616 | INFO     | __main__:<module>:95 - Epoch: 01, Loss: 0.6615, Train Acc: 0.5392,  Test_Loss: 0.5854,Test Acc: 0.6215,Test F1: 0.6379,Test auc: 0.7161
2024-05-09 13:26:42.651 | INFO     | __main__:<module>:95 - Epoch: 02, Loss: 0.5915, Train Acc: 0.6362,  Test_Loss: 0.5735,Test Acc: 0.7247,Test F1: 0.7078,Test auc: 0.7935
2024-05-09 13:26:42.676 | INFO     | __main__:<module>:95 - Epoch: 03, Loss: 0.5825, Train Acc: 0.7027,  Test_Loss: 0.5501,Test Acc: 0.8258,Test F1: 0.7928,Test auc: 0.8694
2024-05-09 13:26:42.700 | INFO     | __main__:<module>:95 - Epoch: 04, Loss: 0.5435, Train Acc: 0.7904,  Test_Loss: 0.5166,Test Acc: 0.8817,Test F1: 0.8468,Test auc: 0.9065
2024-05-09 13:26:42.725 | INFO     | __main__:<module>:95 - Epoch: 05, Loss: 0.5429, Train Acc: 0.8476,  Test_Loss: 0.4815,Test Acc: 0.8968,Test F1: 0.8554,Test auc: 0.9016
2024-05-09 13:26:42.751 | INFO     | __main__:<module>:95 - Epoch: 06, Loss: 0.5030, Train Acc: 0.8550,  Test_Loss: 0.4539,Test Acc: 0.9075,Test F1: 0.8652,Test auc: 0.9032
2024-05-09 13:26:42.779 | INFO     | __main__:<module>:95 - Epoch: 07, Loss: 0.4914, Train Acc: 0.8717,  Test_Loss: 0.4355,Test Acc: 0.9118,Test F1: 0.8682,Test auc: 0.9016
2024-05-09 13:26:42.817 | INFO     | __main__:<module>:95 - Epoch: 08, Loss: 0.4485, Train Acc: 0.8827,  Test_Loss: 0.4165,Test Acc: 0.9118,Test F1: 0.8682,Test auc: 0.9016
2024-05-09 13:26:42.854 | INFO     | __main__:<module>:95 - Epoch: 09, Loss: 0.4292, Train Acc: 0.8975,  Test_Loss: 0.3969,Test Acc: 0.9183,Test F1: 0.8782,Test auc: 0.9097
2024-05-09 13:26:42.888 | INFO     | __main__:<module>:95 - Epoch: 10, Loss: 0.4034, Train Acc: 0.9178,  Test_Loss: 0.3784,Test Acc: 0.9247,Test F1: 0.8896,Test auc: 0.9210
2024-05-09 13:26:42.920 | INFO     | __main__:<module>:95 - Epoch: 11, Loss: 0.3882, Train Acc: 0.9289,  Test_Loss: 0.3610,Test Acc: 0.9290,Test F1: 0.8966,Test auc: 0.9274
2024-05-09 13:26:42.943 | INFO     | __main__:<module>:95 - Epoch: 12, Loss: 0.3565, Train Acc: 0.9335,  Test_Loss: 0.3449,Test Acc: 0.9333,Test F1: 0.9034,Test auc: 0.9339
2024-05-09 13:26:42.968 | INFO     | __main__:<module>:95 - Epoch: 13, Loss: 0.3442, Train Acc: 0.9344,  Test_Loss: 0.3291,Test Acc: 0.9355,Test F1: 0.9062,Test auc: 0.9355
2024-05-09 13:26:42.999 | INFO     | __main__:<module>:95 - Epoch: 14, Loss: 0.3423, Train Acc: 0.9317,  Test_Loss: 0.3136,Test Acc: 0.9355,Test F1: 0.9062,Test auc: 0.9355
2024-05-09 13:26:43.036 | INFO     | __main__:<module>:95 - Epoch: 15, Loss: 0.3092, Train Acc: 0.9409,  Test_Loss: 0.2988,Test Acc: 0.9376,Test F1: 0.9091,Test auc: 0.9371
2024-05-09 13:26:43.080 | INFO     | __main__:<module>:95 - Epoch: 16, Loss: 0.3026, Train Acc: 0.9437,  Test_Loss: 0.2860,Test Acc: 0.9355,Test F1: 0.9051,Test auc: 0.9323
2024-05-09 13:26:43.107 | INFO     | __main__:<module>:95 - Epoch: 17, Loss: 0.2920, Train Acc: 0.9363,  Test_Loss: 0.2750,Test Acc: 0.9312,Test F1: 0.8981,Test auc: 0.9258
2024-05-09 13:26:43.127 | INFO     | __main__:<module>:95 - Epoch: 18, Loss: 0.2868, Train Acc: 0.9335,  Test_Loss: 0.2634,Test Acc: 0.9355,Test F1: 0.9045,Test auc: 0.9306
2024-05-09 13:26:43.151 | INFO     | __main__:<module>:95 - Epoch: 19, Loss: 0.2645, Train Acc: 0.9391,  Test_Loss: 0.2512,Test Acc: 0.9398,Test F1: 0.9114,Test auc: 0.9371
2024-05-09 13:26:43.178 | INFO     | __main__:<module>:95 - Epoch: 20, Loss: 0.2546, Train Acc: 0.9428,  Test_Loss: 0.2395,Test Acc: 0.9398,Test F1: 0.9114,Test auc: 0.9371
2024-05-09 13:26:43.216 | INFO     | __main__:<module>:95 - Epoch: 21, Loss: 0.2328, Train Acc: 0.9501,  Test_Loss: 0.2288,Test Acc: 0.9441,Test F1: 0.9182,Test auc: 0.9435
2024-05-09 13:26:43.265 | INFO     | __main__:<module>:95 - Epoch: 22, Loss: 0.2281, Train Acc: 0.9492,  Test_Loss: 0.2189,Test Acc: 0.9462,Test F1: 0.9216,Test auc: 0.9468
2024-05-09 13:26:43.310 | INFO     | __main__:<module>:95 - Epoch: 23, Loss: 0.2222, Train Acc: 0.9446,  Test_Loss: 0.2102,Test Acc: 0.9462,Test F1: 0.9216,Test auc: 0.9468
2024-05-09 13:26:43.341 | INFO     | __main__:<module>:95 - Epoch: 24, Loss: 0.2207, Train Acc: 0.9483,  Test_Loss: 0.2021,Test Acc: 0.9505,Test F1: 0.9283,Test auc: 0.9532
2024-05-09 13:26:43.361 | INFO     | __main__:<module>:95 - Epoch: 25, Loss: 0.2187, Train Acc: 0.9428,  Test_Loss: 0.1942,Test Acc: 0.9505,Test F1: 0.9283,Test auc: 0.9532
2024-05-09 13:26:43.389 | INFO     | __main__:<module>:95 - Epoch: 26, Loss: 0.1945, Train Acc: 0.9529,  Test_Loss: 0.1866,Test Acc: 0.9505,Test F1: 0.9283,Test auc: 0.9532
2024-05-09 13:26:43.429 | INFO     | __main__:<module>:95 - Epoch: 27, Loss: 0.1923, Train Acc: 0.9566,  Test_Loss: 0.1798,Test Acc: 0.9462,Test F1: 0.9216,Test auc: 0.9468
2024-05-09 13:26:43.465 | INFO     | __main__:<module>:95 - Epoch: 28, Loss: 0.1765, Train Acc: 0.9566,  Test_Loss: 0.1740,Test Acc: 0.9484,Test F1: 0.9245,Test auc: 0.9484
2024-05-09 13:26:43.498 | INFO     | __main__:<module>:95 - Epoch: 29, Loss: 0.1844, Train Acc: 0.9501,  Test_Loss: 0.1684,Test Acc: 0.9462,Test F1: 0.9211,Test auc: 0.9452
2024-05-09 13:26:43.522 | INFO     | __main__:<module>:95 - Epoch: 30, Loss: 0.1880, Train Acc: 0.9464,  Test_Loss: 0.1622,Test Acc: 0.9484,Test F1: 0.9245,Test auc: 0.9484
2024-05-09 13:26:43.542 | INFO     | __main__:<module>:95 - Epoch: 31, Loss: 0.1620, Train Acc: 0.9529,  Test_Loss: 0.1556,Test Acc: 0.9505,Test F1: 0.9279,Test auc: 0.9516
2024-05-09 13:26:43.567 | INFO     | __main__:<module>:95 - Epoch: 32, Loss: 0.1726, Train Acc: 0.9483,  Test_Loss: 0.1496,Test Acc: 0.9527,Test F1: 0.9317,Test auc: 0.9565
2024-05-09 13:26:43.597 | INFO     | __main__:<module>:95 - Epoch: 33, Loss: 0.1617, Train Acc: 0.9557,  Test_Loss: 0.1446,Test Acc: 0.9527,Test F1: 0.9317,Test auc: 0.9565
2024-05-09 13:26:43.632 | INFO     | __main__:<module>:95 - Epoch: 34, Loss: 0.1463, Train Acc: 0.9584,  Test_Loss: 0.1398,Test Acc: 0.9591,Test F1: 0.9408,Test auc: 0.9629
2024-05-09 13:26:43.668 | INFO     | __main__:<module>:95 - Epoch: 35, Loss: 0.1478, Train Acc: 0.9649,  Test_Loss: 0.1344,Test Acc: 0.9634,Test F1: 0.9467,Test auc: 0.9661
2024-05-09 13:26:43.703 | INFO     | __main__:<module>:95 - Epoch: 36, Loss: 0.1371, Train Acc: 0.9649,  Test_Loss: 0.1292,Test Acc: 0.9656,Test F1: 0.9497,Test auc: 0.9677
2024-05-09 13:26:43.730 | INFO     | __main__:<module>:95 - Epoch: 37, Loss: 0.1495, Train Acc: 0.9548,  Test_Loss: 0.1248,Test Acc: 0.9677,Test F1: 0.9524,Test auc: 0.9677
2024-05-09 13:26:43.753 | INFO     | __main__:<module>:95 - Epoch: 38, Loss: 0.1331, Train Acc: 0.9640,  Test_Loss: 0.1208,Test Acc: 0.9677,Test F1: 0.9524,Test auc: 0.9677
2024-05-09 13:26:43.784 | INFO     | __main__:<module>:95 - Epoch: 39, Loss: 0.1391, Train Acc: 0.9566,  Test_Loss: 0.1166,Test Acc: 0.9699,Test F1: 0.9557,Test auc: 0.9710
2024-05-09 13:26:43.810 | INFO     | __main__:<module>:95 - Epoch: 40, Loss: 0.1249, Train Acc: 0.9649,  Test_Loss: 0.1126,Test Acc: 0.9677,Test F1: 0.9527,Test auc: 0.9694
2024-05-09 13:26:43.846 | INFO     | __main__:<module>:95 - Epoch: 41, Loss: 0.1168, Train Acc: 0.9714,  Test_Loss: 0.1090,Test Acc: 0.9699,Test F1: 0.9557,Test auc: 0.9710
2024-05-09 13:26:43.873 | INFO     | __main__:<module>:95 - Epoch: 42, Loss: 0.1210, Train Acc: 0.9631,  Test_Loss: 0.1065,Test Acc: 0.9742,Test F1: 0.9623,Test auc: 0.9774
2024-05-09 13:26:43.911 | INFO     | __main__:<module>:95 - Epoch: 43, Loss: 0.1109, Train Acc: 0.9686,  Test_Loss: 0.1044,Test Acc: 0.9742,Test F1: 0.9623,Test auc: 0.9774
2024-05-09 13:26:43.932 | INFO     | __main__:<module>:95 - Epoch: 44, Loss: 0.1109, Train Acc: 0.9769,  Test_Loss: 0.1021,Test Acc: 0.9742,Test F1: 0.9623,Test auc: 0.9774
2024-05-09 13:26:43.956 | INFO     | __main__:<module>:95 - Epoch: 45, Loss: 0.0952, Train Acc: 0.9769,  Test_Loss: 0.0986,Test Acc: 0.9742,Test F1: 0.9623,Test auc: 0.9774
2024-05-09 13:26:43.976 | INFO     | __main__:<module>:95 - Epoch: 46, Loss: 0.1070, Train Acc: 0.9695,  Test_Loss: 0.0958,Test Acc: 0.9742,Test F1: 0.9623,Test auc: 0.9774
2024-05-09 13:26:43.997 | INFO     | __main__:<module>:95 - Epoch: 47, Loss: 0.0979, Train Acc: 0.9778,  Test_Loss: 0.0925,Test Acc: 0.9742,Test F1: 0.9623,Test auc: 0.9774
2024-05-09 13:26:44.033 | INFO     | __main__:<module>:95 - Epoch: 48, Loss: 0.1027, Train Acc: 0.9769,  Test_Loss: 0.0897,Test Acc: 0.9742,Test F1: 0.9623,Test auc: 0.9774
2024-05-09 13:26:44.074 | INFO     | __main__:<module>:95 - Epoch: 49, Loss: 0.1009, Train Acc: 0.9751,  Test_Loss: 0.0874,Test Acc: 0.9763,Test F1: 0.9653,Test auc: 0.9790
2024-05-09 13:26:44.112 | INFO     | __main__:<module>:95 - Epoch: 50, Loss: 0.0992, Train Acc: 0.9760,  Test_Loss: 0.0854,Test Acc: 0.9785,Test F1: 0.9684,Test auc: 0.9806
2024-05-09 13:26:44.139 | INFO     | __main__:<module>:95 - Epoch: 51, Loss: 0.0975, Train Acc: 0.9741,  Test_Loss: 0.0836,Test Acc: 0.9785,Test F1: 0.9684,Test auc: 0.9806
2024-05-09 13:26:44.161 | INFO     | __main__:<module>:95 - Epoch: 52, Loss: 0.1005, Train Acc: 0.9668,  Test_Loss: 0.0824,Test Acc: 0.9763,Test F1: 0.9653,Test auc: 0.9790
2024-05-09 13:26:44.179 | INFO     | __main__:<module>:95 - Epoch: 53, Loss: 0.0934, Train Acc: 0.9778,  Test_Loss: 0.0825,Test Acc: 0.9742,Test F1: 0.9625,Test auc: 0.9790
2024-05-09 13:26:44.198 | INFO     | __main__:<module>:95 - Epoch: 54, Loss: 0.0929, Train Acc: 0.9714,  Test_Loss: 0.0828,Test Acc: 0.9742,Test F1: 0.9625,Test auc: 0.9790
2024-05-09 13:26:44.222 | INFO     | __main__:<module>:95 - Epoch: 55, Loss: 0.0925, Train Acc: 0.9769,  Test_Loss: 0.0830,Test Acc: 0.9742,Test F1: 0.9625,Test auc: 0.9790
2024-05-09 13:26:44.258 | INFO     | __main__:<module>:95 - Epoch: 56, Loss: 0.0898, Train Acc: 0.9788,  Test_Loss: 0.0835,Test Acc: 0.9742,Test F1: 0.9625,Test auc: 0.9790
2024-05-09 13:26:44.285 | INFO     | __main__:<module>:95 - Epoch: 57, Loss: 0.0961, Train Acc: 0.9769,  Test_Loss: 0.0835,Test Acc: 0.9742,Test F1: 0.9625,Test auc: 0.9790
2024-05-09 13:26:44.319 | INFO     | __main__:<module>:95 - Epoch: 58, Loss: 0.0948, Train Acc: 0.9723,  Test_Loss: 0.0842,Test Acc: 0.9742,Test F1: 0.9625,Test auc: 0.9790
2024-05-09 13:26:44.340 | INFO     | __main__:<module>:95 - Epoch: 59, Loss: 0.0850, Train Acc: 0.9760,  Test_Loss: 0.0850,Test Acc: 0.9742,Test F1: 0.9625,Test auc: 0.9790
2024-05-09 13:26:44.367 | INFO     | __main__:<module>:95 - Epoch: 60, Loss: 0.0923, Train Acc: 0.9778,  Test_Loss: 0.0842,Test Acc: 0.9742,Test F1: 0.9625,Test auc: 0.9790
2024-05-09 13:26:44.393 | INFO     | __main__:<module>:95 - Epoch: 61, Loss: 0.0961, Train Acc: 0.9769,  Test_Loss: 0.0834,Test Acc: 0.9742,Test F1: 0.9625,Test auc: 0.9790
2024-05-09 13:26:44.412 | INFO     | __main__:<module>:95 - Epoch: 62, Loss: 0.0874, Train Acc: 0.9769,  Test_Loss: 0.0841,Test Acc: 0.9742,Test F1: 0.9625,Test auc: 0.9790
2024-05-09 13:26:44.430 | INFO     | __main__:<module>:95 - Epoch: 63, Loss: 0.0857, Train Acc: 0.9797,  Test_Loss: 0.0836,Test Acc: 0.9742,Test F1: 0.9625,Test auc: 0.9790
2024-05-09 13:26:44.451 | INFO     | __main__:<module>:95 - Epoch: 64, Loss: 0.0840, Train Acc: 0.9769,  Test_Loss: 0.0840,Test Acc: 0.9742,Test F1: 0.9625,Test auc: 0.9790
2024-05-09 13:26:44.471 | INFO     | __main__:<module>:95 - Epoch: 65, Loss: 0.0887, Train Acc: 0.9778,  Test_Loss: 0.0839,Test Acc: 0.9742,Test F1: 0.9625,Test auc: 0.9790
2024-05-09 13:26:44.496 | INFO     | __main__:<module>:95 - Epoch: 66, Loss: 0.0870, Train Acc: 0.9778,  Test_Loss: 0.0847,Test Acc: 0.9742,Test F1: 0.9625,Test auc: 0.9790
2024-05-09 13:26:44.520 | INFO     | __main__:<module>:95 - Epoch: 67, Loss: 0.0921, Train Acc: 0.9806,  Test_Loss: 0.0847,Test Acc: 0.9742,Test F1: 0.9625,Test auc: 0.9790
2024-05-09 13:26:44.536 | INFO     | __main__:<module>:95 - Epoch: 68, Loss: 0.0940, Train Acc: 0.9769,  Test_Loss: 0.0851,Test Acc: 0.9742,Test F1: 0.9625,Test auc: 0.9790
2024-05-09 13:26:44.552 | INFO     | __main__:<module>:95 - Epoch: 69, Loss: 0.0927, Train Acc: 0.9741,  Test_Loss: 0.0853,Test Acc: 0.9742,Test F1: 0.9625,Test auc: 0.9790
2024-05-09 13:26:44.569 | INFO     | __main__:<module>:95 - Epoch: 70, Loss: 0.0986, Train Acc: 0.9686,  Test_Loss: 0.0850,Test Acc: 0.9742,Test F1: 0.9625,Test auc: 0.9790
2024-05-09 13:26:44.588 | INFO     | __main__:<module>:95 - Epoch: 71, Loss: 0.0892, Train Acc: 0.9806,  Test_Loss: 0.0865,Test Acc: 0.9742,Test F1: 0.9625,Test auc: 0.9790
2024-05-09 13:26:44.607 | INFO     | __main__:<module>:95 - Epoch: 72, Loss: 0.0832, Train Acc: 0.9815,  Test_Loss: 0.0860,Test Acc: 0.9742,Test F1: 0.9625,Test auc: 0.9790
2024-05-09 13:26:44.624 | INFO     | __main__:<module>:95 - Epoch: 73, Loss: 0.0978, Train Acc: 0.9695,  Test_Loss: 0.0866,Test Acc: 0.9742,Test F1: 0.9625,Test auc: 0.9790
2024-05-09 13:26:44.654 | INFO     | __main__:<module>:95 - Epoch: 74, Loss: 0.0878, Train Acc: 0.9806,  Test_Loss: 0.0859,Test Acc: 0.9742,Test F1: 0.9625,Test auc: 0.9790
2024-05-09 13:26:44.688 | INFO     | __main__:<module>:95 - Epoch: 75, Loss: 0.0850, Train Acc: 0.9797,  Test_Loss: 0.0857,Test Acc: 0.9742,Test F1: 0.9625,Test auc: 0.9790
2024-05-09 13:26:44.721 | INFO     | __main__:<module>:95 - Epoch: 76, Loss: 0.0857, Train Acc: 0.9834,  Test_Loss: 0.0846,Test Acc: 0.9742,Test F1: 0.9625,Test auc: 0.9790
2024-05-09 13:26:44.739 | INFO     | __main__:<module>:95 - Epoch: 77, Loss: 0.0926, Train Acc: 0.9723,  Test_Loss: 0.0847,Test Acc: 0.9742,Test F1: 0.9625,Test auc: 0.9790
2024-05-09 13:26:44.756 | INFO     | __main__:<module>:95 - Epoch: 78, Loss: 0.0862, Train Acc: 0.9788,  Test_Loss: 0.0859,Test Acc: 0.9742,Test F1: 0.9625,Test auc: 0.9790
2024-05-09 13:26:44.773 | INFO     | __main__:<module>:95 - Epoch: 79, Loss: 0.0872, Train Acc: 0.9797,  Test_Loss: 0.0841,Test Acc: 0.9742,Test F1: 0.9625,Test auc: 0.9790
2024-05-09 13:26:44.799 | INFO     | __main__:<module>:95 - Epoch: 80, Loss: 0.0939, Train Acc: 0.9732,  Test_Loss: 0.0853,Test Acc: 0.9742,Test F1: 0.9625,Test auc: 0.9790
2024-05-09 13:26:44.826 | INFO     | __main__:<module>:95 - Epoch: 81, Loss: 0.0871, Train Acc: 0.9769,  Test_Loss: 0.0865,Test Acc: 0.9742,Test F1: 0.9625,Test auc: 0.9790
2024-05-09 13:26:44.851 | INFO     | __main__:<module>:95 - Epoch: 82, Loss: 0.0902, Train Acc: 0.9760,  Test_Loss: 0.0855,Test Acc: 0.9742,Test F1: 0.9625,Test auc: 0.9790
2024-05-09 13:26:44.852 | INFO     | __main__:<module>:113 - 1.4735770225524902
2024-05-09 13:26:45.350 | INFO     | __main__:<module>:74 - Namespace(dataset='sc', model='GCN', learning_rate=0.01, epochs=9999, hidden_units=16, dropout=0.4, weight_decay=0.01, weight_decay1=0.01, weight_decay2=0.0005, early_stopping=30, residual=True, seed=824, type='Binary', DEVICE='cuda', theta=0.5, layers=64, alpha=0.1, feature_type='x_65', CGCN=0)
2024-05-09 13:26:45.351 | INFO     | __main__:<module>:75 - Data(edge_index=[2, 35976], weight=[35976], num_nodes=10320, x=[10320, 7], train_mask=[10320], test_mask=[10320], label=[10320])
2024-05-09 13:26:45.372 | INFO     | __main__:<module>:95 - Epoch: 00, Loss: 0.7709, Train Acc: 0.8079,  Test_Loss: 0.5559,Test Acc: 0.9140,Test F1: 0.8857,Test auc: 0.9355
2024-05-09 13:26:45.394 | INFO     | __main__:<module>:95 - Epoch: 01, Loss: 0.5493, Train Acc: 0.8772,  Test_Loss: 0.5141,Test Acc: 0.9204,Test F1: 0.8921,Test auc: 0.9371
2024-05-09 13:26:45.419 | INFO     | __main__:<module>:95 - Epoch: 02, Loss: 0.5253, Train Acc: 0.8827,  Test_Loss: 0.4742,Test Acc: 0.9140,Test F1: 0.8788,Test auc: 0.9194
2024-05-09 13:26:45.443 | INFO     | __main__:<module>:95 - Epoch: 03, Loss: 0.4925, Train Acc: 0.9187,  Test_Loss: 0.4373,Test Acc: 0.9097,Test F1: 0.8662,Test auc: 0.9016
2024-05-09 13:26:45.468 | INFO     | __main__:<module>:95 - Epoch: 04, Loss: 0.4218, Train Acc: 0.9104,  Test_Loss: 0.4032,Test Acc: 0.9075,Test F1: 0.8608,Test auc: 0.8952
2024-05-09 13:26:45.491 | INFO     | __main__:<module>:95 - Epoch: 05, Loss: 0.3957, Train Acc: 0.9187,  Test_Loss: 0.3623,Test Acc: 0.9183,Test F1: 0.8790,Test auc: 0.9113
2024-05-09 13:26:45.520 | INFO     | __main__:<module>:95 - Epoch: 06, Loss: 0.3706, Train Acc: 0.9123,  Test_Loss: 0.3251,Test Acc: 0.9269,Test F1: 0.8931,Test auc: 0.9242
2024-05-09 13:26:45.544 | INFO     | __main__:<module>:95 - Epoch: 07, Loss: 0.3327, Train Acc: 0.9298,  Test_Loss: 0.3008,Test Acc: 0.9419,Test F1: 0.9159,Test auc: 0.9435
2024-05-09 13:26:45.572 | INFO     | __main__:<module>:95 - Epoch: 08, Loss: 0.3106, Train Acc: 0.9400,  Test_Loss: 0.2819,Test Acc: 0.9484,Test F1: 0.9259,Test auc: 0.9532
2024-05-09 13:26:45.609 | INFO     | __main__:<module>:95 - Epoch: 09, Loss: 0.2975, Train Acc: 0.9372,  Test_Loss: 0.2643,Test Acc: 0.9462,Test F1: 0.9231,Test auc: 0.9516
2024-05-09 13:26:45.641 | INFO     | __main__:<module>:95 - Epoch: 10, Loss: 0.2857, Train Acc: 0.9354,  Test_Loss: 0.2465,Test Acc: 0.9484,Test F1: 0.9259,Test auc: 0.9532
2024-05-09 13:26:45.676 | INFO     | __main__:<module>:95 - Epoch: 11, Loss: 0.2555, Train Acc: 0.9520,  Test_Loss: 0.2310,Test Acc: 0.9376,Test F1: 0.9091,Test auc: 0.9371
2024-05-09 13:26:45.701 | INFO     | __main__:<module>:95 - Epoch: 12, Loss: 0.2516, Train Acc: 0.9354,  Test_Loss: 0.2193,Test Acc: 0.9376,Test F1: 0.9085,Test auc: 0.9355
2024-05-09 13:26:45.726 | INFO     | __main__:<module>:95 - Epoch: 13, Loss: 0.2391, Train Acc: 0.9391,  Test_Loss: 0.2077,Test Acc: 0.9419,Test F1: 0.9143,Test auc: 0.9387
2024-05-09 13:26:45.747 | INFO     | __main__:<module>:95 - Epoch: 14, Loss: 0.2178, Train Acc: 0.9446,  Test_Loss: 0.1942,Test Acc: 0.9462,Test F1: 0.9216,Test auc: 0.9468
2024-05-09 13:26:45.772 | INFO     | __main__:<module>:95 - Epoch: 15, Loss: 0.2078, Train Acc: 0.9464,  Test_Loss: 0.1835,Test Acc: 0.9527,Test F1: 0.9317,Test auc: 0.9565
2024-05-09 13:26:45.807 | INFO     | __main__:<module>:95 - Epoch: 16, Loss: 0.2113, Train Acc: 0.9464,  Test_Loss: 0.1763,Test Acc: 0.9505,Test F1: 0.9292,Test auc: 0.9565
2024-05-09 13:26:45.841 | INFO     | __main__:<module>:95 - Epoch: 17, Loss: 0.2044, Train Acc: 0.9437,  Test_Loss: 0.1705,Test Acc: 0.9548,Test F1: 0.9358,Test auc: 0.9629
2024-05-09 13:26:45.877 | INFO     | __main__:<module>:95 - Epoch: 18, Loss: 0.1894, Train Acc: 0.9511,  Test_Loss: 0.1609,Test Acc: 0.9570,Test F1: 0.9387,Test auc: 0.9645
2024-05-09 13:26:45.907 | INFO     | __main__:<module>:95 - Epoch: 19, Loss: 0.1961, Train Acc: 0.9492,  Test_Loss: 0.1523,Test Acc: 0.9613,Test F1: 0.9438,Test auc: 0.9645
2024-05-09 13:26:45.929 | INFO     | __main__:<module>:95 - Epoch: 20, Loss: 0.1718, Train Acc: 0.9557,  Test_Loss: 0.1487,Test Acc: 0.9527,Test F1: 0.9304,Test auc: 0.9516
2024-05-09 13:26:45.953 | INFO     | __main__:<module>:95 - Epoch: 21, Loss: 0.1773, Train Acc: 0.9446,  Test_Loss: 0.1462,Test Acc: 0.9505,Test F1: 0.9265,Test auc: 0.9468
2024-05-09 13:26:45.979 | INFO     | __main__:<module>:95 - Epoch: 22, Loss: 0.1729, Train Acc: 0.9455,  Test_Loss: 0.1348,Test Acc: 0.9613,Test F1: 0.9434,Test auc: 0.9629
2024-05-09 13:26:46.014 | INFO     | __main__:<module>:95 - Epoch: 23, Loss: 0.1533, Train Acc: 0.9575,  Test_Loss: 0.1298,Test Acc: 0.9656,Test F1: 0.9503,Test auc: 0.9710
2024-05-09 13:26:46.049 | INFO     | __main__:<module>:95 - Epoch: 24, Loss: 0.1479, Train Acc: 0.9594,  Test_Loss: 0.1285,Test Acc: 0.9677,Test F1: 0.9536,Test auc: 0.9742
2024-05-09 13:26:46.083 | INFO     | __main__:<module>:95 - Epoch: 25, Loss: 0.1646, Train Acc: 0.9548,  Test_Loss: 0.1244,Test Acc: 0.9699,Test F1: 0.9565,Test auc: 0.9758
2024-05-09 13:26:46.110 | INFO     | __main__:<module>:95 - Epoch: 26, Loss: 0.1556, Train Acc: 0.9566,  Test_Loss: 0.1170,Test Acc: 0.9699,Test F1: 0.9565,Test auc: 0.9758
2024-05-09 13:26:46.137 | INFO     | __main__:<module>:95 - Epoch: 27, Loss: 0.1293, Train Acc: 0.9640,  Test_Loss: 0.1105,Test Acc: 0.9720,Test F1: 0.9592,Test auc: 0.9758
2024-05-09 13:26:46.164 | INFO     | __main__:<module>:95 - Epoch: 28, Loss: 0.1385, Train Acc: 0.9640,  Test_Loss: 0.1063,Test Acc: 0.9720,Test F1: 0.9592,Test auc: 0.9758
2024-05-09 13:26:46.194 | INFO     | __main__:<module>:95 - Epoch: 29, Loss: 0.1348, Train Acc: 0.9557,  Test_Loss: 0.1027,Test Acc: 0.9720,Test F1: 0.9592,Test auc: 0.9758
2024-05-09 13:26:46.224 | INFO     | __main__:<module>:95 - Epoch: 30, Loss: 0.1170, Train Acc: 0.9621,  Test_Loss: 0.1000,Test Acc: 0.9720,Test F1: 0.9592,Test auc: 0.9758
2024-05-09 13:26:46.265 | INFO     | __main__:<module>:95 - Epoch: 31, Loss: 0.1341, Train Acc: 0.9621,  Test_Loss: 0.0988,Test Acc: 0.9699,Test F1: 0.9565,Test auc: 0.9758
2024-05-09 13:26:46.290 | INFO     | __main__:<module>:95 - Epoch: 32, Loss: 0.1227, Train Acc: 0.9612,  Test_Loss: 0.0995,Test Acc: 0.9699,Test F1: 0.9565,Test auc: 0.9758
2024-05-09 13:26:46.306 | INFO     | __main__:<module>:95 - Epoch: 33, Loss: 0.1230, Train Acc: 0.9640,  Test_Loss: 0.0998,Test Acc: 0.9699,Test F1: 0.9565,Test auc: 0.9758
2024-05-09 13:26:46.331 | INFO     | __main__:<module>:95 - Epoch: 34, Loss: 0.1198, Train Acc: 0.9677,  Test_Loss: 0.0983,Test Acc: 0.9699,Test F1: 0.9565,Test auc: 0.9758
2024-05-09 13:26:46.356 | INFO     | __main__:<module>:95 - Epoch: 35, Loss: 0.1256, Train Acc: 0.9668,  Test_Loss: 0.0975,Test Acc: 0.9699,Test F1: 0.9565,Test auc: 0.9758
2024-05-09 13:26:46.391 | INFO     | __main__:<module>:95 - Epoch: 36, Loss: 0.1185, Train Acc: 0.9686,  Test_Loss: 0.0938,Test Acc: 0.9699,Test F1: 0.9565,Test auc: 0.9758
2024-05-09 13:26:46.432 | INFO     | __main__:<module>:95 - Epoch: 37, Loss: 0.1216, Train Acc: 0.9621,  Test_Loss: 0.0892,Test Acc: 0.9742,Test F1: 0.9625,Test auc: 0.9790
2024-05-09 13:26:46.469 | INFO     | __main__:<module>:95 - Epoch: 38, Loss: 0.1079, Train Acc: 0.9668,  Test_Loss: 0.0850,Test Acc: 0.9806,Test F1: 0.9716,Test auc: 0.9839
2024-05-09 13:26:46.503 | INFO     | __main__:<module>:95 - Epoch: 39, Loss: 0.1179, Train Acc: 0.9584,  Test_Loss: 0.0827,Test Acc: 0.9806,Test F1: 0.9716,Test auc: 0.9839
2024-05-09 13:26:46.529 | INFO     | __main__:<module>:95 - Epoch: 40, Loss: 0.1111, Train Acc: 0.9640,  Test_Loss: 0.0813,Test Acc: 0.9806,Test F1: 0.9716,Test auc: 0.9839
2024-05-09 13:26:46.551 | INFO     | __main__:<module>:95 - Epoch: 41, Loss: 0.1051, Train Acc: 0.9649,  Test_Loss: 0.0801,Test Acc: 0.9785,Test F1: 0.9686,Test auc: 0.9823
2024-05-09 13:26:46.567 | INFO     | __main__:<module>:95 - Epoch: 42, Loss: 0.1066, Train Acc: 0.9640,  Test_Loss: 0.0802,Test Acc: 0.9763,Test F1: 0.9655,Test auc: 0.9806
2024-05-09 13:26:46.584 | INFO     | __main__:<module>:95 - Epoch: 43, Loss: 0.1040, Train Acc: 0.9686,  Test_Loss: 0.0802,Test Acc: 0.9763,Test F1: 0.9655,Test auc: 0.9806
2024-05-09 13:26:46.604 | INFO     | __main__:<module>:95 - Epoch: 44, Loss: 0.1124, Train Acc: 0.9612,  Test_Loss: 0.0817,Test Acc: 0.9763,Test F1: 0.9655,Test auc: 0.9806
2024-05-09 13:26:46.632 | INFO     | __main__:<module>:95 - Epoch: 45, Loss: 0.1061, Train Acc: 0.9686,  Test_Loss: 0.0829,Test Acc: 0.9742,Test F1: 0.9625,Test auc: 0.9790
2024-05-09 13:26:46.658 | INFO     | __main__:<module>:95 - Epoch: 46, Loss: 0.1003, Train Acc: 0.9723,  Test_Loss: 0.0823,Test Acc: 0.9763,Test F1: 0.9655,Test auc: 0.9806
2024-05-09 13:26:46.688 | INFO     | __main__:<module>:95 - Epoch: 47, Loss: 0.1126, Train Acc: 0.9584,  Test_Loss: 0.0823,Test Acc: 0.9763,Test F1: 0.9655,Test auc: 0.9806
2024-05-09 13:26:46.717 | INFO     | __main__:<module>:95 - Epoch: 48, Loss: 0.1006, Train Acc: 0.9677,  Test_Loss: 0.0819,Test Acc: 0.9763,Test F1: 0.9655,Test auc: 0.9806
2024-05-09 13:26:46.743 | INFO     | __main__:<module>:95 - Epoch: 49, Loss: 0.1046, Train Acc: 0.9677,  Test_Loss: 0.0835,Test Acc: 0.9742,Test F1: 0.9625,Test auc: 0.9790
2024-05-09 13:26:46.767 | INFO     | __main__:<module>:95 - Epoch: 50, Loss: 0.1053, Train Acc: 0.9686,  Test_Loss: 0.0837,Test Acc: 0.9742,Test F1: 0.9625,Test auc: 0.9790
2024-05-09 13:26:46.785 | INFO     | __main__:<module>:95 - Epoch: 51, Loss: 0.1037, Train Acc: 0.9723,  Test_Loss: 0.0865,Test Acc: 0.9742,Test F1: 0.9625,Test auc: 0.9790
2024-05-09 13:26:46.804 | INFO     | __main__:<module>:95 - Epoch: 52, Loss: 0.0999, Train Acc: 0.9668,  Test_Loss: 0.0860,Test Acc: 0.9742,Test F1: 0.9625,Test auc: 0.9790
2024-05-09 13:26:46.823 | INFO     | __main__:<module>:95 - Epoch: 53, Loss: 0.0939, Train Acc: 0.9732,  Test_Loss: 0.0879,Test Acc: 0.9742,Test F1: 0.9625,Test auc: 0.9790
2024-05-09 13:26:46.853 | INFO     | __main__:<module>:95 - Epoch: 54, Loss: 0.0984, Train Acc: 0.9677,  Test_Loss: 0.0844,Test Acc: 0.9742,Test F1: 0.9625,Test auc: 0.9790
2024-05-09 13:26:46.881 | INFO     | __main__:<module>:95 - Epoch: 55, Loss: 0.1030, Train Acc: 0.9705,  Test_Loss: 0.0855,Test Acc: 0.9742,Test F1: 0.9625,Test auc: 0.9790
2024-05-09 13:26:46.905 | INFO     | __main__:<module>:95 - Epoch: 56, Loss: 0.1087, Train Acc: 0.9658,  Test_Loss: 0.0841,Test Acc: 0.9742,Test F1: 0.9625,Test auc: 0.9790
2024-05-09 13:26:46.933 | INFO     | __main__:<module>:95 - Epoch: 57, Loss: 0.1077, Train Acc: 0.9686,  Test_Loss: 0.0834,Test Acc: 0.9742,Test F1: 0.9625,Test auc: 0.9790
2024-05-09 13:26:46.954 | INFO     | __main__:<module>:95 - Epoch: 58, Loss: 0.1147, Train Acc: 0.9621,  Test_Loss: 0.0836,Test Acc: 0.9742,Test F1: 0.9625,Test auc: 0.9790
2024-05-09 13:26:46.970 | INFO     | __main__:<module>:95 - Epoch: 59, Loss: 0.1025, Train Acc: 0.9649,  Test_Loss: 0.0838,Test Acc: 0.9742,Test F1: 0.9625,Test auc: 0.9790
2024-05-09 13:26:46.990 | INFO     | __main__:<module>:95 - Epoch: 60, Loss: 0.1090, Train Acc: 0.9631,  Test_Loss: 0.0885,Test Acc: 0.9742,Test F1: 0.9625,Test auc: 0.9790
2024-05-09 13:26:47.012 | INFO     | __main__:<module>:95 - Epoch: 61, Loss: 0.1069, Train Acc: 0.9658,  Test_Loss: 0.0893,Test Acc: 0.9742,Test F1: 0.9625,Test auc: 0.9790
2024-05-09 13:26:47.036 | INFO     | __main__:<module>:95 - Epoch: 62, Loss: 0.1134, Train Acc: 0.9575,  Test_Loss: 0.0916,Test Acc: 0.9742,Test F1: 0.9625,Test auc: 0.9790
2024-05-09 13:26:47.059 | INFO     | __main__:<module>:95 - Epoch: 63, Loss: 0.0965, Train Acc: 0.9686,  Test_Loss: 0.0902,Test Acc: 0.9742,Test F1: 0.9625,Test auc: 0.9790
2024-05-09 13:26:47.084 | INFO     | __main__:<module>:95 - Epoch: 64, Loss: 0.1023, Train Acc: 0.9705,  Test_Loss: 0.0869,Test Acc: 0.9742,Test F1: 0.9625,Test auc: 0.9790
2024-05-09 13:26:47.108 | INFO     | __main__:<module>:95 - Epoch: 65, Loss: 0.1095, Train Acc: 0.9677,  Test_Loss: 0.0872,Test Acc: 0.9742,Test F1: 0.9625,Test auc: 0.9790
2024-05-09 13:26:47.132 | INFO     | __main__:<module>:95 - Epoch: 66, Loss: 0.1116, Train Acc: 0.9686,  Test_Loss: 0.0889,Test Acc: 0.9742,Test F1: 0.9625,Test auc: 0.9790
2024-05-09 13:26:47.155 | INFO     | __main__:<module>:95 - Epoch: 67, Loss: 0.0929, Train Acc: 0.9788,  Test_Loss: 0.0880,Test Acc: 0.9742,Test F1: 0.9625,Test auc: 0.9790
2024-05-09 13:26:47.174 | INFO     | __main__:<module>:95 - Epoch: 68, Loss: 0.1104, Train Acc: 0.9612,  Test_Loss: 0.0891,Test Acc: 0.9742,Test F1: 0.9625,Test auc: 0.9790
2024-05-09 13:26:47.196 | INFO     | __main__:<module>:95 - Epoch: 69, Loss: 0.1115, Train Acc: 0.9621,  Test_Loss: 0.0884,Test Acc: 0.9742,Test F1: 0.9625,Test auc: 0.9790
2024-05-09 13:26:47.218 | INFO     | __main__:<module>:95 - Epoch: 70, Loss: 0.1097, Train Acc: 0.9584,  Test_Loss: 0.0869,Test Acc: 0.9742,Test F1: 0.9625,Test auc: 0.9790
2024-05-09 13:26:47.240 | INFO     | __main__:<module>:95 - Epoch: 71, Loss: 0.1069, Train Acc: 0.9668,  Test_Loss: 0.0864,Test Acc: 0.9742,Test F1: 0.9625,Test auc: 0.9790
2024-05-09 13:26:47.241 | INFO     | __main__:<module>:113 - 1.2638094425201416
2024-05-09 13:26:47.601 | INFO     | __main__:<module>:74 - Namespace(dataset='sc', model='GCN', learning_rate=0.01, epochs=9999, hidden_units=16, dropout=0.4, weight_decay=0.01, weight_decay1=0.01, weight_decay2=0.0005, early_stopping=30, residual=True, seed=824, type='Binary', DEVICE='cuda', theta=0.5, layers=64, alpha=0.1, feature_type='x_65', CGCN=0)
2024-05-09 13:26:47.602 | INFO     | __main__:<module>:75 - Data(edge_index=[2, 35976], weight=[35976], num_nodes=10320, x=[10320, 8], train_mask=[10320], test_mask=[10320], label=[10320])
2024-05-09 13:26:47.623 | INFO     | __main__:<module>:95 - Epoch: 00, Loss: 0.5733, Train Acc: 0.8393,  Test_Loss: 0.4949,Test Acc: 0.9247,Test F1: 0.8882,Test auc: 0.9177
2024-05-09 13:26:47.657 | INFO     | __main__:<module>:95 - Epoch: 01, Loss: 0.5042, Train Acc: 0.9169,  Test_Loss: 0.4571,Test Acc: 0.9290,Test F1: 0.9038,Test auc: 0.9468
2024-05-09 13:26:47.688 | INFO     | __main__:<module>:95 - Epoch: 02, Loss: 0.4582, Train Acc: 0.9243,  Test_Loss: 0.4283,Test Acc: 0.9312,Test F1: 0.9064,Test auc: 0.9484
2024-05-09 13:26:47.721 | INFO     | __main__:<module>:95 - Epoch: 03, Loss: 0.4356, Train Acc: 0.9418,  Test_Loss: 0.3977,Test Acc: 0.9376,Test F1: 0.9145,Test auc: 0.9532
2024-05-09 13:26:47.744 | INFO     | __main__:<module>:95 - Epoch: 04, Loss: 0.4058, Train Acc: 0.9418,  Test_Loss: 0.3659,Test Acc: 0.9484,Test F1: 0.9277,Test auc: 0.9597
2024-05-09 13:26:47.771 | INFO     | __main__:<module>:95 - Epoch: 05, Loss: 0.3720, Train Acc: 0.9437,  Test_Loss: 0.3397,Test Acc: 0.9355,Test F1: 0.9057,Test auc: 0.9339
2024-05-09 13:26:47.797 | INFO     | __main__:<module>:95 - Epoch: 06, Loss: 0.3427, Train Acc: 0.9492,  Test_Loss: 0.3193,Test Acc: 0.9333,Test F1: 0.8997,Test auc: 0.9242
2024-05-09 13:26:47.831 | INFO     | __main__:<module>:95 - Epoch: 07, Loss: 0.3410, Train Acc: 0.9307,  Test_Loss: 0.2958,Test Acc: 0.9312,Test F1: 0.8987,Test auc: 0.9274
2024-05-09 13:26:47.871 | INFO     | __main__:<module>:95 - Epoch: 08, Loss: 0.3001, Train Acc: 0.9455,  Test_Loss: 0.2755,Test Acc: 0.9398,Test F1: 0.9125,Test auc: 0.9403
2024-05-09 13:26:47.907 | INFO     | __main__:<module>:95 - Epoch: 09, Loss: 0.2884, Train Acc: 0.9391,  Test_Loss: 0.2597,Test Acc: 0.9441,Test F1: 0.9198,Test auc: 0.9484
2024-05-09 13:26:47.938 | INFO     | __main__:<module>:95 - Epoch: 10, Loss: 0.2689, Train Acc: 0.9492,  Test_Loss: 0.2462,Test Acc: 0.9419,Test F1: 0.9169,Test auc: 0.9468
2024-05-09 13:26:47.969 | INFO     | __main__:<module>:95 - Epoch: 11, Loss: 0.2466, Train Acc: 0.9455,  Test_Loss: 0.2324,Test Acc: 0.9441,Test F1: 0.9198,Test auc: 0.9484
2024-05-09 13:26:47.993 | INFO     | __main__:<module>:95 - Epoch: 12, Loss: 0.2355, Train Acc: 0.9400,  Test_Loss: 0.2201,Test Acc: 0.9441,Test F1: 0.9193,Test auc: 0.9468
2024-05-09 13:26:48.026 | INFO     | __main__:<module>:95 - Epoch: 13, Loss: 0.2180, Train Acc: 0.9428,  Test_Loss: 0.2120,Test Acc: 0.9376,Test F1: 0.9085,Test auc: 0.9355
2024-05-09 13:26:48.064 | INFO     | __main__:<module>:95 - Epoch: 14, Loss: 0.2211, Train Acc: 0.9381,  Test_Loss: 0.2037,Test Acc: 0.9376,Test F1: 0.9085,Test auc: 0.9355
2024-05-09 13:26:48.106 | INFO     | __main__:<module>:95 - Epoch: 15, Loss: 0.2112, Train Acc: 0.9381,  Test_Loss: 0.1943,Test Acc: 0.9441,Test F1: 0.9193,Test auc: 0.9468
2024-05-09 13:26:48.143 | INFO     | __main__:<module>:95 - Epoch: 16, Loss: 0.2009, Train Acc: 0.9437,  Test_Loss: 0.1857,Test Acc: 0.9462,Test F1: 0.9226,Test auc: 0.9500
2024-05-09 13:26:48.179 | INFO     | __main__:<module>:95 - Epoch: 17, Loss: 0.1875, Train Acc: 0.9520,  Test_Loss: 0.1796,Test Acc: 0.9462,Test F1: 0.9231,Test auc: 0.9516
2024-05-09 13:26:48.204 | INFO     | __main__:<module>:95 - Epoch: 18, Loss: 0.1770, Train Acc: 0.9520,  Test_Loss: 0.1753,Test Acc: 0.9505,Test F1: 0.9297,Test auc: 0.9581
2024-05-09 13:26:48.233 | INFO     | __main__:<module>:95 - Epoch: 19, Loss: 0.1834, Train Acc: 0.9511,  Test_Loss: 0.1686,Test Acc: 0.9505,Test F1: 0.9297,Test auc: 0.9581
2024-05-09 13:26:48.271 | INFO     | __main__:<module>:95 - Epoch: 20, Loss: 0.1705, Train Acc: 0.9557,  Test_Loss: 0.1593,Test Acc: 0.9527,Test F1: 0.9321,Test auc: 0.9581
2024-05-09 13:26:48.315 | INFO     | __main__:<module>:95 - Epoch: 21, Loss: 0.1684, Train Acc: 0.9464,  Test_Loss: 0.1511,Test Acc: 0.9527,Test F1: 0.9317,Test auc: 0.9565
2024-05-09 13:26:48.350 | INFO     | __main__:<module>:95 - Epoch: 22, Loss: 0.1612, Train Acc: 0.9566,  Test_Loss: 0.1462,Test Acc: 0.9548,Test F1: 0.9342,Test auc: 0.9565
2024-05-09 13:26:48.378 | INFO     | __main__:<module>:95 - Epoch: 23, Loss: 0.1632, Train Acc: 0.9437,  Test_Loss: 0.1396,Test Acc: 0.9548,Test F1: 0.9342,Test auc: 0.9565
2024-05-09 13:26:48.402 | INFO     | __main__:<module>:95 - Epoch: 24, Loss: 0.1527, Train Acc: 0.9501,  Test_Loss: 0.1333,Test Acc: 0.9548,Test F1: 0.9346,Test auc: 0.9581
2024-05-09 13:26:48.427 | INFO     | __main__:<module>:95 - Epoch: 25, Loss: 0.1414, Train Acc: 0.9603,  Test_Loss: 0.1284,Test Acc: 0.9591,Test F1: 0.9412,Test auc: 0.9645
2024-05-09 13:26:48.458 | INFO     | __main__:<module>:95 - Epoch: 26, Loss: 0.1313, Train Acc: 0.9557,  Test_Loss: 0.1258,Test Acc: 0.9634,Test F1: 0.9477,Test auc: 0.9710
2024-05-09 13:26:48.496 | INFO     | __main__:<module>:95 - Epoch: 27, Loss: 0.1339, Train Acc: 0.9686,  Test_Loss: 0.1231,Test Acc: 0.9677,Test F1: 0.9536,Test auc: 0.9742
2024-05-09 13:26:48.538 | INFO     | __main__:<module>:95 - Epoch: 28, Loss: 0.1404, Train Acc: 0.9548,  Test_Loss: 0.1183,Test Acc: 0.9699,Test F1: 0.9565,Test auc: 0.9758
2024-05-09 13:26:48.575 | INFO     | __main__:<module>:95 - Epoch: 29, Loss: 0.1263, Train Acc: 0.9649,  Test_Loss: 0.1119,Test Acc: 0.9699,Test F1: 0.9565,Test auc: 0.9758
2024-05-09 13:26:48.603 | INFO     | __main__:<module>:95 - Epoch: 30, Loss: 0.1187, Train Acc: 0.9640,  Test_Loss: 0.1068,Test Acc: 0.9677,Test F1: 0.9533,Test auc: 0.9726
2024-05-09 13:26:48.633 | INFO     | __main__:<module>:95 - Epoch: 31, Loss: 0.1078, Train Acc: 0.9778,  Test_Loss: 0.1032,Test Acc: 0.9763,Test F1: 0.9653,Test auc: 0.9790
2024-05-09 13:26:48.666 | INFO     | __main__:<module>:95 - Epoch: 32, Loss: 0.1063, Train Acc: 0.9732,  Test_Loss: 0.0998,Test Acc: 0.9785,Test F1: 0.9684,Test auc: 0.9806
2024-05-09 13:26:48.705 | INFO     | __main__:<module>:95 - Epoch: 33, Loss: 0.1055, Train Acc: 0.9788,  Test_Loss: 0.0964,Test Acc: 0.9720,Test F1: 0.9592,Test auc: 0.9758
2024-05-09 13:26:48.744 | INFO     | __main__:<module>:95 - Epoch: 34, Loss: 0.1028, Train Acc: 0.9741,  Test_Loss: 0.0938,Test Acc: 0.9742,Test F1: 0.9625,Test auc: 0.9790
2024-05-09 13:26:48.776 | INFO     | __main__:<module>:95 - Epoch: 35, Loss: 0.0973, Train Acc: 0.9834,  Test_Loss: 0.0921,Test Acc: 0.9742,Test F1: 0.9625,Test auc: 0.9790
2024-05-09 13:26:48.806 | INFO     | __main__:<module>:95 - Epoch: 36, Loss: 0.0946, Train Acc: 0.9815,  Test_Loss: 0.0913,Test Acc: 0.9742,Test F1: 0.9625,Test auc: 0.9790
2024-05-09 13:26:48.837 | INFO     | __main__:<module>:95 - Epoch: 37, Loss: 0.0907, Train Acc: 0.9797,  Test_Loss: 0.0892,Test Acc: 0.9742,Test F1: 0.9625,Test auc: 0.9790
2024-05-09 13:26:48.859 | INFO     | __main__:<module>:95 - Epoch: 38, Loss: 0.0894, Train Acc: 0.9797,  Test_Loss: 0.0853,Test Acc: 0.9763,Test F1: 0.9655,Test auc: 0.9806
2024-05-09 13:26:48.885 | INFO     | __main__:<module>:95 - Epoch: 39, Loss: 0.0820, Train Acc: 0.9825,  Test_Loss: 0.0813,Test Acc: 0.9763,Test F1: 0.9655,Test auc: 0.9806
2024-05-09 13:26:48.918 | INFO     | __main__:<module>:95 - Epoch: 40, Loss: 0.0839, Train Acc: 0.9825,  Test_Loss: 0.0778,Test Acc: 0.9763,Test F1: 0.9655,Test auc: 0.9806
2024-05-09 13:26:48.953 | INFO     | __main__:<module>:95 - Epoch: 41, Loss: 0.0844, Train Acc: 0.9769,  Test_Loss: 0.0750,Test Acc: 0.9785,Test F1: 0.9686,Test auc: 0.9823
2024-05-09 13:26:48.985 | INFO     | __main__:<module>:95 - Epoch: 42, Loss: 0.0769, Train Acc: 0.9797,  Test_Loss: 0.0731,Test Acc: 0.9785,Test F1: 0.9686,Test auc: 0.9823
2024-05-09 13:26:49.009 | INFO     | __main__:<module>:95 - Epoch: 43, Loss: 0.0828, Train Acc: 0.9778,  Test_Loss: 0.0717,Test Acc: 0.9763,Test F1: 0.9655,Test auc: 0.9806
2024-05-09 13:26:49.035 | INFO     | __main__:<module>:95 - Epoch: 44, Loss: 0.0710, Train Acc: 0.9843,  Test_Loss: 0.0706,Test Acc: 0.9763,Test F1: 0.9655,Test auc: 0.9806
2024-05-09 13:26:49.060 | INFO     | __main__:<module>:95 - Epoch: 45, Loss: 0.0696, Train Acc: 0.9834,  Test_Loss: 0.0693,Test Acc: 0.9763,Test F1: 0.9655,Test auc: 0.9806
2024-05-09 13:26:49.087 | INFO     | __main__:<module>:95 - Epoch: 46, Loss: 0.0687, Train Acc: 0.9825,  Test_Loss: 0.0680,Test Acc: 0.9763,Test F1: 0.9655,Test auc: 0.9806
2024-05-09 13:26:49.123 | INFO     | __main__:<module>:95 - Epoch: 47, Loss: 0.0731, Train Acc: 0.9797,  Test_Loss: 0.0667,Test Acc: 0.9763,Test F1: 0.9655,Test auc: 0.9806
2024-05-09 13:26:49.164 | INFO     | __main__:<module>:95 - Epoch: 48, Loss: 0.0665, Train Acc: 0.9815,  Test_Loss: 0.0661,Test Acc: 0.9763,Test F1: 0.9655,Test auc: 0.9806
2024-05-09 13:26:49.200 | INFO     | __main__:<module>:95 - Epoch: 49, Loss: 0.0608, Train Acc: 0.9861,  Test_Loss: 0.0648,Test Acc: 0.9763,Test F1: 0.9655,Test auc: 0.9806
2024-05-09 13:26:49.228 | INFO     | __main__:<module>:95 - Epoch: 50, Loss: 0.0607, Train Acc: 0.9898,  Test_Loss: 0.0635,Test Acc: 0.9785,Test F1: 0.9686,Test auc: 0.9823
2024-05-09 13:26:49.255 | INFO     | __main__:<module>:95 - Epoch: 51, Loss: 0.0586, Train Acc: 0.9861,  Test_Loss: 0.0624,Test Acc: 0.9785,Test F1: 0.9686,Test auc: 0.9823
2024-05-09 13:26:49.284 | INFO     | __main__:<module>:95 - Epoch: 52, Loss: 0.0559, Train Acc: 0.9871,  Test_Loss: 0.0613,Test Acc: 0.9785,Test F1: 0.9686,Test auc: 0.9823
2024-05-09 13:26:49.319 | INFO     | __main__:<module>:95 - Epoch: 53, Loss: 0.0563, Train Acc: 0.9880,  Test_Loss: 0.0608,Test Acc: 0.9785,Test F1: 0.9686,Test auc: 0.9823
2024-05-09 13:26:49.351 | INFO     | __main__:<module>:95 - Epoch: 54, Loss: 0.0588, Train Acc: 0.9880,  Test_Loss: 0.0601,Test Acc: 0.9785,Test F1: 0.9686,Test auc: 0.9823
2024-05-09 13:26:49.385 | INFO     | __main__:<module>:95 - Epoch: 55, Loss: 0.0535, Train Acc: 0.9861,  Test_Loss: 0.0588,Test Acc: 0.9785,Test F1: 0.9686,Test auc: 0.9823
2024-05-09 13:26:49.417 | INFO     | __main__:<module>:95 - Epoch: 56, Loss: 0.0538, Train Acc: 0.9861,  Test_Loss: 0.0577,Test Acc: 0.9806,Test F1: 0.9716,Test auc: 0.9839
2024-05-09 13:26:49.445 | INFO     | __main__:<module>:95 - Epoch: 57, Loss: 0.0522, Train Acc: 0.9880,  Test_Loss: 0.0572,Test Acc: 0.9806,Test F1: 0.9716,Test auc: 0.9839
2024-05-09 13:26:49.462 | INFO     | __main__:<module>:95 - Epoch: 58, Loss: 0.0550, Train Acc: 0.9917,  Test_Loss: 0.0577,Test Acc: 0.9785,Test F1: 0.9686,Test auc: 0.9823
2024-05-09 13:26:49.480 | INFO     | __main__:<module>:95 - Epoch: 59, Loss: 0.0518, Train Acc: 0.9861,  Test_Loss: 0.0574,Test Acc: 0.9806,Test F1: 0.9716,Test auc: 0.9839
2024-05-09 13:26:49.499 | INFO     | __main__:<module>:95 - Epoch: 60, Loss: 0.0561, Train Acc: 0.9834,  Test_Loss: 0.0600,Test Acc: 0.9763,Test F1: 0.9655,Test auc: 0.9806
2024-05-09 13:26:49.520 | INFO     | __main__:<module>:95 - Epoch: 61, Loss: 0.0528, Train Acc: 0.9843,  Test_Loss: 0.0612,Test Acc: 0.9763,Test F1: 0.9655,Test auc: 0.9806
2024-05-09 13:26:49.541 | INFO     | __main__:<module>:95 - Epoch: 62, Loss: 0.0510, Train Acc: 0.9926,  Test_Loss: 0.0624,Test Acc: 0.9763,Test F1: 0.9655,Test auc: 0.9806
2024-05-09 13:26:49.570 | INFO     | __main__:<module>:95 - Epoch: 63, Loss: 0.0547, Train Acc: 0.9843,  Test_Loss: 0.0666,Test Acc: 0.9720,Test F1: 0.9598,Test auc: 0.9790
2024-05-09 13:26:49.594 | INFO     | __main__:<module>:95 - Epoch: 64, Loss: 0.0560, Train Acc: 0.9852,  Test_Loss: 0.0666,Test Acc: 0.9720,Test F1: 0.9598,Test auc: 0.9790
2024-05-09 13:26:49.623 | INFO     | __main__:<module>:95 - Epoch: 65, Loss: 0.0495, Train Acc: 0.9908,  Test_Loss: 0.0653,Test Acc: 0.9720,Test F1: 0.9598,Test auc: 0.9790
2024-05-09 13:26:49.651 | INFO     | __main__:<module>:95 - Epoch: 66, Loss: 0.0516, Train Acc: 0.9908,  Test_Loss: 0.0689,Test Acc: 0.9720,Test F1: 0.9598,Test auc: 0.9790
2024-05-09 13:26:49.669 | INFO     | __main__:<module>:95 - Epoch: 67, Loss: 0.0530, Train Acc: 0.9871,  Test_Loss: 0.0716,Test Acc: 0.9720,Test F1: 0.9598,Test auc: 0.9790
2024-05-09 13:26:49.686 | INFO     | __main__:<module>:95 - Epoch: 68, Loss: 0.0566, Train Acc: 0.9834,  Test_Loss: 0.0740,Test Acc: 0.9720,Test F1: 0.9598,Test auc: 0.9790
2024-05-09 13:26:49.705 | INFO     | __main__:<module>:95 - Epoch: 69, Loss: 0.0477, Train Acc: 0.9880,  Test_Loss: 0.0772,Test Acc: 0.9699,Test F1: 0.9568,Test auc: 0.9774
2024-05-09 13:26:49.733 | INFO     | __main__:<module>:95 - Epoch: 70, Loss: 0.0555, Train Acc: 0.9861,  Test_Loss: 0.0789,Test Acc: 0.9677,Test F1: 0.9538,Test auc: 0.9758
2024-05-09 13:26:49.758 | INFO     | __main__:<module>:95 - Epoch: 71, Loss: 0.0554, Train Acc: 0.9843,  Test_Loss: 0.0814,Test Acc: 0.9656,Test F1: 0.9509,Test auc: 0.9742
2024-05-09 13:26:49.783 | INFO     | __main__:<module>:95 - Epoch: 72, Loss: 0.0530, Train Acc: 0.9852,  Test_Loss: 0.0832,Test Acc: 0.9656,Test F1: 0.9509,Test auc: 0.9742
2024-05-09 13:26:49.808 | INFO     | __main__:<module>:95 - Epoch: 73, Loss: 0.0485, Train Acc: 0.9926,  Test_Loss: 0.0861,Test Acc: 0.9656,Test F1: 0.9509,Test auc: 0.9742
2024-05-09 13:26:49.833 | INFO     | __main__:<module>:95 - Epoch: 74, Loss: 0.0498, Train Acc: 0.9908,  Test_Loss: 0.0851,Test Acc: 0.9656,Test F1: 0.9509,Test auc: 0.9742
2024-05-09 13:26:49.852 | INFO     | __main__:<module>:95 - Epoch: 75, Loss: 0.0533, Train Acc: 0.9871,  Test_Loss: 0.0853,Test Acc: 0.9656,Test F1: 0.9509,Test auc: 0.9742
2024-05-09 13:26:49.869 | INFO     | __main__:<module>:95 - Epoch: 76, Loss: 0.0528, Train Acc: 0.9917,  Test_Loss: 0.0868,Test Acc: 0.9656,Test F1: 0.9509,Test auc: 0.9742
2024-05-09 13:26:49.886 | INFO     | __main__:<module>:95 - Epoch: 77, Loss: 0.0548, Train Acc: 0.9825,  Test_Loss: 0.0888,Test Acc: 0.9656,Test F1: 0.9509,Test auc: 0.9742
2024-05-09 13:26:49.904 | INFO     | __main__:<module>:95 - Epoch: 78, Loss: 0.0508, Train Acc: 0.9935,  Test_Loss: 0.0912,Test Acc: 0.9656,Test F1: 0.9509,Test auc: 0.9742
2024-05-09 13:26:49.923 | INFO     | __main__:<module>:95 - Epoch: 79, Loss: 0.0589, Train Acc: 0.9871,  Test_Loss: 0.0908,Test Acc: 0.9656,Test F1: 0.9509,Test auc: 0.9742
2024-05-09 13:26:49.952 | INFO     | __main__:<module>:95 - Epoch: 80, Loss: 0.0510, Train Acc: 0.9898,  Test_Loss: 0.0906,Test Acc: 0.9656,Test F1: 0.9509,Test auc: 0.9742
2024-05-09 13:26:49.974 | INFO     | __main__:<module>:95 - Epoch: 81, Loss: 0.0525, Train Acc: 0.9871,  Test_Loss: 0.0927,Test Acc: 0.9656,Test F1: 0.9509,Test auc: 0.9742
2024-05-09 13:26:50.003 | INFO     | __main__:<module>:95 - Epoch: 82, Loss: 0.0543, Train Acc: 0.9880,  Test_Loss: 0.0925,Test Acc: 0.9656,Test F1: 0.9509,Test auc: 0.9742
2024-05-09 13:26:50.027 | INFO     | __main__:<module>:95 - Epoch: 83, Loss: 0.0542, Train Acc: 0.9871,  Test_Loss: 0.0947,Test Acc: 0.9656,Test F1: 0.9509,Test auc: 0.9742
2024-05-09 13:26:50.049 | INFO     | __main__:<module>:95 - Epoch: 84, Loss: 0.0539, Train Acc: 0.9861,  Test_Loss: 0.0972,Test Acc: 0.9656,Test F1: 0.9509,Test auc: 0.9742
2024-05-09 13:26:50.067 | INFO     | __main__:<module>:95 - Epoch: 85, Loss: 0.0583, Train Acc: 0.9861,  Test_Loss: 0.0965,Test Acc: 0.9656,Test F1: 0.9509,Test auc: 0.9742
2024-05-09 13:26:50.083 | INFO     | __main__:<module>:95 - Epoch: 86, Loss: 0.0509, Train Acc: 0.9871,  Test_Loss: 0.0941,Test Acc: 0.9656,Test F1: 0.9509,Test auc: 0.9742
2024-05-09 13:26:50.101 | INFO     | __main__:<module>:95 - Epoch: 87, Loss: 0.0532, Train Acc: 0.9908,  Test_Loss: 0.0957,Test Acc: 0.9656,Test F1: 0.9509,Test auc: 0.9742
2024-05-09 13:26:50.102 | INFO     | __main__:<module>:113 - 1.603137731552124
2024-05-09 13:26:50.579 | INFO     | __main__:<module>:74 - Namespace(dataset='sc', model='GCN', learning_rate=0.01, epochs=9999, hidden_units=16, dropout=0.4, weight_decay=0.01, weight_decay1=0.01, weight_decay2=0.0005, early_stopping=30, residual=True, seed=824, type='Binary', DEVICE='cuda', theta=0.5, layers=64, alpha=0.1, feature_type='x_65', CGCN=0)
2024-05-09 13:26:50.580 | INFO     | __main__:<module>:75 - Data(edge_index=[2, 35976], weight=[35976], num_nodes=10320, x=[10320, 9], train_mask=[10320], test_mask=[10320], label=[10320])
2024-05-09 13:26:50.603 | INFO     | __main__:<module>:95 - Epoch: 00, Loss: 0.7702, Train Acc: 0.3130,  Test_Loss: 0.7014,Test Acc: 0.3333,Test F1: 0.5000,Test auc: 0.5000
2024-05-09 13:26:50.629 | INFO     | __main__:<module>:95 - Epoch: 01, Loss: 0.6738, Train Acc: 0.3343,  Test_Loss: 0.6315,Test Acc: 0.3398,Test F1: 0.5024,Test auc: 0.5048
2024-05-09 13:26:50.658 | INFO     | __main__:<module>:95 - Epoch: 02, Loss: 0.6200, Train Acc: 0.3629,  Test_Loss: 0.5688,Test Acc: 0.4667,Test F1: 0.5556,Test auc: 0.6000
2024-05-09 13:26:50.678 | INFO     | __main__:<module>:95 - Epoch: 03, Loss: 0.5679, Train Acc: 0.4986,  Test_Loss: 0.5151,Test Acc: 0.6430,Test F1: 0.6498,Test auc: 0.7306
2024-05-09 13:26:50.712 | INFO     | __main__:<module>:95 - Epoch: 04, Loss: 0.5269, Train Acc: 0.6648,  Test_Loss: 0.4786,Test Acc: 0.8882,Test F1: 0.8497,Test auc: 0.9032
2024-05-09 13:26:50.741 | INFO     | __main__:<module>:95 - Epoch: 05, Loss: 0.4940, Train Acc: 0.7858,  Test_Loss: 0.4433,Test Acc: 0.9118,Test F1: 0.8754,Test auc: 0.9161
2024-05-09 13:26:50.764 | INFO     | __main__:<module>:95 - Epoch: 06, Loss: 0.4647, Train Acc: 0.8532,  Test_Loss: 0.4080,Test Acc: 0.9290,Test F1: 0.8985,Test auc: 0.9323
2024-05-09 13:26:50.793 | INFO     | __main__:<module>:95 - Epoch: 07, Loss: 0.4374, Train Acc: 0.8855,  Test_Loss: 0.3766,Test Acc: 0.9355,Test F1: 0.9085,Test auc: 0.9419
2024-05-09 13:26:50.831 | INFO     | __main__:<module>:95 - Epoch: 08, Loss: 0.3974, Train Acc: 0.9224,  Test_Loss: 0.3475,Test Acc: 0.9376,Test F1: 0.9113,Test auc: 0.9435
2024-05-09 13:26:50.874 | INFO     | __main__:<module>:95 - Epoch: 09, Loss: 0.3835, Train Acc: 0.9104,  Test_Loss: 0.3206,Test Acc: 0.9398,Test F1: 0.9125,Test auc: 0.9403
2024-05-09 13:26:50.907 | INFO     | __main__:<module>:95 - Epoch: 10, Loss: 0.3446, Train Acc: 0.9215,  Test_Loss: 0.2996,Test Acc: 0.9290,Test F1: 0.8952,Test auc: 0.9242
2024-05-09 13:26:50.940 | INFO     | __main__:<module>:95 - Epoch: 11, Loss: 0.3377, Train Acc: 0.9141,  Test_Loss: 0.2774,Test Acc: 0.9398,Test F1: 0.9125,Test auc: 0.9403
2024-05-09 13:26:50.963 | INFO     | __main__:<module>:95 - Epoch: 12, Loss: 0.2981, Train Acc: 0.9289,  Test_Loss: 0.2605,Test Acc: 0.9376,Test F1: 0.9108,Test auc: 0.9419
2024-05-09 13:26:50.989 | INFO     | __main__:<module>:95 - Epoch: 13, Loss: 0.2930, Train Acc: 0.9372,  Test_Loss: 0.2438,Test Acc: 0.9376,Test F1: 0.9108,Test auc: 0.9419
2024-05-09 13:26:51.027 | INFO     | __main__:<module>:95 - Epoch: 14, Loss: 0.2689, Train Acc: 0.9317,  Test_Loss: 0.2269,Test Acc: 0.9398,Test F1: 0.9130,Test auc: 0.9419
2024-05-09 13:26:51.069 | INFO     | __main__:<module>:95 - Epoch: 15, Loss: 0.2513, Train Acc: 0.9400,  Test_Loss: 0.2118,Test Acc: 0.9441,Test F1: 0.9187,Test auc: 0.9452
2024-05-09 13:26:51.107 | INFO     | __main__:<module>:95 - Epoch: 16, Loss: 0.2762, Train Acc: 0.9372,  Test_Loss: 0.1962,Test Acc: 0.9441,Test F1: 0.9187,Test auc: 0.9452
2024-05-09 13:26:51.144 | INFO     | __main__:<module>:95 - Epoch: 17, Loss: 0.2319, Train Acc: 0.9400,  Test_Loss: 0.1816,Test Acc: 0.9484,Test F1: 0.9245,Test auc: 0.9484
2024-05-09 13:26:51.178 | INFO     | __main__:<module>:95 - Epoch: 18, Loss: 0.2253, Train Acc: 0.9354,  Test_Loss: 0.1675,Test Acc: 0.9548,Test F1: 0.9346,Test auc: 0.9581
2024-05-09 13:26:51.202 | INFO     | __main__:<module>:95 - Epoch: 19, Loss: 0.2089, Train Acc: 0.9428,  Test_Loss: 0.1586,Test Acc: 0.9591,Test F1: 0.9415,Test auc: 0.9661
2024-05-09 13:26:51.244 | INFO     | __main__:<module>:95 - Epoch: 20, Loss: 0.2044, Train Acc: 0.9428,  Test_Loss: 0.1517,Test Acc: 0.9613,Test F1: 0.9448,Test auc: 0.9694
2024-05-09 13:26:51.285 | INFO     | __main__:<module>:95 - Epoch: 21, Loss: 0.1870, Train Acc: 0.9474,  Test_Loss: 0.1351,Test Acc: 0.9613,Test F1: 0.9444,Test auc: 0.9677
2024-05-09 13:26:51.330 | INFO     | __main__:<module>:95 - Epoch: 22, Loss: 0.1650, Train Acc: 0.9621,  Test_Loss: 0.1224,Test Acc: 0.9656,Test F1: 0.9503,Test auc: 0.9710
2024-05-09 13:26:51.362 | INFO     | __main__:<module>:95 - Epoch: 23, Loss: 0.1600, Train Acc: 0.9584,  Test_Loss: 0.1142,Test Acc: 0.9720,Test F1: 0.9592,Test auc: 0.9758
2024-05-09 13:26:51.392 | INFO     | __main__:<module>:95 - Epoch: 24, Loss: 0.1558, Train Acc: 0.9474,  Test_Loss: 0.1082,Test Acc: 0.9699,Test F1: 0.9563,Test auc: 0.9742
2024-05-09 13:26:51.426 | INFO     | __main__:<module>:95 - Epoch: 25, Loss: 0.1367, Train Acc: 0.9649,  Test_Loss: 0.1026,Test Acc: 0.9742,Test F1: 0.9625,Test auc: 0.9790
2024-05-09 13:26:51.462 | INFO     | __main__:<module>:95 - Epoch: 26, Loss: 0.1387, Train Acc: 0.9584,  Test_Loss: 0.0967,Test Acc: 0.9742,Test F1: 0.9625,Test auc: 0.9790
2024-05-09 13:26:51.501 | INFO     | __main__:<module>:95 - Epoch: 27, Loss: 0.1417, Train Acc: 0.9529,  Test_Loss: 0.0928,Test Acc: 0.9742,Test F1: 0.9625,Test auc: 0.9790
2024-05-09 13:26:51.533 | INFO     | __main__:<module>:95 - Epoch: 28, Loss: 0.1263, Train Acc: 0.9649,  Test_Loss: 0.0912,Test Acc: 0.9742,Test F1: 0.9625,Test auc: 0.9790
2024-05-09 13:26:51.562 | INFO     | __main__:<module>:95 - Epoch: 29, Loss: 0.1286, Train Acc: 0.9658,  Test_Loss: 0.0887,Test Acc: 0.9742,Test F1: 0.9625,Test auc: 0.9790
2024-05-09 13:26:51.584 | INFO     | __main__:<module>:95 - Epoch: 30, Loss: 0.1266, Train Acc: 0.9677,  Test_Loss: 0.0829,Test Acc: 0.9742,Test F1: 0.9625,Test auc: 0.9790
2024-05-09 13:26:51.610 | INFO     | __main__:<module>:95 - Epoch: 31, Loss: 0.1206, Train Acc: 0.9668,  Test_Loss: 0.0786,Test Acc: 0.9763,Test F1: 0.9655,Test auc: 0.9806
2024-05-09 13:26:51.650 | INFO     | __main__:<module>:95 - Epoch: 32, Loss: 0.1058, Train Acc: 0.9677,  Test_Loss: 0.0752,Test Acc: 0.9763,Test F1: 0.9655,Test auc: 0.9806
2024-05-09 13:26:51.674 | INFO     | __main__:<module>:95 - Epoch: 33, Loss: 0.1155, Train Acc: 0.9677,  Test_Loss: 0.0774,Test Acc: 0.9763,Test F1: 0.9655,Test auc: 0.9806
2024-05-09 13:26:51.696 | INFO     | __main__:<module>:95 - Epoch: 34, Loss: 0.1317, Train Acc: 0.9631,  Test_Loss: 0.0789,Test Acc: 0.9763,Test F1: 0.9655,Test auc: 0.9806
2024-05-09 13:26:51.729 | INFO     | __main__:<module>:95 - Epoch: 35, Loss: 0.1089, Train Acc: 0.9741,  Test_Loss: 0.0814,Test Acc: 0.9785,Test F1: 0.9688,Test auc: 0.9839
2024-05-09 13:26:51.757 | INFO     | __main__:<module>:95 - Epoch: 36, Loss: 0.1043, Train Acc: 0.9751,  Test_Loss: 0.0814,Test Acc: 0.9785,Test F1: 0.9688,Test auc: 0.9839
2024-05-09 13:26:51.781 | INFO     | __main__:<module>:95 - Epoch: 37, Loss: 0.1095, Train Acc: 0.9658,  Test_Loss: 0.0818,Test Acc: 0.9785,Test F1: 0.9688,Test auc: 0.9839
2024-05-09 13:26:51.801 | INFO     | __main__:<module>:95 - Epoch: 38, Loss: 0.1091, Train Acc: 0.9695,  Test_Loss: 0.0877,Test Acc: 0.9763,Test F1: 0.9657,Test auc: 0.9823
2024-05-09 13:26:51.820 | INFO     | __main__:<module>:95 - Epoch: 39, Loss: 0.1012, Train Acc: 0.9668,  Test_Loss: 0.0931,Test Acc: 0.9742,Test F1: 0.9627,Test auc: 0.9806
2024-05-09 13:26:51.849 | INFO     | __main__:<module>:95 - Epoch: 40, Loss: 0.1139, Train Acc: 0.9649,  Test_Loss: 0.0924,Test Acc: 0.9742,Test F1: 0.9627,Test auc: 0.9806
2024-05-09 13:26:51.875 | INFO     | __main__:<module>:95 - Epoch: 41, Loss: 0.0930, Train Acc: 0.9714,  Test_Loss: 0.0953,Test Acc: 0.9720,Test F1: 0.9598,Test auc: 0.9790
2024-05-09 13:26:51.906 | INFO     | __main__:<module>:95 - Epoch: 42, Loss: 0.0947, Train Acc: 0.9760,  Test_Loss: 0.0960,Test Acc: 0.9699,Test F1: 0.9568,Test auc: 0.9774
2024-05-09 13:26:51.937 | INFO     | __main__:<module>:95 - Epoch: 43, Loss: 0.1135, Train Acc: 0.9584,  Test_Loss: 0.0966,Test Acc: 0.9699,Test F1: 0.9568,Test auc: 0.9774
2024-05-09 13:26:51.963 | INFO     | __main__:<module>:95 - Epoch: 44, Loss: 0.1038, Train Acc: 0.9658,  Test_Loss: 0.0959,Test Acc: 0.9699,Test F1: 0.9568,Test auc: 0.9774
2024-05-09 13:26:51.988 | INFO     | __main__:<module>:95 - Epoch: 45, Loss: 0.1179, Train Acc: 0.9640,  Test_Loss: 0.0938,Test Acc: 0.9720,Test F1: 0.9598,Test auc: 0.9790
2024-05-09 13:26:52.009 | INFO     | __main__:<module>:95 - Epoch: 46, Loss: 0.1290, Train Acc: 0.9566,  Test_Loss: 0.0890,Test Acc: 0.9763,Test F1: 0.9657,Test auc: 0.9823
2024-05-09 13:26:52.036 | INFO     | __main__:<module>:95 - Epoch: 47, Loss: 0.1071, Train Acc: 0.9631,  Test_Loss: 0.0871,Test Acc: 0.9785,Test F1: 0.9688,Test auc: 0.9839
2024-05-09 13:26:52.061 | INFO     | __main__:<module>:95 - Epoch: 48, Loss: 0.1122, Train Acc: 0.9705,  Test_Loss: 0.0987,Test Acc: 0.9699,Test F1: 0.9568,Test auc: 0.9774
2024-05-09 13:26:52.094 | INFO     | __main__:<module>:95 - Epoch: 49, Loss: 0.1191, Train Acc: 0.9649,  Test_Loss: 0.0931,Test Acc: 0.9720,Test F1: 0.9598,Test auc: 0.9790
2024-05-09 13:26:52.125 | INFO     | __main__:<module>:95 - Epoch: 50, Loss: 0.1074, Train Acc: 0.9677,  Test_Loss: 0.1036,Test Acc: 0.9634,Test F1: 0.9480,Test auc: 0.9726
2024-05-09 13:26:52.151 | INFO     | __main__:<module>:95 - Epoch: 51, Loss: 0.1275, Train Acc: 0.9557,  Test_Loss: 0.1084,Test Acc: 0.9634,Test F1: 0.9480,Test auc: 0.9726
2024-05-09 13:26:52.173 | INFO     | __main__:<module>:95 - Epoch: 52, Loss: 0.1123, Train Acc: 0.9658,  Test_Loss: 0.1052,Test Acc: 0.9634,Test F1: 0.9480,Test auc: 0.9726
2024-05-09 13:26:52.194 | INFO     | __main__:<module>:95 - Epoch: 53, Loss: 0.1063, Train Acc: 0.9695,  Test_Loss: 0.1040,Test Acc: 0.9634,Test F1: 0.9480,Test auc: 0.9726
2024-05-09 13:26:52.217 | INFO     | __main__:<module>:95 - Epoch: 54, Loss: 0.1080, Train Acc: 0.9677,  Test_Loss: 0.1110,Test Acc: 0.9634,Test F1: 0.9480,Test auc: 0.9726
2024-05-09 13:26:52.241 | INFO     | __main__:<module>:95 - Epoch: 55, Loss: 0.1064, Train Acc: 0.9714,  Test_Loss: 0.1026,Test Acc: 0.9634,Test F1: 0.9480,Test auc: 0.9726
2024-05-09 13:26:52.262 | INFO     | __main__:<module>:95 - Epoch: 56, Loss: 0.1113, Train Acc: 0.9658,  Test_Loss: 0.1100,Test Acc: 0.9634,Test F1: 0.9480,Test auc: 0.9726
2024-05-09 13:26:52.288 | INFO     | __main__:<module>:95 - Epoch: 57, Loss: 0.1142, Train Acc: 0.9686,  Test_Loss: 0.1049,Test Acc: 0.9634,Test F1: 0.9480,Test auc: 0.9726
2024-05-09 13:26:52.312 | INFO     | __main__:<module>:95 - Epoch: 58, Loss: 0.1119, Train Acc: 0.9658,  Test_Loss: 0.1091,Test Acc: 0.9634,Test F1: 0.9480,Test auc: 0.9726
2024-05-09 13:26:52.337 | INFO     | __main__:<module>:95 - Epoch: 59, Loss: 0.1150, Train Acc: 0.9668,  Test_Loss: 0.1172,Test Acc: 0.9634,Test F1: 0.9480,Test auc: 0.9726
2024-05-09 13:26:52.360 | INFO     | __main__:<module>:95 - Epoch: 60, Loss: 0.1151, Train Acc: 0.9566,  Test_Loss: 0.1274,Test Acc: 0.9613,Test F1: 0.9451,Test auc: 0.9710
2024-05-09 13:26:52.381 | INFO     | __main__:<module>:95 - Epoch: 61, Loss: 0.1209, Train Acc: 0.9584,  Test_Loss: 0.1307,Test Acc: 0.9613,Test F1: 0.9451,Test auc: 0.9710
2024-05-09 13:26:52.401 | INFO     | __main__:<module>:95 - Epoch: 62, Loss: 0.1089, Train Acc: 0.9686,  Test_Loss: 0.1332,Test Acc: 0.9613,Test F1: 0.9451,Test auc: 0.9710
2024-05-09 13:26:52.401 | INFO     | __main__:<module>:113 - 1.2419891357421875
2024-05-09 13:26:52.822 | INFO     | __main__:<module>:74 - Namespace(dataset='sc', model='GCN', learning_rate=0.01, epochs=9999, hidden_units=16, dropout=0.4, weight_decay=0.01, weight_decay1=0.01, weight_decay2=0.0005, early_stopping=30, residual=True, seed=824, type='Binary', DEVICE='cuda', theta=0.5, layers=64, alpha=0.1, feature_type='x_65', CGCN=0)
2024-05-09 13:26:52.823 | INFO     | __main__:<module>:75 - Data(edge_index=[2, 35976], weight=[35976], num_nodes=10320, x=[10320, 10], train_mask=[10320], test_mask=[10320], label=[10320])
2024-05-09 13:26:52.849 | INFO     | __main__:<module>:95 - Epoch: 00, Loss: 0.7794, Train Acc: 0.7618,  Test_Loss: 0.5655,Test Acc: 0.6495,Test F1: 0.6554,Test auc: 0.7371
2024-05-09 13:26:52.876 | INFO     | __main__:<module>:95 - Epoch: 01, Loss: 0.6002, Train Acc: 0.6547,  Test_Loss: 0.5557,Test Acc: 0.7204,Test F1: 0.7045,Test auc: 0.7903
2024-05-09 13:26:52.906 | INFO     | __main__:<module>:95 - Epoch: 02, Loss: 0.5396, Train Acc: 0.7433,  Test_Loss: 0.5260,Test Acc: 0.8280,Test F1: 0.7949,Test auc: 0.8710
2024-05-09 13:26:52.937 | INFO     | __main__:<module>:95 - Epoch: 03, Loss: 0.5403, Train Acc: 0.8255,  Test_Loss: 0.4795,Test Acc: 0.9075,Test F1: 0.8782,Test auc: 0.9306
2024-05-09 13:26:52.963 | INFO     | __main__:<module>:95 - Epoch: 04, Loss: 0.4802, Train Acc: 0.9040,  Test_Loss: 0.4352,Test Acc: 0.9226,Test F1: 0.8916,Test auc: 0.9306
2024-05-09 13:26:52.986 | INFO     | __main__:<module>:95 - Epoch: 05, Loss: 0.4406, Train Acc: 0.9104,  Test_Loss: 0.4113,Test Acc: 0.9290,Test F1: 0.8946,Test auc: 0.9226
2024-05-09 13:26:53.012 | INFO     | __main__:<module>:95 - Epoch: 06, Loss: 0.4198, Train Acc: 0.9215,  Test_Loss: 0.4024,Test Acc: 0.9097,Test F1: 0.8591,Test auc: 0.8887
2024-05-09 13:26:53.049 | INFO     | __main__:<module>:95 - Epoch: 07, Loss: 0.3945, Train Acc: 0.9206,  Test_Loss: 0.3948,Test Acc: 0.9011,Test F1: 0.8425,Test auc: 0.8742
2024-05-09 13:26:53.089 | INFO     | __main__:<module>:95 - Epoch: 08, Loss: 0.3992, Train Acc: 0.8994,  Test_Loss: 0.3805,Test Acc: 0.8989,Test F1: 0.8374,Test auc: 0.8694
2024-05-09 13:26:53.126 | INFO     | __main__:<module>:95 - Epoch: 09, Loss: 0.3601, Train Acc: 0.9252,  Test_Loss: 0.3595,Test Acc: 0.9075,Test F1: 0.8532,Test auc: 0.8823
2024-05-09 13:26:53.156 | INFO     | __main__:<module>:95 - Epoch: 10, Loss: 0.3553, Train Acc: 0.9141,  Test_Loss: 0.3331,Test Acc: 0.9183,Test F1: 0.8750,Test auc: 0.9032
2024-05-09 13:26:53.181 | INFO     | __main__:<module>:95 - Epoch: 11, Loss: 0.3397, Train Acc: 0.9215,  Test_Loss: 0.3078,Test Acc: 0.9290,Test F1: 0.8932,Test auc: 0.9194
2024-05-09 13:26:53.209 | INFO     | __main__:<module>:95 - Epoch: 12, Loss: 0.3199, Train Acc: 0.9271,  Test_Loss: 0.2883,Test Acc: 0.9398,Test F1: 0.9119,Test auc: 0.9387
2024-05-09 13:26:53.235 | INFO     | __main__:<module>:95 - Epoch: 13, Loss: 0.2973, Train Acc: 0.9418,  Test_Loss: 0.2758,Test Acc: 0.9505,Test F1: 0.9292,Test auc: 0.9565
2024-05-09 13:26:53.265 | INFO     | __main__:<module>:95 - Epoch: 14, Loss: 0.2953, Train Acc: 0.9400,  Test_Loss: 0.2649,Test Acc: 0.9505,Test F1: 0.9297,Test auc: 0.9581
2024-05-09 13:26:53.305 | INFO     | __main__:<module>:95 - Epoch: 15, Loss: 0.2729, Train Acc: 0.9372,  Test_Loss: 0.2524,Test Acc: 0.9505,Test F1: 0.9301,Test auc: 0.9597
2024-05-09 13:26:53.349 | INFO     | __main__:<module>:95 - Epoch: 16, Loss: 0.2533, Train Acc: 0.9501,  Test_Loss: 0.2378,Test Acc: 0.9505,Test F1: 0.9301,Test auc: 0.9597
2024-05-09 13:26:53.382 | INFO     | __main__:<module>:95 - Epoch: 17, Loss: 0.2562, Train Acc: 0.9483,  Test_Loss: 0.2221,Test Acc: 0.9527,Test F1: 0.9321,Test auc: 0.9581
2024-05-09 13:26:53.411 | INFO     | __main__:<module>:95 - Epoch: 18, Loss: 0.2352, Train Acc: 0.9418,  Test_Loss: 0.2096,Test Acc: 0.9484,Test F1: 0.9250,Test auc: 0.9500
2024-05-09 13:26:53.432 | INFO     | __main__:<module>:95 - Epoch: 19, Loss: 0.2303, Train Acc: 0.9529,  Test_Loss: 0.2023,Test Acc: 0.9376,Test F1: 0.9068,Test auc: 0.9306
2024-05-09 13:26:53.461 | INFO     | __main__:<module>:95 - Epoch: 20, Loss: 0.2313, Train Acc: 0.9418,  Test_Loss: 0.1971,Test Acc: 0.9333,Test F1: 0.8990,Test auc: 0.9226
2024-05-09 13:26:53.501 | INFO     | __main__:<module>:95 - Epoch: 21, Loss: 0.2223, Train Acc: 0.9455,  Test_Loss: 0.1892,Test Acc: 0.9333,Test F1: 0.8990,Test auc: 0.9226
2024-05-09 13:26:53.532 | INFO     | __main__:<module>:95 - Epoch: 22, Loss: 0.2008, Train Acc: 0.9418,  Test_Loss: 0.1771,Test Acc: 0.9419,Test F1: 0.9137,Test auc: 0.9371
2024-05-09 13:26:53.570 | INFO     | __main__:<module>:95 - Epoch: 23, Loss: 0.1870, Train Acc: 0.9474,  Test_Loss: 0.1674,Test Acc: 0.9505,Test F1: 0.9283,Test auc: 0.9532
2024-05-09 13:26:53.599 | INFO     | __main__:<module>:95 - Epoch: 24, Loss: 0.1793, Train Acc: 0.9529,  Test_Loss: 0.1623,Test Acc: 0.9570,Test F1: 0.9387,Test auc: 0.9645
2024-05-09 13:26:53.624 | INFO     | __main__:<module>:95 - Epoch: 25, Loss: 0.1824, Train Acc: 0.9520,  Test_Loss: 0.1604,Test Acc: 0.9505,Test F1: 0.9309,Test auc: 0.9629
2024-05-09 13:26:53.649 | INFO     | __main__:<module>:95 - Epoch: 26, Loss: 0.1749, Train Acc: 0.9529,  Test_Loss: 0.1571,Test Acc: 0.9548,Test F1: 0.9366,Test auc: 0.9661
2024-05-09 13:26:53.679 | INFO     | __main__:<module>:95 - Epoch: 27, Loss: 0.1801, Train Acc: 0.9520,  Test_Loss: 0.1507,Test Acc: 0.9591,Test F1: 0.9422,Test auc: 0.9694
2024-05-09 13:26:53.722 | INFO     | __main__:<module>:95 - Epoch: 28, Loss: 0.1623, Train Acc: 0.9511,  Test_Loss: 0.1427,Test Acc: 0.9613,Test F1: 0.9451,Test auc: 0.9710
2024-05-09 13:26:53.760 | INFO     | __main__:<module>:95 - Epoch: 29, Loss: 0.1672, Train Acc: 0.9594,  Test_Loss: 0.1356,Test Acc: 0.9656,Test F1: 0.9509,Test auc: 0.9742
2024-05-09 13:26:53.794 | INFO     | __main__:<module>:95 - Epoch: 30, Loss: 0.1526, Train Acc: 0.9649,  Test_Loss: 0.1290,Test Acc: 0.9677,Test F1: 0.9530,Test auc: 0.9710
2024-05-09 13:26:53.817 | INFO     | __main__:<module>:95 - Epoch: 31, Loss: 0.1500, Train Acc: 0.9584,  Test_Loss: 0.1241,Test Acc: 0.9699,Test F1: 0.9560,Test auc: 0.9726
2024-05-09 13:26:53.844 | INFO     | __main__:<module>:95 - Epoch: 32, Loss: 0.1416, Train Acc: 0.9668,  Test_Loss: 0.1202,Test Acc: 0.9699,Test F1: 0.9560,Test auc: 0.9726
2024-05-09 13:26:53.875 | INFO     | __main__:<module>:95 - Epoch: 33, Loss: 0.1423, Train Acc: 0.9575,  Test_Loss: 0.1166,Test Acc: 0.9699,Test F1: 0.9563,Test auc: 0.9742
2024-05-09 13:26:53.919 | INFO     | __main__:<module>:95 - Epoch: 34, Loss: 0.1299, Train Acc: 0.9668,  Test_Loss: 0.1141,Test Acc: 0.9699,Test F1: 0.9565,Test auc: 0.9758
2024-05-09 13:26:53.956 | INFO     | __main__:<module>:95 - Epoch: 35, Loss: 0.1235, Train Acc: 0.9705,  Test_Loss: 0.1129,Test Acc: 0.9699,Test F1: 0.9565,Test auc: 0.9758
2024-05-09 13:26:53.996 | INFO     | __main__:<module>:95 - Epoch: 36, Loss: 0.1258, Train Acc: 0.9695,  Test_Loss: 0.1120,Test Acc: 0.9677,Test F1: 0.9538,Test auc: 0.9758
2024-05-09 13:26:54.026 | INFO     | __main__:<module>:95 - Epoch: 37, Loss: 0.1177, Train Acc: 0.9714,  Test_Loss: 0.1088,Test Acc: 0.9720,Test F1: 0.9598,Test auc: 0.9790
2024-05-09 13:26:54.051 | INFO     | __main__:<module>:95 - Epoch: 38, Loss: 0.1122, Train Acc: 0.9769,  Test_Loss: 0.1052,Test Acc: 0.9763,Test F1: 0.9657,Test auc: 0.9823
2024-05-09 13:26:54.075 | INFO     | __main__:<module>:95 - Epoch: 39, Loss: 0.1125, Train Acc: 0.9723,  Test_Loss: 0.1012,Test Acc: 0.9763,Test F1: 0.9657,Test auc: 0.9823
2024-05-09 13:26:54.107 | INFO     | __main__:<module>:95 - Epoch: 40, Loss: 0.1119, Train Acc: 0.9751,  Test_Loss: 0.0971,Test Acc: 0.9763,Test F1: 0.9657,Test auc: 0.9823
2024-05-09 13:26:54.151 | INFO     | __main__:<module>:95 - Epoch: 41, Loss: 0.0996, Train Acc: 0.9788,  Test_Loss: 0.0936,Test Acc: 0.9742,Test F1: 0.9625,Test auc: 0.9790
2024-05-09 13:26:54.189 | INFO     | __main__:<module>:95 - Epoch: 42, Loss: 0.1084, Train Acc: 0.9668,  Test_Loss: 0.0911,Test Acc: 0.9720,Test F1: 0.9590,Test auc: 0.9742
2024-05-09 13:26:54.223 | INFO     | __main__:<module>:95 - Epoch: 43, Loss: 0.1010, Train Acc: 0.9778,  Test_Loss: 0.0890,Test Acc: 0.9763,Test F1: 0.9655,Test auc: 0.9806
2024-05-09 13:26:54.252 | INFO     | __main__:<module>:95 - Epoch: 44, Loss: 0.1011, Train Acc: 0.9741,  Test_Loss: 0.0876,Test Acc: 0.9785,Test F1: 0.9688,Test auc: 0.9839
2024-05-09 13:26:54.277 | INFO     | __main__:<module>:95 - Epoch: 45, Loss: 0.0890, Train Acc: 0.9834,  Test_Loss: 0.0876,Test Acc: 0.9763,Test F1: 0.9657,Test auc: 0.9823
2024-05-09 13:26:54.314 | INFO     | __main__:<module>:95 - Epoch: 46, Loss: 0.0853, Train Acc: 0.9825,  Test_Loss: 0.0871,Test Acc: 0.9742,Test F1: 0.9627,Test auc: 0.9806
2024-05-09 13:26:54.348 | INFO     | __main__:<module>:95 - Epoch: 47, Loss: 0.0835, Train Acc: 0.9834,  Test_Loss: 0.0862,Test Acc: 0.9742,Test F1: 0.9627,Test auc: 0.9806
2024-05-09 13:26:54.387 | INFO     | __main__:<module>:95 - Epoch: 48, Loss: 0.0781, Train Acc: 0.9815,  Test_Loss: 0.0848,Test Acc: 0.9763,Test F1: 0.9657,Test auc: 0.9823
2024-05-09 13:26:54.417 | INFO     | __main__:<module>:95 - Epoch: 49, Loss: 0.0786, Train Acc: 0.9834,  Test_Loss: 0.0828,Test Acc: 0.9763,Test F1: 0.9657,Test auc: 0.9823
2024-05-09 13:26:54.449 | INFO     | __main__:<module>:95 - Epoch: 50, Loss: 0.0845, Train Acc: 0.9871,  Test_Loss: 0.0806,Test Acc: 0.9763,Test F1: 0.9657,Test auc: 0.9823
2024-05-09 13:26:54.479 | INFO     | __main__:<module>:95 - Epoch: 51, Loss: 0.0789, Train Acc: 0.9843,  Test_Loss: 0.0792,Test Acc: 0.9763,Test F1: 0.9657,Test auc: 0.9823
2024-05-09 13:26:54.500 | INFO     | __main__:<module>:95 - Epoch: 52, Loss: 0.0782, Train Acc: 0.9825,  Test_Loss: 0.0775,Test Acc: 0.9763,Test F1: 0.9657,Test auc: 0.9823
2024-05-09 13:26:54.531 | INFO     | __main__:<module>:95 - Epoch: 53, Loss: 0.0704, Train Acc: 0.9871,  Test_Loss: 0.0757,Test Acc: 0.9763,Test F1: 0.9657,Test auc: 0.9823
2024-05-09 13:26:54.572 | INFO     | __main__:<module>:95 - Epoch: 54, Loss: 0.0734, Train Acc: 0.9843,  Test_Loss: 0.0743,Test Acc: 0.9763,Test F1: 0.9657,Test auc: 0.9823
2024-05-09 13:26:54.614 | INFO     | __main__:<module>:95 - Epoch: 55, Loss: 0.0681, Train Acc: 0.9834,  Test_Loss: 0.0723,Test Acc: 0.9763,Test F1: 0.9655,Test auc: 0.9806
2024-05-09 13:26:54.648 | INFO     | __main__:<module>:95 - Epoch: 56, Loss: 0.0676, Train Acc: 0.9880,  Test_Loss: 0.0710,Test Acc: 0.9763,Test F1: 0.9655,Test auc: 0.9806
2024-05-09 13:26:54.668 | INFO     | __main__:<module>:95 - Epoch: 57, Loss: 0.0668, Train Acc: 0.9871,  Test_Loss: 0.0705,Test Acc: 0.9763,Test F1: 0.9655,Test auc: 0.9806
2024-05-09 13:26:54.693 | INFO     | __main__:<module>:95 - Epoch: 58, Loss: 0.0631, Train Acc: 0.9889,  Test_Loss: 0.0701,Test Acc: 0.9742,Test F1: 0.9625,Test auc: 0.9790
2024-05-09 13:26:54.729 | INFO     | __main__:<module>:95 - Epoch: 59, Loss: 0.0653, Train Acc: 0.9825,  Test_Loss: 0.0691,Test Acc: 0.9742,Test F1: 0.9625,Test auc: 0.9790
2024-05-09 13:26:54.773 | INFO     | __main__:<module>:95 - Epoch: 60, Loss: 0.0705, Train Acc: 0.9806,  Test_Loss: 0.0683,Test Acc: 0.9742,Test F1: 0.9625,Test auc: 0.9790
2024-05-09 13:26:54.819 | INFO     | __main__:<module>:95 - Epoch: 61, Loss: 0.0590, Train Acc: 0.9861,  Test_Loss: 0.0674,Test Acc: 0.9742,Test F1: 0.9625,Test auc: 0.9790
2024-05-09 13:26:54.859 | INFO     | __main__:<module>:95 - Epoch: 62, Loss: 0.0642, Train Acc: 0.9843,  Test_Loss: 0.0663,Test Acc: 0.9742,Test F1: 0.9625,Test auc: 0.9790
2024-05-09 13:26:54.882 | INFO     | __main__:<module>:95 - Epoch: 63, Loss: 0.0618, Train Acc: 0.9852,  Test_Loss: 0.0652,Test Acc: 0.9742,Test F1: 0.9625,Test auc: 0.9790
2024-05-09 13:26:54.912 | INFO     | __main__:<module>:95 - Epoch: 64, Loss: 0.0619, Train Acc: 0.9843,  Test_Loss: 0.0644,Test Acc: 0.9763,Test F1: 0.9655,Test auc: 0.9806
2024-05-09 13:26:54.936 | INFO     | __main__:<module>:95 - Epoch: 65, Loss: 0.0573, Train Acc: 0.9815,  Test_Loss: 0.0644,Test Acc: 0.9763,Test F1: 0.9657,Test auc: 0.9823
2024-05-09 13:26:54.963 | INFO     | __main__:<module>:95 - Epoch: 66, Loss: 0.0625, Train Acc: 0.9834,  Test_Loss: 0.0667,Test Acc: 0.9763,Test F1: 0.9657,Test auc: 0.9823
2024-05-09 13:26:54.992 | INFO     | __main__:<module>:95 - Epoch: 67, Loss: 0.0562, Train Acc: 0.9889,  Test_Loss: 0.0661,Test Acc: 0.9763,Test F1: 0.9657,Test auc: 0.9823
2024-05-09 13:26:55.025 | INFO     | __main__:<module>:95 - Epoch: 68, Loss: 0.0605, Train Acc: 0.9843,  Test_Loss: 0.0660,Test Acc: 0.9763,Test F1: 0.9657,Test auc: 0.9823
2024-05-09 13:26:55.055 | INFO     | __main__:<module>:95 - Epoch: 69, Loss: 0.0593, Train Acc: 0.9806,  Test_Loss: 0.0670,Test Acc: 0.9763,Test F1: 0.9657,Test auc: 0.9823
2024-05-09 13:26:55.076 | INFO     | __main__:<module>:95 - Epoch: 70, Loss: 0.0581, Train Acc: 0.9843,  Test_Loss: 0.0688,Test Acc: 0.9763,Test F1: 0.9657,Test auc: 0.9823
2024-05-09 13:26:55.096 | INFO     | __main__:<module>:95 - Epoch: 71, Loss: 0.0568, Train Acc: 0.9852,  Test_Loss: 0.0701,Test Acc: 0.9763,Test F1: 0.9657,Test auc: 0.9823
2024-05-09 13:26:55.119 | INFO     | __main__:<module>:95 - Epoch: 72, Loss: 0.0575, Train Acc: 0.9871,  Test_Loss: 0.0680,Test Acc: 0.9763,Test F1: 0.9657,Test auc: 0.9823
2024-05-09 13:26:55.136 | INFO     | __main__:<module>:95 - Epoch: 73, Loss: 0.0619, Train Acc: 0.9880,  Test_Loss: 0.0678,Test Acc: 0.9763,Test F1: 0.9657,Test auc: 0.9823
2024-05-09 13:26:55.158 | INFO     | __main__:<module>:95 - Epoch: 74, Loss: 0.0550, Train Acc: 0.9871,  Test_Loss: 0.0670,Test Acc: 0.9763,Test F1: 0.9657,Test auc: 0.9823
2024-05-09 13:26:55.183 | INFO     | __main__:<module>:95 - Epoch: 75, Loss: 0.0567, Train Acc: 0.9880,  Test_Loss: 0.0681,Test Acc: 0.9763,Test F1: 0.9657,Test auc: 0.9823
2024-05-09 13:26:55.210 | INFO     | __main__:<module>:95 - Epoch: 76, Loss: 0.0585, Train Acc: 0.9852,  Test_Loss: 0.0686,Test Acc: 0.9763,Test F1: 0.9657,Test auc: 0.9823
2024-05-09 13:26:55.241 | INFO     | __main__:<module>:95 - Epoch: 77, Loss: 0.0578, Train Acc: 0.9880,  Test_Loss: 0.0681,Test Acc: 0.9763,Test F1: 0.9657,Test auc: 0.9823
2024-05-09 13:26:55.271 | INFO     | __main__:<module>:95 - Epoch: 78, Loss: 0.0559, Train Acc: 0.9871,  Test_Loss: 0.0699,Test Acc: 0.9763,Test F1: 0.9657,Test auc: 0.9823
2024-05-09 13:26:55.296 | INFO     | __main__:<module>:95 - Epoch: 79, Loss: 0.0610, Train Acc: 0.9843,  Test_Loss: 0.0695,Test Acc: 0.9763,Test F1: 0.9657,Test auc: 0.9823
2024-05-09 13:26:55.318 | INFO     | __main__:<module>:95 - Epoch: 80, Loss: 0.0614, Train Acc: 0.9898,  Test_Loss: 0.0703,Test Acc: 0.9763,Test F1: 0.9657,Test auc: 0.9823
2024-05-09 13:26:55.333 | INFO     | __main__:<module>:95 - Epoch: 81, Loss: 0.0592, Train Acc: 0.9852,  Test_Loss: 0.0728,Test Acc: 0.9763,Test F1: 0.9657,Test auc: 0.9823
2024-05-09 13:26:55.356 | INFO     | __main__:<module>:95 - Epoch: 82, Loss: 0.0613, Train Acc: 0.9880,  Test_Loss: 0.0737,Test Acc: 0.9763,Test F1: 0.9657,Test auc: 0.9823
2024-05-09 13:26:55.384 | INFO     | __main__:<module>:95 - Epoch: 83, Loss: 0.0609, Train Acc: 0.9852,  Test_Loss: 0.0722,Test Acc: 0.9763,Test F1: 0.9657,Test auc: 0.9823
2024-05-09 13:26:55.415 | INFO     | __main__:<module>:95 - Epoch: 84, Loss: 0.0597, Train Acc: 0.9852,  Test_Loss: 0.0718,Test Acc: 0.9763,Test F1: 0.9657,Test auc: 0.9823
2024-05-09 13:26:55.442 | INFO     | __main__:<module>:95 - Epoch: 85, Loss: 0.0593, Train Acc: 0.9852,  Test_Loss: 0.0739,Test Acc: 0.9763,Test F1: 0.9657,Test auc: 0.9823
2024-05-09 13:26:55.469 | INFO     | __main__:<module>:95 - Epoch: 86, Loss: 0.0570, Train Acc: 0.9852,  Test_Loss: 0.0725,Test Acc: 0.9763,Test F1: 0.9657,Test auc: 0.9823
2024-05-09 13:26:55.490 | INFO     | __main__:<module>:95 - Epoch: 87, Loss: 0.0607, Train Acc: 0.9825,  Test_Loss: 0.0733,Test Acc: 0.9763,Test F1: 0.9657,Test auc: 0.9823
2024-05-09 13:26:55.511 | INFO     | __main__:<module>:95 - Epoch: 88, Loss: 0.0553, Train Acc: 0.9889,  Test_Loss: 0.0743,Test Acc: 0.9763,Test F1: 0.9657,Test auc: 0.9823
2024-05-09 13:26:55.527 | INFO     | __main__:<module>:95 - Epoch: 89, Loss: 0.0621, Train Acc: 0.9834,  Test_Loss: 0.0708,Test Acc: 0.9763,Test F1: 0.9657,Test auc: 0.9823
2024-05-09 13:26:55.545 | INFO     | __main__:<module>:95 - Epoch: 90, Loss: 0.0548, Train Acc: 0.9861,  Test_Loss: 0.0708,Test Acc: 0.9763,Test F1: 0.9657,Test auc: 0.9823
2024-05-09 13:26:55.563 | INFO     | __main__:<module>:95 - Epoch: 91, Loss: 0.0621, Train Acc: 0.9825,  Test_Loss: 0.0702,Test Acc: 0.9763,Test F1: 0.9657,Test auc: 0.9823
2024-05-09 13:26:55.597 | INFO     | __main__:<module>:95 - Epoch: 92, Loss: 0.0562, Train Acc: 0.9871,  Test_Loss: 0.0717,Test Acc: 0.9763,Test F1: 0.9657,Test auc: 0.9823
2024-05-09 13:26:55.632 | INFO     | __main__:<module>:95 - Epoch: 93, Loss: 0.0555, Train Acc: 0.9889,  Test_Loss: 0.0713,Test Acc: 0.9763,Test F1: 0.9657,Test auc: 0.9823
2024-05-09 13:26:55.659 | INFO     | __main__:<module>:95 - Epoch: 94, Loss: 0.0562, Train Acc: 0.9880,  Test_Loss: 0.0717,Test Acc: 0.9763,Test F1: 0.9657,Test auc: 0.9823
2024-05-09 13:26:55.660 | INFO     | __main__:<module>:113 - 1.8464553356170654
