2024-05-09 13:18:30.912 | INFO     | __main__:<module>:79 - Namespace(dataset='sc', model='GCN', learning_rate=0.01, epochs=9999, hidden_units=16, dropout=0.4, weight_decay=0.01, weight_decay1=0.01, weight_decay2=0.0005, early_stopping=30, residual=True, seed=824, type='Binary', DEVICE='cuda', theta=0.5, layers=64, alpha=0.1, feature_type='x_55', CGCN=0)
2024-05-09 13:18:30.913 | INFO     | __main__:<module>:80 - Data(edge_index=[2, 35976], weight=[35976], num_nodes=10320, x=[10320, 5], train_mask=[10320], test_mask=[10320], label=[10320])
2024-05-09 13:18:30.936 | INFO     | __main__:<module>:100 - Epoch: 00, Loss: 0.7132, Train Acc: 0.3093,  Test_Loss: 0.6125,Test Acc: 0.3333,Test F1: 0.5000,Test auc: 0.5000
2024-05-09 13:18:30.957 | INFO     | __main__:<module>:100 - Epoch: 01, Loss: 0.6152, Train Acc: 0.3444,  Test_Loss: 0.5468,Test Acc: 0.5419,Test F1: 0.5927,Test auc: 0.6565
2024-05-09 13:18:30.981 | INFO     | __main__:<module>:100 - Epoch: 02, Loss: 0.5705, Train Acc: 0.5891,  Test_Loss: 0.5051,Test Acc: 0.8968,Test F1: 0.8636,Test auc: 0.9177
2024-05-09 13:18:31.008 | INFO     | __main__:<module>:100 - Epoch: 03, Loss: 0.5145, Train Acc: 0.8273,  Test_Loss: 0.4694,Test Acc: 0.9011,Test F1: 0.8562,Test auc: 0.8968
2024-05-09 13:18:31.033 | INFO     | __main__:<module>:100 - Epoch: 04, Loss: 0.4806, Train Acc: 0.8892,  Test_Loss: 0.4410,Test Acc: 0.9011,Test F1: 0.8487,Test auc: 0.8839
2024-05-09 13:18:31.056 | INFO     | __main__:<module>:100 - Epoch: 05, Loss: 0.4446, Train Acc: 0.9021,  Test_Loss: 0.4108,Test Acc: 0.8946,Test F1: 0.8372,Test auc: 0.8742
2024-05-09 13:18:31.083 | INFO     | __main__:<module>:100 - Epoch: 06, Loss: 0.4145, Train Acc: 0.9095,  Test_Loss: 0.3754,Test Acc: 0.9140,Test F1: 0.8710,Test auc: 0.9032
2024-05-09 13:18:31.110 | INFO     | __main__:<module>:100 - Epoch: 07, Loss: 0.3988, Train Acc: 0.9067,  Test_Loss: 0.3450,Test Acc: 0.9312,Test F1: 0.9000,Test auc: 0.9306
2024-05-09 13:18:31.139 | INFO     | __main__:<module>:100 - Epoch: 08, Loss: 0.3657, Train Acc: 0.9206,  Test_Loss: 0.3217,Test Acc: 0.9355,Test F1: 0.9074,Test auc: 0.9387
2024-05-09 13:18:31.176 | INFO     | __main__:<module>:100 - Epoch: 09, Loss: 0.3343, Train Acc: 0.9187,  Test_Loss: 0.2980,Test Acc: 0.9355,Test F1: 0.9074,Test auc: 0.9387
2024-05-09 13:18:31.215 | INFO     | __main__:<module>:100 - Epoch: 10, Loss: 0.3127, Train Acc: 0.9261,  Test_Loss: 0.2792,Test Acc: 0.9269,Test F1: 0.8931,Test auc: 0.9242
2024-05-09 13:18:31.246 | INFO     | __main__:<module>:100 - Epoch: 11, Loss: 0.2859, Train Acc: 0.9280,  Test_Loss: 0.2710,Test Acc: 0.9161,Test F1: 0.8746,Test auc: 0.9065
2024-05-09 13:18:31.268 | INFO     | __main__:<module>:100 - Epoch: 12, Loss: 0.2802, Train Acc: 0.9298,  Test_Loss: 0.2562,Test Acc: 0.9183,Test F1: 0.8782,Test auc: 0.9097
2024-05-09 13:18:31.290 | INFO     | __main__:<module>:100 - Epoch: 13, Loss: 0.2807, Train Acc: 0.9280,  Test_Loss: 0.2309,Test Acc: 0.9312,Test F1: 0.9000,Test auc: 0.9306
2024-05-09 13:18:31.313 | INFO     | __main__:<module>:100 - Epoch: 14, Loss: 0.2435, Train Acc: 0.9391,  Test_Loss: 0.2206,Test Acc: 0.9398,Test F1: 0.9152,Test auc: 0.9484
2024-05-09 13:18:31.344 | INFO     | __main__:<module>:100 - Epoch: 15, Loss: 0.2419, Train Acc: 0.9317,  Test_Loss: 0.2109,Test Acc: 0.9419,Test F1: 0.9189,Test auc: 0.9532
2024-05-09 13:18:31.381 | INFO     | __main__:<module>:100 - Epoch: 16, Loss: 0.2348, Train Acc: 0.9335,  Test_Loss: 0.1953,Test Acc: 0.9419,Test F1: 0.9169,Test auc: 0.9468
2024-05-09 13:18:31.427 | INFO     | __main__:<module>:100 - Epoch: 17, Loss: 0.2079, Train Acc: 0.9446,  Test_Loss: 0.1874,Test Acc: 0.9376,Test F1: 0.9091,Test auc: 0.9371
2024-05-09 13:18:31.466 | INFO     | __main__:<module>:100 - Epoch: 18, Loss: 0.2097, Train Acc: 0.9409,  Test_Loss: 0.1853,Test Acc: 0.9247,Test F1: 0.8875,Test auc: 0.9161
2024-05-09 13:18:31.492 | INFO     | __main__:<module>:100 - Epoch: 19, Loss: 0.2106, Train Acc: 0.9372,  Test_Loss: 0.1711,Test Acc: 0.9376,Test F1: 0.9085,Test auc: 0.9355
2024-05-09 13:18:31.515 | INFO     | __main__:<module>:100 - Epoch: 20, Loss: 0.1844, Train Acc: 0.9446,  Test_Loss: 0.1584,Test Acc: 0.9505,Test F1: 0.9288,Test auc: 0.9548
2024-05-09 13:18:31.551 | INFO     | __main__:<module>:100 - Epoch: 21, Loss: 0.1923, Train Acc: 0.9400,  Test_Loss: 0.1558,Test Acc: 0.9505,Test F1: 0.9305,Test auc: 0.9613
2024-05-09 13:18:31.592 | INFO     | __main__:<module>:100 - Epoch: 22, Loss: 0.1849, Train Acc: 0.9501,  Test_Loss: 0.1510,Test Acc: 0.9505,Test F1: 0.9305,Test auc: 0.9613
2024-05-09 13:18:31.624 | INFO     | __main__:<module>:100 - Epoch: 23, Loss: 0.1663, Train Acc: 0.9557,  Test_Loss: 0.1417,Test Acc: 0.9527,Test F1: 0.9333,Test auc: 0.9629
2024-05-09 13:18:31.659 | INFO     | __main__:<module>:100 - Epoch: 24, Loss: 0.1597, Train Acc: 0.9557,  Test_Loss: 0.1307,Test Acc: 0.9613,Test F1: 0.9444,Test auc: 0.9677
2024-05-09 13:18:31.688 | INFO     | __main__:<module>:100 - Epoch: 25, Loss: 0.1554, Train Acc: 0.9474,  Test_Loss: 0.1238,Test Acc: 0.9634,Test F1: 0.9467,Test auc: 0.9661
2024-05-09 13:18:31.710 | INFO     | __main__:<module>:100 - Epoch: 26, Loss: 0.1339, Train Acc: 0.9603,  Test_Loss: 0.1198,Test Acc: 0.9677,Test F1: 0.9521,Test auc: 0.9661
2024-05-09 13:18:31.735 | INFO     | __main__:<module>:100 - Epoch: 27, Loss: 0.1401, Train Acc: 0.9640,  Test_Loss: 0.1133,Test Acc: 0.9699,Test F1: 0.9554,Test auc: 0.9694
2024-05-09 13:18:31.760 | INFO     | __main__:<module>:100 - Epoch: 28, Loss: 0.1496, Train Acc: 0.9538,  Test_Loss: 0.1073,Test Acc: 0.9763,Test F1: 0.9653,Test auc: 0.9790
2024-05-09 13:18:31.779 | INFO     | __main__:<module>:100 - Epoch: 29, Loss: 0.1397, Train Acc: 0.9621,  Test_Loss: 0.1078,Test Acc: 0.9720,Test F1: 0.9595,Test auc: 0.9774
2024-05-09 13:18:31.803 | INFO     | __main__:<module>:100 - Epoch: 30, Loss: 0.1274, Train Acc: 0.9631,  Test_Loss: 0.1114,Test Acc: 0.9699,Test F1: 0.9568,Test auc: 0.9774
2024-05-09 13:18:31.827 | INFO     | __main__:<module>:100 - Epoch: 31, Loss: 0.1180, Train Acc: 0.9649,  Test_Loss: 0.1098,Test Acc: 0.9699,Test F1: 0.9565,Test auc: 0.9758
2024-05-09 13:18:31.853 | INFO     | __main__:<module>:100 - Epoch: 32, Loss: 0.1170, Train Acc: 0.9714,  Test_Loss: 0.1117,Test Acc: 0.9699,Test F1: 0.9568,Test auc: 0.9774
2024-05-09 13:18:31.879 | INFO     | __main__:<module>:100 - Epoch: 33, Loss: 0.1330, Train Acc: 0.9594,  Test_Loss: 0.1098,Test Acc: 0.9677,Test F1: 0.9536,Test auc: 0.9742
2024-05-09 13:18:31.894 | INFO     | __main__:<module>:100 - Epoch: 34, Loss: 0.1337, Train Acc: 0.9649,  Test_Loss: 0.1110,Test Acc: 0.9699,Test F1: 0.9568,Test auc: 0.9774
2024-05-09 13:18:31.915 | INFO     | __main__:<module>:100 - Epoch: 35, Loss: 0.1233, Train Acc: 0.9649,  Test_Loss: 0.1122,Test Acc: 0.9699,Test F1: 0.9568,Test auc: 0.9774
2024-05-09 13:18:31.934 | INFO     | __main__:<module>:100 - Epoch: 36, Loss: 0.1290, Train Acc: 0.9658,  Test_Loss: 0.1153,Test Acc: 0.9656,Test F1: 0.9509,Test auc: 0.9742
2024-05-09 13:18:31.953 | INFO     | __main__:<module>:100 - Epoch: 37, Loss: 0.1348, Train Acc: 0.9621,  Test_Loss: 0.1155,Test Acc: 0.9656,Test F1: 0.9509,Test auc: 0.9742
2024-05-09 13:18:31.980 | INFO     | __main__:<module>:100 - Epoch: 38, Loss: 0.1395, Train Acc: 0.9538,  Test_Loss: 0.1158,Test Acc: 0.9656,Test F1: 0.9509,Test auc: 0.9742
2024-05-09 13:18:32.000 | INFO     | __main__:<module>:100 - Epoch: 39, Loss: 0.1336, Train Acc: 0.9649,  Test_Loss: 0.1168,Test Acc: 0.9634,Test F1: 0.9480,Test auc: 0.9726
2024-05-09 13:18:32.033 | INFO     | __main__:<module>:100 - Epoch: 40, Loss: 0.1277, Train Acc: 0.9603,  Test_Loss: 0.1162,Test Acc: 0.9656,Test F1: 0.9509,Test auc: 0.9742
2024-05-09 13:18:32.066 | INFO     | __main__:<module>:100 - Epoch: 41, Loss: 0.1348, Train Acc: 0.9594,  Test_Loss: 0.1131,Test Acc: 0.9699,Test F1: 0.9568,Test auc: 0.9774
2024-05-09 13:18:32.092 | INFO     | __main__:<module>:100 - Epoch: 42, Loss: 0.1313, Train Acc: 0.9594,  Test_Loss: 0.1148,Test Acc: 0.9677,Test F1: 0.9538,Test auc: 0.9758
2024-05-09 13:18:32.114 | INFO     | __main__:<module>:100 - Epoch: 43, Loss: 0.1271, Train Acc: 0.9658,  Test_Loss: 0.1152,Test Acc: 0.9656,Test F1: 0.9509,Test auc: 0.9742
2024-05-09 13:18:32.131 | INFO     | __main__:<module>:100 - Epoch: 44, Loss: 0.1360, Train Acc: 0.9686,  Test_Loss: 0.1151,Test Acc: 0.9677,Test F1: 0.9538,Test auc: 0.9758
2024-05-09 13:18:32.149 | INFO     | __main__:<module>:100 - Epoch: 45, Loss: 0.1443, Train Acc: 0.9557,  Test_Loss: 0.1149,Test Acc: 0.9677,Test F1: 0.9538,Test auc: 0.9758
2024-05-09 13:18:32.167 | INFO     | __main__:<module>:100 - Epoch: 46, Loss: 0.1361, Train Acc: 0.9612,  Test_Loss: 0.1167,Test Acc: 0.9656,Test F1: 0.9509,Test auc: 0.9742
2024-05-09 13:18:32.199 | INFO     | __main__:<module>:100 - Epoch: 47, Loss: 0.1312, Train Acc: 0.9612,  Test_Loss: 0.1140,Test Acc: 0.9677,Test F1: 0.9538,Test auc: 0.9758
2024-05-09 13:18:32.231 | INFO     | __main__:<module>:100 - Epoch: 48, Loss: 0.1289, Train Acc: 0.9705,  Test_Loss: 0.1130,Test Acc: 0.9699,Test F1: 0.9568,Test auc: 0.9774
2024-05-09 13:18:32.265 | INFO     | __main__:<module>:100 - Epoch: 49, Loss: 0.1273, Train Acc: 0.9695,  Test_Loss: 0.1134,Test Acc: 0.9699,Test F1: 0.9568,Test auc: 0.9774
2024-05-09 13:18:32.291 | INFO     | __main__:<module>:100 - Epoch: 50, Loss: 0.1378, Train Acc: 0.9603,  Test_Loss: 0.1099,Test Acc: 0.9677,Test F1: 0.9536,Test auc: 0.9742
2024-05-09 13:18:32.312 | INFO     | __main__:<module>:100 - Epoch: 51, Loss: 0.1387, Train Acc: 0.9603,  Test_Loss: 0.1107,Test Acc: 0.9699,Test F1: 0.9568,Test auc: 0.9774
2024-05-09 13:18:32.330 | INFO     | __main__:<module>:100 - Epoch: 52, Loss: 0.1312, Train Acc: 0.9677,  Test_Loss: 0.1095,Test Acc: 0.9677,Test F1: 0.9536,Test auc: 0.9742
2024-05-09 13:18:32.348 | INFO     | __main__:<module>:100 - Epoch: 53, Loss: 0.1345, Train Acc: 0.9584,  Test_Loss: 0.1099,Test Acc: 0.9677,Test F1: 0.9536,Test auc: 0.9742
2024-05-09 13:18:32.365 | INFO     | __main__:<module>:100 - Epoch: 54, Loss: 0.1324, Train Acc: 0.9649,  Test_Loss: 0.1149,Test Acc: 0.9677,Test F1: 0.9538,Test auc: 0.9758
2024-05-09 13:18:32.393 | INFO     | __main__:<module>:100 - Epoch: 55, Loss: 0.1214, Train Acc: 0.9658,  Test_Loss: 0.1141,Test Acc: 0.9677,Test F1: 0.9538,Test auc: 0.9758
2024-05-09 13:18:32.418 | INFO     | __main__:<module>:100 - Epoch: 56, Loss: 0.1303, Train Acc: 0.9594,  Test_Loss: 0.1175,Test Acc: 0.9634,Test F1: 0.9480,Test auc: 0.9726
2024-05-09 13:18:32.449 | INFO     | __main__:<module>:100 - Epoch: 57, Loss: 0.1389, Train Acc: 0.9566,  Test_Loss: 0.1188,Test Acc: 0.9634,Test F1: 0.9480,Test auc: 0.9726
2024-05-09 13:18:32.478 | INFO     | __main__:<module>:100 - Epoch: 58, Loss: 0.1255, Train Acc: 0.9640,  Test_Loss: 0.1212,Test Acc: 0.9634,Test F1: 0.9480,Test auc: 0.9726
2024-05-09 13:18:32.479 | INFO     | __main__:<module>:118 - 1.0840027332305908
2024-05-09 13:18:32.789 | INFO     | __main__:<module>:79 - Namespace(dataset='sc', model='GCN', learning_rate=0.01, epochs=9999, hidden_units=16, dropout=0.4, weight_decay=0.01, weight_decay1=0.01, weight_decay2=0.0005, early_stopping=30, residual=True, seed=824, type='Binary', DEVICE='cuda', theta=0.5, layers=64, alpha=0.1, feature_type='x_55', CGCN=0)
2024-05-09 13:18:32.790 | INFO     | __main__:<module>:80 - Data(edge_index=[2, 35976], weight=[35976], num_nodes=10320, x=[10320, 6], train_mask=[10320], test_mask=[10320], label=[10320])
2024-05-09 13:18:32.818 | INFO     | __main__:<module>:100 - Epoch: 00, Loss: 0.7057, Train Acc: 0.3435,  Test_Loss: 0.5154,Test Acc: 0.8194,Test F1: 0.7868,Test auc: 0.8645
2024-05-09 13:18:32.839 | INFO     | __main__:<module>:100 - Epoch: 01, Loss: 0.5874, Train Acc: 0.7756,  Test_Loss: 0.4815,Test Acc: 0.8946,Test F1: 0.8596,Test auc: 0.9129
2024-05-09 13:18:32.864 | INFO     | __main__:<module>:100 - Epoch: 02, Loss: 0.5206, Train Acc: 0.8587,  Test_Loss: 0.4604,Test Acc: 0.8989,Test F1: 0.8545,Test auc: 0.8968
2024-05-09 13:18:32.890 | INFO     | __main__:<module>:100 - Epoch: 03, Loss: 0.4655, Train Acc: 0.9086,  Test_Loss: 0.4440,Test Acc: 0.9054,Test F1: 0.8581,Test auc: 0.8935
2024-05-09 13:18:32.916 | INFO     | __main__:<module>:100 - Epoch: 04, Loss: 0.4444, Train Acc: 0.8975,  Test_Loss: 0.4155,Test Acc: 0.9032,Test F1: 0.8562,Test auc: 0.8935
2024-05-09 13:18:32.948 | INFO     | __main__:<module>:100 - Epoch: 05, Loss: 0.4226, Train Acc: 0.9012,  Test_Loss: 0.3857,Test Acc: 0.9118,Test F1: 0.8738,Test auc: 0.9129
2024-05-09 13:18:32.970 | INFO     | __main__:<module>:100 - Epoch: 06, Loss: 0.3887, Train Acc: 0.9252,  Test_Loss: 0.3648,Test Acc: 0.9161,Test F1: 0.8822,Test auc: 0.9226
2024-05-09 13:18:33.003 | INFO     | __main__:<module>:100 - Epoch: 07, Loss: 0.3609, Train Acc: 0.9326,  Test_Loss: 0.3466,Test Acc: 0.9161,Test F1: 0.8822,Test auc: 0.9226
2024-05-09 13:18:33.037 | INFO     | __main__:<module>:100 - Epoch: 08, Loss: 0.3459, Train Acc: 0.9344,  Test_Loss: 0.3290,Test Acc: 0.9204,Test F1: 0.8869,Test auc: 0.9242
2024-05-09 13:18:33.078 | INFO     | __main__:<module>:100 - Epoch: 09, Loss: 0.3288, Train Acc: 0.9224,  Test_Loss: 0.3171,Test Acc: 0.9226,Test F1: 0.8882,Test auc: 0.9226
2024-05-09 13:18:33.111 | INFO     | __main__:<module>:100 - Epoch: 10, Loss: 0.3101, Train Acc: 0.9271,  Test_Loss: 0.3157,Test Acc: 0.9140,Test F1: 0.8734,Test auc: 0.9081
2024-05-09 13:18:33.137 | INFO     | __main__:<module>:100 - Epoch: 11, Loss: 0.3004, Train Acc: 0.9271,  Test_Loss: 0.3041,Test Acc: 0.9140,Test F1: 0.8734,Test auc: 0.9081
2024-05-09 13:18:33.157 | INFO     | __main__:<module>:100 - Epoch: 12, Loss: 0.3033, Train Acc: 0.9141,  Test_Loss: 0.2859,Test Acc: 0.9247,Test F1: 0.8916,Test auc: 0.9258
2024-05-09 13:18:33.181 | INFO     | __main__:<module>:100 - Epoch: 13, Loss: 0.2772, Train Acc: 0.9261,  Test_Loss: 0.2730,Test Acc: 0.9226,Test F1: 0.8902,Test auc: 0.9274
2024-05-09 13:18:33.205 | INFO     | __main__:<module>:100 - Epoch: 14, Loss: 0.2635, Train Acc: 0.9344,  Test_Loss: 0.2646,Test Acc: 0.9226,Test F1: 0.8909,Test auc: 0.9290
2024-05-09 13:18:33.240 | INFO     | __main__:<module>:100 - Epoch: 15, Loss: 0.2593, Train Acc: 0.9298,  Test_Loss: 0.2559,Test Acc: 0.9247,Test F1: 0.8936,Test auc: 0.9306
2024-05-09 13:18:33.277 | INFO     | __main__:<module>:100 - Epoch: 16, Loss: 0.2544, Train Acc: 0.9307,  Test_Loss: 0.2479,Test Acc: 0.9269,Test F1: 0.8957,Test auc: 0.9306
2024-05-09 13:18:33.319 | INFO     | __main__:<module>:100 - Epoch: 17, Loss: 0.2355, Train Acc: 0.9344,  Test_Loss: 0.2417,Test Acc: 0.9269,Test F1: 0.8951,Test auc: 0.9290
2024-05-09 13:18:33.352 | INFO     | __main__:<module>:100 - Epoch: 18, Loss: 0.2208, Train Acc: 0.9335,  Test_Loss: 0.2395,Test Acc: 0.9290,Test F1: 0.8972,Test auc: 0.9290
2024-05-09 13:18:33.371 | INFO     | __main__:<module>:100 - Epoch: 19, Loss: 0.2221, Train Acc: 0.9391,  Test_Loss: 0.2335,Test Acc: 0.9290,Test F1: 0.8972,Test auc: 0.9290
2024-05-09 13:18:33.393 | INFO     | __main__:<module>:100 - Epoch: 20, Loss: 0.2272, Train Acc: 0.9261,  Test_Loss: 0.2231,Test Acc: 0.9312,Test F1: 0.9000,Test auc: 0.9306
2024-05-09 13:18:33.419 | INFO     | __main__:<module>:100 - Epoch: 21, Loss: 0.2214, Train Acc: 0.9354,  Test_Loss: 0.2087,Test Acc: 0.9355,Test F1: 0.9074,Test auc: 0.9387
2024-05-09 13:18:33.460 | INFO     | __main__:<module>:100 - Epoch: 22, Loss: 0.2016, Train Acc: 0.9400,  Test_Loss: 0.1983,Test Acc: 0.9376,Test F1: 0.9113,Test auc: 0.9435
2024-05-09 13:18:33.494 | INFO     | __main__:<module>:100 - Epoch: 23, Loss: 0.2041, Train Acc: 0.9464,  Test_Loss: 0.1917,Test Acc: 0.9355,Test F1: 0.9091,Test auc: 0.9435
2024-05-09 13:18:33.535 | INFO     | __main__:<module>:100 - Epoch: 24, Loss: 0.1912, Train Acc: 0.9446,  Test_Loss: 0.1856,Test Acc: 0.9376,Test F1: 0.9119,Test auc: 0.9452
2024-05-09 13:18:33.570 | INFO     | __main__:<module>:100 - Epoch: 25, Loss: 0.1820, Train Acc: 0.9575,  Test_Loss: 0.1759,Test Acc: 0.9441,Test F1: 0.9202,Test auc: 0.9500
2024-05-09 13:18:33.598 | INFO     | __main__:<module>:100 - Epoch: 26, Loss: 0.1757, Train Acc: 0.9492,  Test_Loss: 0.1667,Test Acc: 0.9462,Test F1: 0.9231,Test auc: 0.9516
2024-05-09 13:18:33.624 | INFO     | __main__:<module>:100 - Epoch: 27, Loss: 0.1665, Train Acc: 0.9474,  Test_Loss: 0.1608,Test Acc: 0.9462,Test F1: 0.9221,Test auc: 0.9484
2024-05-09 13:18:33.657 | INFO     | __main__:<module>:100 - Epoch: 28, Loss: 0.1634, Train Acc: 0.9511,  Test_Loss: 0.1591,Test Acc: 0.9419,Test F1: 0.9143,Test auc: 0.9387
2024-05-09 13:18:33.698 | INFO     | __main__:<module>:100 - Epoch: 29, Loss: 0.1636, Train Acc: 0.9566,  Test_Loss: 0.1543,Test Acc: 0.9462,Test F1: 0.9201,Test auc: 0.9419
2024-05-09 13:18:33.734 | INFO     | __main__:<module>:100 - Epoch: 30, Loss: 0.1592, Train Acc: 0.9511,  Test_Loss: 0.1468,Test Acc: 0.9505,Test F1: 0.9265,Test auc: 0.9468
2024-05-09 13:18:33.766 | INFO     | __main__:<module>:100 - Epoch: 31, Loss: 0.1427, Train Acc: 0.9612,  Test_Loss: 0.1379,Test Acc: 0.9570,Test F1: 0.9367,Test auc: 0.9565
2024-05-09 13:18:33.793 | INFO     | __main__:<module>:100 - Epoch: 32, Loss: 0.1503, Train Acc: 0.9584,  Test_Loss: 0.1323,Test Acc: 0.9634,Test F1: 0.9470,Test auc: 0.9677
2024-05-09 13:18:33.817 | INFO     | __main__:<module>:100 - Epoch: 33, Loss: 0.1277, Train Acc: 0.9714,  Test_Loss: 0.1295,Test Acc: 0.9656,Test F1: 0.9503,Test auc: 0.9710
2024-05-09 13:18:33.846 | INFO     | __main__:<module>:100 - Epoch: 34, Loss: 0.1323, Train Acc: 0.9705,  Test_Loss: 0.1256,Test Acc: 0.9677,Test F1: 0.9533,Test auc: 0.9726
2024-05-09 13:18:33.877 | INFO     | __main__:<module>:100 - Epoch: 35, Loss: 0.1278, Train Acc: 0.9695,  Test_Loss: 0.1206,Test Acc: 0.9699,Test F1: 0.9563,Test auc: 0.9742
2024-05-09 13:18:33.916 | INFO     | __main__:<module>:100 - Epoch: 36, Loss: 0.1206, Train Acc: 0.9741,  Test_Loss: 0.1152,Test Acc: 0.9699,Test F1: 0.9563,Test auc: 0.9742
2024-05-09 13:18:33.945 | INFO     | __main__:<module>:100 - Epoch: 37, Loss: 0.1179, Train Acc: 0.9751,  Test_Loss: 0.1109,Test Acc: 0.9699,Test F1: 0.9557,Test auc: 0.9710
2024-05-09 13:18:33.969 | INFO     | __main__:<module>:100 - Epoch: 38, Loss: 0.1086, Train Acc: 0.9751,  Test_Loss: 0.1077,Test Acc: 0.9720,Test F1: 0.9587,Test auc: 0.9726
2024-05-09 13:18:34.000 | INFO     | __main__:<module>:100 - Epoch: 39, Loss: 0.1131, Train Acc: 0.9658,  Test_Loss: 0.1050,Test Acc: 0.9699,Test F1: 0.9554,Test auc: 0.9694
2024-05-09 13:18:34.023 | INFO     | __main__:<module>:100 - Epoch: 40, Loss: 0.1132, Train Acc: 0.9658,  Test_Loss: 0.1008,Test Acc: 0.9720,Test F1: 0.9587,Test auc: 0.9726
2024-05-09 13:18:34.052 | INFO     | __main__:<module>:100 - Epoch: 41, Loss: 0.1034, Train Acc: 0.9732,  Test_Loss: 0.0974,Test Acc: 0.9720,Test F1: 0.9590,Test auc: 0.9742
2024-05-09 13:18:34.087 | INFO     | __main__:<module>:100 - Epoch: 42, Loss: 0.0976, Train Acc: 0.9769,  Test_Loss: 0.0952,Test Acc: 0.9742,Test F1: 0.9623,Test auc: 0.9774
2024-05-09 13:18:34.135 | INFO     | __main__:<module>:100 - Epoch: 43, Loss: 0.0941, Train Acc: 0.9797,  Test_Loss: 0.0930,Test Acc: 0.9742,Test F1: 0.9623,Test auc: 0.9774
2024-05-09 13:18:34.169 | INFO     | __main__:<module>:100 - Epoch: 44, Loss: 0.0931, Train Acc: 0.9751,  Test_Loss: 0.0904,Test Acc: 0.9742,Test F1: 0.9623,Test auc: 0.9774
2024-05-09 13:18:34.198 | INFO     | __main__:<module>:100 - Epoch: 45, Loss: 0.0944, Train Acc: 0.9741,  Test_Loss: 0.0875,Test Acc: 0.9742,Test F1: 0.9623,Test auc: 0.9774
2024-05-09 13:18:34.221 | INFO     | __main__:<module>:100 - Epoch: 46, Loss: 0.0847, Train Acc: 0.9806,  Test_Loss: 0.0845,Test Acc: 0.9763,Test F1: 0.9653,Test auc: 0.9790
2024-05-09 13:18:34.244 | INFO     | __main__:<module>:100 - Epoch: 47, Loss: 0.0821, Train Acc: 0.9778,  Test_Loss: 0.0822,Test Acc: 0.9763,Test F1: 0.9651,Test auc: 0.9774
2024-05-09 13:18:34.276 | INFO     | __main__:<module>:100 - Epoch: 48, Loss: 0.0865, Train Acc: 0.9741,  Test_Loss: 0.0800,Test Acc: 0.9785,Test F1: 0.9684,Test auc: 0.9806
2024-05-09 13:18:34.314 | INFO     | __main__:<module>:100 - Epoch: 49, Loss: 0.0847, Train Acc: 0.9760,  Test_Loss: 0.0780,Test Acc: 0.9785,Test F1: 0.9684,Test auc: 0.9806
2024-05-09 13:18:34.348 | INFO     | __main__:<module>:100 - Epoch: 50, Loss: 0.0749, Train Acc: 0.9815,  Test_Loss: 0.0765,Test Acc: 0.9785,Test F1: 0.9684,Test auc: 0.9806
2024-05-09 13:18:34.373 | INFO     | __main__:<module>:100 - Epoch: 51, Loss: 0.0749, Train Acc: 0.9806,  Test_Loss: 0.0757,Test Acc: 0.9785,Test F1: 0.9686,Test auc: 0.9823
2024-05-09 13:18:34.404 | INFO     | __main__:<module>:100 - Epoch: 52, Loss: 0.0734, Train Acc: 0.9834,  Test_Loss: 0.0747,Test Acc: 0.9763,Test F1: 0.9655,Test auc: 0.9806
2024-05-09 13:18:34.422 | INFO     | __main__:<module>:100 - Epoch: 53, Loss: 0.0742, Train Acc: 0.9778,  Test_Loss: 0.0729,Test Acc: 0.9763,Test F1: 0.9655,Test auc: 0.9806
2024-05-09 13:18:34.442 | INFO     | __main__:<module>:100 - Epoch: 54, Loss: 0.0726, Train Acc: 0.9834,  Test_Loss: 0.0715,Test Acc: 0.9785,Test F1: 0.9686,Test auc: 0.9823
2024-05-09 13:18:34.479 | INFO     | __main__:<module>:100 - Epoch: 55, Loss: 0.0697, Train Acc: 0.9843,  Test_Loss: 0.0696,Test Acc: 0.9785,Test F1: 0.9686,Test auc: 0.9823
2024-05-09 13:18:34.515 | INFO     | __main__:<module>:100 - Epoch: 56, Loss: 0.0689, Train Acc: 0.9834,  Test_Loss: 0.0682,Test Acc: 0.9785,Test F1: 0.9686,Test auc: 0.9823
2024-05-09 13:18:34.551 | INFO     | __main__:<module>:100 - Epoch: 57, Loss: 0.0665, Train Acc: 0.9806,  Test_Loss: 0.0669,Test Acc: 0.9785,Test F1: 0.9686,Test auc: 0.9823
2024-05-09 13:18:34.593 | INFO     | __main__:<module>:100 - Epoch: 58, Loss: 0.0710, Train Acc: 0.9834,  Test_Loss: 0.0665,Test Acc: 0.9785,Test F1: 0.9686,Test auc: 0.9823
2024-05-09 13:18:34.617 | INFO     | __main__:<module>:100 - Epoch: 59, Loss: 0.0654, Train Acc: 0.9788,  Test_Loss: 0.0673,Test Acc: 0.9763,Test F1: 0.9655,Test auc: 0.9806
2024-05-09 13:18:34.640 | INFO     | __main__:<module>:100 - Epoch: 60, Loss: 0.0633, Train Acc: 0.9861,  Test_Loss: 0.0676,Test Acc: 0.9763,Test F1: 0.9655,Test auc: 0.9806
2024-05-09 13:18:34.668 | INFO     | __main__:<module>:100 - Epoch: 61, Loss: 0.0624, Train Acc: 0.9843,  Test_Loss: 0.0674,Test Acc: 0.9763,Test F1: 0.9655,Test auc: 0.9806
2024-05-09 13:18:34.703 | INFO     | __main__:<module>:100 - Epoch: 62, Loss: 0.0620, Train Acc: 0.9852,  Test_Loss: 0.0672,Test Acc: 0.9763,Test F1: 0.9655,Test auc: 0.9806
2024-05-09 13:18:34.734 | INFO     | __main__:<module>:100 - Epoch: 63, Loss: 0.0618, Train Acc: 0.9880,  Test_Loss: 0.0671,Test Acc: 0.9763,Test F1: 0.9655,Test auc: 0.9806
2024-05-09 13:18:34.761 | INFO     | __main__:<module>:100 - Epoch: 64, Loss: 0.0563, Train Acc: 0.9871,  Test_Loss: 0.0676,Test Acc: 0.9763,Test F1: 0.9655,Test auc: 0.9806
2024-05-09 13:18:34.797 | INFO     | __main__:<module>:100 - Epoch: 65, Loss: 0.0643, Train Acc: 0.9788,  Test_Loss: 0.0660,Test Acc: 0.9785,Test F1: 0.9686,Test auc: 0.9823
2024-05-09 13:18:34.830 | INFO     | __main__:<module>:100 - Epoch: 66, Loss: 0.0612, Train Acc: 0.9861,  Test_Loss: 0.0653,Test Acc: 0.9785,Test F1: 0.9686,Test auc: 0.9823
2024-05-09 13:18:34.858 | INFO     | __main__:<module>:100 - Epoch: 67, Loss: 0.0602, Train Acc: 0.9852,  Test_Loss: 0.0642,Test Acc: 0.9785,Test F1: 0.9686,Test auc: 0.9823
2024-05-09 13:18:34.892 | INFO     | __main__:<module>:100 - Epoch: 68, Loss: 0.0620, Train Acc: 0.9825,  Test_Loss: 0.0629,Test Acc: 0.9806,Test F1: 0.9716,Test auc: 0.9839
2024-05-09 13:18:34.934 | INFO     | __main__:<module>:100 - Epoch: 69, Loss: 0.0613, Train Acc: 0.9825,  Test_Loss: 0.0621,Test Acc: 0.9806,Test F1: 0.9716,Test auc: 0.9839
2024-05-09 13:18:34.973 | INFO     | __main__:<module>:100 - Epoch: 70, Loss: 0.0589, Train Acc: 0.9834,  Test_Loss: 0.0620,Test Acc: 0.9785,Test F1: 0.9686,Test auc: 0.9823
2024-05-09 13:18:34.996 | INFO     | __main__:<module>:100 - Epoch: 71, Loss: 0.0544, Train Acc: 0.9861,  Test_Loss: 0.0622,Test Acc: 0.9785,Test F1: 0.9686,Test auc: 0.9823
2024-05-09 13:18:35.014 | INFO     | __main__:<module>:100 - Epoch: 72, Loss: 0.0589, Train Acc: 0.9889,  Test_Loss: 0.0623,Test Acc: 0.9785,Test F1: 0.9686,Test auc: 0.9823
2024-05-09 13:18:35.031 | INFO     | __main__:<module>:100 - Epoch: 73, Loss: 0.0551, Train Acc: 0.9889,  Test_Loss: 0.0626,Test Acc: 0.9785,Test F1: 0.9686,Test auc: 0.9823
2024-05-09 13:18:35.048 | INFO     | __main__:<module>:100 - Epoch: 74, Loss: 0.0597, Train Acc: 0.9825,  Test_Loss: 0.0627,Test Acc: 0.9785,Test F1: 0.9686,Test auc: 0.9823
2024-05-09 13:18:35.065 | INFO     | __main__:<module>:100 - Epoch: 75, Loss: 0.0583, Train Acc: 0.9843,  Test_Loss: 0.0623,Test Acc: 0.9785,Test F1: 0.9686,Test auc: 0.9823
2024-05-09 13:18:35.088 | INFO     | __main__:<module>:100 - Epoch: 76, Loss: 0.0540, Train Acc: 0.9871,  Test_Loss: 0.0624,Test Acc: 0.9785,Test F1: 0.9686,Test auc: 0.9823
2024-05-09 13:18:35.121 | INFO     | __main__:<module>:100 - Epoch: 77, Loss: 0.0531, Train Acc: 0.9926,  Test_Loss: 0.0629,Test Acc: 0.9785,Test F1: 0.9686,Test auc: 0.9823
2024-05-09 13:18:35.152 | INFO     | __main__:<module>:100 - Epoch: 78, Loss: 0.0583, Train Acc: 0.9852,  Test_Loss: 0.0626,Test Acc: 0.9785,Test F1: 0.9686,Test auc: 0.9823
2024-05-09 13:18:35.179 | INFO     | __main__:<module>:100 - Epoch: 79, Loss: 0.0580, Train Acc: 0.9871,  Test_Loss: 0.0633,Test Acc: 0.9785,Test F1: 0.9686,Test auc: 0.9823
2024-05-09 13:18:35.200 | INFO     | __main__:<module>:100 - Epoch: 80, Loss: 0.0557, Train Acc: 0.9880,  Test_Loss: 0.0631,Test Acc: 0.9785,Test F1: 0.9686,Test auc: 0.9823
2024-05-09 13:18:35.218 | INFO     | __main__:<module>:100 - Epoch: 81, Loss: 0.0547, Train Acc: 0.9908,  Test_Loss: 0.0641,Test Acc: 0.9763,Test F1: 0.9655,Test auc: 0.9806
2024-05-09 13:18:35.235 | INFO     | __main__:<module>:100 - Epoch: 82, Loss: 0.0577, Train Acc: 0.9861,  Test_Loss: 0.0651,Test Acc: 0.9763,Test F1: 0.9655,Test auc: 0.9806
2024-05-09 13:18:35.251 | INFO     | __main__:<module>:100 - Epoch: 83, Loss: 0.0596, Train Acc: 0.9861,  Test_Loss: 0.0663,Test Acc: 0.9763,Test F1: 0.9655,Test auc: 0.9806
2024-05-09 13:18:35.277 | INFO     | __main__:<module>:100 - Epoch: 84, Loss: 0.0558, Train Acc: 0.9889,  Test_Loss: 0.0665,Test Acc: 0.9763,Test F1: 0.9655,Test auc: 0.9806
2024-05-09 13:18:35.313 | INFO     | __main__:<module>:100 - Epoch: 85, Loss: 0.0599, Train Acc: 0.9861,  Test_Loss: 0.0661,Test Acc: 0.9763,Test F1: 0.9655,Test auc: 0.9806
2024-05-09 13:18:35.339 | INFO     | __main__:<module>:100 - Epoch: 86, Loss: 0.0550, Train Acc: 0.9908,  Test_Loss: 0.0675,Test Acc: 0.9763,Test F1: 0.9655,Test auc: 0.9806
2024-05-09 13:18:35.364 | INFO     | __main__:<module>:100 - Epoch: 87, Loss: 0.0613, Train Acc: 0.9825,  Test_Loss: 0.0668,Test Acc: 0.9763,Test F1: 0.9655,Test auc: 0.9806
2024-05-09 13:18:35.385 | INFO     | __main__:<module>:100 - Epoch: 88, Loss: 0.0572, Train Acc: 0.9861,  Test_Loss: 0.0664,Test Acc: 0.9763,Test F1: 0.9655,Test auc: 0.9806
2024-05-09 13:18:35.407 | INFO     | __main__:<module>:100 - Epoch: 89, Loss: 0.0559, Train Acc: 0.9861,  Test_Loss: 0.0659,Test Acc: 0.9763,Test F1: 0.9655,Test auc: 0.9806
2024-05-09 13:18:35.425 | INFO     | __main__:<module>:100 - Epoch: 90, Loss: 0.0558, Train Acc: 0.9861,  Test_Loss: 0.0657,Test Acc: 0.9763,Test F1: 0.9655,Test auc: 0.9806
2024-05-09 13:18:35.447 | INFO     | __main__:<module>:100 - Epoch: 91, Loss: 0.0547, Train Acc: 0.9898,  Test_Loss: 0.0655,Test Acc: 0.9763,Test F1: 0.9655,Test auc: 0.9806
2024-05-09 13:18:35.475 | INFO     | __main__:<module>:100 - Epoch: 92, Loss: 0.0570, Train Acc: 0.9871,  Test_Loss: 0.0655,Test Acc: 0.9763,Test F1: 0.9655,Test auc: 0.9806
2024-05-09 13:18:35.503 | INFO     | __main__:<module>:100 - Epoch: 93, Loss: 0.0595, Train Acc: 0.9861,  Test_Loss: 0.0657,Test Acc: 0.9763,Test F1: 0.9655,Test auc: 0.9806
2024-05-09 13:18:35.531 | INFO     | __main__:<module>:100 - Epoch: 94, Loss: 0.0579, Train Acc: 0.9825,  Test_Loss: 0.0660,Test Acc: 0.9763,Test F1: 0.9655,Test auc: 0.9806
2024-05-09 13:18:35.554 | INFO     | __main__:<module>:100 - Epoch: 95, Loss: 0.0558, Train Acc: 0.9880,  Test_Loss: 0.0654,Test Acc: 0.9763,Test F1: 0.9655,Test auc: 0.9806
2024-05-09 13:18:35.583 | INFO     | __main__:<module>:100 - Epoch: 96, Loss: 0.0568, Train Acc: 0.9871,  Test_Loss: 0.0666,Test Acc: 0.9763,Test F1: 0.9655,Test auc: 0.9806
2024-05-09 13:18:35.612 | INFO     | __main__:<module>:100 - Epoch: 97, Loss: 0.0519, Train Acc: 0.9898,  Test_Loss: 0.0669,Test Acc: 0.9763,Test F1: 0.9655,Test auc: 0.9806
2024-05-09 13:18:35.630 | INFO     | __main__:<module>:100 - Epoch: 98, Loss: 0.0615, Train Acc: 0.9843,  Test_Loss: 0.0665,Test Acc: 0.9763,Test F1: 0.9655,Test auc: 0.9806
2024-05-09 13:18:35.647 | INFO     | __main__:<module>:100 - Epoch: 99, Loss: 0.0581, Train Acc: 0.9852,  Test_Loss: 0.0654,Test Acc: 0.9763,Test F1: 0.9655,Test auc: 0.9806
2024-05-09 13:18:35.668 | INFO     | __main__:<module>:100 - Epoch: 100, Loss: 0.0594, Train Acc: 0.9861,  Test_Loss: 0.0660,Test Acc: 0.9763,Test F1: 0.9655,Test auc: 0.9806
2024-05-09 13:18:35.669 | INFO     | __main__:<module>:118 - 1.947185754776001
2024-05-09 13:18:36.172 | INFO     | __main__:<module>:79 - Namespace(dataset='sc', model='GCN', learning_rate=0.01, epochs=9999, hidden_units=16, dropout=0.4, weight_decay=0.01, weight_decay1=0.01, weight_decay2=0.0005, early_stopping=30, residual=True, seed=824, type='Binary', DEVICE='cuda', theta=0.5, layers=64, alpha=0.1, feature_type='x_55', CGCN=0)
2024-05-09 13:18:36.173 | INFO     | __main__:<module>:80 - Data(edge_index=[2, 35976], weight=[35976], num_nodes=10320, x=[10320, 7], train_mask=[10320], test_mask=[10320], label=[10320])
2024-05-09 13:18:36.202 | INFO     | __main__:<module>:100 - Epoch: 00, Loss: 1.1922, Train Acc: 0.7073,  Test_Loss: 0.7310,Test Acc: 0.8710,Test F1: 0.7857,Test auc: 0.8306
2024-05-09 13:18:36.227 | INFO     | __main__:<module>:100 - Epoch: 01, Loss: 0.8731, Train Acc: 0.7756,  Test_Loss: 0.5787,Test Acc: 0.9333,Test F1: 0.9040,Test auc: 0.9355
2024-05-09 13:18:36.259 | INFO     | __main__:<module>:100 - Epoch: 02, Loss: 0.6317, Train Acc: 0.8661,  Test_Loss: 0.5220,Test Acc: 0.9441,Test F1: 0.9198,Test auc: 0.9484
2024-05-09 13:18:36.287 | INFO     | __main__:<module>:100 - Epoch: 03, Loss: 0.5313, Train Acc: 0.8864,  Test_Loss: 0.4857,Test Acc: 0.9355,Test F1: 0.9068,Test auc: 0.9371
2024-05-09 13:18:36.324 | INFO     | __main__:<module>:100 - Epoch: 04, Loss: 0.4796, Train Acc: 0.9058,  Test_Loss: 0.4529,Test Acc: 0.9398,Test F1: 0.9114,Test auc: 0.9371
2024-05-09 13:18:36.353 | INFO     | __main__:<module>:100 - Epoch: 05, Loss: 0.4742, Train Acc: 0.9114,  Test_Loss: 0.4196,Test Acc: 0.9462,Test F1: 0.9216,Test auc: 0.9468
2024-05-09 13:18:36.386 | INFO     | __main__:<module>:100 - Epoch: 06, Loss: 0.4399, Train Acc: 0.9178,  Test_Loss: 0.3887,Test Acc: 0.9570,Test F1: 0.9379,Test auc: 0.9613
2024-05-09 13:18:36.427 | INFO     | __main__:<module>:100 - Epoch: 07, Loss: 0.4220, Train Acc: 0.8994,  Test_Loss: 0.3632,Test Acc: 0.9634,Test F1: 0.9477,Test auc: 0.9710
2024-05-09 13:18:36.461 | INFO     | __main__:<module>:100 - Epoch: 08, Loss: 0.3993, Train Acc: 0.9187,  Test_Loss: 0.3429,Test Acc: 0.9570,Test F1: 0.9390,Test auc: 0.9661
2024-05-09 13:18:36.487 | INFO     | __main__:<module>:100 - Epoch: 09, Loss: 0.3573, Train Acc: 0.9372,  Test_Loss: 0.3218,Test Acc: 0.9634,Test F1: 0.9477,Test auc: 0.9710
2024-05-09 13:18:36.525 | INFO     | __main__:<module>:100 - Epoch: 10, Loss: 0.3469, Train Acc: 0.9344,  Test_Loss: 0.3002,Test Acc: 0.9613,Test F1: 0.9441,Test auc: 0.9661
2024-05-09 13:18:36.555 | INFO     | __main__:<module>:100 - Epoch: 11, Loss: 0.3213, Train Acc: 0.9372,  Test_Loss: 0.2805,Test Acc: 0.9527,Test F1: 0.9304,Test auc: 0.9516
2024-05-09 13:18:36.596 | INFO     | __main__:<module>:100 - Epoch: 12, Loss: 0.2992, Train Acc: 0.9455,  Test_Loss: 0.2637,Test Acc: 0.9441,Test F1: 0.9167,Test auc: 0.9387
2024-05-09 13:18:36.636 | INFO     | __main__:<module>:100 - Epoch: 13, Loss: 0.2817, Train Acc: 0.9428,  Test_Loss: 0.2473,Test Acc: 0.9441,Test F1: 0.9161,Test auc: 0.9371
2024-05-09 13:18:36.675 | INFO     | __main__:<module>:100 - Epoch: 14, Loss: 0.2632, Train Acc: 0.9409,  Test_Loss: 0.2308,Test Acc: 0.9462,Test F1: 0.9201,Test auc: 0.9419
2024-05-09 13:18:36.707 | INFO     | __main__:<module>:100 - Epoch: 15, Loss: 0.2454, Train Acc: 0.9464,  Test_Loss: 0.2153,Test Acc: 0.9548,Test F1: 0.9338,Test auc: 0.9548
2024-05-09 13:18:36.742 | INFO     | __main__:<module>:100 - Epoch: 16, Loss: 0.2363, Train Acc: 0.9418,  Test_Loss: 0.2032,Test Acc: 0.9613,Test F1: 0.9441,Test auc: 0.9661
2024-05-09 13:18:36.770 | INFO     | __main__:<module>:100 - Epoch: 17, Loss: 0.2195, Train Acc: 0.9631,  Test_Loss: 0.1934,Test Acc: 0.9613,Test F1: 0.9444,Test auc: 0.9677
2024-05-09 13:18:36.799 | INFO     | __main__:<module>:100 - Epoch: 18, Loss: 0.2141, Train Acc: 0.9557,  Test_Loss: 0.1844,Test Acc: 0.9591,Test F1: 0.9415,Test auc: 0.9661
2024-05-09 13:18:36.839 | INFO     | __main__:<module>:100 - Epoch: 19, Loss: 0.2071, Train Acc: 0.9529,  Test_Loss: 0.1746,Test Acc: 0.9613,Test F1: 0.9444,Test auc: 0.9677
2024-05-09 13:18:36.876 | INFO     | __main__:<module>:100 - Epoch: 20, Loss: 0.1937, Train Acc: 0.9529,  Test_Loss: 0.1670,Test Acc: 0.9613,Test F1: 0.9444,Test auc: 0.9677
2024-05-09 13:18:36.911 | INFO     | __main__:<module>:100 - Epoch: 21, Loss: 0.1851, Train Acc: 0.9584,  Test_Loss: 0.1603,Test Acc: 0.9591,Test F1: 0.9408,Test auc: 0.9629
2024-05-09 13:18:36.945 | INFO     | __main__:<module>:100 - Epoch: 22, Loss: 0.1865, Train Acc: 0.9492,  Test_Loss: 0.1546,Test Acc: 0.9613,Test F1: 0.9438,Test auc: 0.9645
2024-05-09 13:18:36.981 | INFO     | __main__:<module>:100 - Epoch: 23, Loss: 0.1674, Train Acc: 0.9557,  Test_Loss: 0.1496,Test Acc: 0.9591,Test F1: 0.9404,Test auc: 0.9613
2024-05-09 13:18:37.005 | INFO     | __main__:<module>:100 - Epoch: 24, Loss: 0.1798, Train Acc: 0.9529,  Test_Loss: 0.1450,Test Acc: 0.9570,Test F1: 0.9379,Test auc: 0.9613
2024-05-09 13:18:37.040 | INFO     | __main__:<module>:100 - Epoch: 25, Loss: 0.1712, Train Acc: 0.9492,  Test_Loss: 0.1415,Test Acc: 0.9613,Test F1: 0.9444,Test auc: 0.9677
2024-05-09 13:18:37.083 | INFO     | __main__:<module>:100 - Epoch: 26, Loss: 0.1506, Train Acc: 0.9566,  Test_Loss: 0.1386,Test Acc: 0.9613,Test F1: 0.9444,Test auc: 0.9677
2024-05-09 13:18:37.119 | INFO     | __main__:<module>:100 - Epoch: 27, Loss: 0.1641, Train Acc: 0.9529,  Test_Loss: 0.1335,Test Acc: 0.9613,Test F1: 0.9444,Test auc: 0.9677
2024-05-09 13:18:37.150 | INFO     | __main__:<module>:100 - Epoch: 28, Loss: 0.1402, Train Acc: 0.9658,  Test_Loss: 0.1290,Test Acc: 0.9613,Test F1: 0.9444,Test auc: 0.9677
2024-05-09 13:18:37.174 | INFO     | __main__:<module>:100 - Epoch: 29, Loss: 0.1495, Train Acc: 0.9557,  Test_Loss: 0.1251,Test Acc: 0.9634,Test F1: 0.9474,Test auc: 0.9694
2024-05-09 13:18:37.207 | INFO     | __main__:<module>:100 - Epoch: 30, Loss: 0.1250, Train Acc: 0.9658,  Test_Loss: 0.1216,Test Acc: 0.9634,Test F1: 0.9474,Test auc: 0.9694
2024-05-09 13:18:37.243 | INFO     | __main__:<module>:100 - Epoch: 31, Loss: 0.1400, Train Acc: 0.9612,  Test_Loss: 0.1198,Test Acc: 0.9656,Test F1: 0.9503,Test auc: 0.9710
2024-05-09 13:18:37.285 | INFO     | __main__:<module>:100 - Epoch: 32, Loss: 0.1194, Train Acc: 0.9668,  Test_Loss: 0.1195,Test Acc: 0.9677,Test F1: 0.9533,Test auc: 0.9726
2024-05-09 13:18:37.319 | INFO     | __main__:<module>:100 - Epoch: 33, Loss: 0.1271, Train Acc: 0.9640,  Test_Loss: 0.1163,Test Acc: 0.9677,Test F1: 0.9533,Test auc: 0.9726
2024-05-09 13:18:37.348 | INFO     | __main__:<module>:100 - Epoch: 34, Loss: 0.1203, Train Acc: 0.9695,  Test_Loss: 0.1117,Test Acc: 0.9699,Test F1: 0.9563,Test auc: 0.9742
2024-05-09 13:18:37.375 | INFO     | __main__:<module>:100 - Epoch: 35, Loss: 0.1184, Train Acc: 0.9695,  Test_Loss: 0.1073,Test Acc: 0.9699,Test F1: 0.9563,Test auc: 0.9742
2024-05-09 13:18:37.407 | INFO     | __main__:<module>:100 - Epoch: 36, Loss: 0.1256, Train Acc: 0.9640,  Test_Loss: 0.1027,Test Acc: 0.9699,Test F1: 0.9563,Test auc: 0.9742
2024-05-09 13:18:37.446 | INFO     | __main__:<module>:100 - Epoch: 37, Loss: 0.1200, Train Acc: 0.9677,  Test_Loss: 0.0997,Test Acc: 0.9699,Test F1: 0.9560,Test auc: 0.9726
2024-05-09 13:18:37.482 | INFO     | __main__:<module>:100 - Epoch: 38, Loss: 0.1143, Train Acc: 0.9649,  Test_Loss: 0.0977,Test Acc: 0.9720,Test F1: 0.9590,Test auc: 0.9742
2024-05-09 13:18:37.516 | INFO     | __main__:<module>:100 - Epoch: 39, Loss: 0.1103, Train Acc: 0.9686,  Test_Loss: 0.0946,Test Acc: 0.9763,Test F1: 0.9653,Test auc: 0.9790
2024-05-09 13:18:37.546 | INFO     | __main__:<module>:100 - Epoch: 40, Loss: 0.1128, Train Acc: 0.9640,  Test_Loss: 0.0927,Test Acc: 0.9742,Test F1: 0.9623,Test auc: 0.9774
2024-05-09 13:18:37.561 | INFO     | __main__:<module>:100 - Epoch: 41, Loss: 0.1117, Train Acc: 0.9677,  Test_Loss: 0.0940,Test Acc: 0.9720,Test F1: 0.9595,Test auc: 0.9774
2024-05-09 13:18:37.587 | INFO     | __main__:<module>:100 - Epoch: 42, Loss: 0.1010, Train Acc: 0.9769,  Test_Loss: 0.0936,Test Acc: 0.9699,Test F1: 0.9563,Test auc: 0.9742
2024-05-09 13:18:37.605 | INFO     | __main__:<module>:100 - Epoch: 43, Loss: 0.1157, Train Acc: 0.9695,  Test_Loss: 0.0935,Test Acc: 0.9699,Test F1: 0.9563,Test auc: 0.9742
2024-05-09 13:18:37.634 | INFO     | __main__:<module>:100 - Epoch: 44, Loss: 0.1068, Train Acc: 0.9714,  Test_Loss: 0.0940,Test Acc: 0.9699,Test F1: 0.9563,Test auc: 0.9742
2024-05-09 13:18:37.665 | INFO     | __main__:<module>:100 - Epoch: 45, Loss: 0.1051, Train Acc: 0.9695,  Test_Loss: 0.0919,Test Acc: 0.9742,Test F1: 0.9623,Test auc: 0.9774
2024-05-09 13:18:37.698 | INFO     | __main__:<module>:100 - Epoch: 46, Loss: 0.1065, Train Acc: 0.9751,  Test_Loss: 0.0904,Test Acc: 0.9742,Test F1: 0.9623,Test auc: 0.9774
2024-05-09 13:18:37.730 | INFO     | __main__:<module>:100 - Epoch: 47, Loss: 0.0980, Train Acc: 0.9760,  Test_Loss: 0.0879,Test Acc: 0.9742,Test F1: 0.9623,Test auc: 0.9774
2024-05-09 13:18:37.751 | INFO     | __main__:<module>:100 - Epoch: 48, Loss: 0.0987, Train Acc: 0.9732,  Test_Loss: 0.0855,Test Acc: 0.9742,Test F1: 0.9623,Test auc: 0.9774
2024-05-09 13:18:37.785 | INFO     | __main__:<module>:100 - Epoch: 49, Loss: 0.1008, Train Acc: 0.9788,  Test_Loss: 0.0839,Test Acc: 0.9742,Test F1: 0.9623,Test auc: 0.9774
2024-05-09 13:18:37.818 | INFO     | __main__:<module>:100 - Epoch: 50, Loss: 0.0917, Train Acc: 0.9723,  Test_Loss: 0.0820,Test Acc: 0.9742,Test F1: 0.9623,Test auc: 0.9774
2024-05-09 13:18:37.852 | INFO     | __main__:<module>:100 - Epoch: 51, Loss: 0.0927, Train Acc: 0.9705,  Test_Loss: 0.0797,Test Acc: 0.9763,Test F1: 0.9653,Test auc: 0.9790
2024-05-09 13:18:37.891 | INFO     | __main__:<module>:100 - Epoch: 52, Loss: 0.0962, Train Acc: 0.9686,  Test_Loss: 0.0785,Test Acc: 0.9763,Test F1: 0.9653,Test auc: 0.9790
2024-05-09 13:18:37.936 | INFO     | __main__:<module>:100 - Epoch: 53, Loss: 0.0842, Train Acc: 0.9797,  Test_Loss: 0.0774,Test Acc: 0.9763,Test F1: 0.9653,Test auc: 0.9790
2024-05-09 13:18:37.970 | INFO     | __main__:<module>:100 - Epoch: 54, Loss: 0.0836, Train Acc: 0.9778,  Test_Loss: 0.0767,Test Acc: 0.9742,Test F1: 0.9623,Test auc: 0.9774
2024-05-09 13:18:38.003 | INFO     | __main__:<module>:100 - Epoch: 55, Loss: 0.0840, Train Acc: 0.9760,  Test_Loss: 0.0754,Test Acc: 0.9742,Test F1: 0.9623,Test auc: 0.9774
2024-05-09 13:18:38.036 | INFO     | __main__:<module>:100 - Epoch: 56, Loss: 0.0832, Train Acc: 0.9732,  Test_Loss: 0.0743,Test Acc: 0.9763,Test F1: 0.9655,Test auc: 0.9806
2024-05-09 13:18:38.075 | INFO     | __main__:<module>:100 - Epoch: 57, Loss: 0.0781, Train Acc: 0.9788,  Test_Loss: 0.0732,Test Acc: 0.9763,Test F1: 0.9655,Test auc: 0.9806
2024-05-09 13:18:38.110 | INFO     | __main__:<module>:100 - Epoch: 58, Loss: 0.0834, Train Acc: 0.9760,  Test_Loss: 0.0713,Test Acc: 0.9742,Test F1: 0.9623,Test auc: 0.9774
2024-05-09 13:18:38.145 | INFO     | __main__:<module>:100 - Epoch: 59, Loss: 0.0752, Train Acc: 0.9769,  Test_Loss: 0.0698,Test Acc: 0.9763,Test F1: 0.9653,Test auc: 0.9790
2024-05-09 13:18:38.174 | INFO     | __main__:<module>:100 - Epoch: 60, Loss: 0.0752, Train Acc: 0.9778,  Test_Loss: 0.0693,Test Acc: 0.9742,Test F1: 0.9623,Test auc: 0.9774
2024-05-09 13:18:38.190 | INFO     | __main__:<module>:100 - Epoch: 61, Loss: 0.0785, Train Acc: 0.9788,  Test_Loss: 0.0699,Test Acc: 0.9763,Test F1: 0.9655,Test auc: 0.9806
2024-05-09 13:18:38.215 | INFO     | __main__:<module>:100 - Epoch: 62, Loss: 0.0801, Train Acc: 0.9788,  Test_Loss: 0.0701,Test Acc: 0.9763,Test F1: 0.9655,Test auc: 0.9806
2024-05-09 13:18:38.237 | INFO     | __main__:<module>:100 - Epoch: 63, Loss: 0.0716, Train Acc: 0.9815,  Test_Loss: 0.0717,Test Acc: 0.9763,Test F1: 0.9655,Test auc: 0.9806
2024-05-09 13:18:38.261 | INFO     | __main__:<module>:100 - Epoch: 64, Loss: 0.0763, Train Acc: 0.9788,  Test_Loss: 0.0715,Test Acc: 0.9763,Test F1: 0.9655,Test auc: 0.9806
2024-05-09 13:18:38.287 | INFO     | __main__:<module>:100 - Epoch: 65, Loss: 0.0784, Train Acc: 0.9815,  Test_Loss: 0.0715,Test Acc: 0.9763,Test F1: 0.9655,Test auc: 0.9806
2024-05-09 13:18:38.315 | INFO     | __main__:<module>:100 - Epoch: 66, Loss: 0.0762, Train Acc: 0.9769,  Test_Loss: 0.0716,Test Acc: 0.9763,Test F1: 0.9655,Test auc: 0.9806
2024-05-09 13:18:38.341 | INFO     | __main__:<module>:100 - Epoch: 67, Loss: 0.0823, Train Acc: 0.9760,  Test_Loss: 0.0710,Test Acc: 0.9763,Test F1: 0.9655,Test auc: 0.9806
2024-05-09 13:18:38.362 | INFO     | __main__:<module>:100 - Epoch: 68, Loss: 0.0787, Train Acc: 0.9788,  Test_Loss: 0.0718,Test Acc: 0.9763,Test F1: 0.9655,Test auc: 0.9806
2024-05-09 13:18:38.376 | INFO     | __main__:<module>:100 - Epoch: 69, Loss: 0.0776, Train Acc: 0.9806,  Test_Loss: 0.0722,Test Acc: 0.9763,Test F1: 0.9655,Test auc: 0.9806
2024-05-09 13:18:38.390 | INFO     | __main__:<module>:100 - Epoch: 70, Loss: 0.0764, Train Acc: 0.9760,  Test_Loss: 0.0710,Test Acc: 0.9763,Test F1: 0.9655,Test auc: 0.9806
2024-05-09 13:18:38.410 | INFO     | __main__:<module>:100 - Epoch: 71, Loss: 0.0696, Train Acc: 0.9834,  Test_Loss: 0.0715,Test Acc: 0.9763,Test F1: 0.9655,Test auc: 0.9806
2024-05-09 13:18:38.433 | INFO     | __main__:<module>:100 - Epoch: 72, Loss: 0.0723, Train Acc: 0.9815,  Test_Loss: 0.0740,Test Acc: 0.9763,Test F1: 0.9655,Test auc: 0.9806
2024-05-09 13:18:38.456 | INFO     | __main__:<module>:100 - Epoch: 73, Loss: 0.0754, Train Acc: 0.9806,  Test_Loss: 0.0730,Test Acc: 0.9763,Test F1: 0.9655,Test auc: 0.9806
2024-05-09 13:18:38.483 | INFO     | __main__:<module>:100 - Epoch: 74, Loss: 0.0707, Train Acc: 0.9806,  Test_Loss: 0.0727,Test Acc: 0.9763,Test F1: 0.9655,Test auc: 0.9806
2024-05-09 13:18:38.503 | INFO     | __main__:<module>:100 - Epoch: 75, Loss: 0.0752, Train Acc: 0.9760,  Test_Loss: 0.0728,Test Acc: 0.9763,Test F1: 0.9655,Test auc: 0.9806
2024-05-09 13:18:38.527 | INFO     | __main__:<module>:100 - Epoch: 76, Loss: 0.0783, Train Acc: 0.9760,  Test_Loss: 0.0722,Test Acc: 0.9763,Test F1: 0.9655,Test auc: 0.9806
2024-05-09 13:18:38.551 | INFO     | __main__:<module>:100 - Epoch: 77, Loss: 0.0812, Train Acc: 0.9778,  Test_Loss: 0.0727,Test Acc: 0.9763,Test F1: 0.9655,Test auc: 0.9806
2024-05-09 13:18:38.575 | INFO     | __main__:<module>:100 - Epoch: 78, Loss: 0.0721, Train Acc: 0.9825,  Test_Loss: 0.0731,Test Acc: 0.9763,Test F1: 0.9655,Test auc: 0.9806
2024-05-09 13:18:38.601 | INFO     | __main__:<module>:100 - Epoch: 79, Loss: 0.0733, Train Acc: 0.9797,  Test_Loss: 0.0734,Test Acc: 0.9763,Test F1: 0.9655,Test auc: 0.9806
2024-05-09 13:18:38.623 | INFO     | __main__:<module>:100 - Epoch: 80, Loss: 0.0703, Train Acc: 0.9806,  Test_Loss: 0.0724,Test Acc: 0.9763,Test F1: 0.9655,Test auc: 0.9806
2024-05-09 13:18:38.640 | INFO     | __main__:<module>:100 - Epoch: 81, Loss: 0.0774, Train Acc: 0.9760,  Test_Loss: 0.0740,Test Acc: 0.9763,Test F1: 0.9655,Test auc: 0.9806
2024-05-09 13:18:38.663 | INFO     | __main__:<module>:100 - Epoch: 82, Loss: 0.0709, Train Acc: 0.9825,  Test_Loss: 0.0736,Test Acc: 0.9763,Test F1: 0.9655,Test auc: 0.9806
2024-05-09 13:18:38.690 | INFO     | __main__:<module>:100 - Epoch: 83, Loss: 0.0792, Train Acc: 0.9760,  Test_Loss: 0.0733,Test Acc: 0.9763,Test F1: 0.9655,Test auc: 0.9806
2024-05-09 13:18:38.714 | INFO     | __main__:<module>:100 - Epoch: 84, Loss: 0.0763, Train Acc: 0.9797,  Test_Loss: 0.0739,Test Acc: 0.9763,Test F1: 0.9655,Test auc: 0.9806
2024-05-09 13:18:38.742 | INFO     | __main__:<module>:100 - Epoch: 85, Loss: 0.0761, Train Acc: 0.9815,  Test_Loss: 0.0745,Test Acc: 0.9763,Test F1: 0.9655,Test auc: 0.9806
2024-05-09 13:18:38.765 | INFO     | __main__:<module>:100 - Epoch: 86, Loss: 0.0710, Train Acc: 0.9788,  Test_Loss: 0.0745,Test Acc: 0.9763,Test F1: 0.9655,Test auc: 0.9806
2024-05-09 13:18:38.791 | INFO     | __main__:<module>:100 - Epoch: 87, Loss: 0.0777, Train Acc: 0.9806,  Test_Loss: 0.0744,Test Acc: 0.9763,Test F1: 0.9655,Test auc: 0.9806
2024-05-09 13:18:38.811 | INFO     | __main__:<module>:100 - Epoch: 88, Loss: 0.0707, Train Acc: 0.9815,  Test_Loss: 0.0737,Test Acc: 0.9763,Test F1: 0.9655,Test auc: 0.9806
2024-05-09 13:18:38.826 | INFO     | __main__:<module>:100 - Epoch: 89, Loss: 0.0749, Train Acc: 0.9806,  Test_Loss: 0.0729,Test Acc: 0.9763,Test F1: 0.9655,Test auc: 0.9806
2024-05-09 13:18:38.839 | INFO     | __main__:<module>:100 - Epoch: 90, Loss: 0.0693, Train Acc: 0.9898,  Test_Loss: 0.0739,Test Acc: 0.9763,Test F1: 0.9655,Test auc: 0.9806
2024-05-09 13:18:38.840 | INFO     | __main__:<module>:118 - 1.6944799423217773
2024-05-09 13:18:39.147 | INFO     | __main__:<module>:79 - Namespace(dataset='sc', model='GCN', learning_rate=0.01, epochs=9999, hidden_units=16, dropout=0.4, weight_decay=0.01, weight_decay1=0.01, weight_decay2=0.0005, early_stopping=30, residual=True, seed=824, type='Binary', DEVICE='cuda', theta=0.5, layers=64, alpha=0.1, feature_type='x_55', CGCN=0)
2024-05-09 13:18:39.147 | INFO     | __main__:<module>:80 - Data(edge_index=[2, 35976], weight=[35976], num_nodes=10320, x=[10320, 8], train_mask=[10320], test_mask=[10320], label=[10320])
2024-05-09 13:18:39.167 | INFO     | __main__:<module>:100 - Epoch: 00, Loss: 1.1775, Train Acc: 0.6824,  Test_Loss: 0.6238,Test Acc: 0.7376,Test F1: 0.3776,Test auc: 0.6129
2024-05-09 13:18:39.185 | INFO     | __main__:<module>:100 - Epoch: 01, Loss: 0.7120, Train Acc: 0.7682,  Test_Loss: 0.5377,Test Acc: 0.8989,Test F1: 0.8374,Test auc: 0.8694
2024-05-09 13:18:39.206 | INFO     | __main__:<module>:100 - Epoch: 02, Loss: 0.5336, Train Acc: 0.8772,  Test_Loss: 0.5113,Test Acc: 0.9140,Test F1: 0.8684,Test auc: 0.8984
2024-05-09 13:18:39.223 | INFO     | __main__:<module>:100 - Epoch: 03, Loss: 0.5364, Train Acc: 0.9021,  Test_Loss: 0.4889,Test Acc: 0.9226,Test F1: 0.8861,Test auc: 0.9177
2024-05-09 13:18:39.241 | INFO     | __main__:<module>:100 - Epoch: 04, Loss: 0.4693, Train Acc: 0.9141,  Test_Loss: 0.4658,Test Acc: 0.9269,Test F1: 0.8951,Test auc: 0.9290
2024-05-09 13:18:39.273 | INFO     | __main__:<module>:100 - Epoch: 05, Loss: 0.4859, Train Acc: 0.9298,  Test_Loss: 0.4395,Test Acc: 0.9333,Test F1: 0.9040,Test auc: 0.9355
2024-05-09 13:18:39.297 | INFO     | __main__:<module>:100 - Epoch: 06, Loss: 0.4410, Train Acc: 0.9261,  Test_Loss: 0.4111,Test Acc: 0.9398,Test F1: 0.9125,Test auc: 0.9403
2024-05-09 13:18:39.330 | INFO     | __main__:<module>:100 - Epoch: 07, Loss: 0.4288, Train Acc: 0.9141,  Test_Loss: 0.3876,Test Acc: 0.9462,Test F1: 0.9211,Test auc: 0.9452
2024-05-09 13:18:39.365 | INFO     | __main__:<module>:100 - Epoch: 08, Loss: 0.4021, Train Acc: 0.9271,  Test_Loss: 0.3704,Test Acc: 0.9441,Test F1: 0.9172,Test auc: 0.9403
2024-05-09 13:18:39.402 | INFO     | __main__:<module>:100 - Epoch: 09, Loss: 0.3768, Train Acc: 0.9391,  Test_Loss: 0.3529,Test Acc: 0.9441,Test F1: 0.9172,Test auc: 0.9403
2024-05-09 13:18:39.441 | INFO     | __main__:<module>:100 - Epoch: 10, Loss: 0.3660, Train Acc: 0.9280,  Test_Loss: 0.3353,Test Acc: 0.9462,Test F1: 0.9201,Test auc: 0.9419
2024-05-09 13:18:39.474 | INFO     | __main__:<module>:100 - Epoch: 11, Loss: 0.3543, Train Acc: 0.9317,  Test_Loss: 0.3176,Test Acc: 0.9505,Test F1: 0.9274,Test auc: 0.9500
2024-05-09 13:18:39.504 | INFO     | __main__:<module>:100 - Epoch: 12, Loss: 0.3293, Train Acc: 0.9474,  Test_Loss: 0.3005,Test Acc: 0.9505,Test F1: 0.9279,Test auc: 0.9516
2024-05-09 13:18:39.532 | INFO     | __main__:<module>:100 - Epoch: 13, Loss: 0.3135, Train Acc: 0.9483,  Test_Loss: 0.2847,Test Acc: 0.9527,Test F1: 0.9313,Test auc: 0.9548
2024-05-09 13:18:39.558 | INFO     | __main__:<module>:100 - Epoch: 14, Loss: 0.2936, Train Acc: 0.9492,  Test_Loss: 0.2698,Test Acc: 0.9548,Test F1: 0.9342,Test auc: 0.9565
2024-05-09 13:18:39.592 | INFO     | __main__:<module>:100 - Epoch: 15, Loss: 0.2949, Train Acc: 0.9446,  Test_Loss: 0.2558,Test Acc: 0.9548,Test F1: 0.9342,Test auc: 0.9565
2024-05-09 13:18:39.625 | INFO     | __main__:<module>:100 - Epoch: 16, Loss: 0.2630, Train Acc: 0.9621,  Test_Loss: 0.2425,Test Acc: 0.9548,Test F1: 0.9338,Test auc: 0.9548
2024-05-09 13:18:39.669 | INFO     | __main__:<module>:100 - Epoch: 17, Loss: 0.2478, Train Acc: 0.9520,  Test_Loss: 0.2306,Test Acc: 0.9570,Test F1: 0.9367,Test auc: 0.9565
2024-05-09 13:18:39.704 | INFO     | __main__:<module>:100 - Epoch: 18, Loss: 0.2424, Train Acc: 0.9575,  Test_Loss: 0.2196,Test Acc: 0.9570,Test F1: 0.9367,Test auc: 0.9565
2024-05-09 13:18:39.733 | INFO     | __main__:<module>:100 - Epoch: 19, Loss: 0.2280, Train Acc: 0.9566,  Test_Loss: 0.2092,Test Acc: 0.9570,Test F1: 0.9367,Test auc: 0.9565
2024-05-09 13:18:39.759 | INFO     | __main__:<module>:100 - Epoch: 20, Loss: 0.2289, Train Acc: 0.9538,  Test_Loss: 0.1995,Test Acc: 0.9570,Test F1: 0.9367,Test auc: 0.9565
2024-05-09 13:18:39.795 | INFO     | __main__:<module>:100 - Epoch: 21, Loss: 0.2151, Train Acc: 0.9492,  Test_Loss: 0.1905,Test Acc: 0.9570,Test F1: 0.9375,Test auc: 0.9597
2024-05-09 13:18:39.826 | INFO     | __main__:<module>:100 - Epoch: 22, Loss: 0.1976, Train Acc: 0.9631,  Test_Loss: 0.1829,Test Acc: 0.9570,Test F1: 0.9379,Test auc: 0.9613
2024-05-09 13:18:39.867 | INFO     | __main__:<module>:100 - Epoch: 23, Loss: 0.1931, Train Acc: 0.9529,  Test_Loss: 0.1756,Test Acc: 0.9570,Test F1: 0.9379,Test auc: 0.9613
2024-05-09 13:18:39.902 | INFO     | __main__:<module>:100 - Epoch: 24, Loss: 0.1931, Train Acc: 0.9566,  Test_Loss: 0.1680,Test Acc: 0.9634,Test F1: 0.9467,Test auc: 0.9661
2024-05-09 13:18:39.936 | INFO     | __main__:<module>:100 - Epoch: 25, Loss: 0.1854, Train Acc: 0.9594,  Test_Loss: 0.1616,Test Acc: 0.9634,Test F1: 0.9467,Test auc: 0.9661
2024-05-09 13:18:39.968 | INFO     | __main__:<module>:100 - Epoch: 26, Loss: 0.1811, Train Acc: 0.9548,  Test_Loss: 0.1557,Test Acc: 0.9656,Test F1: 0.9497,Test auc: 0.9677
2024-05-09 13:18:40.007 | INFO     | __main__:<module>:100 - Epoch: 27, Loss: 0.1618, Train Acc: 0.9538,  Test_Loss: 0.1501,Test Acc: 0.9656,Test F1: 0.9497,Test auc: 0.9677
2024-05-09 13:18:40.046 | INFO     | __main__:<module>:100 - Epoch: 28, Loss: 0.1679, Train Acc: 0.9575,  Test_Loss: 0.1446,Test Acc: 0.9656,Test F1: 0.9497,Test auc: 0.9677
2024-05-09 13:18:40.084 | INFO     | __main__:<module>:100 - Epoch: 29, Loss: 0.1601, Train Acc: 0.9594,  Test_Loss: 0.1403,Test Acc: 0.9699,Test F1: 0.9560,Test auc: 0.9726
2024-05-09 13:18:40.111 | INFO     | __main__:<module>:100 - Epoch: 30, Loss: 0.1518, Train Acc: 0.9668,  Test_Loss: 0.1365,Test Acc: 0.9720,Test F1: 0.9592,Test auc: 0.9758
2024-05-09 13:18:40.136 | INFO     | __main__:<module>:100 - Epoch: 31, Loss: 0.1475, Train Acc: 0.9668,  Test_Loss: 0.1318,Test Acc: 0.9742,Test F1: 0.9623,Test auc: 0.9774
2024-05-09 13:18:40.160 | INFO     | __main__:<module>:100 - Epoch: 32, Loss: 0.1471, Train Acc: 0.9594,  Test_Loss: 0.1269,Test Acc: 0.9742,Test F1: 0.9623,Test auc: 0.9774
2024-05-09 13:18:40.195 | INFO     | __main__:<module>:100 - Epoch: 33, Loss: 0.1389, Train Acc: 0.9668,  Test_Loss: 0.1223,Test Acc: 0.9720,Test F1: 0.9590,Test auc: 0.9742
2024-05-09 13:18:40.225 | INFO     | __main__:<module>:100 - Epoch: 34, Loss: 0.1442, Train Acc: 0.9603,  Test_Loss: 0.1189,Test Acc: 0.9742,Test F1: 0.9623,Test auc: 0.9774
2024-05-09 13:18:40.267 | INFO     | __main__:<module>:100 - Epoch: 35, Loss: 0.1285, Train Acc: 0.9668,  Test_Loss: 0.1158,Test Acc: 0.9742,Test F1: 0.9623,Test auc: 0.9774
2024-05-09 13:18:40.294 | INFO     | __main__:<module>:100 - Epoch: 36, Loss: 0.1254, Train Acc: 0.9658,  Test_Loss: 0.1130,Test Acc: 0.9720,Test F1: 0.9592,Test auc: 0.9758
2024-05-09 13:18:40.323 | INFO     | __main__:<module>:100 - Epoch: 37, Loss: 0.1141, Train Acc: 0.9797,  Test_Loss: 0.1112,Test Acc: 0.9720,Test F1: 0.9595,Test auc: 0.9774
2024-05-09 13:18:40.352 | INFO     | __main__:<module>:100 - Epoch: 38, Loss: 0.1293, Train Acc: 0.9668,  Test_Loss: 0.1108,Test Acc: 0.9720,Test F1: 0.9595,Test auc: 0.9774
2024-05-09 13:18:40.381 | INFO     | __main__:<module>:100 - Epoch: 39, Loss: 0.1167, Train Acc: 0.9732,  Test_Loss: 0.1079,Test Acc: 0.9720,Test F1: 0.9595,Test auc: 0.9774
2024-05-09 13:18:40.417 | INFO     | __main__:<module>:100 - Epoch: 40, Loss: 0.1021, Train Acc: 0.9797,  Test_Loss: 0.1037,Test Acc: 0.9720,Test F1: 0.9595,Test auc: 0.9774
2024-05-09 13:18:40.453 | INFO     | __main__:<module>:100 - Epoch: 41, Loss: 0.1150, Train Acc: 0.9723,  Test_Loss: 0.0985,Test Acc: 0.9763,Test F1: 0.9655,Test auc: 0.9806
2024-05-09 13:18:40.490 | INFO     | __main__:<module>:100 - Epoch: 42, Loss: 0.1118, Train Acc: 0.9741,  Test_Loss: 0.0947,Test Acc: 0.9806,Test F1: 0.9714,Test auc: 0.9823
2024-05-09 13:18:40.518 | INFO     | __main__:<module>:100 - Epoch: 43, Loss: 0.1112, Train Acc: 0.9705,  Test_Loss: 0.0924,Test Acc: 0.9806,Test F1: 0.9714,Test auc: 0.9823
2024-05-09 13:18:40.545 | INFO     | __main__:<module>:100 - Epoch: 44, Loss: 0.1035, Train Acc: 0.9741,  Test_Loss: 0.0904,Test Acc: 0.9785,Test F1: 0.9684,Test auc: 0.9806
2024-05-09 13:18:40.573 | INFO     | __main__:<module>:100 - Epoch: 45, Loss: 0.1041, Train Acc: 0.9686,  Test_Loss: 0.0890,Test Acc: 0.9763,Test F1: 0.9653,Test auc: 0.9790
2024-05-09 13:18:40.608 | INFO     | __main__:<module>:100 - Epoch: 46, Loss: 0.0936, Train Acc: 0.9751,  Test_Loss: 0.0881,Test Acc: 0.9785,Test F1: 0.9686,Test auc: 0.9823
2024-05-09 13:18:40.643 | INFO     | __main__:<module>:100 - Epoch: 47, Loss: 0.1061, Train Acc: 0.9714,  Test_Loss: 0.0879,Test Acc: 0.9785,Test F1: 0.9686,Test auc: 0.9823
2024-05-09 13:18:40.677 | INFO     | __main__:<module>:100 - Epoch: 48, Loss: 0.1019, Train Acc: 0.9760,  Test_Loss: 0.0868,Test Acc: 0.9763,Test F1: 0.9655,Test auc: 0.9806
2024-05-09 13:18:40.710 | INFO     | __main__:<module>:100 - Epoch: 49, Loss: 0.0906, Train Acc: 0.9797,  Test_Loss: 0.0847,Test Acc: 0.9763,Test F1: 0.9655,Test auc: 0.9806
2024-05-09 13:18:40.741 | INFO     | __main__:<module>:100 - Epoch: 50, Loss: 0.0969, Train Acc: 0.9769,  Test_Loss: 0.0820,Test Acc: 0.9785,Test F1: 0.9686,Test auc: 0.9823
2024-05-09 13:18:40.767 | INFO     | __main__:<module>:100 - Epoch: 51, Loss: 0.0989, Train Acc: 0.9732,  Test_Loss: 0.0795,Test Acc: 0.9785,Test F1: 0.9686,Test auc: 0.9823
2024-05-09 13:18:40.793 | INFO     | __main__:<module>:100 - Epoch: 52, Loss: 0.0919, Train Acc: 0.9760,  Test_Loss: 0.0782,Test Acc: 0.9785,Test F1: 0.9686,Test auc: 0.9823
2024-05-09 13:18:40.827 | INFO     | __main__:<module>:100 - Epoch: 53, Loss: 0.0863, Train Acc: 0.9788,  Test_Loss: 0.0770,Test Acc: 0.9785,Test F1: 0.9686,Test auc: 0.9823
2024-05-09 13:18:40.860 | INFO     | __main__:<module>:100 - Epoch: 54, Loss: 0.0819, Train Acc: 0.9843,  Test_Loss: 0.0758,Test Acc: 0.9785,Test F1: 0.9686,Test auc: 0.9823
2024-05-09 13:18:40.897 | INFO     | __main__:<module>:100 - Epoch: 55, Loss: 0.0852, Train Acc: 0.9815,  Test_Loss: 0.0752,Test Acc: 0.9785,Test F1: 0.9686,Test auc: 0.9823
2024-05-09 13:18:40.924 | INFO     | __main__:<module>:100 - Epoch: 56, Loss: 0.0809, Train Acc: 0.9834,  Test_Loss: 0.0748,Test Acc: 0.9785,Test F1: 0.9686,Test auc: 0.9823
2024-05-09 13:18:40.952 | INFO     | __main__:<module>:100 - Epoch: 57, Loss: 0.0807, Train Acc: 0.9825,  Test_Loss: 0.0745,Test Acc: 0.9785,Test F1: 0.9686,Test auc: 0.9823
2024-05-09 13:18:40.977 | INFO     | __main__:<module>:100 - Epoch: 58, Loss: 0.0797, Train Acc: 0.9825,  Test_Loss: 0.0737,Test Acc: 0.9785,Test F1: 0.9686,Test auc: 0.9823
2024-05-09 13:18:41.008 | INFO     | __main__:<module>:100 - Epoch: 59, Loss: 0.0820, Train Acc: 0.9825,  Test_Loss: 0.0725,Test Acc: 0.9785,Test F1: 0.9686,Test auc: 0.9823
2024-05-09 13:18:41.043 | INFO     | __main__:<module>:100 - Epoch: 60, Loss: 0.0869, Train Acc: 0.9806,  Test_Loss: 0.0709,Test Acc: 0.9785,Test F1: 0.9686,Test auc: 0.9823
2024-05-09 13:18:41.081 | INFO     | __main__:<module>:100 - Epoch: 61, Loss: 0.0802, Train Acc: 0.9788,  Test_Loss: 0.0698,Test Acc: 0.9785,Test F1: 0.9686,Test auc: 0.9823
2024-05-09 13:18:41.116 | INFO     | __main__:<module>:100 - Epoch: 62, Loss: 0.0805, Train Acc: 0.9834,  Test_Loss: 0.0686,Test Acc: 0.9785,Test F1: 0.9686,Test auc: 0.9823
2024-05-09 13:18:41.142 | INFO     | __main__:<module>:100 - Epoch: 63, Loss: 0.0686, Train Acc: 0.9825,  Test_Loss: 0.0680,Test Acc: 0.9785,Test F1: 0.9686,Test auc: 0.9823
2024-05-09 13:18:41.171 | INFO     | __main__:<module>:100 - Epoch: 64, Loss: 0.0734, Train Acc: 0.9806,  Test_Loss: 0.0672,Test Acc: 0.9785,Test F1: 0.9686,Test auc: 0.9823
2024-05-09 13:18:41.194 | INFO     | __main__:<module>:100 - Epoch: 65, Loss: 0.0729, Train Acc: 0.9843,  Test_Loss: 0.0666,Test Acc: 0.9785,Test F1: 0.9686,Test auc: 0.9823
2024-05-09 13:18:41.222 | INFO     | __main__:<module>:100 - Epoch: 66, Loss: 0.0750, Train Acc: 0.9760,  Test_Loss: 0.0655,Test Acc: 0.9785,Test F1: 0.9686,Test auc: 0.9823
2024-05-09 13:18:41.245 | INFO     | __main__:<module>:100 - Epoch: 67, Loss: 0.0765, Train Acc: 0.9797,  Test_Loss: 0.0657,Test Acc: 0.9785,Test F1: 0.9686,Test auc: 0.9823
2024-05-09 13:18:41.270 | INFO     | __main__:<module>:100 - Epoch: 68, Loss: 0.0808, Train Acc: 0.9797,  Test_Loss: 0.0663,Test Acc: 0.9785,Test F1: 0.9686,Test auc: 0.9823
2024-05-09 13:18:41.291 | INFO     | __main__:<module>:100 - Epoch: 69, Loss: 0.0777, Train Acc: 0.9825,  Test_Loss: 0.0661,Test Acc: 0.9785,Test F1: 0.9686,Test auc: 0.9823
2024-05-09 13:18:41.313 | INFO     | __main__:<module>:100 - Epoch: 70, Loss: 0.0706, Train Acc: 0.9797,  Test_Loss: 0.0659,Test Acc: 0.9785,Test F1: 0.9686,Test auc: 0.9823
2024-05-09 13:18:41.339 | INFO     | __main__:<module>:100 - Epoch: 71, Loss: 0.0770, Train Acc: 0.9778,  Test_Loss: 0.0668,Test Acc: 0.9785,Test F1: 0.9686,Test auc: 0.9823
2024-05-09 13:18:41.361 | INFO     | __main__:<module>:100 - Epoch: 72, Loss: 0.0728, Train Acc: 0.9825,  Test_Loss: 0.0665,Test Acc: 0.9785,Test F1: 0.9686,Test auc: 0.9823
2024-05-09 13:18:41.383 | INFO     | __main__:<module>:100 - Epoch: 73, Loss: 0.0791, Train Acc: 0.9760,  Test_Loss: 0.0669,Test Acc: 0.9785,Test F1: 0.9686,Test auc: 0.9823
2024-05-09 13:18:41.403 | INFO     | __main__:<module>:100 - Epoch: 74, Loss: 0.0822, Train Acc: 0.9741,  Test_Loss: 0.0670,Test Acc: 0.9785,Test F1: 0.9686,Test auc: 0.9823
2024-05-09 13:18:41.423 | INFO     | __main__:<module>:100 - Epoch: 75, Loss: 0.0737, Train Acc: 0.9806,  Test_Loss: 0.0680,Test Acc: 0.9763,Test F1: 0.9655,Test auc: 0.9806
2024-05-09 13:18:41.444 | INFO     | __main__:<module>:100 - Epoch: 76, Loss: 0.0769, Train Acc: 0.9788,  Test_Loss: 0.0695,Test Acc: 0.9763,Test F1: 0.9655,Test auc: 0.9806
2024-05-09 13:18:41.469 | INFO     | __main__:<module>:100 - Epoch: 77, Loss: 0.0837, Train Acc: 0.9778,  Test_Loss: 0.0693,Test Acc: 0.9763,Test F1: 0.9655,Test auc: 0.9806
2024-05-09 13:18:41.498 | INFO     | __main__:<module>:100 - Epoch: 78, Loss: 0.0771, Train Acc: 0.9778,  Test_Loss: 0.0705,Test Acc: 0.9763,Test F1: 0.9655,Test auc: 0.9806
2024-05-09 13:18:41.525 | INFO     | __main__:<module>:100 - Epoch: 79, Loss: 0.0717, Train Acc: 0.9852,  Test_Loss: 0.0715,Test Acc: 0.9785,Test F1: 0.9688,Test auc: 0.9839
2024-05-09 13:18:41.544 | INFO     | __main__:<module>:100 - Epoch: 80, Loss: 0.0670, Train Acc: 0.9806,  Test_Loss: 0.0715,Test Acc: 0.9785,Test F1: 0.9688,Test auc: 0.9839
2024-05-09 13:18:41.563 | INFO     | __main__:<module>:100 - Epoch: 81, Loss: 0.0726, Train Acc: 0.9806,  Test_Loss: 0.0708,Test Acc: 0.9763,Test F1: 0.9655,Test auc: 0.9806
2024-05-09 13:18:41.581 | INFO     | __main__:<module>:100 - Epoch: 82, Loss: 0.0789, Train Acc: 0.9769,  Test_Loss: 0.0709,Test Acc: 0.9763,Test F1: 0.9655,Test auc: 0.9806
2024-05-09 13:18:41.599 | INFO     | __main__:<module>:100 - Epoch: 83, Loss: 0.0713, Train Acc: 0.9834,  Test_Loss: 0.0705,Test Acc: 0.9763,Test F1: 0.9655,Test auc: 0.9806
2024-05-09 13:18:41.618 | INFO     | __main__:<module>:100 - Epoch: 84, Loss: 0.0696, Train Acc: 0.9769,  Test_Loss: 0.0711,Test Acc: 0.9785,Test F1: 0.9688,Test auc: 0.9839
2024-05-09 13:18:41.640 | INFO     | __main__:<module>:100 - Epoch: 85, Loss: 0.0717, Train Acc: 0.9834,  Test_Loss: 0.0708,Test Acc: 0.9763,Test F1: 0.9655,Test auc: 0.9806
2024-05-09 13:18:41.661 | INFO     | __main__:<module>:100 - Epoch: 86, Loss: 0.0713, Train Acc: 0.9834,  Test_Loss: 0.0699,Test Acc: 0.9763,Test F1: 0.9655,Test auc: 0.9806
2024-05-09 13:18:41.684 | INFO     | __main__:<module>:100 - Epoch: 87, Loss: 0.0729, Train Acc: 0.9797,  Test_Loss: 0.0724,Test Acc: 0.9785,Test F1: 0.9688,Test auc: 0.9839
2024-05-09 13:18:41.704 | INFO     | __main__:<module>:100 - Epoch: 88, Loss: 0.0779, Train Acc: 0.9778,  Test_Loss: 0.0727,Test Acc: 0.9785,Test F1: 0.9688,Test auc: 0.9839
2024-05-09 13:18:41.728 | INFO     | __main__:<module>:100 - Epoch: 89, Loss: 0.0721, Train Acc: 0.9834,  Test_Loss: 0.0752,Test Acc: 0.9763,Test F1: 0.9657,Test auc: 0.9823
2024-05-09 13:18:41.753 | INFO     | __main__:<module>:100 - Epoch: 90, Loss: 0.0787, Train Acc: 0.9723,  Test_Loss: 0.0738,Test Acc: 0.9785,Test F1: 0.9688,Test auc: 0.9839
2024-05-09 13:18:41.773 | INFO     | __main__:<module>:100 - Epoch: 91, Loss: 0.0716, Train Acc: 0.9769,  Test_Loss: 0.0742,Test Acc: 0.9785,Test F1: 0.9688,Test auc: 0.9839
2024-05-09 13:18:41.795 | INFO     | __main__:<module>:100 - Epoch: 92, Loss: 0.0703, Train Acc: 0.9806,  Test_Loss: 0.0747,Test Acc: 0.9785,Test F1: 0.9688,Test auc: 0.9839
2024-05-09 13:18:41.816 | INFO     | __main__:<module>:100 - Epoch: 93, Loss: 0.0730, Train Acc: 0.9778,  Test_Loss: 0.0752,Test Acc: 0.9763,Test F1: 0.9657,Test auc: 0.9823
2024-05-09 13:18:41.835 | INFO     | __main__:<module>:100 - Epoch: 94, Loss: 0.0728, Train Acc: 0.9843,  Test_Loss: 0.0745,Test Acc: 0.9785,Test F1: 0.9688,Test auc: 0.9839
2024-05-09 13:18:41.860 | INFO     | __main__:<module>:100 - Epoch: 95, Loss: 0.0712, Train Acc: 0.9843,  Test_Loss: 0.0704,Test Acc: 0.9763,Test F1: 0.9655,Test auc: 0.9806
2024-05-09 13:18:41.880 | INFO     | __main__:<module>:100 - Epoch: 96, Loss: 0.0756, Train Acc: 0.9815,  Test_Loss: 0.0701,Test Acc: 0.9763,Test F1: 0.9655,Test auc: 0.9806
2024-05-09 13:18:41.881 | INFO     | __main__:<module>:118 - 1.6986958980560303
2024-05-09 13:18:42.542 | INFO     | __main__:<module>:79 - Namespace(dataset='sc', model='GCN', learning_rate=0.01, epochs=9999, hidden_units=16, dropout=0.4, weight_decay=0.01, weight_decay1=0.01, weight_decay2=0.0005, early_stopping=30, residual=True, seed=824, type='Binary', DEVICE='cuda', theta=0.5, layers=64, alpha=0.1, feature_type='x_55', CGCN=0)
2024-05-09 13:18:42.543 | INFO     | __main__:<module>:80 - Data(edge_index=[2, 35976], weight=[35976], num_nodes=10320, x=[10320, 9], train_mask=[10320], test_mask=[10320], label=[10320])
2024-05-09 13:18:42.565 | INFO     | __main__:<module>:100 - Epoch: 00, Loss: 0.8182, Train Acc: 0.2650,  Test_Loss: 0.7245,Test Acc: 0.3333,Test F1: 0.5000,Test auc: 0.5000
2024-05-09 13:18:42.591 | INFO     | __main__:<module>:100 - Epoch: 01, Loss: 0.7203, Train Acc: 0.3121,  Test_Loss: 0.6685,Test Acc: 0.3333,Test F1: 0.5000,Test auc: 0.5000
2024-05-09 13:18:42.627 | INFO     | __main__:<module>:100 - Epoch: 02, Loss: 0.6721, Train Acc: 0.3269,  Test_Loss: 0.6170,Test Acc: 0.3333,Test F1: 0.5000,Test auc: 0.5000
2024-05-09 13:18:42.660 | INFO     | __main__:<module>:100 - Epoch: 03, Loss: 0.6230, Train Acc: 0.3380,  Test_Loss: 0.5718,Test Acc: 0.3441,Test F1: 0.5041,Test auc: 0.5081
2024-05-09 13:18:42.689 | INFO     | __main__:<module>:100 - Epoch: 04, Loss: 0.5797, Train Acc: 0.3804,  Test_Loss: 0.5449,Test Acc: 0.5570,Test F1: 0.5913,Test auc: 0.6581
2024-05-09 13:18:42.718 | INFO     | __main__:<module>:100 - Epoch: 05, Loss: 0.5578, Train Acc: 0.5512,  Test_Loss: 0.5224,Test Acc: 0.8516,Test F1: 0.8034,Test auc: 0.8661
2024-05-09 13:18:42.751 | INFO     | __main__:<module>:100 - Epoch: 06, Loss: 0.5239, Train Acc: 0.7507,  Test_Loss: 0.5038,Test Acc: 0.8796,Test F1: 0.8261,Test auc: 0.8742
2024-05-09 13:18:42.789 | INFO     | __main__:<module>:100 - Epoch: 07, Loss: 0.5133, Train Acc: 0.8301,  Test_Loss: 0.4848,Test Acc: 0.8882,Test F1: 0.8301,Test auc: 0.8710
2024-05-09 13:18:42.825 | INFO     | __main__:<module>:100 - Epoch: 08, Loss: 0.4863, Train Acc: 0.8744,  Test_Loss: 0.4618,Test Acc: 0.8989,Test F1: 0.8428,Test auc: 0.8774
2024-05-09 13:18:42.862 | INFO     | __main__:<module>:100 - Epoch: 09, Loss: 0.4610, Train Acc: 0.8846,  Test_Loss: 0.4339,Test Acc: 0.9032,Test F1: 0.8505,Test auc: 0.8839
2024-05-09 13:18:42.888 | INFO     | __main__:<module>:100 - Epoch: 10, Loss: 0.4373, Train Acc: 0.9095,  Test_Loss: 0.4051,Test Acc: 0.9183,Test F1: 0.8790,Test auc: 0.9113
2024-05-09 13:18:42.916 | INFO     | __main__:<module>:100 - Epoch: 11, Loss: 0.4087, Train Acc: 0.9160,  Test_Loss: 0.3797,Test Acc: 0.9290,Test F1: 0.8966,Test auc: 0.9274
2024-05-09 13:18:42.945 | INFO     | __main__:<module>:100 - Epoch: 12, Loss: 0.3878, Train Acc: 0.9187,  Test_Loss: 0.3566,Test Acc: 0.9312,Test F1: 0.9000,Test auc: 0.9306
2024-05-09 13:18:42.978 | INFO     | __main__:<module>:100 - Epoch: 13, Loss: 0.3703, Train Acc: 0.9234,  Test_Loss: 0.3332,Test Acc: 0.9312,Test F1: 0.9000,Test auc: 0.9306
2024-05-09 13:18:43.014 | INFO     | __main__:<module>:100 - Epoch: 14, Loss: 0.3438, Train Acc: 0.9261,  Test_Loss: 0.3113,Test Acc: 0.9290,Test F1: 0.8966,Test auc: 0.9274
2024-05-09 13:18:43.055 | INFO     | __main__:<module>:100 - Epoch: 15, Loss: 0.3270, Train Acc: 0.9234,  Test_Loss: 0.2909,Test Acc: 0.9355,Test F1: 0.9057,Test auc: 0.9339
2024-05-09 13:18:43.088 | INFO     | __main__:<module>:100 - Epoch: 16, Loss: 0.3067, Train Acc: 0.9280,  Test_Loss: 0.2710,Test Acc: 0.9398,Test F1: 0.9119,Test auc: 0.9387
2024-05-09 13:18:43.113 | INFO     | __main__:<module>:100 - Epoch: 17, Loss: 0.2845, Train Acc: 0.9307,  Test_Loss: 0.2521,Test Acc: 0.9398,Test F1: 0.9125,Test auc: 0.9403
2024-05-09 13:18:43.151 | INFO     | __main__:<module>:100 - Epoch: 18, Loss: 0.2717, Train Acc: 0.9391,  Test_Loss: 0.2346,Test Acc: 0.9398,Test F1: 0.9125,Test auc: 0.9403
2024-05-09 13:18:43.180 | INFO     | __main__:<module>:100 - Epoch: 19, Loss: 0.2433, Train Acc: 0.9307,  Test_Loss: 0.2186,Test Acc: 0.9398,Test F1: 0.9114,Test auc: 0.9371
2024-05-09 13:18:43.222 | INFO     | __main__:<module>:100 - Epoch: 20, Loss: 0.2345, Train Acc: 0.9391,  Test_Loss: 0.2046,Test Acc: 0.9441,Test F1: 0.9172,Test auc: 0.9403
2024-05-09 13:18:43.260 | INFO     | __main__:<module>:100 - Epoch: 21, Loss: 0.2341, Train Acc: 0.9354,  Test_Loss: 0.1892,Test Acc: 0.9462,Test F1: 0.9206,Test auc: 0.9435
2024-05-09 13:18:43.289 | INFO     | __main__:<module>:100 - Epoch: 22, Loss: 0.2230, Train Acc: 0.9409,  Test_Loss: 0.1755,Test Acc: 0.9548,Test F1: 0.9346,Test auc: 0.9581
2024-05-09 13:18:43.318 | INFO     | __main__:<module>:100 - Epoch: 23, Loss: 0.2066, Train Acc: 0.9492,  Test_Loss: 0.1681,Test Acc: 0.9613,Test F1: 0.9444,Test auc: 0.9677
2024-05-09 13:18:43.349 | INFO     | __main__:<module>:100 - Epoch: 24, Loss: 0.1985, Train Acc: 0.9501,  Test_Loss: 0.1578,Test Acc: 0.9591,Test F1: 0.9415,Test auc: 0.9661
2024-05-09 13:18:43.377 | INFO     | __main__:<module>:100 - Epoch: 25, Loss: 0.1880, Train Acc: 0.9492,  Test_Loss: 0.1431,Test Acc: 0.9591,Test F1: 0.9412,Test auc: 0.9645
2024-05-09 13:18:43.416 | INFO     | __main__:<module>:100 - Epoch: 26, Loss: 0.1777, Train Acc: 0.9520,  Test_Loss: 0.1323,Test Acc: 0.9613,Test F1: 0.9434,Test auc: 0.9629
2024-05-09 13:18:43.461 | INFO     | __main__:<module>:100 - Epoch: 27, Loss: 0.1738, Train Acc: 0.9492,  Test_Loss: 0.1253,Test Acc: 0.9591,Test F1: 0.9397,Test auc: 0.9581
2024-05-09 13:18:43.498 | INFO     | __main__:<module>:100 - Epoch: 28, Loss: 0.1623, Train Acc: 0.9575,  Test_Loss: 0.1177,Test Acc: 0.9634,Test F1: 0.9457,Test auc: 0.9613
2024-05-09 13:18:43.528 | INFO     | __main__:<module>:100 - Epoch: 29, Loss: 0.1501, Train Acc: 0.9566,  Test_Loss: 0.1103,Test Acc: 0.9720,Test F1: 0.9592,Test auc: 0.9758
2024-05-09 13:18:43.544 | INFO     | __main__:<module>:100 - Epoch: 30, Loss: 0.1611, Train Acc: 0.9483,  Test_Loss: 0.1130,Test Acc: 0.9720,Test F1: 0.9598,Test auc: 0.9790
2024-05-09 13:18:43.561 | INFO     | __main__:<module>:100 - Epoch: 31, Loss: 0.1510, Train Acc: 0.9584,  Test_Loss: 0.1107,Test Acc: 0.9699,Test F1: 0.9565,Test auc: 0.9758
2024-05-09 13:18:43.592 | INFO     | __main__:<module>:100 - Epoch: 32, Loss: 0.1471, Train Acc: 0.9640,  Test_Loss: 0.1095,Test Acc: 0.9699,Test F1: 0.9565,Test auc: 0.9758
2024-05-09 13:18:43.638 | INFO     | __main__:<module>:100 - Epoch: 33, Loss: 0.1420, Train Acc: 0.9584,  Test_Loss: 0.1089,Test Acc: 0.9742,Test F1: 0.9627,Test auc: 0.9806
2024-05-09 13:18:43.685 | INFO     | __main__:<module>:100 - Epoch: 34, Loss: 0.1311, Train Acc: 0.9695,  Test_Loss: 0.1020,Test Acc: 0.9742,Test F1: 0.9627,Test auc: 0.9806
2024-05-09 13:18:43.729 | INFO     | __main__:<module>:100 - Epoch: 35, Loss: 0.1317, Train Acc: 0.9603,  Test_Loss: 0.0926,Test Acc: 0.9763,Test F1: 0.9655,Test auc: 0.9806
2024-05-09 13:18:43.760 | INFO     | __main__:<module>:100 - Epoch: 36, Loss: 0.1418, Train Acc: 0.9584,  Test_Loss: 0.0865,Test Acc: 0.9785,Test F1: 0.9684,Test auc: 0.9806
2024-05-09 13:18:43.793 | INFO     | __main__:<module>:100 - Epoch: 37, Loss: 0.1087, Train Acc: 0.9686,  Test_Loss: 0.0845,Test Acc: 0.9763,Test F1: 0.9649,Test auc: 0.9758
2024-05-09 13:18:43.830 | INFO     | __main__:<module>:100 - Epoch: 38, Loss: 0.1161, Train Acc: 0.9631,  Test_Loss: 0.0800,Test Acc: 0.9763,Test F1: 0.9651,Test auc: 0.9774
2024-05-09 13:18:43.877 | INFO     | __main__:<module>:100 - Epoch: 39, Loss: 0.1214, Train Acc: 0.9603,  Test_Loss: 0.0790,Test Acc: 0.9763,Test F1: 0.9655,Test auc: 0.9806
2024-05-09 13:18:43.902 | INFO     | __main__:<module>:100 - Epoch: 40, Loss: 0.1102, Train Acc: 0.9658,  Test_Loss: 0.0828,Test Acc: 0.9785,Test F1: 0.9688,Test auc: 0.9839
2024-05-09 13:18:43.921 | INFO     | __main__:<module>:100 - Epoch: 41, Loss: 0.1194, Train Acc: 0.9668,  Test_Loss: 0.0812,Test Acc: 0.9785,Test F1: 0.9688,Test auc: 0.9839
2024-05-09 13:18:43.936 | INFO     | __main__:<module>:100 - Epoch: 42, Loss: 0.1130, Train Acc: 0.9677,  Test_Loss: 0.0811,Test Acc: 0.9785,Test F1: 0.9688,Test auc: 0.9839
2024-05-09 13:18:43.950 | INFO     | __main__:<module>:100 - Epoch: 43, Loss: 0.1150, Train Acc: 0.9640,  Test_Loss: 0.0793,Test Acc: 0.9763,Test F1: 0.9655,Test auc: 0.9806
2024-05-09 13:18:43.970 | INFO     | __main__:<module>:100 - Epoch: 44, Loss: 0.1091, Train Acc: 0.9677,  Test_Loss: 0.0783,Test Acc: 0.9763,Test F1: 0.9655,Test auc: 0.9806
2024-05-09 13:18:43.988 | INFO     | __main__:<module>:100 - Epoch: 45, Loss: 0.1028, Train Acc: 0.9751,  Test_Loss: 0.0780,Test Acc: 0.9763,Test F1: 0.9655,Test auc: 0.9806
2024-05-09 13:18:44.002 | INFO     | __main__:<module>:100 - Epoch: 46, Loss: 0.1182, Train Acc: 0.9640,  Test_Loss: 0.0782,Test Acc: 0.9785,Test F1: 0.9688,Test auc: 0.9839
2024-05-09 13:18:44.027 | INFO     | __main__:<module>:100 - Epoch: 47, Loss: 0.1052, Train Acc: 0.9714,  Test_Loss: 0.0765,Test Acc: 0.9763,Test F1: 0.9655,Test auc: 0.9806
2024-05-09 13:18:44.053 | INFO     | __main__:<module>:100 - Epoch: 48, Loss: 0.1140, Train Acc: 0.9658,  Test_Loss: 0.0730,Test Acc: 0.9763,Test F1: 0.9655,Test auc: 0.9806
2024-05-09 13:18:44.085 | INFO     | __main__:<module>:100 - Epoch: 49, Loss: 0.0955, Train Acc: 0.9760,  Test_Loss: 0.0698,Test Acc: 0.9763,Test F1: 0.9655,Test auc: 0.9806
2024-05-09 13:18:44.103 | INFO     | __main__:<module>:100 - Epoch: 50, Loss: 0.1072, Train Acc: 0.9695,  Test_Loss: 0.0720,Test Acc: 0.9763,Test F1: 0.9655,Test auc: 0.9806
2024-05-09 13:18:44.120 | INFO     | __main__:<module>:100 - Epoch: 51, Loss: 0.1059, Train Acc: 0.9714,  Test_Loss: 0.0738,Test Acc: 0.9785,Test F1: 0.9688,Test auc: 0.9839
2024-05-09 13:18:44.133 | INFO     | __main__:<module>:100 - Epoch: 52, Loss: 0.0975, Train Acc: 0.9714,  Test_Loss: 0.0746,Test Acc: 0.9785,Test F1: 0.9688,Test auc: 0.9839
2024-05-09 13:18:44.151 | INFO     | __main__:<module>:100 - Epoch: 53, Loss: 0.1060, Train Acc: 0.9686,  Test_Loss: 0.0737,Test Acc: 0.9785,Test F1: 0.9688,Test auc: 0.9839
2024-05-09 13:18:44.169 | INFO     | __main__:<module>:100 - Epoch: 54, Loss: 0.0942, Train Acc: 0.9760,  Test_Loss: 0.0733,Test Acc: 0.9785,Test F1: 0.9688,Test auc: 0.9839
2024-05-09 13:18:44.193 | INFO     | __main__:<module>:100 - Epoch: 55, Loss: 0.0976, Train Acc: 0.9668,  Test_Loss: 0.0749,Test Acc: 0.9785,Test F1: 0.9688,Test auc: 0.9839
2024-05-09 13:18:44.217 | INFO     | __main__:<module>:100 - Epoch: 56, Loss: 0.0968, Train Acc: 0.9778,  Test_Loss: 0.0777,Test Acc: 0.9785,Test F1: 0.9688,Test auc: 0.9839
2024-05-09 13:18:44.242 | INFO     | __main__:<module>:100 - Epoch: 57, Loss: 0.0948, Train Acc: 0.9668,  Test_Loss: 0.0831,Test Acc: 0.9763,Test F1: 0.9657,Test auc: 0.9823
2024-05-09 13:18:44.262 | INFO     | __main__:<module>:100 - Epoch: 58, Loss: 0.0976, Train Acc: 0.9677,  Test_Loss: 0.0885,Test Acc: 0.9742,Test F1: 0.9627,Test auc: 0.9806
2024-05-09 13:18:44.290 | INFO     | __main__:<module>:100 - Epoch: 59, Loss: 0.1068, Train Acc: 0.9658,  Test_Loss: 0.0902,Test Acc: 0.9742,Test F1: 0.9627,Test auc: 0.9806
2024-05-09 13:18:44.315 | INFO     | __main__:<module>:100 - Epoch: 60, Loss: 0.0979, Train Acc: 0.9751,  Test_Loss: 0.0860,Test Acc: 0.9742,Test F1: 0.9627,Test auc: 0.9806
2024-05-09 13:18:44.343 | INFO     | __main__:<module>:100 - Epoch: 61, Loss: 0.1047, Train Acc: 0.9631,  Test_Loss: 0.0870,Test Acc: 0.9742,Test F1: 0.9627,Test auc: 0.9806
2024-05-09 13:18:44.362 | INFO     | __main__:<module>:100 - Epoch: 62, Loss: 0.0936, Train Acc: 0.9778,  Test_Loss: 0.0923,Test Acc: 0.9699,Test F1: 0.9568,Test auc: 0.9774
2024-05-09 13:18:44.386 | INFO     | __main__:<module>:100 - Epoch: 63, Loss: 0.0927, Train Acc: 0.9695,  Test_Loss: 0.0861,Test Acc: 0.9742,Test F1: 0.9627,Test auc: 0.9806
2024-05-09 13:18:44.413 | INFO     | __main__:<module>:100 - Epoch: 64, Loss: 0.1062, Train Acc: 0.9677,  Test_Loss: 0.0849,Test Acc: 0.9742,Test F1: 0.9627,Test auc: 0.9806
2024-05-09 13:18:44.433 | INFO     | __main__:<module>:100 - Epoch: 65, Loss: 0.1030, Train Acc: 0.9658,  Test_Loss: 0.0886,Test Acc: 0.9742,Test F1: 0.9627,Test auc: 0.9806
2024-05-09 13:18:44.460 | INFO     | __main__:<module>:100 - Epoch: 66, Loss: 0.1007, Train Acc: 0.9668,  Test_Loss: 0.0863,Test Acc: 0.9742,Test F1: 0.9627,Test auc: 0.9806
2024-05-09 13:18:44.487 | INFO     | __main__:<module>:100 - Epoch: 67, Loss: 0.0975, Train Acc: 0.9695,  Test_Loss: 0.0827,Test Acc: 0.9763,Test F1: 0.9657,Test auc: 0.9823
2024-05-09 13:18:44.513 | INFO     | __main__:<module>:100 - Epoch: 68, Loss: 0.1011, Train Acc: 0.9686,  Test_Loss: 0.0814,Test Acc: 0.9785,Test F1: 0.9688,Test auc: 0.9839
2024-05-09 13:18:44.542 | INFO     | __main__:<module>:100 - Epoch: 69, Loss: 0.1122, Train Acc: 0.9640,  Test_Loss: 0.0812,Test Acc: 0.9785,Test F1: 0.9688,Test auc: 0.9839
2024-05-09 13:18:44.562 | INFO     | __main__:<module>:100 - Epoch: 70, Loss: 0.0954, Train Acc: 0.9788,  Test_Loss: 0.0756,Test Acc: 0.9785,Test F1: 0.9688,Test auc: 0.9839
2024-05-09 13:18:44.578 | INFO     | __main__:<module>:100 - Epoch: 71, Loss: 0.0933, Train Acc: 0.9778,  Test_Loss: 0.0715,Test Acc: 0.9763,Test F1: 0.9655,Test auc: 0.9806
2024-05-09 13:18:44.594 | INFO     | __main__:<module>:100 - Epoch: 72, Loss: 0.0921, Train Acc: 0.9686,  Test_Loss: 0.0746,Test Acc: 0.9785,Test F1: 0.9688,Test auc: 0.9839
2024-05-09 13:18:44.619 | INFO     | __main__:<module>:100 - Epoch: 73, Loss: 0.0785, Train Acc: 0.9769,  Test_Loss: 0.0786,Test Acc: 0.9785,Test F1: 0.9688,Test auc: 0.9839
2024-05-09 13:18:44.643 | INFO     | __main__:<module>:100 - Epoch: 74, Loss: 0.0940, Train Acc: 0.9788,  Test_Loss: 0.0767,Test Acc: 0.9785,Test F1: 0.9688,Test auc: 0.9839
2024-05-09 13:18:44.665 | INFO     | __main__:<module>:100 - Epoch: 75, Loss: 0.0969, Train Acc: 0.9705,  Test_Loss: 0.0801,Test Acc: 0.9785,Test F1: 0.9688,Test auc: 0.9839
2024-05-09 13:18:44.695 | INFO     | __main__:<module>:100 - Epoch: 76, Loss: 0.1068, Train Acc: 0.9658,  Test_Loss: 0.0791,Test Acc: 0.9785,Test F1: 0.9688,Test auc: 0.9839
2024-05-09 13:18:44.721 | INFO     | __main__:<module>:100 - Epoch: 77, Loss: 0.0922, Train Acc: 0.9695,  Test_Loss: 0.0825,Test Acc: 0.9785,Test F1: 0.9688,Test auc: 0.9839
2024-05-09 13:18:44.747 | INFO     | __main__:<module>:100 - Epoch: 78, Loss: 0.1084, Train Acc: 0.9677,  Test_Loss: 0.0865,Test Acc: 0.9742,Test F1: 0.9627,Test auc: 0.9806
2024-05-09 13:18:44.769 | INFO     | __main__:<module>:100 - Epoch: 79, Loss: 0.0947, Train Acc: 0.9640,  Test_Loss: 0.0865,Test Acc: 0.9742,Test F1: 0.9627,Test auc: 0.9806
2024-05-09 13:18:44.769 | INFO     | __main__:<module>:118 - 1.4431440830230713
2024-05-09 13:18:45.087 | INFO     | __main__:<module>:79 - Namespace(dataset='sc', model='GCN', learning_rate=0.01, epochs=9999, hidden_units=16, dropout=0.4, weight_decay=0.01, weight_decay1=0.01, weight_decay2=0.0005, early_stopping=30, residual=True, seed=824, type='Binary', DEVICE='cuda', theta=0.5, layers=64, alpha=0.1, feature_type='x_55', CGCN=0)
2024-05-09 13:18:45.088 | INFO     | __main__:<module>:80 - Data(edge_index=[2, 35976], weight=[35976], num_nodes=10320, x=[10320, 10], train_mask=[10320], test_mask=[10320], label=[10320])
2024-05-09 13:18:45.113 | INFO     | __main__:<module>:100 - Epoch: 00, Loss: 0.6066, Train Acc: 0.8116,  Test_Loss: 0.5083,Test Acc: 0.7914,Test F1: 0.7617,Test auc: 0.8435
2024-05-09 13:18:45.139 | INFO     | __main__:<module>:100 - Epoch: 01, Loss: 0.5194, Train Acc: 0.8153,  Test_Loss: 0.4623,Test Acc: 0.8989,Test F1: 0.8683,Test auc: 0.9242
2024-05-09 13:18:45.159 | INFO     | __main__:<module>:100 - Epoch: 02, Loss: 0.4740, Train Acc: 0.8873,  Test_Loss: 0.4130,Test Acc: 0.9333,Test F1: 0.9069,Test auc: 0.9435
2024-05-09 13:18:45.180 | INFO     | __main__:<module>:100 - Epoch: 03, Loss: 0.4218, Train Acc: 0.9271,  Test_Loss: 0.3834,Test Acc: 0.9183,Test F1: 0.8774,Test auc: 0.9081
2024-05-09 13:18:45.199 | INFO     | __main__:<module>:100 - Epoch: 04, Loss: 0.4041, Train Acc: 0.9160,  Test_Loss: 0.3617,Test Acc: 0.9075,Test F1: 0.8590,Test auc: 0.8919
2024-05-09 13:18:45.229 | INFO     | __main__:<module>:100 - Epoch: 05, Loss: 0.3650, Train Acc: 0.9215,  Test_Loss: 0.3322,Test Acc: 0.9161,Test F1: 0.8738,Test auc: 0.9048
2024-05-09 13:18:45.257 | INFO     | __main__:<module>:100 - Epoch: 06, Loss: 0.3496, Train Acc: 0.9187,  Test_Loss: 0.3050,Test Acc: 0.9376,Test F1: 0.9097,Test auc: 0.9387
2024-05-09 13:18:45.289 | INFO     | __main__:<module>:100 - Epoch: 07, Loss: 0.3152, Train Acc: 0.9381,  Test_Loss: 0.2922,Test Acc: 0.9441,Test F1: 0.9217,Test auc: 0.9548
2024-05-09 13:18:45.336 | INFO     | __main__:<module>:100 - Epoch: 08, Loss: 0.2966, Train Acc: 0.9437,  Test_Loss: 0.2844,Test Acc: 0.9462,Test F1: 0.9254,Test auc: 0.9597
2024-05-09 13:18:45.382 | INFO     | __main__:<module>:100 - Epoch: 09, Loss: 0.2993, Train Acc: 0.9381,  Test_Loss: 0.2651,Test Acc: 0.9484,Test F1: 0.9281,Test auc: 0.9613
2024-05-09 13:18:45.422 | INFO     | __main__:<module>:100 - Epoch: 10, Loss: 0.2640, Train Acc: 0.9446,  Test_Loss: 0.2445,Test Acc: 0.9376,Test F1: 0.9102,Test auc: 0.9403
2024-05-09 13:18:45.461 | INFO     | __main__:<module>:100 - Epoch: 11, Loss: 0.2602, Train Acc: 0.9391,  Test_Loss: 0.2351,Test Acc: 0.9269,Test F1: 0.8924,Test auc: 0.9226
2024-05-09 13:18:45.485 | INFO     | __main__:<module>:100 - Epoch: 12, Loss: 0.2571, Train Acc: 0.9335,  Test_Loss: 0.2268,Test Acc: 0.9247,Test F1: 0.8889,Test auc: 0.9194
2024-05-09 13:18:45.516 | INFO     | __main__:<module>:100 - Epoch: 13, Loss: 0.2359, Train Acc: 0.9298,  Test_Loss: 0.2147,Test Acc: 0.9355,Test F1: 0.9062,Test auc: 0.9355
2024-05-09 13:18:45.562 | INFO     | __main__:<module>:100 - Epoch: 14, Loss: 0.2322, Train Acc: 0.9418,  Test_Loss: 0.2080,Test Acc: 0.9462,Test F1: 0.9235,Test auc: 0.9532
2024-05-09 13:18:45.602 | INFO     | __main__:<module>:100 - Epoch: 15, Loss: 0.2265, Train Acc: 0.9464,  Test_Loss: 0.2040,Test Acc: 0.9505,Test F1: 0.9301,Test auc: 0.9597
2024-05-09 13:18:45.637 | INFO     | __main__:<module>:100 - Epoch: 16, Loss: 0.1970, Train Acc: 0.9529,  Test_Loss: 0.1969,Test Acc: 0.9505,Test F1: 0.9305,Test auc: 0.9613
2024-05-09 13:18:45.672 | INFO     | __main__:<module>:100 - Epoch: 17, Loss: 0.2036, Train Acc: 0.9483,  Test_Loss: 0.1854,Test Acc: 0.9505,Test F1: 0.9301,Test auc: 0.9597
2024-05-09 13:18:45.705 | INFO     | __main__:<module>:100 - Epoch: 18, Loss: 0.1891, Train Acc: 0.9511,  Test_Loss: 0.1734,Test Acc: 0.9505,Test F1: 0.9292,Test auc: 0.9565
2024-05-09 13:18:45.748 | INFO     | __main__:<module>:100 - Epoch: 19, Loss: 0.1726, Train Acc: 0.9548,  Test_Loss: 0.1642,Test Acc: 0.9462,Test F1: 0.9216,Test auc: 0.9468
2024-05-09 13:18:45.792 | INFO     | __main__:<module>:100 - Epoch: 20, Loss: 0.1727, Train Acc: 0.9566,  Test_Loss: 0.1571,Test Acc: 0.9462,Test F1: 0.9216,Test auc: 0.9468
2024-05-09 13:18:45.832 | INFO     | __main__:<module>:100 - Epoch: 21, Loss: 0.1741, Train Acc: 0.9557,  Test_Loss: 0.1496,Test Acc: 0.9484,Test F1: 0.9250,Test auc: 0.9500
2024-05-09 13:18:45.872 | INFO     | __main__:<module>:100 - Epoch: 22, Loss: 0.1491, Train Acc: 0.9621,  Test_Loss: 0.1432,Test Acc: 0.9591,Test F1: 0.9408,Test auc: 0.9629
2024-05-09 13:18:45.900 | INFO     | __main__:<module>:100 - Epoch: 23, Loss: 0.1496, Train Acc: 0.9621,  Test_Loss: 0.1412,Test Acc: 0.9634,Test F1: 0.9477,Test auc: 0.9710
2024-05-09 13:18:45.937 | INFO     | __main__:<module>:100 - Epoch: 24, Loss: 0.1463, Train Acc: 0.9686,  Test_Loss: 0.1404,Test Acc: 0.9613,Test F1: 0.9451,Test auc: 0.9710
2024-05-09 13:18:45.978 | INFO     | __main__:<module>:100 - Epoch: 25, Loss: 0.1431, Train Acc: 0.9705,  Test_Loss: 0.1338,Test Acc: 0.9634,Test F1: 0.9477,Test auc: 0.9710
2024-05-09 13:18:46.021 | INFO     | __main__:<module>:100 - Epoch: 26, Loss: 0.1436, Train Acc: 0.9686,  Test_Loss: 0.1245,Test Acc: 0.9720,Test F1: 0.9595,Test auc: 0.9774
2024-05-09 13:18:46.062 | INFO     | __main__:<module>:100 - Epoch: 27, Loss: 0.1290, Train Acc: 0.9705,  Test_Loss: 0.1172,Test Acc: 0.9742,Test F1: 0.9625,Test auc: 0.9790
2024-05-09 13:18:46.100 | INFO     | __main__:<module>:100 - Epoch: 28, Loss: 0.1163, Train Acc: 0.9741,  Test_Loss: 0.1114,Test Acc: 0.9720,Test F1: 0.9592,Test auc: 0.9758
2024-05-09 13:18:46.132 | INFO     | __main__:<module>:100 - Epoch: 29, Loss: 0.1205, Train Acc: 0.9723,  Test_Loss: 0.1073,Test Acc: 0.9742,Test F1: 0.9623,Test auc: 0.9774
2024-05-09 13:18:46.180 | INFO     | __main__:<module>:100 - Epoch: 30, Loss: 0.1164, Train Acc: 0.9741,  Test_Loss: 0.1037,Test Acc: 0.9742,Test F1: 0.9625,Test auc: 0.9790
2024-05-09 13:18:46.232 | INFO     | __main__:<module>:100 - Epoch: 31, Loss: 0.1142, Train Acc: 0.9741,  Test_Loss: 0.1035,Test Acc: 0.9742,Test F1: 0.9627,Test auc: 0.9806
2024-05-09 13:18:46.261 | INFO     | __main__:<module>:100 - Epoch: 32, Loss: 0.1035, Train Acc: 0.9760,  Test_Loss: 0.1041,Test Acc: 0.9720,Test F1: 0.9598,Test auc: 0.9790
2024-05-09 13:18:46.296 | INFO     | __main__:<module>:100 - Epoch: 33, Loss: 0.1071, Train Acc: 0.9751,  Test_Loss: 0.1026,Test Acc: 0.9742,Test F1: 0.9627,Test auc: 0.9806
2024-05-09 13:18:46.322 | INFO     | __main__:<module>:100 - Epoch: 34, Loss: 0.1029, Train Acc: 0.9797,  Test_Loss: 0.0995,Test Acc: 0.9742,Test F1: 0.9627,Test auc: 0.9806
2024-05-09 13:18:46.359 | INFO     | __main__:<module>:100 - Epoch: 35, Loss: 0.0961, Train Acc: 0.9825,  Test_Loss: 0.0930,Test Acc: 0.9742,Test F1: 0.9627,Test auc: 0.9806
2024-05-09 13:18:46.400 | INFO     | __main__:<module>:100 - Epoch: 36, Loss: 0.0938, Train Acc: 0.9751,  Test_Loss: 0.0872,Test Acc: 0.9785,Test F1: 0.9688,Test auc: 0.9839
2024-05-09 13:18:46.443 | INFO     | __main__:<module>:100 - Epoch: 37, Loss: 0.0841, Train Acc: 0.9843,  Test_Loss: 0.0831,Test Acc: 0.9763,Test F1: 0.9655,Test auc: 0.9806
2024-05-09 13:18:46.488 | INFO     | __main__:<module>:100 - Epoch: 38, Loss: 0.0874, Train Acc: 0.9788,  Test_Loss: 0.0807,Test Acc: 0.9763,Test F1: 0.9655,Test auc: 0.9806
2024-05-09 13:18:46.528 | INFO     | __main__:<module>:100 - Epoch: 39, Loss: 0.0866, Train Acc: 0.9788,  Test_Loss: 0.0785,Test Acc: 0.9742,Test F1: 0.9623,Test auc: 0.9774
2024-05-09 13:18:46.557 | INFO     | __main__:<module>:100 - Epoch: 40, Loss: 0.0796, Train Acc: 0.9825,  Test_Loss: 0.0777,Test Acc: 0.9785,Test F1: 0.9688,Test auc: 0.9839
2024-05-09 13:18:46.596 | INFO     | __main__:<module>:100 - Epoch: 41, Loss: 0.0795, Train Acc: 0.9825,  Test_Loss: 0.0773,Test Acc: 0.9785,Test F1: 0.9688,Test auc: 0.9839
2024-05-09 13:18:46.626 | INFO     | __main__:<module>:100 - Epoch: 42, Loss: 0.0781, Train Acc: 0.9815,  Test_Loss: 0.0776,Test Acc: 0.9763,Test F1: 0.9657,Test auc: 0.9823
2024-05-09 13:18:46.675 | INFO     | __main__:<module>:100 - Epoch: 43, Loss: 0.0788, Train Acc: 0.9806,  Test_Loss: 0.0766,Test Acc: 0.9763,Test F1: 0.9657,Test auc: 0.9823
2024-05-09 13:18:46.710 | INFO     | __main__:<module>:100 - Epoch: 44, Loss: 0.0683, Train Acc: 0.9806,  Test_Loss: 0.0738,Test Acc: 0.9763,Test F1: 0.9657,Test auc: 0.9823
2024-05-09 13:18:46.749 | INFO     | __main__:<module>:100 - Epoch: 45, Loss: 0.0774, Train Acc: 0.9815,  Test_Loss: 0.0699,Test Acc: 0.9763,Test F1: 0.9655,Test auc: 0.9806
2024-05-09 13:18:46.791 | INFO     | __main__:<module>:100 - Epoch: 46, Loss: 0.0666, Train Acc: 0.9815,  Test_Loss: 0.0672,Test Acc: 0.9742,Test F1: 0.9623,Test auc: 0.9774
2024-05-09 13:18:46.833 | INFO     | __main__:<module>:100 - Epoch: 47, Loss: 0.0711, Train Acc: 0.9825,  Test_Loss: 0.0656,Test Acc: 0.9742,Test F1: 0.9623,Test auc: 0.9774
2024-05-09 13:18:46.877 | INFO     | __main__:<module>:100 - Epoch: 48, Loss: 0.0727, Train Acc: 0.9760,  Test_Loss: 0.0651,Test Acc: 0.9763,Test F1: 0.9655,Test auc: 0.9806
2024-05-09 13:18:46.899 | INFO     | __main__:<module>:100 - Epoch: 49, Loss: 0.0646, Train Acc: 0.9834,  Test_Loss: 0.0669,Test Acc: 0.9763,Test F1: 0.9657,Test auc: 0.9823
2024-05-09 13:18:46.930 | INFO     | __main__:<module>:100 - Epoch: 50, Loss: 0.0657, Train Acc: 0.9852,  Test_Loss: 0.0684,Test Acc: 0.9763,Test F1: 0.9657,Test auc: 0.9823
2024-05-09 13:18:46.957 | INFO     | __main__:<module>:100 - Epoch: 51, Loss: 0.0628, Train Acc: 0.9825,  Test_Loss: 0.0705,Test Acc: 0.9763,Test F1: 0.9657,Test auc: 0.9823
2024-05-09 13:18:46.980 | INFO     | __main__:<module>:100 - Epoch: 52, Loss: 0.0662, Train Acc: 0.9825,  Test_Loss: 0.0703,Test Acc: 0.9763,Test F1: 0.9657,Test auc: 0.9823
2024-05-09 13:18:47.005 | INFO     | __main__:<module>:100 - Epoch: 53, Loss: 0.0609, Train Acc: 0.9843,  Test_Loss: 0.0724,Test Acc: 0.9763,Test F1: 0.9657,Test auc: 0.9823
2024-05-09 13:18:47.032 | INFO     | __main__:<module>:100 - Epoch: 54, Loss: 0.0609, Train Acc: 0.9843,  Test_Loss: 0.0708,Test Acc: 0.9763,Test F1: 0.9657,Test auc: 0.9823
2024-05-09 13:18:47.055 | INFO     | __main__:<module>:100 - Epoch: 55, Loss: 0.0649, Train Acc: 0.9788,  Test_Loss: 0.0735,Test Acc: 0.9763,Test F1: 0.9657,Test auc: 0.9823
2024-05-09 13:18:47.076 | INFO     | __main__:<module>:100 - Epoch: 56, Loss: 0.0659, Train Acc: 0.9825,  Test_Loss: 0.0721,Test Acc: 0.9763,Test F1: 0.9657,Test auc: 0.9823
2024-05-09 13:18:47.095 | INFO     | __main__:<module>:100 - Epoch: 57, Loss: 0.0608, Train Acc: 0.9880,  Test_Loss: 0.0730,Test Acc: 0.9763,Test F1: 0.9657,Test auc: 0.9823
2024-05-09 13:18:47.110 | INFO     | __main__:<module>:100 - Epoch: 58, Loss: 0.0659, Train Acc: 0.9834,  Test_Loss: 0.0744,Test Acc: 0.9763,Test F1: 0.9657,Test auc: 0.9823
2024-05-09 13:18:47.128 | INFO     | __main__:<module>:100 - Epoch: 59, Loss: 0.0597, Train Acc: 0.9880,  Test_Loss: 0.0746,Test Acc: 0.9763,Test F1: 0.9657,Test auc: 0.9823
2024-05-09 13:18:47.143 | INFO     | __main__:<module>:100 - Epoch: 60, Loss: 0.0616, Train Acc: 0.9852,  Test_Loss: 0.0751,Test Acc: 0.9763,Test F1: 0.9657,Test auc: 0.9823
2024-05-09 13:18:47.156 | INFO     | __main__:<module>:100 - Epoch: 61, Loss: 0.0602, Train Acc: 0.9843,  Test_Loss: 0.0776,Test Acc: 0.9763,Test F1: 0.9657,Test auc: 0.9823
2024-05-09 13:18:47.168 | INFO     | __main__:<module>:100 - Epoch: 62, Loss: 0.0708, Train Acc: 0.9797,  Test_Loss: 0.0773,Test Acc: 0.9763,Test F1: 0.9657,Test auc: 0.9823
2024-05-09 13:18:47.192 | INFO     | __main__:<module>:100 - Epoch: 63, Loss: 0.0643, Train Acc: 0.9852,  Test_Loss: 0.0770,Test Acc: 0.9763,Test F1: 0.9657,Test auc: 0.9823
2024-05-09 13:18:47.223 | INFO     | __main__:<module>:100 - Epoch: 64, Loss: 0.0649, Train Acc: 0.9834,  Test_Loss: 0.0764,Test Acc: 0.9763,Test F1: 0.9657,Test auc: 0.9823
2024-05-09 13:18:47.251 | INFO     | __main__:<module>:100 - Epoch: 65, Loss: 0.0660, Train Acc: 0.9834,  Test_Loss: 0.0772,Test Acc: 0.9763,Test F1: 0.9657,Test auc: 0.9823
2024-05-09 13:18:47.277 | INFO     | __main__:<module>:100 - Epoch: 66, Loss: 0.0601, Train Acc: 0.9871,  Test_Loss: 0.0776,Test Acc: 0.9763,Test F1: 0.9657,Test auc: 0.9823
2024-05-09 13:18:47.310 | INFO     | __main__:<module>:100 - Epoch: 67, Loss: 0.0685, Train Acc: 0.9806,  Test_Loss: 0.0781,Test Acc: 0.9742,Test F1: 0.9627,Test auc: 0.9806
2024-05-09 13:18:47.333 | INFO     | __main__:<module>:100 - Epoch: 68, Loss: 0.0690, Train Acc: 0.9806,  Test_Loss: 0.0807,Test Acc: 0.9742,Test F1: 0.9627,Test auc: 0.9806
2024-05-09 13:18:47.358 | INFO     | __main__:<module>:100 - Epoch: 69, Loss: 0.0686, Train Acc: 0.9806,  Test_Loss: 0.0814,Test Acc: 0.9742,Test F1: 0.9627,Test auc: 0.9806
2024-05-09 13:18:47.381 | INFO     | __main__:<module>:100 - Epoch: 70, Loss: 0.0670, Train Acc: 0.9806,  Test_Loss: 0.0806,Test Acc: 0.9742,Test F1: 0.9627,Test auc: 0.9806
2024-05-09 13:18:47.415 | INFO     | __main__:<module>:100 - Epoch: 71, Loss: 0.0659, Train Acc: 0.9843,  Test_Loss: 0.0795,Test Acc: 0.9742,Test F1: 0.9627,Test auc: 0.9806
2024-05-09 13:18:47.453 | INFO     | __main__:<module>:100 - Epoch: 72, Loss: 0.0629, Train Acc: 0.9908,  Test_Loss: 0.0784,Test Acc: 0.9742,Test F1: 0.9627,Test auc: 0.9806
2024-05-09 13:18:47.491 | INFO     | __main__:<module>:100 - Epoch: 73, Loss: 0.0605, Train Acc: 0.9880,  Test_Loss: 0.0765,Test Acc: 0.9763,Test F1: 0.9657,Test auc: 0.9823
2024-05-09 13:18:47.513 | INFO     | __main__:<module>:100 - Epoch: 74, Loss: 0.0663, Train Acc: 0.9806,  Test_Loss: 0.0778,Test Acc: 0.9763,Test F1: 0.9657,Test auc: 0.9823
2024-05-09 13:18:47.546 | INFO     | __main__:<module>:100 - Epoch: 75, Loss: 0.0643, Train Acc: 0.9788,  Test_Loss: 0.0782,Test Acc: 0.9742,Test F1: 0.9627,Test auc: 0.9806
2024-05-09 13:18:47.573 | INFO     | __main__:<module>:100 - Epoch: 76, Loss: 0.0698, Train Acc: 0.9806,  Test_Loss: 0.0807,Test Acc: 0.9742,Test F1: 0.9627,Test auc: 0.9806
2024-05-09 13:18:47.596 | INFO     | __main__:<module>:100 - Epoch: 77, Loss: 0.0631, Train Acc: 0.9861,  Test_Loss: 0.0823,Test Acc: 0.9742,Test F1: 0.9627,Test auc: 0.9806
2024-05-09 13:18:47.615 | INFO     | __main__:<module>:100 - Epoch: 78, Loss: 0.0674, Train Acc: 0.9806,  Test_Loss: 0.0840,Test Acc: 0.9742,Test F1: 0.9627,Test auc: 0.9806
2024-05-09 13:18:47.615 | INFO     | __main__:<module>:118 - 1.6958293914794922
